root@sgx-HP-ENVY-x360-m6-Convertible:~/git/sgx_private_code# ./evaluator -d
smcsgx: evaluator pid [7437]
evaluator: enable debug
evaluator: waiting for new connection...
evaluator: established connection with localhost (127.0.0.1)
mysgx-info: enclave is created
mysgx-info: enclave-ra is created
evaluator: sgx initialized
evaluator: got a msg with tag [0] and len [20]
trans-debug: into handle_att_nonce, len 20, buf 0x0x7fa63ff3a808
MSG1 ga - 64 bytes:
{
0xb, 0xdb, 0x27, 0x61, 0x19, 0xa0, 0x1d, 0x1, 
0x8f, 0x8, 0x2b, 0x3d, 0x8a, 0xe9, 0x2, 0x27, 
0x29, 0xce, 0xf8, 0x75, 0x99, 0xa, 0x5a, 0xa5, 
0xfe, 0xce, 0xbd, 0x17, 0x24, 0xfe, 0x4d, 0x1f, 
0x6d, 0x4f, 0x39, 0xa9, 0x77, 0xc3, 0xe9, 0xc8, 
0xe1, 0xb2, 0x79, 0x18, 0x2d, 0x1e, 0x2f, 0xcf, 
0xe, 0x27, 0x63, 0x1d, 0xb6, 0x3c, 0x5a, 0x7d, 
0x2, 0x56, 0x1b, 0xbc, 0xbe, 0xcd, 0x89, 0xb8 
}
MSG1 gid - 4 bytes:
{
0x93, 0x2, 0x0, 0x0 
}
68 bytes:
{
0xb, 0xdb, 0x27, 0x61, 0x19, 0xa0, 0x1d, 0x1, 
0x8f, 0x8, 0x2b, 0x3d, 0x8a, 0xe9, 0x2, 0x27, 
0x29, 0xce, 0xf8, 0x75, 0x99, 0xa, 0x5a, 0xa5, 
0xfe, 0xce, 0xbd, 0x17, 0x24, 0xfe, 0x4d, 0x1f, 
0x6d, 0x4f, 0x39, 0xa9, 0x77, 0xc3, 0xe9, 0xc8, 
0xe1, 0xb2, 0x79, 0x18, 0x2d, 0x1e, 0x2f, 0xcf, 
0xe, 0x27, 0x63, 0x1d, 0xb6, 0x3c, 0x5a, 0x7d, 
0x2, 0x56, 0x1b, 0xbc, 0xbe, 0xcd, 0x89, 0xb8, 
0x93, 0x2, 0x0, 0x0 
}
trans-info: waiting for S2 from sender...
trans-debug: transition done with old|next|current states: SMC_SGX_STM_INIT|SMC_SGX_STM_ATT_RECVD|SMC_SGX_STM_ATT_S1_SENT
evaluator: got a msg with tag [2] and len [168]
trans-debug: into handle_att_S2, len 168, buf 0x0x7fa63ff3a808
168 bytes:
{
0x6a, 0x83, 0xdc, 0x84, 0xd4, 0x4c, 0x8a, 0xbb, 
0x5e, 0x42, 0xaf, 0xee, 0x8d, 0xe9, 0xf4, 0x57, 
0x71, 0xfd, 0x73, 0x66, 0xd7, 0xfa, 0xad, 0xfa, 
0xf2, 0x17, 0x14, 0xdd, 0x5a, 0xb9, 0x9e, 0x97, 
0x79, 0xa7, 0x38, 0x72, 0xf2, 0xb8, 0xd6, 0xbe, 
0x18, 0x91, 0x7f, 0xf7, 0xb5, 0xd3, 0xe5, 0x64, 
0x9b, 0x12, 0x18, 0xaf, 0x39, 0x29, 0x6c, 0x24, 
0x19, 0x38, 0x29, 0xb, 0xc6, 0xac, 0xc, 0x62, 
0x64, 0x61, 0x76, 0x65, 0x74, 0x69, 0x0, 0x0, 
0x0, 0x0, 0x0, 0x0, 0x0, 0x0, 0x0, 0x0, 
0x1, 0x0, 0x1, 0x0, 0x6a, 0x83, 0xdc, 0x84, 
0xd4, 0x4c, 0x8a, 0xbb, 0x5e, 0x42, 0xaf, 0xee, 
0x8d, 0xe9, 0xf4, 0x57, 0x71, 0xfd, 0x73, 0x66, 
0xd7, 0xfa, 0xad, 0xfa, 0xf2, 0x17, 0x14, 0xdd, 
0x5a, 0xb9, 0x9e, 0x97, 0x2e, 0x2, 0x93, 0x13, 
0xe9, 0x77, 0xa3, 0xd6, 0x50, 0x5a, 0x18, 0x40, 
0x27, 0xda, 0xe1, 0x84, 0xef, 0xc5, 0xef, 0x5a, 
0xbd, 0xaf, 0x94, 0xdd, 0x38, 0xb4, 0x66, 0x6c, 
0xd4, 0x4e, 0xa6, 0x9c, 0xab, 0x5f, 0xb, 0x6c, 
0xd9, 0xa2, 0x96, 0x78, 0xfc, 0xea, 0xf5, 0x14, 
0x59, 0xf1, 0x85, 0xc8, 0x0, 0x0, 0x0, 0x0 
}
MSG2 gb - 64 bytes:
{
0x6a, 0x83, 0xdc, 0x84, 0xd4, 0x4c, 0x8a, 0xbb, 
0x5e, 0x42, 0xaf, 0xee, 0x8d, 0xe9, 0xf4, 0x57, 
0x71, 0xfd, 0x73, 0x66, 0xd7, 0xfa, 0xad, 0xfa, 
0xf2, 0x17, 0x14, 0xdd, 0x5a, 0xb9, 0x9e, 0x97, 
0x79, 0xa7, 0x38, 0x72, 0xf2, 0xb8, 0xd6, 0xbe, 
0x18, 0x91, 0x7f, 0xf7, 0xb5, 0xd3, 0xe5, 0x64, 
0x9b, 0x12, 0x18, 0xaf, 0x39, 0x29, 0x6c, 0x24, 
0x19, 0x38, 0x29, 0xb, 0xc6, 0xac, 0xc, 0x62 
}
MSG2 spid - 16 bytes:
{
0x64, 0x61, 0x76, 0x65, 0x74, 0x69, 0x0, 0x0, 
0x0, 0x0, 0x0, 0x0, 0x0, 0x0, 0x0, 0x0 
}
MSG2 sign_gb_ga - 64 bytes:
{
0x6a, 0x83, 0xdc, 0x84, 0xd4, 0x4c, 0x8a, 0xbb, 
0x5e, 0x42, 0xaf, 0xee, 0x8d, 0xe9, 0xf4, 0x57, 
0x71, 0xfd, 0x73, 0x66, 0xd7, 0xfa, 0xad, 0xfa, 
0xf2, 0x17, 0x14, 0xdd, 0x5a, 0xb9, 0x9e, 0x97, 
0x2e, 0x2, 0x93, 0x13, 0xe9, 0x77, 0xa3, 0xd6, 
0x50, 0x5a, 0x18, 0x40, 0x27, 0xda, 0xe1, 0x84, 
0xef, 0xc5, 0xef, 0x5a, 0xbd, 0xaf, 0x94, 0xdd, 
0x38, 0xb4, 0x66, 0x6c, 0xd4, 0x4e, 0xa6, 0x9c 
}
MSG2 mac - 16 bytes:
{
0xab, 0x5f, 0xb, 0x6c, 0xd9, 0xa2, 0x96, 0x78, 
0xfc, 0xea, 0xf5, 0x14, 0x59, 0xf1, 0x85, 0xc8 
}
MSG2 sig_rl - Error: null input
1452 bytes:
{
0xf9, 0x3, 0x83, 0x9b, 0xc0, 0xab, 0x28, 0x2d, 
0xfe, 0x90, 0x33, 0x3, 0x7e, 0x7b, 0x73, 0x29, 
0xb, 0xdb, 0x27, 0x61, 0x19, 0xa0, 0x1d, 0x1, 
0x8f, 0x8, 0x2b, 0x3d, 0x8a, 0xe9, 0x2, 0x27, 
0x29, 0xce, 0xf8, 0x75, 0x99, 0xa, 0x5a, 0xa5, 
0xfe, 0xce, 0xbd, 0x17, 0x24, 0xfe, 0x4d, 0x1f, 
0x6d, 0x4f, 0x39, 0xa9, 0x77, 0xc3, 0xe9, 0xc8, 
0xe1, 0xb2, 0x79, 0x18, 0x2d, 0x1e, 0x2f, 0xcf, 
0xe, 0x27, 0x63, 0x1d, 0xb6, 0x3c, 0x5a, 0x7d, 
0x2, 0x56, 0x1b, 0xbc, 0xbe, 0xcd, 0x89, 0xb8, 
0x0, 0x0, 0x0, 0x0, 0x0, 0x0, 0x0, 0x0, 
0x0, 0x0, 0x0, 0x0, 0x0, 0x0, 0x0, 0x0, 
0x0, 0x0, 0x0, 0x0, 0x0, 0x0, 0x0, 0x0, 
0x0, 0x0, 0x0, 0x0, 0x0, 0x0, 0x0, 0x0, 
0x0, 0x0, 0x0, 0x0, 0x0, 0x0, 0x0, 0x0, 
0x0, 0x0, 0x0, 0x0, 0x0, 0x0, 0x0, 0x0, 
0x0, 0x0, 0x0, 0x0, 0x0, 0x0, 0x0, 0x0, 
0x0, 0x0, 0x0, 0x0, 0x0, 0x0, 0x0, 0x0, 
0x0, 0x0, 0x0, 0x0, 0x0, 0x0, 0x0, 0x0, 
0x0, 0x0, 0x0, 0x0, 0x0, 0x0, 0x0, 0x0, 
0x0, 0x0, 0x0, 0x0, 0x0, 0x0, 0x0, 0x0, 
0x0, 0x0, 0x0, 0x0, 0x0, 0x0, 0x0, 0x0, 
0x0, 0x0, 0x0, 0x0, 0x0, 0x0, 0x0, 0x0, 
0x0, 0x0, 0x0, 0x0, 0x0, 0x0, 0x0, 0x0, 
0x0, 0x0, 0x0, 0x0, 0x0, 0x0, 0x0, 0x0, 
0x0, 0x0, 0x0, 0x0, 0x0, 0x0, 0x0, 0x0, 
0x0, 0x0, 0x0, 0x0, 0x0, 0x0, 0x0, 0x0, 
0x0, 0x0, 0x0, 0x0, 0x0, 0x0, 0x0, 0x0, 
0x0, 0x0, 0x0, 0x0, 0x0, 0x0, 0x0, 0x0, 
0x0, 0x0, 0x0, 0x0, 0x0, 0x0, 0x0, 0x0, 
0x0, 0x0, 0x0, 0x0, 0x0, 0x0, 0x0, 0x0, 
0x0, 0x0, 0x0, 0x0, 0x0, 0x0, 0x0, 0x0, 
0x0, 0x0, 0x0, 0x0, 0x0, 0x0, 0x0, 0x0, 
0x0, 0x0, 0x0, 0x0, 0x0, 0x0, 0x0, 0x0, 
0x0, 0x0, 0x0, 0x0, 0x0, 0x0, 0x0, 0x0, 
0x0, 0x0, 0x0, 0x0, 0x0, 0x0, 0x0, 0x0, 
0x0, 0x0, 0x0, 0x0, 0x0, 0x0, 0x0, 0x0, 
0x0, 0x0, 0x0, 0x0, 0x0, 0x0, 0x0, 0x0, 
0x0, 0x0, 0x0, 0x0, 0x0, 0x0, 0x0, 0x0, 
0x0, 0x0, 0x0, 0x0, 0x0, 0x0, 0x0, 0x0, 
0x0, 0x0, 0x0, 0x0, 0x0, 0x0, 0x0, 0x0, 
0x0, 0x0, 0x0, 0x0, 0x0, 0x0, 0x0, 0x0, 
0x1, 0x0, 0x1, 0x0, 0x93, 0x2, 0x0, 0x0, 
0x4, 0x0, 0x0, 0x0, 0x0, 0x0, 0x0, 0x0, 
0x64, 0x61, 0x76, 0x65, 0x74, 0x69, 0x0, 0x0, 
0x0, 0x0, 0x0, 0x0, 0x0, 0x0, 0x0, 0x0, 
0x0, 0x0, 0x0, 0x0, 0x0, 0x0, 0x0, 0x0, 
0x0, 0x0, 0x0, 0x0, 0x0, 0x0, 0x0, 0x0, 
0x2, 0x2, 0x2, 0xff, 0xff, 0xff, 0x0, 0x0, 
0x0, 0x0, 0x0, 0x0, 0x0, 0x0, 0x0, 0x0, 
0x0, 0x0, 0x0, 0x0, 0x0, 0x0, 0x0, 0x0, 
0x0, 0x0, 0x0, 0x0, 0x0, 0x0, 0x0, 0x0, 
0x0, 0x0, 0x0, 0x0, 0x0, 0x0, 0x0, 0x0, 
0x0, 0x0, 0x0, 0x0, 0x0, 0x0, 0x0, 0x0, 
0x7, 0x0, 0x0, 0x0, 0x0, 0x0, 0x0, 0x0, 
0x7, 0x0, 0x0, 0x0, 0x0, 0x0, 0x0, 0x0, 
0xe7, 0xf9, 0x0, 0x2f, 0x39, 0x6, 0x19, 0xa3, 
0x80, 0xbf, 0x50, 0x7e, 0x2a, 0xf0, 0xd8, 0xcf, 
0x42, 0x15, 0x9e, 0xfb, 0x23, 0xbf, 0x21, 0x86, 
0xbc, 0xb7, 0x2d, 0x5, 0x82, 0x94, 0x6b, 0x16, 
0x0, 0x0, 0x0, 0x0, 0x0, 0x0, 0x0, 0x0, 
0x0, 0x0, 0x0, 0x0, 0x0, 0x0, 0x0, 0x0, 
0x0, 0x0, 0x0, 0x0, 0x0, 0x0, 0x0, 0x0, 
0x0, 0x0, 0x0, 0x0, 0x0, 0x0, 0x0, 0x0, 
0x60, 0x27, 0x7a, 0xd2, 0xfd, 0xfc, 0x57, 0xe9, 
0x80, 0xe8, 0x76, 0xe7, 0xf8, 0x78, 0xac, 0x19, 
0x9, 0x88, 0xe, 0xa5, 0x38, 0x7, 0x95, 0xa7, 
0xe8, 0xea, 0x98, 0xb1, 0x57, 0x84, 0x1f, 0x85, 
0x0, 0x0, 0x0, 0x0, 0x0, 0x0, 0x0, 0x0, 
0x0, 0x0, 0x0, 0x0, 0x0, 0x0, 0x0, 0x0, 
0x0, 0x0, 0x0, 0x0, 0x0, 0x0, 0x0, 0x0, 
0x0, 0x0, 0x0, 0x0, 0x0, 0x0, 0x0, 0x0, 
0x0, 0x0, 0x0, 0x0, 0x0, 0x0, 0x0, 0x0, 
0x0, 0x0, 0x0, 0x0, 0x0, 0x0, 0x0, 0x0, 
0x0, 0x0, 0x0, 0x0, 0x0, 0x0, 0x0, 0x0, 
0x0, 0x0, 0x0, 0x0, 0x0, 0x0, 0x0, 0x0, 
0x0, 0x0, 0x0, 0x0, 0x0, 0x0, 0x0, 0x0, 
0x0, 0x0, 0x0, 0x0, 0x0, 0x0, 0x0, 0x0, 
0x0, 0x0, 0x0, 0x0, 0x0, 0x0, 0x0, 0x0, 
0x0, 0x0, 0x0, 0x0, 0x0, 0x0, 0x0, 0x0, 
0x0, 0x0, 0x0, 0x0, 0x0, 0x0, 0x0, 0x0, 
0x0, 0x0, 0x0, 0x0, 0x0, 0x0, 0x0, 0x0, 
0x0, 0x0, 0x0, 0x0, 0x0, 0x0, 0x0, 0x0, 
0x0, 0x0, 0x0, 0x0, 0x0, 0x0, 0x0, 0x0, 
0x0, 0x0, 0x0, 0x0, 0x0, 0x0, 0x0, 0x0, 
0x0, 0x0, 0x0, 0x0, 0x0, 0x0, 0x0, 0x0, 
0x0, 0x0, 0x0, 0x0, 0x0, 0x0, 0x0, 0x0, 
0x0, 0x0, 0x0, 0x0, 0x0, 0x0, 0x0, 0x0, 
0x16, 0xba, 0xb6, 0x8c, 0x2, 0xca, 0xda, 0xb5, 
0x83, 0x77, 0x45, 0x71, 0x4, 0x40, 0x14, 0xed, 
0xa1, 0x6c, 0xbf, 0x7e, 0x58, 0x25, 0xe6, 0xe0, 
0x9c, 0x29, 0x1d, 0xe3, 0x33, 0x34, 0xbc, 0x1f, 
0x0, 0x0, 0x0, 0x0, 0x0, 0x0, 0x0, 0x0, 
0x0, 0x0, 0x0, 0x0, 0x0, 0x0, 0x0, 0x0, 
0x0, 0x0, 0x0, 0x0, 0x0, 0x0, 0x0, 0x0, 
0x0, 0x0, 0x0, 0x0, 0x0, 0x0, 0x0, 0x0, 
0xa8, 0x2, 0x0, 0x0, 0xb, 0x15, 0x42, 0xa8, 
0x9a, 0x5e, 0x33, 0x3d, 0x27, 0x28, 0xa2, 0x39, 
0xd5, 0x4c, 0xb1, 0x9a, 0xe0, 0x70, 0x38, 0xd2, 
0x73, 0xaa, 0xf7, 0x4, 0xa0, 0x66, 0xf, 0x1c, 
0x43, 0x46, 0x5, 0xc, 0xe2, 0x4a, 0xb4, 0xa0, 
0x99, 0xdd, 0xea, 0x9e, 0xdc, 0x67, 0x5e, 0x7c, 
0x8, 0xb9, 0x2d, 0xc, 0x8a, 0x87, 0x36, 0x40, 
0x0, 0x2f, 0xee, 0x32, 0x42, 0x36, 0xe1, 0x95, 
0xa1, 0x13, 0x5c, 0x60, 0xd0, 0xfc, 0x9c, 0xc4, 
0x61, 0x9, 0x89, 0x96, 0x45, 0xe6, 0xb4, 0x90, 
0xf4, 0x28, 0xcf, 0x3f, 0xce, 0xe9, 0x8a, 0xe2, 
0xed, 0xcc, 0x8a, 0x9f, 0x8d, 0x92, 0x44, 0x11, 
0xb8, 0xa, 0xfa, 0x44, 0x67, 0xdf, 0xcc, 0x77, 
0xb, 0x3a, 0xeb, 0x3c, 0x46, 0x1a, 0xd9, 0xd1, 
0xb5, 0x9d, 0xfa, 0x17, 0x9c, 0x66, 0x84, 0xb2, 
0xb, 0x7e, 0xf6, 0xa6, 0xa2, 0xbb, 0x67, 0x56, 
0xb8, 0x2, 0xa9, 0x20, 0xec, 0x49, 0x96, 0x56, 
0xd8, 0xfa, 0x5a, 0x7f, 0xdc, 0xda, 0xd8, 0x53, 
0x97, 0x93, 0xe8, 0x4e, 0x96, 0xa5, 0x0, 0xcc, 
0x20, 0x39, 0x5c, 0x3c, 0xe7, 0x6c, 0x65, 0x31, 
0x3a, 0x62, 0x26, 0x9d, 0x92, 0x32, 0xde, 0x7f, 
0x4d, 0xab, 0x64, 0x12, 0xfc, 0x26, 0x31, 0xb2, 
0xeb, 0x31, 0xfd, 0x7b, 0x49, 0xd3, 0xf, 0xc4, 
0x4d, 0x4f, 0xb5, 0xfb, 0xf0, 0xd6, 0xba, 0xab, 
0xb8, 0xba, 0x36, 0x7, 0x18, 0xac, 0x8d, 0x7e, 
0xd8, 0xb1, 0x69, 0xa7, 0x6e, 0xcf, 0xa7, 0x8f, 
0x36, 0xb7, 0x78, 0x28, 0x96, 0xdc, 0x67, 0xa6, 
0x99, 0x86, 0xaa, 0x19, 0xfc, 0x67, 0x93, 0xf9, 
0xce, 0xc1, 0xb7, 0x31, 0x7f, 0x99, 0xc1, 0x56, 
0x55, 0x50, 0x5f, 0x8d, 0x94, 0xb, 0x5b, 0xf6, 
0x33, 0x14, 0x38, 0x2a, 0x43, 0x9, 0x32, 0x19, 
0xff, 0xd3, 0xd, 0xbc, 0x0, 0x74, 0x36, 0x4b, 
0x38, 0x2e, 0xeb, 0x17, 0xc0, 0x4d, 0x1c, 0x9f, 
0x57, 0xaa, 0x28, 0x4b, 0x33, 0x71, 0x8c, 0x92, 
0x88, 0xd7, 0x4, 0x45, 0xec, 0x8c, 0xc9, 0x75, 
0xc9, 0xf8, 0x5d, 0x88, 0x51, 0xfa, 0x5b, 0xf3, 
0x1d, 0x7b, 0x99, 0x58, 0x68, 0xa2, 0xa1, 0x5a, 
0x3a, 0xd4, 0x7d, 0x48, 0x56, 0x77, 0xd7, 0x54, 
0x68, 0x1, 0x0, 0x0, 0xb6, 0x37, 0x7a, 0xf, 
0x1c, 0x3a, 0xf3, 0x54, 0xc1, 0x78, 0xd1, 0xb4, 
0x94, 0xaa, 0xcc, 0x14, 0x3f, 0xac, 0x72, 0x51, 
0x79, 0xa7, 0x5c, 0xe1, 0x37, 0x6a, 0xf1, 0x89, 
0xc7, 0xb7, 0x47, 0x9b, 0x86, 0x2c, 0x46, 0x33, 
0x53, 0xba, 0x4e, 0xfc, 0xdc, 0xbf, 0xa8, 0xb5, 
0x69, 0x85, 0xbd, 0x4e, 0x96, 0x24, 0xc8, 0x57, 
0x19, 0x9, 0x61, 0x97, 0xbb, 0x12, 0xb, 0x53, 
0x37, 0xed, 0x8, 0x21, 0x97, 0x14, 0x1d, 0x4a, 
0x9f, 0x8b, 0x57, 0x5a, 0x74, 0x1e, 0x1d, 0x63, 
0x43, 0x39, 0xdc, 0x9e, 0x93, 0xfe, 0xae, 0xdc, 
0xff, 0x64, 0x5d, 0x77, 0x82, 0xc7, 0xd6, 0x44, 
0x14, 0xd, 0xd9, 0x72, 0x80, 0xe7, 0x3c, 0xe0, 
0x46, 0xa2, 0xc3, 0x7d, 0xf0, 0x56, 0xb7, 0x50, 
0xef, 0xb2, 0x6b, 0x23, 0x2b, 0xad, 0xd9, 0x67, 
0xcf, 0x91, 0x50, 0x4e, 0x50, 0x61, 0x8c, 0x59, 
0x78, 0x24, 0xa5, 0x5b, 0xe3, 0xe3, 0xcd, 0x60, 
0x3b, 0xf8, 0x87, 0xe2, 0xff, 0x82, 0x7f, 0x20, 
0x65, 0x6b, 0x22, 0x58, 0x76, 0x28, 0xeb, 0xdc, 
0x18, 0xfa, 0xda, 0xcb, 0x18, 0xb9, 0x1e, 0x9d, 
0xb4, 0x8f, 0x49, 0xe3, 0x2e, 0xd1, 0x6, 0x25, 
0xc3, 0xb, 0x6a, 0x2f, 0x75, 0xd8, 0x3e, 0xdc, 
0xe3, 0x5, 0x41, 0xf3, 0x1e, 0xd5, 0x53, 0xbd, 
0x28, 0x57, 0x1a, 0x5f, 0x1b, 0x68, 0xeb, 0xd8, 
0x84, 0xda, 0xc1, 0x24, 0xe8, 0x7f, 0xa2, 0x98, 
0xd1, 0x9b, 0x52, 0x72, 0x7b, 0x3, 0x50, 0x50, 
0xb2, 0x95, 0x2b, 0xd6, 0xe4, 0x66, 0x56, 0x11, 
0x32, 0x50, 0x30, 0xaf, 0xdd, 0x5c, 0x80, 0xa6, 
0x92, 0x84, 0x3d, 0x56, 0xfb, 0xe, 0x7e, 0x4, 
0x2, 0x43, 0xcf, 0xb4, 0xc, 0x90, 0x10, 0x10, 
0x7e, 0x4, 0x72, 0xc1, 0xcf, 0x5b, 0xec, 0xe9, 
0x69, 0x94, 0xbd, 0x30, 0x3e, 0xa8, 0x31, 0x26, 
0xf5, 0xf4, 0x99, 0x1d, 0xb2, 0x6d, 0xd3, 0x8e, 
0x71, 0x52, 0xd2, 0xaf, 0x56, 0x4f, 0xfb, 0x53, 
0xe2, 0x1e, 0x72, 0xdd, 0xcb, 0xb, 0xee, 0xdd, 
0x8, 0x17, 0x15, 0x30, 0x88, 0x33, 0x75, 0x79, 
0x54, 0xdf, 0xff, 0xaf, 0x31, 0xea, 0xad, 0x5e, 
0x84, 0x12, 0x4e, 0x8d, 0xe8, 0x5, 0x45, 0xc2, 
0xff, 0x5e, 0x28, 0x2e, 0xfa, 0x2d, 0xe4, 0x33, 
0x34, 0x1, 0x31, 0x9e, 0x4d, 0xc9, 0x6, 0x30, 
0x47, 0x9c, 0xd6, 0x3d, 0xe7, 0xe8, 0x76, 0xf9, 
0x53, 0xae, 0x50, 0x45, 0x57, 0x67, 0x76, 0x1d, 
0xc9, 0x30, 0xa3, 0x9f, 0xca, 0x1e, 0x4a, 0xa8, 
0xa1, 0xfd, 0x33, 0x7a, 0xb4, 0xf3, 0x6a, 0xcc, 
0x14, 0x1c, 0x66, 0xb1, 0xa0, 0xd3, 0x90, 0xc2, 
0xa0, 0x83, 0x78, 0xba, 0x10, 0xd0, 0xc, 0x9a, 
0x59, 0xdf, 0xed, 0xda, 0x7f, 0x39, 0x7a, 0x5e, 
0x78, 0x43, 0xde, 0x2e 
}
MSG3 mac - 16 bytes:
{
0xf9, 0x3, 0x83, 0x9b, 0xc0, 0xab, 0x28, 0x2d, 
0xfe, 0x90, 0x33, 0x3, 0x7e, 0x7b, 0x73, 0x29 
}
MSG3 ga - 64 bytes:
{
0xb, 0xdb, 0x27, 0x61, 0x19, 0xa0, 0x1d, 0x1, 
0x8f, 0x8, 0x2b, 0x3d, 0x8a, 0xe9, 0x2, 0x27, 
0x29, 0xce, 0xf8, 0x75, 0x99, 0xa, 0x5a, 0xa5, 
0xfe, 0xce, 0xbd, 0x17, 0x24, 0xfe, 0x4d, 0x1f, 
0x6d, 0x4f, 0x39, 0xa9, 0x77, 0xc3, 0xe9, 0xc8, 
0xe1, 0xb2, 0x79, 0x18, 0x2d, 0x1e, 0x2f, 0xcf, 
0xe, 0x27, 0x63, 0x1d, 0xb6, 0x3c, 0x5a, 0x7d, 
0x2, 0x56, 0x1b, 0xbc, 0xbe, 0xcd, 0x89, 0xb8 
}
MSG3 ps_sec_prop - 256 bytes:
{
0x0, 0x0, 0x0, 0x0, 0x0, 0x0, 0x0, 0x0, 
0x0, 0x0, 0x0, 0x0, 0x0, 0x0, 0x0, 0x0, 
0x0, 0x0, 0x0, 0x0, 0x0, 0x0, 0x0, 0x0, 
0x0, 0x0, 0x0, 0x0, 0x0, 0x0, 0x0, 0x0, 
0x0, 0x0, 0x0, 0x0, 0x0, 0x0, 0x0, 0x0, 
0x0, 0x0, 0x0, 0x0, 0x0, 0x0, 0x0, 0x0, 
0x0, 0x0, 0x0, 0x0, 0x0, 0x0, 0x0, 0x0, 
0x0, 0x0, 0x0, 0x0, 0x0, 0x0, 0x0, 0x0, 
0x0, 0x0, 0x0, 0x0, 0x0, 0x0, 0x0, 0x0, 
0x0, 0x0, 0x0, 0x0, 0x0, 0x0, 0x0, 0x0, 
0x0, 0x0, 0x0, 0x0, 0x0, 0x0, 0x0, 0x0, 
0x0, 0x0, 0x0, 0x0, 0x0, 0x0, 0x0, 0x0, 
0x0, 0x0, 0x0, 0x0, 0x0, 0x0, 0x0, 0x0, 
0x0, 0x0, 0x0, 0x0, 0x0, 0x0, 0x0, 0x0, 
0x0, 0x0, 0x0, 0x0, 0x0, 0x0, 0x0, 0x0, 
0x0, 0x0, 0x0, 0x0, 0x0, 0x0, 0x0, 0x0, 
0x0, 0x0, 0x0, 0x0, 0x0, 0x0, 0x0, 0x0, 
0x0, 0x0, 0x0, 0x0, 0x0, 0x0, 0x0, 0x0, 
0x0, 0x0, 0x0, 0x0, 0x0, 0x0, 0x0, 0x0, 
0x0, 0x0, 0x0, 0x0, 0x0, 0x0, 0x0, 0x0, 
0x0, 0x0, 0x0, 0x0, 0x0, 0x0, 0x0, 0x0, 
0x0, 0x0, 0x0, 0x0, 0x0, 0x0, 0x0, 0x0, 
0x0, 0x0, 0x0, 0x0, 0x0, 0x0, 0x0, 0x0, 
0x0, 0x0, 0x0, 0x0, 0x0, 0x0, 0x0, 0x0, 
0x0, 0x0, 0x0, 0x0, 0x0, 0x0, 0x0, 0x0, 
0x0, 0x0, 0x0, 0x0, 0x0, 0x0, 0x0, 0x0, 
0x0, 0x0, 0x0, 0x0, 0x0, 0x0, 0x0, 0x0, 
0x0, 0x0, 0x0, 0x0, 0x0, 0x0, 0x0, 0x0, 
0x0, 0x0, 0x0, 0x0, 0x0, 0x0, 0x0, 0x0, 
0x0, 0x0, 0x0, 0x0, 0x0, 0x0, 0x0, 0x0, 
0x0, 0x0, 0x0, 0x0, 0x0, 0x0, 0x0, 0x0, 
0x0, 0x0, 0x0, 0x0, 0x0, 0x0, 0x0, 0x0 
}
MSG3 quote - 1116 bytes:
{
0x1, 0x0, 0x1, 0x0, 0x93, 0x2, 0x0, 0x0, 
0x4, 0x0, 0x0, 0x0, 0x0, 0x0, 0x0, 0x0, 
0x64, 0x61, 0x76, 0x65, 0x74, 0x69, 0x0, 0x0, 
0x0, 0x0, 0x0, 0x0, 0x0, 0x0, 0x0, 0x0, 
0x0, 0x0, 0x0, 0x0, 0x0, 0x0, 0x0, 0x0, 
0x0, 0x0, 0x0, 0x0, 0x0, 0x0, 0x0, 0x0, 
0x2, 0x2, 0x2, 0xff, 0xff, 0xff, 0x0, 0x0, 
0x0, 0x0, 0x0, 0x0, 0x0, 0x0, 0x0, 0x0, 
0x0, 0x0, 0x0, 0x0, 0x0, 0x0, 0x0, 0x0, 
0x0, 0x0, 0x0, 0x0, 0x0, 0x0, 0x0, 0x0, 
0x0, 0x0, 0x0, 0x0, 0x0, 0x0, 0x0, 0x0, 
0x0, 0x0, 0x0, 0x0, 0x0, 0x0, 0x0, 0x0, 
0x7, 0x0, 0x0, 0x0, 0x0, 0x0, 0x0, 0x0, 
0x7, 0x0, 0x0, 0x0, 0x0, 0x0, 0x0, 0x0, 
0xe7, 0xf9, 0x0, 0x2f, 0x39, 0x6, 0x19, 0xa3, 
0x80, 0xbf, 0x50, 0x7e, 0x2a, 0xf0, 0xd8, 0xcf, 
0x42, 0x15, 0x9e, 0xfb, 0x23, 0xbf, 0x21, 0x86, 
0xbc, 0xb7, 0x2d, 0x5, 0x82, 0x94, 0x6b, 0x16, 
0x0, 0x0, 0x0, 0x0, 0x0, 0x0, 0x0, 0x0, 
0x0, 0x0, 0x0, 0x0, 0x0, 0x0, 0x0, 0x0, 
0x0, 0x0, 0x0, 0x0, 0x0, 0x0, 0x0, 0x0, 
0x0, 0x0, 0x0, 0x0, 0x0, 0x0, 0x0, 0x0, 
0x60, 0x27, 0x7a, 0xd2, 0xfd, 0xfc, 0x57, 0xe9, 
0x80, 0xe8, 0x76, 0xe7, 0xf8, 0x78, 0xac, 0x19, 
0x9, 0x88, 0xe, 0xa5, 0x38, 0x7, 0x95, 0xa7, 
0xe8, 0xea, 0x98, 0xb1, 0x57, 0x84, 0x1f, 0x85, 
0x0, 0x0, 0x0, 0x0, 0x0, 0x0, 0x0, 0x0, 
0x0, 0x0, 0x0, 0x0, 0x0, 0x0, 0x0, 0x0, 
0x0, 0x0, 0x0, 0x0, 0x0, 0x0, 0x0, 0x0, 
0x0, 0x0, 0x0, 0x0, 0x0, 0x0, 0x0, 0x0, 
0x0, 0x0, 0x0, 0x0, 0x0, 0x0, 0x0, 0x0, 
0x0, 0x0, 0x0, 0x0, 0x0, 0x0, 0x0, 0x0, 
0x0, 0x0, 0x0, 0x0, 0x0, 0x0, 0x0, 0x0, 
0x0, 0x0, 0x0, 0x0, 0x0, 0x0, 0x0, 0x0, 
0x0, 0x0, 0x0, 0x0, 0x0, 0x0, 0x0, 0x0, 
0x0, 0x0, 0x0, 0x0, 0x0, 0x0, 0x0, 0x0, 
0x0, 0x0, 0x0, 0x0, 0x0, 0x0, 0x0, 0x0, 
0x0, 0x0, 0x0, 0x0, 0x0, 0x0, 0x0, 0x0, 
0x0, 0x0, 0x0, 0x0, 0x0, 0x0, 0x0, 0x0, 
0x0, 0x0, 0x0, 0x0, 0x0, 0x0, 0x0, 0x0, 
0x0, 0x0, 0x0, 0x0, 0x0, 0x0, 0x0, 0x0, 
0x0, 0x0, 0x0, 0x0, 0x0, 0x0, 0x0, 0x0, 
0x0, 0x0, 0x0, 0x0, 0x0, 0x0, 0x0, 0x0, 
0x0, 0x0, 0x0, 0x0, 0x0, 0x0, 0x0, 0x0, 
0x0, 0x0, 0x0, 0x0, 0x0, 0x0, 0x0, 0x0, 
0x0, 0x0, 0x0, 0x0, 0x0, 0x0, 0x0, 0x0, 
0x16, 0xba, 0xb6, 0x8c, 0x2, 0xca, 0xda, 0xb5, 
0x83, 0x77, 0x45, 0x71, 0x4, 0x40, 0x14, 0xed, 
0xa1, 0x6c, 0xbf, 0x7e, 0x58, 0x25, 0xe6, 0xe0, 
0x9c, 0x29, 0x1d, 0xe3, 0x33, 0x34, 0xbc, 0x1f, 
0x0, 0x0, 0x0, 0x0, 0x0, 0x0, 0x0, 0x0, 
0x0, 0x0, 0x0, 0x0, 0x0, 0x0, 0x0, 0x0, 
0x0, 0x0, 0x0, 0x0, 0x0, 0x0, 0x0, 0x0, 
0x0, 0x0, 0x0, 0x0, 0x0, 0x0, 0x0, 0x0, 
0xa8, 0x2, 0x0, 0x0, 0xb, 0x15, 0x42, 0xa8, 
0x9a, 0x5e, 0x33, 0x3d, 0x27, 0x28, 0xa2, 0x39, 
0xd5, 0x4c, 0xb1, 0x9a, 0xe0, 0x70, 0x38, 0xd2, 
0x73, 0xaa, 0xf7, 0x4, 0xa0, 0x66, 0xf, 0x1c, 
0x43, 0x46, 0x5, 0xc, 0xe2, 0x4a, 0xb4, 0xa0, 
0x99, 0xdd, 0xea, 0x9e, 0xdc, 0x67, 0x5e, 0x7c, 
0x8, 0xb9, 0x2d, 0xc, 0x8a, 0x87, 0x36, 0x40, 
0x0, 0x2f, 0xee, 0x32, 0x42, 0x36, 0xe1, 0x95, 
0xa1, 0x13, 0x5c, 0x60, 0xd0, 0xfc, 0x9c, 0xc4, 
0x61, 0x9, 0x89, 0x96, 0x45, 0xe6, 0xb4, 0x90, 
0xf4, 0x28, 0xcf, 0x3f, 0xce, 0xe9, 0x8a, 0xe2, 
0xed, 0xcc, 0x8a, 0x9f, 0x8d, 0x92, 0x44, 0x11, 
0xb8, 0xa, 0xfa, 0x44, 0x67, 0xdf, 0xcc, 0x77, 
0xb, 0x3a, 0xeb, 0x3c, 0x46, 0x1a, 0xd9, 0xd1, 
0xb5, 0x9d, 0xfa, 0x17, 0x9c, 0x66, 0x84, 0xb2, 
0xb, 0x7e, 0xf6, 0xa6, 0xa2, 0xbb, 0x67, 0x56, 
0xb8, 0x2, 0xa9, 0x20, 0xec, 0x49, 0x96, 0x56, 
0xd8, 0xfa, 0x5a, 0x7f, 0xdc, 0xda, 0xd8, 0x53, 
0x97, 0x93, 0xe8, 0x4e, 0x96, 0xa5, 0x0, 0xcc, 
0x20, 0x39, 0x5c, 0x3c, 0xe7, 0x6c, 0x65, 0x31, 
0x3a, 0x62, 0x26, 0x9d, 0x92, 0x32, 0xde, 0x7f, 
0x4d, 0xab, 0x64, 0x12, 0xfc, 0x26, 0x31, 0xb2, 
0xeb, 0x31, 0xfd, 0x7b, 0x49, 0xd3, 0xf, 0xc4, 
0x4d, 0x4f, 0xb5, 0xfb, 0xf0, 0xd6, 0xba, 0xab, 
0xb8, 0xba, 0x36, 0x7, 0x18, 0xac, 0x8d, 0x7e, 
0xd8, 0xb1, 0x69, 0xa7, 0x6e, 0xcf, 0xa7, 0x8f, 
0x36, 0xb7, 0x78, 0x28, 0x96, 0xdc, 0x67, 0xa6, 
0x99, 0x86, 0xaa, 0x19, 0xfc, 0x67, 0x93, 0xf9, 
0xce, 0xc1, 0xb7, 0x31, 0x7f, 0x99, 0xc1, 0x56, 
0x55, 0x50, 0x5f, 0x8d, 0x94, 0xb, 0x5b, 0xf6, 
0x33, 0x14, 0x38, 0x2a, 0x43, 0x9, 0x32, 0x19, 
0xff, 0xd3, 0xd, 0xbc, 0x0, 0x74, 0x36, 0x4b, 
0x38, 0x2e, 0xeb, 0x17, 0xc0, 0x4d, 0x1c, 0x9f, 
0x57, 0xaa, 0x28, 0x4b, 0x33, 0x71, 0x8c, 0x92, 
0x88, 0xd7, 0x4, 0x45, 0xec, 0x8c, 0xc9, 0x75, 
0xc9, 0xf8, 0x5d, 0x88, 0x51, 0xfa, 0x5b, 0xf3, 
0x1d, 0x7b, 0x99, 0x58, 0x68, 0xa2, 0xa1, 0x5a, 
0x3a, 0xd4, 0x7d, 0x48, 0x56, 0x77, 0xd7, 0x54, 
0x68, 0x1, 0x0, 0x0, 0xb6, 0x37, 0x7a, 0xf, 
0x1c, 0x3a, 0xf3, 0x54, 0xc1, 0x78, 0xd1, 0xb4, 
0x94, 0xaa, 0xcc, 0x14, 0x3f, 0xac, 0x72, 0x51, 
0x79, 0xa7, 0x5c, 0xe1, 0x37, 0x6a, 0xf1, 0x89, 
0xc7, 0xb7, 0x47, 0x9b, 0x86, 0x2c, 0x46, 0x33, 
0x53, 0xba, 0x4e, 0xfc, 0xdc, 0xbf, 0xa8, 0xb5, 
0x69, 0x85, 0xbd, 0x4e, 0x96, 0x24, 0xc8, 0x57, 
0x19, 0x9, 0x61, 0x97, 0xbb, 0x12, 0xb, 0x53, 
0x37, 0xed, 0x8, 0x21, 0x97, 0x14, 0x1d, 0x4a, 
0x9f, 0x8b, 0x57, 0x5a, 0x74, 0x1e, 0x1d, 0x63, 
0x43, 0x39, 0xdc, 0x9e, 0x93, 0xfe, 0xae, 0xdc, 
0xff, 0x64, 0x5d, 0x77, 0x82, 0xc7, 0xd6, 0x44, 
0x14, 0xd, 0xd9, 0x72, 0x80, 0xe7, 0x3c, 0xe0, 
0x46, 0xa2, 0xc3, 0x7d, 0xf0, 0x56, 0xb7, 0x50, 
0xef, 0xb2, 0x6b, 0x23, 0x2b, 0xad, 0xd9, 0x67, 
0xcf, 0x91, 0x50, 0x4e, 0x50, 0x61, 0x8c, 0x59, 
0x78, 0x24, 0xa5, 0x5b, 0xe3, 0xe3, 0xcd, 0x60, 
0x3b, 0xf8, 0x87, 0xe2, 0xff, 0x82, 0x7f, 0x20, 
0x65, 0x6b, 0x22, 0x58, 0x76, 0x28, 0xeb, 0xdc, 
0x18, 0xfa, 0xda, 0xcb, 0x18, 0xb9, 0x1e, 0x9d, 
0xb4, 0x8f, 0x49, 0xe3, 0x2e, 0xd1, 0x6, 0x25, 
0xc3, 0xb, 0x6a, 0x2f, 0x75, 0xd8, 0x3e, 0xdc, 
0xe3, 0x5, 0x41, 0xf3, 0x1e, 0xd5, 0x53, 0xbd, 
0x28, 0x57, 0x1a, 0x5f, 0x1b, 0x68, 0xeb, 0xd8, 
0x84, 0xda, 0xc1, 0x24, 0xe8, 0x7f, 0xa2, 0x98, 
0xd1, 0x9b, 0x52, 0x72, 0x7b, 0x3, 0x50, 0x50, 
0xb2, 0x95, 0x2b, 0xd6, 0xe4, 0x66, 0x56, 0x11, 
0x32, 0x50, 0x30, 0xaf, 0xdd, 0x5c, 0x80, 0xa6, 
0x92, 0x84, 0x3d, 0x56, 0xfb, 0xe, 0x7e, 0x4, 
0x2, 0x43, 0xcf, 0xb4, 0xc, 0x90, 0x10, 0x10, 
0x7e, 0x4, 0x72, 0xc1, 0xcf, 0x5b, 0xec, 0xe9, 
0x69, 0x94, 0xbd, 0x30, 0x3e, 0xa8, 0x31, 0x26, 
0xf5, 0xf4, 0x99, 0x1d, 0xb2, 0x6d, 0xd3, 0x8e, 
0x71, 0x52, 0xd2, 0xaf, 0x56, 0x4f, 0xfb, 0x53, 
0xe2, 0x1e, 0x72, 0xdd, 0xcb, 0xb, 0xee, 0xdd, 
0x8, 0x17, 0x15, 0x30, 0x88, 0x33, 0x75, 0x79, 
0x54, 0xdf, 0xff, 0xaf, 0x31, 0xea, 0xad, 0x5e, 
0x84, 0x12, 0x4e, 0x8d, 0xe8, 0x5, 0x45, 0xc2, 
0xff, 0x5e, 0x28, 0x2e, 0xfa, 0x2d, 0xe4, 0x33, 
0x34, 0x1, 0x31, 0x9e, 0x4d, 0xc9, 0x6, 0x30, 
0x47, 0x9c, 0xd6, 0x3d, 0xe7, 0xe8, 0x76, 0xf9, 
0x53, 0xae, 0x50, 0x45, 0x57, 0x67, 0x76, 0x1d, 
0xc9, 0x30, 0xa3, 0x9f, 0xca, 0x1e, 0x4a, 0xa8, 
0xa1, 0xfd, 0x33, 0x7a, 0xb4, 0xf3, 0x6a, 0xcc, 
0x14, 0x1c, 0x66, 0xb1, 0xa0, 0xd3, 0x90, 0xc2, 
0xa0, 0x83, 0x78, 0xba, 0x10, 0xd0, 0xc, 0x9a, 
0x59, 0xdf, 0xed, 0xda, 0x7f, 0x39, 0x7a, 0x5e, 
0x78, 0x43, 0xde, 0x2e 
}
trans-info: sent S3 to sender...
trans-info: waiting for att result from sender...
trans-debug: transition done with old|next|current states: SMC_SGX_STM_ATT_S1_SENT|SMC_SGX_STM_ATT_S2_RECVD|SMC_SGX_STM_ATT_S3_SENT
evaluator: got a msg with tag [4] and len [157]
trans-debug: into handle_att_res, len 157, buf 0x0x7fa63ff3a808
ATTESTATION RESULT result - 0
ATTESTATION RESULT MSG platform_info_blob - 97 bytes:
{
0x0, 0x0, 0x0, 0x0, 0x0, 0x0, 0x0, 0x0, 
0x0, 0x0, 0x0, 0x0, 0x0, 0x0, 0x0, 0x0, 
0x0, 0x0, 0x0, 0x0, 0x0, 0x0, 0x0, 0x0, 
0x0, 0x0, 0x0, 0x0, 0x0, 0x0, 0x0, 0x0, 
0x0, 0x97, 0x9e, 0xb9, 0x5a, 0xdd, 0x14, 0x17, 
0xf2, 0xfa, 0xad, 0xfa, 0xd7, 0x66, 0x73, 0xfd, 
0x71, 0x57, 0xf4, 0xe9, 0x8d, 0xee, 0xaf, 0x42, 
0x5e, 0xbb, 0x8a, 0x4c, 0xd4, 0x84, 0xdc, 0x83, 
0x6a, 0x8, 0x70, 0xd, 0xf2, 0x42, 0x8b, 0x2b, 
0xee, 0x42, 0xb0, 0x85, 0xe5, 0xbf, 0x99, 0xc5, 
0x22, 0xf8, 0x37, 0xf7, 0xee, 0xb6, 0x2c, 0xd5, 
0x8c, 0x37, 0xa2, 0xd2, 0x51, 0xed, 0x45, 0xf9, 
0x65 
}
ATTESTATION RESULT MSG mac - 16 bytes:
{
0xf4, 0x70, 0xb9, 0x70, 0x10, 0xfb, 0x56, 0x4, 
0x82, 0xdb, 0xb6, 0x55, 0xfb, 0x7b, 0x54, 0x8c 
}
ATTESTATION RESULT MSG secret.payload_tag - 8 bytes
ATTESTATION RESULT MSG secret.payload - 8 bytes:
{
0x1c, 0x42, 0x2c, 0x71, 0xff, 0xc8, 0x38, 0x26 
}
trans-info: attestation result good
trans-info: attestation mac verification succeeded
SHARED SECRET - 8 bytes:
{
0x0, 0x1, 0x2, 0x3, 0x4, 0x5, 0x6, 0x7 
}
trans-info: waiting for input from sender...
trans-debug: transition done with old|next|current states: SMC_SGX_STM_ATT_S3_SENT|SMC_SGX_STM_ATT_RES_RECVD|SMC_SGX_STM_INPUT_WAIT
evaluator: got a msg with tag [5] and len [4]
trans-debug: into handle_input, len 4, buf 0x0x7fa63ff3a808
4 bytes:
{
0x59, 0x41, 0x4f, 0x0 
}
trans-info: using YAO hybrid model
trans-info: starting yao...
gengc - 320 bytes:
{
0x44, 0xcd, 0xdf, 0xdd, 0xa7, 0xe3, 0x89, 0x6b, 
0x49, 0x2, 0x3f, 0xa1, 0xda, 0x29, 0xb, 0x91, 
0x93, 0x2c, 0x6f, 0xe2, 0x7, 0xf3, 0x5a, 0x24, 
0xa8, 0x86, 0x1b, 0x93, 0xc0, 0x43, 0xe, 0xf7, 
0x98, 0x4c, 0xc6, 0x6, 0x39, 0xe1, 0x62, 0x66, 
0xf1, 0x91, 0xee, 0x8f, 0x60, 0x57, 0x19, 0xe9, 
0x52, 0x3b, 0xea, 0xc7, 0x4e, 0x27, 0xcd, 0x62, 
0xd5, 0xe7, 0xcd, 0xdf, 0xb2, 0x25, 0x95, 0x90, 
0x88, 0xfa, 0x90, 0xe6, 0xd4, 0x73, 0x85, 0xde, 
0xb6, 0x86, 0x9a, 0xc6, 0xb3, 0x62, 0x2d, 0x36, 
0x71, 0xb9, 0xea, 0xcd, 0xc6, 0x57, 0xb, 0x10, 
0xe0, 0xf9, 0xbe, 0x72, 0x7, 0xc5, 0xb, 0x85, 
0x8b, 0x1, 0xb3, 0x21, 0x45, 0x15, 0x69, 0x1d, 
0xa, 0xc4, 0x0, 0xc, 0x77, 0xf5, 0x6a, 0xf0, 
0xb2, 0xc8, 0x27, 0x93, 0xf9, 0x9c, 0x90, 0x29, 
0xbc, 0xab, 0xec, 0xbb, 0x40, 0x19, 0xb9, 0xb2, 
0x58, 0x1f, 0x81, 0x6, 0x95, 0xdd, 0x6, 0x8a, 
0x46, 0xdc, 0x23, 0x16, 0x24, 0x9e, 0xce, 0xa8, 
0x40, 0x15, 0xd6, 0xce, 0xe7, 0xd8, 0x7b, 0xc, 
0xe, 0x15, 0x7b, 0x2d, 0x3e, 0xcd, 0xf0, 0x66, 
0x4f, 0x91, 0x67, 0x28, 0x18, 0xbc, 0x3b, 0x6c, 
0xf0, 0x43, 0xa0, 0xd4, 0x39, 0x8, 0xf0, 0x2f, 
0x74, 0xa9, 0x19, 0x7f, 0x20, 0xbf, 0xc6, 0x96, 
0xbf, 0xe0, 0xd, 0xcf, 0x3f, 0xd4, 0xe1, 0x6c, 
0x10, 0xb4, 0xc9, 0x7, 0x17, 0xe5, 0x2b, 0xc2, 
0x52, 0xdc, 0x6f, 0x5b, 0x36, 0x7, 0xea, 0xfa, 
0xd3, 0x48, 0x8d, 0x41, 0x93, 0xc2, 0x68, 0x54, 
0x87, 0xb4, 0xfe, 0xcd, 0x85, 0xf4, 0xfc, 0xc9, 
0x7d, 0x1a, 0x96, 0x49, 0x8d, 0xea, 0x18, 0xd1, 
0x65, 0x1, 0x18, 0xb4, 0x5c, 0xd, 0x5f, 0x40, 
0x76, 0x60, 0x5e, 0x70, 0xcd, 0x34, 0xc9, 0x1e, 
0xa0, 0x40, 0x2f, 0xdf, 0x7c, 0x58, 0xd9, 0xd, 
0xe4, 0x7c, 0x5, 0x7a, 0x6b, 0x19, 0xdf, 0xc5, 
0x7, 0xf4, 0xda, 0xa2, 0xe, 0x54, 0xc, 0xd0, 
0x28, 0x11, 0xe0, 0x56, 0x6c, 0x65, 0x69, 0xf6, 
0x98, 0x5a, 0x9f, 0x22, 0xd1, 0x3d, 0x6, 0xdf, 
0x6f, 0xe7, 0x35, 0x9, 0x22, 0x7b, 0x3f, 0xbb, 
0x53, 0xe, 0x46, 0x4d, 0x68, 0x28, 0xaa, 0x42, 
0x5b, 0xe8, 0xae, 0xc3, 0xd8, 0x5, 0xeb, 0x47, 
0xcb, 0xd4, 0x51, 0xde, 0xae, 0x66, 0x46, 0xec 
}
evlgc - 160 bytes:
{
0x3f, 0xa1, 0xda, 0x29, 0xb, 0x91, 0x93, 0x2c, 
0x6f, 0xe2, 0xe, 0xf7, 0x98, 0x4c, 0xc6, 0x6, 
0x39, 0xe1, 0x62, 0x66, 0xf1, 0x91, 0xee, 0x8f, 
0x60, 0x57, 0x19, 0xe9, 0x52, 0x3b, 0xb2, 0x25, 
0x95, 0x90, 0x88, 0xfa, 0x90, 0xe6, 0xd4, 0x73, 
0x71, 0xb9, 0xea, 0xcd, 0xc6, 0x57, 0xb, 0x10, 
0xe0, 0xf9, 0x45, 0x15, 0x69, 0x1d, 0xa, 0xc4, 
0x0, 0xc, 0x77, 0xf5, 0xbc, 0xab, 0xec, 0xbb, 
0x40, 0x19, 0xb9, 0xb2, 0x58, 0x1f, 0x24, 0x9e, 
0xce, 0xa8, 0x40, 0x15, 0xd6, 0xce, 0xe7, 0xd8, 
0xa0, 0xd4, 0x39, 0x8, 0xf0, 0x2f, 0x74, 0xa9, 
0x19, 0x7f, 0x20, 0xbf, 0xc6, 0x96, 0xbf, 0xe0, 
0xd, 0xcf, 0x3f, 0xd4, 0x8d, 0x41, 0x93, 0xc2, 
0x68, 0x54, 0x87, 0xb4, 0xfe, 0xcd, 0x85, 0xf4, 
0xfc, 0xc9, 0x7d, 0x1a, 0x96, 0x49, 0x8d, 0xea, 
0x76, 0x60, 0x5e, 0x70, 0xcd, 0x34, 0xc9, 0x1e, 
0xa0, 0x40, 0x6b, 0x19, 0xdf, 0xc5, 0x7, 0xf4, 
0xda, 0xa2, 0xe, 0x54, 0x98, 0x5a, 0x9f, 0x22, 
0xd1, 0x3d, 0x6, 0xdf, 0x6f, 0xe7, 0x68, 0x28, 
0xaa, 0x42, 0x5b, 0xe8, 0xae, 0xc3, 0xd8, 0x5 
}
permutes - 16 bytes:
{
0x0, 0x1, 0x1, 0x0, 0x1, 0x1, 0x0, 0x0, 
0x1, 0x0, 0x0, 0x1, 0x0, 0x1, 0x0, 0x0 
}
daveti-debug: into init_network
daveti-debug: into evl branch
EVL (0:127.0.1.1) is connecting (127.0.0.1) at port 5000
EVL (0:127.0.1.1) succeeded connecting
evl input disabled in init_private

YAO output:
104 167 242 76 8 58 227 235 68 47 
62 46 153 10 207 115 149 127 208 97 
141 59 102 113 44 177 235 11 48 76 
174 110 205 15 87 155 82 228 167 216 
105 199 6 107 75 240 216 197 51 49 
26 153 66 217 193 81 108 98 0 229 
203 43 219 132 235 23 225 93 14 106 
224 84 105 15 254 100 16 121 61 143 
1024 bytes:
{
0x0, 0x0, 0x0, 0x0, 0x0, 0x0, 0x0, 0x0, 
0x0, 0x0, 0x0, 0x0, 0x0, 0x0, 0x0, 0x0, 
0x0, 0x0, 0x0, 0x0, 0x0, 0x0, 0x0, 0x0, 
0x0, 0x0, 0x0, 0x0, 0x0, 0x0, 0x0, 0x0, 
0x0, 0x0, 0x0, 0x0, 0x0, 0x0, 0x0, 0x0, 
0x0, 0x0, 0x0, 0x0, 0x0, 0x0, 0x0, 0x0, 
0x0, 0x0, 0x0, 0x0, 0x0, 0x0, 0x0, 0x0, 
0x0, 0x0, 0x0, 0x0, 0x0, 0x0, 0x0, 0x0, 
0x0, 0x0, 0x0, 0x0, 0x0, 0x0, 0x0, 0x0, 
0x0, 0x0, 0x0, 0x0, 0x0, 0x0, 0x0, 0x0, 
0x0, 0x0, 0x0, 0x0, 0x0, 0x0, 0x0, 0x0, 
0x0, 0x0, 0x0, 0x0, 0x0, 0x0, 0x0, 0x0, 
0x0, 0x0, 0x0, 0x0, 0x0, 0x0, 0x0, 0x0, 
0x0, 0x0, 0x0, 0x0, 0x0, 0x0, 0x0, 0x0, 
0x0, 0x0, 0x0, 0x0, 0x0, 0x0, 0x0, 0x0, 
0x0, 0x0, 0x0, 0x0, 0x0, 0x0, 0x0, 0x0, 
0x0, 0x0, 0x0, 0x0, 0x0, 0x0, 0x0, 0x0, 
0x0, 0x0, 0x0, 0x0, 0x0, 0x0, 0x0, 0x0, 
0x0, 0x0, 0x0, 0x0, 0x0, 0x0, 0x0, 0x0, 
0x0, 0x0, 0x0, 0x0, 0x0, 0x0, 0x0, 0x0, 
0x0, 0x0, 0x0, 0x0, 0x0, 0x0, 0x0, 0x0, 
0x0, 0x0, 0x0, 0x0, 0x0, 0x0, 0x0, 0x0, 
0x0, 0x0, 0x0, 0x0, 0x0, 0x0, 0x0, 0x0, 
0x0, 0x0, 0x0, 0x0, 0x0, 0x0, 0x0, 0x0, 
0x0, 0x0, 0x0, 0x0, 0x0, 0x0, 0x0, 0x0, 
0x0, 0x0, 0x0, 0x0, 0x0, 0x0, 0x0, 0x0, 
0x0, 0x0, 0x0, 0x0, 0x0, 0x0, 0x0, 0x0, 
0x0, 0x0, 0x0, 0x0, 0x0, 0x0, 0x0, 0x0, 
0x0, 0x0, 0x0, 0x0, 0x0, 0x0, 0x0, 0x0, 
0x0, 0x0, 0x0, 0x0, 0x0, 0x0, 0x0, 0x0, 
0x0, 0x0, 0x0, 0x0, 0x0, 0x0, 0x0, 0x0, 
0x0, 0x0, 0x0, 0x0, 0x0, 0x0, 0x0, 0x0, 
0x0, 0x0, 0x0, 0x0, 0x0, 0x0, 0x0, 0x0, 
0x0, 0x0, 0x0, 0x0, 0x0, 0x0, 0x0, 0x0, 
0x0, 0x0, 0x0, 0x0, 0x0, 0x0, 0x0, 0x0, 
0x0, 0x0, 0x0, 0x0, 0x0, 0x0, 0x0, 0x0, 
0x0, 0x0, 0x0, 0x0, 0x0, 0x0, 0x0, 0x0, 
0x0, 0x0, 0x0, 0x0, 0x0, 0x0, 0x0, 0x0, 
0x0, 0x0, 0x0, 0x0, 0x0, 0x0, 0x0, 0x0, 
0x0, 0x0, 0x0, 0x0, 0x0, 0x0, 0x0, 0x0, 
0x0, 0x0, 0x0, 0x0, 0x0, 0x0, 0x0, 0x0, 
0x0, 0x0, 0x0, 0x0, 0x0, 0x0, 0x0, 0x0, 
0x0, 0x0, 0x0, 0x0, 0x0, 0x0, 0x0, 0x0, 
0x0, 0x0, 0x0, 0x0, 0x0, 0x0, 0x0, 0x0, 
0x0, 0x0, 0x0, 0x0, 0x0, 0x0, 0x0, 0x0, 
0x0, 0x0, 0x0, 0x0, 0x0, 0x0, 0x0, 0x0, 
0x0, 0x0, 0x0, 0x0, 0x0, 0x0, 0x0, 0x0, 
0x0, 0x0, 0x0, 0x0, 0x0, 0x0, 0x0, 0x0, 
0x0, 0x0, 0x0, 0x0, 0x0, 0x0, 0x0, 0x0, 
0x0, 0x0, 0x0, 0x0, 0x0, 0x0, 0x0, 0x0, 
0x0, 0x0, 0x0, 0x0, 0x0, 0x0, 0x0, 0x0, 
0x0, 0x0, 0x0, 0x0, 0x0, 0x0, 0x0, 0x0, 
0x0, 0x0, 0x0, 0x0, 0x0, 0x0, 0x0, 0x0, 
0x0, 0x0, 0x0, 0x0, 0x0, 0x0, 0x0, 0x0, 
0x0, 0x0, 0x0, 0x0, 0x0, 0x0, 0x0, 0x0, 
0x0, 0x0, 0x0, 0x0, 0x0, 0x0, 0x0, 0x0, 
0x0, 0x0, 0x0, 0x0, 0x0, 0x0, 0x0, 0x0, 
0x0, 0x0, 0x0, 0x0, 0x0, 0x0, 0x0, 0x0, 
0x0, 0x0, 0x0, 0x0, 0x0, 0x0, 0x0, 0x0, 
0x0, 0x0, 0x0, 0x0, 0x0, 0x0, 0x0, 0x0, 
0x0, 0x0, 0x0, 0x0, 0x0, 0x0, 0x0, 0x0, 
0x0, 0x0, 0x0, 0x0, 0x0, 0x0, 0x0, 0x0, 
0x0, 0x0, 0x0, 0x0, 0x0, 0x0, 0x0, 0x0, 
0x0, 0x0, 0x0, 0x0, 0x0, 0x0, 0x0, 0x0, 
0x0, 0x0, 0x0, 0x0, 0x0, 0x0, 0x0, 0x0, 
0x0, 0x0, 0x0, 0x0, 0x0, 0x0, 0x0, 0x0, 
0x0, 0x0, 0x0, 0x0, 0x0, 0x0, 0x0, 0x0, 
0x0, 0x0, 0x0, 0x0, 0x0, 0x0, 0x0, 0x0, 
0x0, 0x0, 0x0, 0x0, 0x0, 0x0, 0x0, 0x0, 
0x0, 0x0, 0x0, 0x0, 0x0, 0x0, 0x0, 0x0, 
0x0, 0x0, 0x0, 0x0, 0x0, 0x0, 0x0, 0x0, 
0x0, 0x0, 0x0, 0x0, 0x0, 0x0, 0x0, 0x0, 
0x0, 0x0, 0x0, 0x0, 0x0, 0x0, 0x0, 0x0, 
0x0, 0x0, 0x0, 0x0, 0x0, 0x0, 0x0, 0x0, 
0x0, 0x0, 0x0, 0x0, 0x0, 0x0, 0x0, 0x0, 
0x0, 0x0, 0x0, 0x0, 0x0, 0x0, 0x0, 0x0, 
0x0, 0x0, 0x0, 0x0, 0x0, 0x0, 0x0, 0x0, 
0x0, 0x0, 0x0, 0x0, 0x0, 0x0, 0x0, 0x0, 
0x0, 0x0, 0x0, 0x0, 0x0, 0x0, 0x0, 0x0, 
0x0, 0x0, 0x0, 0x0, 0x0, 0x0, 0x0, 0x0, 
0x0, 0x0, 0x0, 0x0, 0x0, 0x0, 0x0, 0x0, 
0x0, 0x0, 0x0, 0x0, 0x0, 0x0, 0x0, 0x0, 
0x0, 0x0, 0x0, 0x0, 0x0, 0x0, 0x0, 0x0, 
0x0, 0x0, 0x0, 0x0, 0x0, 0x0, 0x0, 0x0, 
0x0, 0x0, 0x0, 0x0, 0x0, 0x0, 0x0, 0x0, 
0x0, 0x0, 0x0, 0x0, 0x0, 0x0, 0x0, 0x0, 
0x0, 0x0, 0x0, 0x0, 0x0, 0x0, 0x0, 0x0, 
0x0, 0x0, 0x0, 0x0, 0x0, 0x0, 0x0, 0x0, 
0x0, 0x0, 0x0, 0x0, 0x0, 0x0, 0x0, 0x0, 
0x0, 0x0, 0x0, 0x0, 0x0, 0x0, 0x0, 0x0, 
0x0, 0x0, 0x0, 0x0, 0x0, 0x0, 0x0, 0x0, 
0x0, 0x0, 0x0, 0x0, 0x0, 0x0, 0x0, 0x0, 
0x0, 0x0, 0x0, 0x0, 0x0, 0x0, 0x0, 0x0, 
0x0, 0x0, 0x0, 0x0, 0x0, 0x0, 0x0, 0x0, 
0x0, 0x0, 0x0, 0x0, 0x0, 0x0, 0x0, 0x0, 
0x0, 0x0, 0x0, 0x0, 0x0, 0x0, 0x0, 0x0, 
0x0, 0x0, 0x0, 0x0, 0x0, 0x0, 0x0, 0x0, 
0x0, 0x0, 0x0, 0x0, 0x0, 0x0, 0x0, 0x0, 
0x0, 0x0, 0x0, 0x0, 0x0, 0x0, 0x0, 0x0, 
0x0, 0x0, 0x0, 0x0, 0x0, 0x0, 0x0, 0x0, 
0x0, 0x0, 0x0, 0x0, 0x0, 0x0, 0x0, 0x0, 
0x0, 0x0, 0x0, 0x0, 0x0, 0x0, 0x0, 0x0, 
0x0, 0x0, 0x0, 0x0, 0x0, 0x0, 0x0, 0x0, 
0x0, 0x0, 0x0, 0x0, 0x0, 0x0, 0x0, 0x0, 
0x0, 0x0, 0x0, 0x0, 0x0, 0x0, 0x0, 0x0, 
0x0, 0x0, 0x0, 0x0, 0x0, 0x0, 0x0, 0x0, 
0x0, 0x0, 0x0, 0x0, 0x0, 0x0, 0x0, 0x0, 
0x0, 0x0, 0x0, 0x0, 0x0, 0x0, 0x0, 0x0, 
0x0, 0x0, 0x0, 0x0, 0x0, 0x0, 0x0, 0x0, 
0x0, 0x0, 0x0, 0x0, 0x0, 0x0, 0x0, 0x0, 
0x0, 0x0, 0x0, 0x0, 0x0, 0x0, 0x0, 0x0, 
0x0, 0x0, 0x0, 0x0, 0x0, 0x0, 0x0, 0x0, 
0x0, 0x0, 0x0, 0x0, 0x0, 0x0, 0x0, 0x0, 
0x0, 0x0, 0x0, 0x0, 0x0, 0x0, 0x0, 0x0, 
0x0, 0x0, 0x0, 0x0, 0x0, 0x0, 0x0, 0x0, 
0x0, 0x0, 0x0, 0x0, 0x0, 0x0, 0x0, 0x0, 
0x0, 0x0, 0x0, 0x0, 0x0, 0x0, 0x0, 0x0, 
0x0, 0x0, 0x0, 0x0, 0x0, 0x0, 0x0, 0x0, 
0x0, 0x0, 0x0, 0x0, 0x0, 0x0, 0x0, 0x0, 
0x0, 0x0, 0x0, 0x0, 0x0, 0x0, 0x0, 0x0, 
0x0, 0x0, 0x0, 0x0, 0x0, 0x0, 0x0, 0x0, 
0x0, 0x0, 0x0, 0x0, 0x0, 0x0, 0x0, 0x0, 
0x0, 0x0, 0x0, 0x0, 0x0, 0x0, 0x0, 0x0, 
0x0, 0x0, 0x0, 0x0, 0x0, 0x0, 0x0, 0x0, 
0x0, 0x0, 0x0, 0x0, 0x0, 0x0, 0x0, 0x0, 
0x0, 0x0, 0x0, 0x0, 0x0, 0x0, 0x0, 0x0, 
0x0, 0x0, 0x0, 0x0, 0x0, 0x0, 0x0, 0x0, 
0x0, 0x0, 0x0, 0x0, 0x0, 0x0, 0x0, 0x0 
}
trans-info: evaluation done
trans-debug: transition done with old|next|current states: SMC_SGX_STM_INPUT_WAIT|SMC_SGX_STM_INPUT_RECVD|SMC_SGX_STM_INIT
evaluator: nothing to recv - abort
evaluator: cleaning up
root@sgx-HP-ENVY-x360-m6-Convertible:~/git/sgx_private_code# 














root@sgx-HP-ENVY-x360-m6-Convertible:~/git/sgx_private_code# ./sender -d
smcsgx: sender pid [7439]
sender: enable debug
sender: use local IPv4 address: 127.0.0.1
sender: connected with evaluator
sender: sgx initialized
sender: start challenge...
trans-debug: into start_att_nonce, len 20, buf 0x0x7ffdcac49058
20 bytes:
{
0xba, 0xdb, 0x2e, 0x2a, 0x3c, 0xf6, 0x99, 0x4f, 
0x55, 0x78, 0x4f, 0xa8, 0xa0, 0x2f, 0x68, 0x19, 
0x37, 0x62, 0x25, 0x22 
}
trans-info: waiting S1 from evaluator...
trans-debug: transition done with old|next|current states: SMC_SGX_STM_INIT|SMC_SGX_STM_ATT_STARTED|SMC_SGX_STM_ATT_STARTED
sender: got a msg with tag [1] and len [68]
trans-debug: into handle_att_S1, len 68, buf 0x0x7f8e756e9808
MSG1 ga - 64 bytes:
{
0xb, 0xdb, 0x27, 0x61, 0x19, 0xa0, 0x1d, 0x1, 
0x8f, 0x8, 0x2b, 0x3d, 0x8a, 0xe9, 0x2, 0x27, 
0x29, 0xce, 0xf8, 0x75, 0x99, 0xa, 0x5a, 0xa5, 
0xfe, 0xce, 0xbd, 0x17, 0x24, 0xfe, 0x4d, 0x1f, 
0x6d, 0x4f, 0x39, 0xa9, 0x77, 0xc3, 0xe9, 0xc8, 
0xe1, 0xb2, 0x79, 0x18, 0x2d, 0x1e, 0x2f, 0xcf, 
0xe, 0x27, 0x63, 0x1d, 0xb6, 0x3c, 0x5a, 0x7d, 
0x2, 0x56, 0x1b, 0xbc, 0xbe, 0xcd, 0x89, 0xb8 
}
MSG1 gid - 4 bytes:
{
0x93, 0x2, 0x0, 0x0 
}
trans-debug: private key (b) -
32 bytes:
{
0x9, 0x0, 0x0, 0x0, 0x9, 0x0, 0x0, 0x0, 
0x9, 0x0, 0x0, 0x0, 0x9, 0x0, 0x0, 0x0, 
0x9, 0x0, 0x0, 0x0, 0x9, 0x0, 0x0, 0x0, 
0x9, 0x0, 0x0, 0x0, 0x9, 0x0, 0x0, 0x0 
}
trans-debug: public key (g_b) -
64 bytes:
{
0x6a, 0x83, 0xdc, 0x84, 0xd4, 0x4c, 0x8a, 0xbb, 
0x5e, 0x42, 0xaf, 0xee, 0x8d, 0xe9, 0xf4, 0x57, 
0x71, 0xfd, 0x73, 0x66, 0xd7, 0xfa, 0xad, 0xfa, 
0xf2, 0x17, 0x14, 0xdd, 0x5a, 0xb9, 0x9e, 0x97, 
0x79, 0xa7, 0x38, 0x72, 0xf2, 0xb8, 0xd6, 0xbe, 
0x18, 0x91, 0x7f, 0xf7, 0xb5, 0xd3, 0xe5, 0x64, 
0x9b, 0x12, 0x18, 0xaf, 0x39, 0x29, 0x6c, 0x24, 
0x19, 0x38, 0x29, 0xb, 0xc6, 0xac, 0xc, 0x62 
}
trans-debug: gb_ga -
128 bytes:
{
0x6a, 0x83, 0xdc, 0x84, 0xd4, 0x4c, 0x8a, 0xbb, 
0x5e, 0x42, 0xaf, 0xee, 0x8d, 0xe9, 0xf4, 0x57, 
0x71, 0xfd, 0x73, 0x66, 0xd7, 0xfa, 0xad, 0xfa, 
0xf2, 0x17, 0x14, 0xdd, 0x5a, 0xb9, 0x9e, 0x97, 
0x79, 0xa7, 0x38, 0x72, 0xf2, 0xb8, 0xd6, 0xbe, 
0x18, 0x91, 0x7f, 0xf7, 0xb5, 0xd3, 0xe5, 0x64, 
0x9b, 0x12, 0x18, 0xaf, 0x39, 0x29, 0x6c, 0x24, 
0x19, 0x38, 0x29, 0xb, 0xc6, 0xac, 0xc, 0x62, 
0xb, 0xdb, 0x27, 0x61, 0x19, 0xa0, 0x1d, 0x1, 
0x8f, 0x8, 0x2b, 0x3d, 0x8a, 0xe9, 0x2, 0x27, 
0x29, 0xce, 0xf8, 0x75, 0x99, 0xa, 0x5a, 0xa5, 
0xfe, 0xce, 0xbd, 0x17, 0x24, 0xfe, 0x4d, 0x1f, 
0x6d, 0x4f, 0x39, 0xa9, 0x77, 0xc3, 0xe9, 0xc8, 
0xe1, 0xb2, 0x79, 0x18, 0x2d, 0x1e, 0x2f, 0xcf, 
0xe, 0x27, 0x63, 0x1d, 0xb6, 0x3c, 0x5a, 0x7d, 
0x2, 0x56, 0x1b, 0xbc, 0xbe, 0xcd, 0x89, 0xb8 
}
trans-debug: sign_gb_ga -
64 bytes:
{
0x6a, 0x83, 0xdc, 0x84, 0xd4, 0x4c, 0x8a, 0xbb, 
0x5e, 0x42, 0xaf, 0xee, 0x8d, 0xe9, 0xf4, 0x57, 
0x71, 0xfd, 0x73, 0x66, 0xd7, 0xfa, 0xad, 0xfa, 
0xf2, 0x17, 0x14, 0xdd, 0x5a, 0xb9, 0x9e, 0x97, 
0x2e, 0x2, 0x93, 0x13, 0xe9, 0x77, 0xa3, 0xd6, 
0x50, 0x5a, 0x18, 0x40, 0x27, 0xda, 0xe1, 0x84, 
0xef, 0xc5, 0xef, 0x5a, 0xbd, 0xaf, 0x94, 0xdd, 
0x38, 0xb4, 0x66, 0x6c, 0xd4, 0x4e, 0xa6, 0x9c 
}
MSG2 gb - 64 bytes:
{
0x6a, 0x83, 0xdc, 0x84, 0xd4, 0x4c, 0x8a, 0xbb, 
0x5e, 0x42, 0xaf, 0xee, 0x8d, 0xe9, 0xf4, 0x57, 
0x71, 0xfd, 0x73, 0x66, 0xd7, 0xfa, 0xad, 0xfa, 
0xf2, 0x17, 0x14, 0xdd, 0x5a, 0xb9, 0x9e, 0x97, 
0x79, 0xa7, 0x38, 0x72, 0xf2, 0xb8, 0xd6, 0xbe, 
0x18, 0x91, 0x7f, 0xf7, 0xb5, 0xd3, 0xe5, 0x64, 
0x9b, 0x12, 0x18, 0xaf, 0x39, 0x29, 0x6c, 0x24, 
0x19, 0x38, 0x29, 0xb, 0xc6, 0xac, 0xc, 0x62 
}
MSG2 spid - 16 bytes:
{
0x64, 0x61, 0x76, 0x65, 0x74, 0x69, 0x0, 0x0, 
0x0, 0x0, 0x0, 0x0, 0x0, 0x0, 0x0, 0x0 
}
MSG2 sign_gb_ga - 64 bytes:
{
0x6a, 0x83, 0xdc, 0x84, 0xd4, 0x4c, 0x8a, 0xbb, 
0x5e, 0x42, 0xaf, 0xee, 0x8d, 0xe9, 0xf4, 0x57, 
0x71, 0xfd, 0x73, 0x66, 0xd7, 0xfa, 0xad, 0xfa, 
0xf2, 0x17, 0x14, 0xdd, 0x5a, 0xb9, 0x9e, 0x97, 
0x2e, 0x2, 0x93, 0x13, 0xe9, 0x77, 0xa3, 0xd6, 
0x50, 0x5a, 0x18, 0x40, 0x27, 0xda, 0xe1, 0x84, 
0xef, 0xc5, 0xef, 0x5a, 0xbd, 0xaf, 0x94, 0xdd, 
0x38, 0xb4, 0x66, 0x6c, 0xd4, 0x4e, 0xa6, 0x9c 
}
MSG2 mac - 16 bytes:
{
0xab, 0x5f, 0xb, 0x6c, 0xd9, 0xa2, 0x96, 0x78, 
0xfc, 0xea, 0xf5, 0x14, 0x59, 0xf1, 0x85, 0xc8 
}
MSG2 sig_rl - Error: null input
trans-info: sent S2 to evaluator
trans-info: waiting S3 from evaluator...
trans-debug: transition done with old|next|current states: SMC_SGX_STM_ATT_STARTED|SMC_SGX_STM_ATT_S1_RECVD|SMC_SGX_STM_ATT_S2_SENT
sender: got a msg with tag [3] and len [1452]
trans-debug: into handle_att_S3, len 1452, buf 0x0x7f8e756e9808
trans-debug: into verify_att_res, len 1452, buf 0x0x7f8e756e9808
MSG3 mac - 16 bytes:
{
0xf9, 0x3, 0x83, 0x9b, 0xc0, 0xab, 0x28, 0x2d, 
0xfe, 0x90, 0x33, 0x3, 0x7e, 0x7b, 0x73, 0x29 
}
MSG3 ga - 64 bytes:
{
0xb, 0xdb, 0x27, 0x61, 0x19, 0xa0, 0x1d, 0x1, 
0x8f, 0x8, 0x2b, 0x3d, 0x8a, 0xe9, 0x2, 0x27, 
0x29, 0xce, 0xf8, 0x75, 0x99, 0xa, 0x5a, 0xa5, 
0xfe, 0xce, 0xbd, 0x17, 0x24, 0xfe, 0x4d, 0x1f, 
0x6d, 0x4f, 0x39, 0xa9, 0x77, 0xc3, 0xe9, 0xc8, 
0xe1, 0xb2, 0x79, 0x18, 0x2d, 0x1e, 0x2f, 0xcf, 
0xe, 0x27, 0x63, 0x1d, 0xb6, 0x3c, 0x5a, 0x7d, 
0x2, 0x56, 0x1b, 0xbc, 0xbe, 0xcd, 0x89, 0xb8 
}
MSG3 ps_sec_prop - 256 bytes:
{
0x0, 0x0, 0x0, 0x0, 0x0, 0x0, 0x0, 0x0, 
0x0, 0x0, 0x0, 0x0, 0x0, 0x0, 0x0, 0x0, 
0x0, 0x0, 0x0, 0x0, 0x0, 0x0, 0x0, 0x0, 
0x0, 0x0, 0x0, 0x0, 0x0, 0x0, 0x0, 0x0, 
0x0, 0x0, 0x0, 0x0, 0x0, 0x0, 0x0, 0x0, 
0x0, 0x0, 0x0, 0x0, 0x0, 0x0, 0x0, 0x0, 
0x0, 0x0, 0x0, 0x0, 0x0, 0x0, 0x0, 0x0, 
0x0, 0x0, 0x0, 0x0, 0x0, 0x0, 0x0, 0x0, 
0x0, 0x0, 0x0, 0x0, 0x0, 0x0, 0x0, 0x0, 
0x0, 0x0, 0x0, 0x0, 0x0, 0x0, 0x0, 0x0, 
0x0, 0x0, 0x0, 0x0, 0x0, 0x0, 0x0, 0x0, 
0x0, 0x0, 0x0, 0x0, 0x0, 0x0, 0x0, 0x0, 
0x0, 0x0, 0x0, 0x0, 0x0, 0x0, 0x0, 0x0, 
0x0, 0x0, 0x0, 0x0, 0x0, 0x0, 0x0, 0x0, 
0x0, 0x0, 0x0, 0x0, 0x0, 0x0, 0x0, 0x0, 
0x0, 0x0, 0x0, 0x0, 0x0, 0x0, 0x0, 0x0, 
0x0, 0x0, 0x0, 0x0, 0x0, 0x0, 0x0, 0x0, 
0x0, 0x0, 0x0, 0x0, 0x0, 0x0, 0x0, 0x0, 
0x0, 0x0, 0x0, 0x0, 0x0, 0x0, 0x0, 0x0, 
0x0, 0x0, 0x0, 0x0, 0x0, 0x0, 0x0, 0x0, 
0x0, 0x0, 0x0, 0x0, 0x0, 0x0, 0x0, 0x0, 
0x0, 0x0, 0x0, 0x0, 0x0, 0x0, 0x0, 0x0, 
0x0, 0x0, 0x0, 0x0, 0x0, 0x0, 0x0, 0x0, 
0x0, 0x0, 0x0, 0x0, 0x0, 0x0, 0x0, 0x0, 
0x0, 0x0, 0x0, 0x0, 0x0, 0x0, 0x0, 0x0, 
0x0, 0x0, 0x0, 0x0, 0x0, 0x0, 0x0, 0x0, 
0x0, 0x0, 0x0, 0x0, 0x0, 0x0, 0x0, 0x0, 
0x0, 0x0, 0x0, 0x0, 0x0, 0x0, 0x0, 0x0, 
0x0, 0x0, 0x0, 0x0, 0x0, 0x0, 0x0, 0x0, 
0x0, 0x0, 0x0, 0x0, 0x0, 0x0, 0x0, 0x0, 
0x0, 0x0, 0x0, 0x0, 0x0, 0x0, 0x0, 0x0, 
0x0, 0x0, 0x0, 0x0, 0x0, 0x0, 0x0, 0x0 
}
MSG3 quote - 1116 bytes:
{
0x1, 0x0, 0x1, 0x0, 0x93, 0x2, 0x0, 0x0, 
0x4, 0x0, 0x0, 0x0, 0x0, 0x0, 0x0, 0x0, 
0x64, 0x61, 0x76, 0x65, 0x74, 0x69, 0x0, 0x0, 
0x0, 0x0, 0x0, 0x0, 0x0, 0x0, 0x0, 0x0, 
0x0, 0x0, 0x0, 0x0, 0x0, 0x0, 0x0, 0x0, 
0x0, 0x0, 0x0, 0x0, 0x0, 0x0, 0x0, 0x0, 
0x2, 0x2, 0x2, 0xff, 0xff, 0xff, 0x0, 0x0, 
0x0, 0x0, 0x0, 0x0, 0x0, 0x0, 0x0, 0x0, 
0x0, 0x0, 0x0, 0x0, 0x0, 0x0, 0x0, 0x0, 
0x0, 0x0, 0x0, 0x0, 0x0, 0x0, 0x0, 0x0, 
0x0, 0x0, 0x0, 0x0, 0x0, 0x0, 0x0, 0x0, 
0x0, 0x0, 0x0, 0x0, 0x0, 0x0, 0x0, 0x0, 
0x7, 0x0, 0x0, 0x0, 0x0, 0x0, 0x0, 0x0, 
0x7, 0x0, 0x0, 0x0, 0x0, 0x0, 0x0, 0x0, 
0xe7, 0xf9, 0x0, 0x2f, 0x39, 0x6, 0x19, 0xa3, 
0x80, 0xbf, 0x50, 0x7e, 0x2a, 0xf0, 0xd8, 0xcf, 
0x42, 0x15, 0x9e, 0xfb, 0x23, 0xbf, 0x21, 0x86, 
0xbc, 0xb7, 0x2d, 0x5, 0x82, 0x94, 0x6b, 0x16, 
0x0, 0x0, 0x0, 0x0, 0x0, 0x0, 0x0, 0x0, 
0x0, 0x0, 0x0, 0x0, 0x0, 0x0, 0x0, 0x0, 
0x0, 0x0, 0x0, 0x0, 0x0, 0x0, 0x0, 0x0, 
0x0, 0x0, 0x0, 0x0, 0x0, 0x0, 0x0, 0x0, 
0x60, 0x27, 0x7a, 0xd2, 0xfd, 0xfc, 0x57, 0xe9, 
0x80, 0xe8, 0x76, 0xe7, 0xf8, 0x78, 0xac, 0x19, 
0x9, 0x88, 0xe, 0xa5, 0x38, 0x7, 0x95, 0xa7, 
0xe8, 0xea, 0x98, 0xb1, 0x57, 0x84, 0x1f, 0x85, 
0x0, 0x0, 0x0, 0x0, 0x0, 0x0, 0x0, 0x0, 
0x0, 0x0, 0x0, 0x0, 0x0, 0x0, 0x0, 0x0, 
0x0, 0x0, 0x0, 0x0, 0x0, 0x0, 0x0, 0x0, 
0x0, 0x0, 0x0, 0x0, 0x0, 0x0, 0x0, 0x0, 
0x0, 0x0, 0x0, 0x0, 0x0, 0x0, 0x0, 0x0, 
0x0, 0x0, 0x0, 0x0, 0x0, 0x0, 0x0, 0x0, 
0x0, 0x0, 0x0, 0x0, 0x0, 0x0, 0x0, 0x0, 
0x0, 0x0, 0x0, 0x0, 0x0, 0x0, 0x0, 0x0, 
0x0, 0x0, 0x0, 0x0, 0x0, 0x0, 0x0, 0x0, 
0x0, 0x0, 0x0, 0x0, 0x0, 0x0, 0x0, 0x0, 
0x0, 0x0, 0x0, 0x0, 0x0, 0x0, 0x0, 0x0, 
0x0, 0x0, 0x0, 0x0, 0x0, 0x0, 0x0, 0x0, 
0x0, 0x0, 0x0, 0x0, 0x0, 0x0, 0x0, 0x0, 
0x0, 0x0, 0x0, 0x0, 0x0, 0x0, 0x0, 0x0, 
0x0, 0x0, 0x0, 0x0, 0x0, 0x0, 0x0, 0x0, 
0x0, 0x0, 0x0, 0x0, 0x0, 0x0, 0x0, 0x0, 
0x0, 0x0, 0x0, 0x0, 0x0, 0x0, 0x0, 0x0, 
0x0, 0x0, 0x0, 0x0, 0x0, 0x0, 0x0, 0x0, 
0x0, 0x0, 0x0, 0x0, 0x0, 0x0, 0x0, 0x0, 
0x0, 0x0, 0x0, 0x0, 0x0, 0x0, 0x0, 0x0, 
0x16, 0xba, 0xb6, 0x8c, 0x2, 0xca, 0xda, 0xb5, 
0x83, 0x77, 0x45, 0x71, 0x4, 0x40, 0x14, 0xed, 
0xa1, 0x6c, 0xbf, 0x7e, 0x58, 0x25, 0xe6, 0xe0, 
0x9c, 0x29, 0x1d, 0xe3, 0x33, 0x34, 0xbc, 0x1f, 
0x0, 0x0, 0x0, 0x0, 0x0, 0x0, 0x0, 0x0, 
0x0, 0x0, 0x0, 0x0, 0x0, 0x0, 0x0, 0x0, 
0x0, 0x0, 0x0, 0x0, 0x0, 0x0, 0x0, 0x0, 
0x0, 0x0, 0x0, 0x0, 0x0, 0x0, 0x0, 0x0, 
0xa8, 0x2, 0x0, 0x0, 0xb, 0x15, 0x42, 0xa8, 
0x9a, 0x5e, 0x33, 0x3d, 0x27, 0x28, 0xa2, 0x39, 
0xd5, 0x4c, 0xb1, 0x9a, 0xe0, 0x70, 0x38, 0xd2, 
0x73, 0xaa, 0xf7, 0x4, 0xa0, 0x66, 0xf, 0x1c, 
0x43, 0x46, 0x5, 0xc, 0xe2, 0x4a, 0xb4, 0xa0, 
0x99, 0xdd, 0xea, 0x9e, 0xdc, 0x67, 0x5e, 0x7c, 
0x8, 0xb9, 0x2d, 0xc, 0x8a, 0x87, 0x36, 0x40, 
0x0, 0x2f, 0xee, 0x32, 0x42, 0x36, 0xe1, 0x95, 
0xa1, 0x13, 0x5c, 0x60, 0xd0, 0xfc, 0x9c, 0xc4, 
0x61, 0x9, 0x89, 0x96, 0x45, 0xe6, 0xb4, 0x90, 
0xf4, 0x28, 0xcf, 0x3f, 0xce, 0xe9, 0x8a, 0xe2, 
0xed, 0xcc, 0x8a, 0x9f, 0x8d, 0x92, 0x44, 0x11, 
0xb8, 0xa, 0xfa, 0x44, 0x67, 0xdf, 0xcc, 0x77, 
0xb, 0x3a, 0xeb, 0x3c, 0x46, 0x1a, 0xd9, 0xd1, 
0xb5, 0x9d, 0xfa, 0x17, 0x9c, 0x66, 0x84, 0xb2, 
0xb, 0x7e, 0xf6, 0xa6, 0xa2, 0xbb, 0x67, 0x56, 
0xb8, 0x2, 0xa9, 0x20, 0xec, 0x49, 0x96, 0x56, 
0xd8, 0xfa, 0x5a, 0x7f, 0xdc, 0xda, 0xd8, 0x53, 
0x97, 0x93, 0xe8, 0x4e, 0x96, 0xa5, 0x0, 0xcc, 
0x20, 0x39, 0x5c, 0x3c, 0xe7, 0x6c, 0x65, 0x31, 
0x3a, 0x62, 0x26, 0x9d, 0x92, 0x32, 0xde, 0x7f, 
0x4d, 0xab, 0x64, 0x12, 0xfc, 0x26, 0x31, 0xb2, 
0xeb, 0x31, 0xfd, 0x7b, 0x49, 0xd3, 0xf, 0xc4, 
0x4d, 0x4f, 0xb5, 0xfb, 0xf0, 0xd6, 0xba, 0xab, 
0xb8, 0xba, 0x36, 0x7, 0x18, 0xac, 0x8d, 0x7e, 
0xd8, 0xb1, 0x69, 0xa7, 0x6e, 0xcf, 0xa7, 0x8f, 
0x36, 0xb7, 0x78, 0x28, 0x96, 0xdc, 0x67, 0xa6, 
0x99, 0x86, 0xaa, 0x19, 0xfc, 0x67, 0x93, 0xf9, 
0xce, 0xc1, 0xb7, 0x31, 0x7f, 0x99, 0xc1, 0x56, 
0x55, 0x50, 0x5f, 0x8d, 0x94, 0xb, 0x5b, 0xf6, 
0x33, 0x14, 0x38, 0x2a, 0x43, 0x9, 0x32, 0x19, 
0xff, 0xd3, 0xd, 0xbc, 0x0, 0x74, 0x36, 0x4b, 
0x38, 0x2e, 0xeb, 0x17, 0xc0, 0x4d, 0x1c, 0x9f, 
0x57, 0xaa, 0x28, 0x4b, 0x33, 0x71, 0x8c, 0x92, 
0x88, 0xd7, 0x4, 0x45, 0xec, 0x8c, 0xc9, 0x75, 
0xc9, 0xf8, 0x5d, 0x88, 0x51, 0xfa, 0x5b, 0xf3, 
0x1d, 0x7b, 0x99, 0x58, 0x68, 0xa2, 0xa1, 0x5a, 
0x3a, 0xd4, 0x7d, 0x48, 0x56, 0x77, 0xd7, 0x54, 
0x68, 0x1, 0x0, 0x0, 0xb6, 0x37, 0x7a, 0xf, 
0x1c, 0x3a, 0xf3, 0x54, 0xc1, 0x78, 0xd1, 0xb4, 
0x94, 0xaa, 0xcc, 0x14, 0x3f, 0xac, 0x72, 0x51, 
0x79, 0xa7, 0x5c, 0xe1, 0x37, 0x6a, 0xf1, 0x89, 
0xc7, 0xb7, 0x47, 0x9b, 0x86, 0x2c, 0x46, 0x33, 
0x53, 0xba, 0x4e, 0xfc, 0xdc, 0xbf, 0xa8, 0xb5, 
0x69, 0x85, 0xbd, 0x4e, 0x96, 0x24, 0xc8, 0x57, 
0x19, 0x9, 0x61, 0x97, 0xbb, 0x12, 0xb, 0x53, 
0x37, 0xed, 0x8, 0x21, 0x97, 0x14, 0x1d, 0x4a, 
0x9f, 0x8b, 0x57, 0x5a, 0x74, 0x1e, 0x1d, 0x63, 
0x43, 0x39, 0xdc, 0x9e, 0x93, 0xfe, 0xae, 0xdc, 
0xff, 0x64, 0x5d, 0x77, 0x82, 0xc7, 0xd6, 0x44, 
0x14, 0xd, 0xd9, 0x72, 0x80, 0xe7, 0x3c, 0xe0, 
0x46, 0xa2, 0xc3, 0x7d, 0xf0, 0x56, 0xb7, 0x50, 
0xef, 0xb2, 0x6b, 0x23, 0x2b, 0xad, 0xd9, 0x67, 
0xcf, 0x91, 0x50, 0x4e, 0x50, 0x61, 0x8c, 0x59, 
0x78, 0x24, 0xa5, 0x5b, 0xe3, 0xe3, 0xcd, 0x60, 
0x3b, 0xf8, 0x87, 0xe2, 0xff, 0x82, 0x7f, 0x20, 
0x65, 0x6b, 0x22, 0x58, 0x76, 0x28, 0xeb, 0xdc, 
0x18, 0xfa, 0xda, 0xcb, 0x18, 0xb9, 0x1e, 0x9d, 
0xb4, 0x8f, 0x49, 0xe3, 0x2e, 0xd1, 0x6, 0x25, 
0xc3, 0xb, 0x6a, 0x2f, 0x75, 0xd8, 0x3e, 0xdc, 
0xe3, 0x5, 0x41, 0xf3, 0x1e, 0xd5, 0x53, 0xbd, 
0x28, 0x57, 0x1a, 0x5f, 0x1b, 0x68, 0xeb, 0xd8, 
0x84, 0xda, 0xc1, 0x24, 0xe8, 0x7f, 0xa2, 0x98, 
0xd1, 0x9b, 0x52, 0x72, 0x7b, 0x3, 0x50, 0x50, 
0xb2, 0x95, 0x2b, 0xd6, 0xe4, 0x66, 0x56, 0x11, 
0x32, 0x50, 0x30, 0xaf, 0xdd, 0x5c, 0x80, 0xa6, 
0x92, 0x84, 0x3d, 0x56, 0xfb, 0xe, 0x7e, 0x4, 
0x2, 0x43, 0xcf, 0xb4, 0xc, 0x90, 0x10, 0x10, 
0x7e, 0x4, 0x72, 0xc1, 0xcf, 0x5b, 0xec, 0xe9, 
0x69, 0x94, 0xbd, 0x30, 0x3e, 0xa8, 0x31, 0x26, 
0xf5, 0xf4, 0x99, 0x1d, 0xb2, 0x6d, 0xd3, 0x8e, 
0x71, 0x52, 0xd2, 0xaf, 0x56, 0x4f, 0xfb, 0x53, 
0xe2, 0x1e, 0x72, 0xdd, 0xcb, 0xb, 0xee, 0xdd, 
0x8, 0x17, 0x15, 0x30, 0x88, 0x33, 0x75, 0x79, 
0x54, 0xdf, 0xff, 0xaf, 0x31, 0xea, 0xad, 0x5e, 
0x84, 0x12, 0x4e, 0x8d, 0xe8, 0x5, 0x45, 0xc2, 
0xff, 0x5e, 0x28, 0x2e, 0xfa, 0x2d, 0xe4, 0x33, 
0x34, 0x1, 0x31, 0x9e, 0x4d, 0xc9, 0x6, 0x30, 
0x47, 0x9c, 0xd6, 0x3d, 0xe7, 0xe8, 0x76, 0xf9, 
0x53, 0xae, 0x50, 0x45, 0x57, 0x67, 0x76, 0x1d, 
0xc9, 0x30, 0xa3, 0x9f, 0xca, 0x1e, 0x4a, 0xa8, 
0xa1, 0xfd, 0x33, 0x7a, 0xb4, 0xf3, 0x6a, 0xcc, 
0x14, 0x1c, 0x66, 0xb1, 0xa0, 0xd3, 0x90, 0xc2, 
0xa0, 0x83, 0x78, 0xba, 0x10, 0xd0, 0xc, 0x9a, 
0x59, 0xdf, 0xed, 0xda, 0x7f, 0x39, 0x7a, 0x5e, 
0x78, 0x43, 0xde, 0x2e 
}


	Atestation Report:
	id: 0x12345678.
	status: 0.
	revocation_reason: 0.
	pse_status: 0.


	Enclave Report:
	Signature Type: 0x1
	Signature Basename: daveti
	attributes.flags: 0x7
	attributes.xfrm: 0x7
	mr_enclave: e7f9002f390619a380bf507e2af0d8cf42159efb23bf2186bcb72d0582946b16
	mr_signer: 60277ad2fdfc57e980e876e7f878ac1909880ea5380795a7e8ea98b157841f85
	isv_prod_id: 0x0
	isv_svn: 0x0
trans-info: att verification succeeded
trans-debug: into send_att_res, res 0
ATTESTATION RESULT result - 0
ATTESTATION RESULT MSG platform_info_blob - 97 bytes:
{
0x0, 0x0, 0x0, 0x0, 0x0, 0x0, 0x0, 0x0, 
0x0, 0x0, 0x0, 0x0, 0x0, 0x0, 0x0, 0x0, 
0x0, 0x0, 0x0, 0x0, 0x0, 0x0, 0x0, 0x0, 
0x0, 0x0, 0x0, 0x0, 0x0, 0x0, 0x0, 0x0, 
0x0, 0x97, 0x9e, 0xb9, 0x5a, 0xdd, 0x14, 0x17, 
0xf2, 0xfa, 0xad, 0xfa, 0xd7, 0x66, 0x73, 0xfd, 
0x71, 0x57, 0xf4, 0xe9, 0x8d, 0xee, 0xaf, 0x42, 
0x5e, 0xbb, 0x8a, 0x4c, 0xd4, 0x84, 0xdc, 0x83, 
0x6a, 0x8, 0x70, 0xd, 0xf2, 0x42, 0x8b, 0x2b, 
0xee, 0x42, 0xb0, 0x85, 0xe5, 0xbf, 0x99, 0xc5, 
0x22, 0xf8, 0x37, 0xf7, 0xee, 0xb6, 0x2c, 0xd5, 
0x8c, 0x37, 0xa2, 0xd2, 0x51, 0xed, 0x45, 0xf9, 
0x65 
}
ATTESTATION RESULT MSG mac - 16 bytes:
{
0xf4, 0x70, 0xb9, 0x70, 0x10, 0xfb, 0x56, 0x4, 
0x82, 0xdb, 0xb6, 0x55, 0xfb, 0x7b, 0x54, 0x8c 
}
ATTESTATION RESULT MSG secret.payload_tag - 8 bytes
ATTESTATION RESULT MSG secret.payload - 8 bytes:
{
0x1c, 0x42, 0x2c, 0x71, 0xff, 0xc8, 0x38, 0x26 
}
SHARED SECRET (encrypted) - 8 bytes:
{
0x1c, 0x42, 0x2c, 0x71, 0xff, 0xc8, 0x38, 0x26 
}
trans-info: att result sent
trans-debug: into send_input
trans-info: using YAO hybrid model
gengc - 320 bytes:
{
0x2b, 0xa5, 0x63, 0xe, 0xb, 0x67, 0x4, 0xf2, 
0x72, 0xa9, 0x12, 0x86, 0xb5, 0x5a, 0xf7, 0x17, 
0x89, 0x7c, 0x43, 0xa0, 0xab, 0x59, 0x57, 0xfa, 
0x4a, 0xd8, 0xa2, 0x61, 0xa2, 0x3b, 0xde, 0x9a, 
0xbe, 0x73, 0xfa, 0xe6, 0x5f, 0x9a, 0xdb, 0xe6, 
0x4a, 0x0, 0x86, 0xca, 0x12, 0xbe, 0xd3, 0x5, 
0xd9, 0xe0, 0x53, 0xf9, 0xf0, 0xc5, 0x65, 0xba, 
0x10, 0x5a, 0x1b, 0x3d, 0x40, 0xbc, 0xd6, 0x24, 
0x3, 0xa0, 0x8a, 0x9, 0xe3, 0x69, 0xab, 0x4a, 
0x7e, 0x35, 0xb2, 0xe9, 0x4d, 0x5c, 0xfe, 0x54, 
0xa4, 0xcc, 0xc5, 0x84, 0xc8, 0x2c, 0x4e, 0x26, 
0xce, 0x43, 0xa9, 0xe3, 0x24, 0xa3, 0x15, 0x5f, 
0x97, 0xa7, 0x73, 0x88, 0xcf, 0x77, 0xca, 0xd8, 
0x2e, 0xe, 0x6d, 0x89, 0x17, 0x19, 0xee, 0xe1, 
0x2e, 0xc5, 0x5a, 0x28, 0x88, 0xfc, 0x84, 0x1b, 
0x68, 0xa7, 0xa5, 0x67, 0xc5, 0x7b, 0x3b, 0xc5, 
0x56, 0xf3, 0x7f, 0x15, 0x19, 0x8f, 0xd7, 0x87, 
0x51, 0xa1, 0xc1, 0xf5, 0x1b, 0x50, 0x3c, 0x7c, 
0xf7, 0x57, 0xf, 0x52, 0xfe, 0xe3, 0xc, 0x8c, 
0xae, 0x31, 0x96, 0x9b, 0xc1, 0xd2, 0xf4, 0x65, 
0xa0, 0xfa, 0x8a, 0x29, 0x78, 0xf1, 0xcb, 0xd4, 
0x66, 0x27, 0x73, 0x99, 0x6, 0x6a, 0xa5, 0x6, 
0xfc, 0x5, 0xd7, 0xa7, 0xe9, 0x40, 0xbb, 0x55, 
0xd3, 0x22, 0xa5, 0xde, 0x3a, 0x88, 0x14, 0xf, 
0xff, 0xbc, 0xfe, 0x79, 0xf5, 0xe1, 0x1d, 0xce, 
0xb3, 0x3e, 0x33, 0x83, 0x9b, 0x55, 0x31, 0x47, 
0x2d, 0x65, 0x2e, 0xe0, 0xab, 0x39, 0xf3, 0x8, 
0xbd, 0x1f, 0x17, 0xa8, 0x8, 0x6c, 0x72, 0x8, 
0x1c, 0x18, 0x4a, 0xd8, 0xbc, 0xc, 0xc9, 0xf4, 
0x77, 0xee, 0x2, 0x34, 0xd3, 0xb3, 0xe7, 0xfd, 
0xcc, 0xb9, 0x22, 0x26, 0xc9, 0x7d, 0xf9, 0x84, 
0xf1, 0x91, 0xd5, 0xd2, 0x62, 0x86, 0xd3, 0x61, 
0xa4, 0xeb, 0xb, 0x5b, 0xff, 0x3, 0xc6, 0xc8, 
0x7d, 0x87, 0x7a, 0xd7, 0xd0, 0x68, 0x78, 0x79, 
0xe1, 0xfa, 0x9a, 0x67, 0x27, 0xd4, 0xb9, 0x97, 
0xf2, 0x84, 0x7c, 0x3f, 0xd9, 0xc1, 0x23, 0xd7, 
0xbb, 0xbc, 0x7f, 0x87, 0x35, 0x73, 0x75, 0xfe, 
0x9a, 0xc3, 0x7, 0x44, 0x46, 0xca, 0x82, 0xb1, 
0x88, 0x89, 0xde, 0x88, 0x96, 0xfc, 0x11, 0x38, 
0x1b, 0x6d, 0x29, 0x47, 0xf0, 0x74, 0x64, 0x17 
}
evlgc - 160 bytes:
{
0x12, 0x86, 0xb5, 0x5a, 0xf7, 0x17, 0x89, 0x7c, 
0x43, 0xa0, 0xde, 0x9a, 0xbe, 0x73, 0xfa, 0xe6, 
0x5f, 0x9a, 0xdb, 0xe6, 0x4a, 0x0, 0x86, 0xca, 
0x12, 0xbe, 0xd3, 0x5, 0xd9, 0xe0, 0x40, 0xbc, 
0xd6, 0x24, 0x3, 0xa0, 0x8a, 0x9, 0xe3, 0x69, 
0xa4, 0xcc, 0xc5, 0x84, 0xc8, 0x2c, 0x4e, 0x26, 
0xce, 0x43, 0xcf, 0x77, 0xca, 0xd8, 0x2e, 0xe, 
0x6d, 0x89, 0x17, 0x19, 0x68, 0xa7, 0xa5, 0x67, 
0xc5, 0x7b, 0x3b, 0xc5, 0x56, 0xf3, 0x1b, 0x50, 
0x3c, 0x7c, 0xf7, 0x57, 0xf, 0x52, 0xfe, 0xe3, 
0x73, 0x99, 0x6, 0x6a, 0xa5, 0x6, 0xfc, 0x5, 
0xd7, 0xa7, 0xe9, 0x40, 0xbb, 0x55, 0xd3, 0x22, 
0xa5, 0xde, 0x3a, 0x88, 0x2e, 0xe0, 0xab, 0x39, 
0xf3, 0x8, 0xbd, 0x1f, 0x17, 0xa8, 0x8, 0x6c, 
0x72, 0x8, 0x1c, 0x18, 0x4a, 0xd8, 0xbc, 0xc, 
0xcc, 0xb9, 0x22, 0x26, 0xc9, 0x7d, 0xf9, 0x84, 
0xf1, 0x91, 0xff, 0x3, 0xc6, 0xc8, 0x7d, 0x87, 
0x7a, 0xd7, 0xd0, 0x68, 0xf2, 0x84, 0x7c, 0x3f, 
0xd9, 0xc1, 0x23, 0xd7, 0xbb, 0xbc, 0x46, 0xca, 
0x82, 0xb1, 0x88, 0x89, 0xde, 0x88, 0x96, 0xfc 
}
permutes - 16 bytes:
{
0x1, 0x1, 0x0, 0x0, 0x0, 0x1, 0x0, 0x1, 
0x0, 0x1, 0x1, 0x0, 0x0, 0x1, 0x0, 0x0 
}
trans-info: input sent to sender...
trans-info: waiting output from sender...
trans-debug: transition done with old|next|current states: SMC_SGX_STM_ATT_S2_SENT|SMC_SGX_STM_ATT_S3_RECVD|SMC_SGX_STM_INPUT_SENT
trans-info: starting yao...
daveti-debug: into init_network
daveti-debug: into gen branch

YAO output:
253 95 250 224 155 222 85 120 24 222 
53 202 113 2 207 175 6 253 160 185 
185 162 24 73 185 26 98 53 188 184 
144 194 218 13 209 243 70 160 234 238 
60 129 135 235 22 20 85 166 102 181 
38 185 111 136 125 165 92 61 0 182 
7 14 200 120 116 144 225 223 230 31 
208 213 250 79 19 107 77 211 155 65 
73 105 159 226 12 207 170 109 92 88 
215 218 129 24 210 190 26 243 134 180 
219 232 181 154 235 209 47 20 233 143 
88 202 111 153 153 82 217 65 206 117 
149 133 229 243 96 27 196 167 157 127 
186 69 143 144 132 242 196 64 213 179 
146 65 47 244 141 67 82 208 192 94 
197 93 106 210 232 243 252 220 41 27 
sender: got a msg with tag [6] and len [1024]
trans-debug: into handle_result, len 1024, buf 0x0x7f8e756e9808
trans-info: evaluation done
trans-debug: transition done with old|next|current states: SMC_SGX_STM_INPUT_SENT|SMC_SGX_STM_RES_RECVD|SMC_SGX_STM_INIT
^C
root@sgx-HP-ENVY-x360-m6-Convertible:~/git/sgx_private_code# 

