root@sgx-HP-ENVY-x360-m6-Convertible:~/git/sgx_private_code# ./sender -d
smcsgx: sender pid [18306]
sender: enable debug
sender: use local IPv4 address: 127.0.0.1
sender: connected with evaluator
sender: sgx initialized
sender: start challenge...
trans-debug: into start_att_nonce, len 20, buf 0x0x7ffe5c2bd6c8
20 bytes:
{
0xa, 0x2e, 0xe, 0xe4, 0x17, 0x79, 0x89, 0x82, 
0x73, 0x4e, 0xfb, 0x80, 0x6a, 0x4a, 0x32, 0xde, 
0xb6, 0xac, 0xe5, 0x44 
}
trans-info: waiting S1 from evaluator...
trans-debug: transition done with old|next|current states: SMC_SGX_STM_INIT|SMC_SGX_STM_ATT_STARTED|SMC_SGX_STM_ATT_STARTED
sender: got a msg with tag [1] and len [68]
trans-debug: into handle_att_S1, len 68, buf 0x0x7f46670be808
MSG1 ga - 64 bytes:
{
0x66, 0x97, 0x9, 0xe9, 0xd0, 0x63, 0x8a, 0xf6, 
0x65, 0x70, 0x1b, 0x5b, 0x49, 0x5d, 0x20, 0xc0, 
0x65, 0x74, 0x59, 0x76, 0x41, 0x88, 0x8d, 0x58, 
0xaa, 0x22, 0xfa, 0x57, 0xc4, 0xe7, 0x1d, 0xa0, 
0x70, 0x6f, 0x7f, 0xa, 0xf1, 0xac, 0x1d, 0xe9, 
0xfb, 0x4a, 0xec, 0x5a, 0x63, 0x9, 0xcd, 0x64, 
0xfd, 0xfb, 0x89, 0xcc, 0x15, 0x81, 0xab, 0xa, 
0x94, 0x83, 0x71, 0x85, 0x35, 0xe8, 0x4f, 0x5e 
}
MSG1 gid - 4 bytes:
{
0x93, 0x2, 0x0, 0x0 
}
trans-debug: private key (b) -
32 bytes:
{
0x9, 0x0, 0x0, 0x0, 0x9, 0x0, 0x0, 0x0, 
0x9, 0x0, 0x0, 0x0, 0x9, 0x0, 0x0, 0x0, 
0x9, 0x0, 0x0, 0x0, 0x9, 0x0, 0x0, 0x0, 
0x9, 0x0, 0x0, 0x0, 0x9, 0x0, 0x0, 0x0 
}
trans-debug: public key (g_b) -
64 bytes:
{
0x6a, 0x83, 0xdc, 0x84, 0xd4, 0x4c, 0x8a, 0xbb, 
0x5e, 0x42, 0xaf, 0xee, 0x8d, 0xe9, 0xf4, 0x57, 
0x71, 0xfd, 0x73, 0x66, 0xd7, 0xfa, 0xad, 0xfa, 
0xf2, 0x17, 0x14, 0xdd, 0x5a, 0xb9, 0x9e, 0x97, 
0x79, 0xa7, 0x38, 0x72, 0xf2, 0xb8, 0xd6, 0xbe, 
0x18, 0x91, 0x7f, 0xf7, 0xb5, 0xd3, 0xe5, 0x64, 
0x9b, 0x12, 0x18, 0xaf, 0x39, 0x29, 0x6c, 0x24, 
0x19, 0x38, 0x29, 0xb, 0xc6, 0xac, 0xc, 0x62 
}
trans-debug: gb_ga -
128 bytes:
{
0x6a, 0x83, 0xdc, 0x84, 0xd4, 0x4c, 0x8a, 0xbb, 
0x5e, 0x42, 0xaf, 0xee, 0x8d, 0xe9, 0xf4, 0x57, 
0x71, 0xfd, 0x73, 0x66, 0xd7, 0xfa, 0xad, 0xfa, 
0xf2, 0x17, 0x14, 0xdd, 0x5a, 0xb9, 0x9e, 0x97, 
0x79, 0xa7, 0x38, 0x72, 0xf2, 0xb8, 0xd6, 0xbe, 
0x18, 0x91, 0x7f, 0xf7, 0xb5, 0xd3, 0xe5, 0x64, 
0x9b, 0x12, 0x18, 0xaf, 0x39, 0x29, 0x6c, 0x24, 
0x19, 0x38, 0x29, 0xb, 0xc6, 0xac, 0xc, 0x62, 
0x66, 0x97, 0x9, 0xe9, 0xd0, 0x63, 0x8a, 0xf6, 
0x65, 0x70, 0x1b, 0x5b, 0x49, 0x5d, 0x20, 0xc0, 
0x65, 0x74, 0x59, 0x76, 0x41, 0x88, 0x8d, 0x58, 
0xaa, 0x22, 0xfa, 0x57, 0xc4, 0xe7, 0x1d, 0xa0, 
0x70, 0x6f, 0x7f, 0xa, 0xf1, 0xac, 0x1d, 0xe9, 
0xfb, 0x4a, 0xec, 0x5a, 0x63, 0x9, 0xcd, 0x64, 
0xfd, 0xfb, 0x89, 0xcc, 0x15, 0x81, 0xab, 0xa, 
0x94, 0x83, 0x71, 0x85, 0x35, 0xe8, 0x4f, 0x5e 
}
trans-debug: sign_gb_ga -
64 bytes:
{
0x6a, 0x83, 0xdc, 0x84, 0xd4, 0x4c, 0x8a, 0xbb, 
0x5e, 0x42, 0xaf, 0xee, 0x8d, 0xe9, 0xf4, 0x57, 
0x71, 0xfd, 0x73, 0x66, 0xd7, 0xfa, 0xad, 0xfa, 
0xf2, 0x17, 0x14, 0xdd, 0x5a, 0xb9, 0x9e, 0x97, 
0xc, 0x2d, 0xee, 0x30, 0x73, 0x1b, 0x23, 0xb7, 
0xb9, 0xee, 0x34, 0x19, 0xe8, 0x68, 0x4c, 0xd1, 
0x3f, 0x4d, 0x2, 0xeb, 0x44, 0x57, 0x79, 0x6a, 
0x54, 0xf5, 0x62, 0x73, 0xc0, 0x3f, 0xa1, 0x2d 
}
MSG2 gb - 64 bytes:
{
0x6a, 0x83, 0xdc, 0x84, 0xd4, 0x4c, 0x8a, 0xbb, 
0x5e, 0x42, 0xaf, 0xee, 0x8d, 0xe9, 0xf4, 0x57, 
0x71, 0xfd, 0x73, 0x66, 0xd7, 0xfa, 0xad, 0xfa, 
0xf2, 0x17, 0x14, 0xdd, 0x5a, 0xb9, 0x9e, 0x97, 
0x79, 0xa7, 0x38, 0x72, 0xf2, 0xb8, 0xd6, 0xbe, 
0x18, 0x91, 0x7f, 0xf7, 0xb5, 0xd3, 0xe5, 0x64, 
0x9b, 0x12, 0x18, 0xaf, 0x39, 0x29, 0x6c, 0x24, 
0x19, 0x38, 0x29, 0xb, 0xc6, 0xac, 0xc, 0x62 
}
MSG2 spid - 16 bytes:
{
0x64, 0x61, 0x76, 0x65, 0x74, 0x69, 0x0, 0x0, 
0x0, 0x0, 0x0, 0x0, 0x0, 0x0, 0x0, 0x0 
}
MSG2 sign_gb_ga - 64 bytes:
{
0x6a, 0x83, 0xdc, 0x84, 0xd4, 0x4c, 0x8a, 0xbb, 
0x5e, 0x42, 0xaf, 0xee, 0x8d, 0xe9, 0xf4, 0x57, 
0x71, 0xfd, 0x73, 0x66, 0xd7, 0xfa, 0xad, 0xfa, 
0xf2, 0x17, 0x14, 0xdd, 0x5a, 0xb9, 0x9e, 0x97, 
0xc, 0x2d, 0xee, 0x30, 0x73, 0x1b, 0x23, 0xb7, 
0xb9, 0xee, 0x34, 0x19, 0xe8, 0x68, 0x4c, 0xd1, 
0x3f, 0x4d, 0x2, 0xeb, 0x44, 0x57, 0x79, 0x6a, 
0x54, 0xf5, 0x62, 0x73, 0xc0, 0x3f, 0xa1, 0x2d 
}
MSG2 mac - 16 bytes:
{
0xd, 0x63, 0xd, 0x8e, 0xed, 0x45, 0x72, 0x39, 
0x40, 0xd2, 0x86, 0xce, 0x4f, 0x8b, 0x6b, 0x6d 
}
MSG2 sig_rl - Error: null input
trans-info: sent S2 to evaluator
trans-info: waiting S3 from evaluator...
trans-debug: transition done with old|next|current states: SMC_SGX_STM_ATT_STARTED|SMC_SGX_STM_ATT_S1_RECVD|SMC_SGX_STM_ATT_S2_SENT
sender: got a msg with tag [3] and len [1452]
trans-debug: into handle_att_S3, len 1452, buf 0x0x7f46670be808
trans-debug: into verify_att_res, len 1452, buf 0x0x7f46670be808
MSG3 mac - 16 bytes:
{
0x36, 0x7b, 0x0, 0x25, 0xb1, 0xb1, 0x7b, 0x94, 
0x4b, 0x7d, 0x23, 0xad, 0x1, 0xd7, 0x7a, 0x91 
}
MSG3 ga - 64 bytes:
{
0x66, 0x97, 0x9, 0xe9, 0xd0, 0x63, 0x8a, 0xf6, 
0x65, 0x70, 0x1b, 0x5b, 0x49, 0x5d, 0x20, 0xc0, 
0x65, 0x74, 0x59, 0x76, 0x41, 0x88, 0x8d, 0x58, 
0xaa, 0x22, 0xfa, 0x57, 0xc4, 0xe7, 0x1d, 0xa0, 
0x70, 0x6f, 0x7f, 0xa, 0xf1, 0xac, 0x1d, 0xe9, 
0xfb, 0x4a, 0xec, 0x5a, 0x63, 0x9, 0xcd, 0x64, 
0xfd, 0xfb, 0x89, 0xcc, 0x15, 0x81, 0xab, 0xa, 
0x94, 0x83, 0x71, 0x85, 0x35, 0xe8, 0x4f, 0x5e 
}
MSG3 ps_sec_prop - 256 bytes:
{
0x0, 0x0, 0x0, 0x0, 0x0, 0x0, 0x0, 0x0, 
0x0, 0x0, 0x0, 0x0, 0x0, 0x0, 0x0, 0x0, 
0x0, 0x0, 0x0, 0x0, 0x0, 0x0, 0x0, 0x0, 
0x0, 0x0, 0x0, 0x0, 0x0, 0x0, 0x0, 0x0, 
0x0, 0x0, 0x0, 0x0, 0x0, 0x0, 0x0, 0x0, 
0x0, 0x0, 0x0, 0x0, 0x0, 0x0, 0x0, 0x0, 
0x0, 0x0, 0x0, 0x0, 0x0, 0x0, 0x0, 0x0, 
0x0, 0x0, 0x0, 0x0, 0x0, 0x0, 0x0, 0x0, 
0x0, 0x0, 0x0, 0x0, 0x0, 0x0, 0x0, 0x0, 
0x0, 0x0, 0x0, 0x0, 0x0, 0x0, 0x0, 0x0, 
0x0, 0x0, 0x0, 0x0, 0x0, 0x0, 0x0, 0x0, 
0x0, 0x0, 0x0, 0x0, 0x0, 0x0, 0x0, 0x0, 
0x0, 0x0, 0x0, 0x0, 0x0, 0x0, 0x0, 0x0, 
0x0, 0x0, 0x0, 0x0, 0x0, 0x0, 0x0, 0x0, 
0x0, 0x0, 0x0, 0x0, 0x0, 0x0, 0x0, 0x0, 
0x0, 0x0, 0x0, 0x0, 0x0, 0x0, 0x0, 0x0, 
0x0, 0x0, 0x0, 0x0, 0x0, 0x0, 0x0, 0x0, 
0x0, 0x0, 0x0, 0x0, 0x0, 0x0, 0x0, 0x0, 
0x0, 0x0, 0x0, 0x0, 0x0, 0x0, 0x0, 0x0, 
0x0, 0x0, 0x0, 0x0, 0x0, 0x0, 0x0, 0x0, 
0x0, 0x0, 0x0, 0x0, 0x0, 0x0, 0x0, 0x0, 
0x0, 0x0, 0x0, 0x0, 0x0, 0x0, 0x0, 0x0, 
0x0, 0x0, 0x0, 0x0, 0x0, 0x0, 0x0, 0x0, 
0x0, 0x0, 0x0, 0x0, 0x0, 0x0, 0x0, 0x0, 
0x0, 0x0, 0x0, 0x0, 0x0, 0x0, 0x0, 0x0, 
0x0, 0x0, 0x0, 0x0, 0x0, 0x0, 0x0, 0x0, 
0x0, 0x0, 0x0, 0x0, 0x0, 0x0, 0x0, 0x0, 
0x0, 0x0, 0x0, 0x0, 0x0, 0x0, 0x0, 0x0, 
0x0, 0x0, 0x0, 0x0, 0x0, 0x0, 0x0, 0x0, 
0x0, 0x0, 0x0, 0x0, 0x0, 0x0, 0x0, 0x0, 
0x0, 0x0, 0x0, 0x0, 0x0, 0x0, 0x0, 0x0, 
0x0, 0x0, 0x0, 0x0, 0x0, 0x0, 0x0, 0x0 
}
MSG3 quote - 1116 bytes:
{
0x1, 0x0, 0x1, 0x0, 0x93, 0x2, 0x0, 0x0, 
0x4, 0x0, 0x0, 0x0, 0x0, 0x0, 0x0, 0x0, 
0x64, 0x61, 0x76, 0x65, 0x74, 0x69, 0x0, 0x0, 
0x0, 0x0, 0x0, 0x0, 0x0, 0x0, 0x0, 0x0, 
0x0, 0x0, 0x0, 0x0, 0x0, 0x0, 0x0, 0x0, 
0x0, 0x0, 0x0, 0x0, 0x0, 0x0, 0x0, 0x0, 
0x2, 0x2, 0x2, 0xff, 0xff, 0xff, 0x0, 0x0, 
0x0, 0x0, 0x0, 0x0, 0x0, 0x0, 0x0, 0x0, 
0x0, 0x0, 0x0, 0x0, 0x0, 0x0, 0x0, 0x0, 
0x0, 0x0, 0x0, 0x0, 0x0, 0x0, 0x0, 0x0, 
0x0, 0x0, 0x0, 0x0, 0x0, 0x0, 0x0, 0x0, 
0x0, 0x0, 0x0, 0x0, 0x0, 0x0, 0x0, 0x0, 
0x7, 0x0, 0x0, 0x0, 0x0, 0x0, 0x0, 0x0, 
0x7, 0x0, 0x0, 0x0, 0x0, 0x0, 0x0, 0x0, 
0x3f, 0x94, 0x2, 0xb6, 0x7e, 0x18, 0xdc, 0x70, 
0x33, 0xc1, 0x68, 0xed, 0x7a, 0x97, 0xa1, 0xd5, 
0xfc, 0x79, 0x78, 0xf4, 0xc3, 0x5e, 0x4c, 0x79, 
0x62, 0x43, 0xc3, 0x9a, 0xb9, 0x74, 0xb7, 0x4b, 
0x0, 0x0, 0x0, 0x0, 0x0, 0x0, 0x0, 0x0, 
0x0, 0x0, 0x0, 0x0, 0x0, 0x0, 0x0, 0x0, 
0x0, 0x0, 0x0, 0x0, 0x0, 0x0, 0x0, 0x0, 
0x0, 0x0, 0x0, 0x0, 0x0, 0x0, 0x0, 0x0, 
0x60, 0x27, 0x7a, 0xd2, 0xfd, 0xfc, 0x57, 0xe9, 
0x80, 0xe8, 0x76, 0xe7, 0xf8, 0x78, 0xac, 0x19, 
0x9, 0x88, 0xe, 0xa5, 0x38, 0x7, 0x95, 0xa7, 
0xe8, 0xea, 0x98, 0xb1, 0x57, 0x84, 0x1f, 0x85, 
0x0, 0x0, 0x0, 0x0, 0x0, 0x0, 0x0, 0x0, 
0x0, 0x0, 0x0, 0x0, 0x0, 0x0, 0x0, 0x0, 
0x0, 0x0, 0x0, 0x0, 0x0, 0x0, 0x0, 0x0, 
0x0, 0x0, 0x0, 0x0, 0x0, 0x0, 0x0, 0x0, 
0x0, 0x0, 0x0, 0x0, 0x0, 0x0, 0x0, 0x0, 
0x0, 0x0, 0x0, 0x0, 0x0, 0x0, 0x0, 0x0, 
0x0, 0x0, 0x0, 0x0, 0x0, 0x0, 0x0, 0x0, 
0x0, 0x0, 0x0, 0x0, 0x0, 0x0, 0x0, 0x0, 
0x0, 0x0, 0x0, 0x0, 0x0, 0x0, 0x0, 0x0, 
0x0, 0x0, 0x0, 0x0, 0x0, 0x0, 0x0, 0x0, 
0x0, 0x0, 0x0, 0x0, 0x0, 0x0, 0x0, 0x0, 
0x0, 0x0, 0x0, 0x0, 0x0, 0x0, 0x0, 0x0, 
0x0, 0x0, 0x0, 0x0, 0x0, 0x0, 0x0, 0x0, 
0x0, 0x0, 0x0, 0x0, 0x0, 0x0, 0x0, 0x0, 
0x0, 0x0, 0x0, 0x0, 0x0, 0x0, 0x0, 0x0, 
0x0, 0x0, 0x0, 0x0, 0x0, 0x0, 0x0, 0x0, 
0x0, 0x0, 0x0, 0x0, 0x0, 0x0, 0x0, 0x0, 
0x0, 0x0, 0x0, 0x0, 0x0, 0x0, 0x0, 0x0, 
0x0, 0x0, 0x0, 0x0, 0x0, 0x0, 0x0, 0x0, 
0x0, 0x0, 0x0, 0x0, 0x0, 0x0, 0x0, 0x0, 
0x24, 0x83, 0xf6, 0x4a, 0x40, 0x56, 0xc, 0xda, 
0x4a, 0x6, 0x41, 0xdb, 0xbe, 0x6, 0xfd, 0x30, 
0xd9, 0x8, 0xe2, 0xbb, 0x7, 0x4c, 0xe5, 0x1e, 
0x78, 0x54, 0x1c, 0x87, 0xfc, 0x4f, 0x4c, 0x38, 
0x0, 0x0, 0x0, 0x0, 0x0, 0x0, 0x0, 0x0, 
0x0, 0x0, 0x0, 0x0, 0x0, 0x0, 0x0, 0x0, 
0x0, 0x0, 0x0, 0x0, 0x0, 0x0, 0x0, 0x0, 
0x0, 0x0, 0x0, 0x0, 0x0, 0x0, 0x0, 0x0, 
0xa8, 0x2, 0x0, 0x0, 0x9f, 0x96, 0xa4, 0xce, 
0x43, 0x7c, 0xf4, 0xa4, 0x10, 0x29, 0xcc, 0xa9, 
0xbb, 0xd5, 0x85, 0x4, 0xdd, 0xa1, 0x65, 0xba, 
0x72, 0x20, 0x6d, 0x94, 0x71, 0xb0, 0xe2, 0xfb, 
0x7c, 0xba, 0x76, 0xe9, 0x45, 0xb0, 0x14, 0x85, 
0xd8, 0x2e, 0xe7, 0x60, 0xde, 0x5f, 0x3f, 0xbc, 
0xa3, 0x52, 0x3c, 0x46, 0x2, 0xf0, 0xef, 0xcc, 
0x10, 0xc7, 0x27, 0xa, 0x5e, 0x8e, 0xb6, 0x98, 
0x59, 0x34, 0xb3, 0x69, 0xba, 0xa3, 0x45, 0x1, 
0x87, 0xff, 0x5e, 0x70, 0x15, 0x3b, 0x5e, 0x64, 
0x47, 0xb3, 0x8a, 0x6, 0x11, 0x2, 0x37, 0x2c, 
0x9c, 0xcb, 0x9a, 0x1f, 0x54, 0x6, 0xe2, 0xa2, 
0x74, 0xf2, 0xa6, 0xdc, 0xfe, 0xb7, 0xf5, 0xe8, 
0x4f, 0x8a, 0x79, 0xdc, 0xad, 0xb5, 0x97, 0x9e, 
0x11, 0xf2, 0x22, 0xf1, 0x5e, 0xa7, 0xe3, 0xf4, 
0x3c, 0x3b, 0x7c, 0xed, 0x21, 0xca, 0xa9, 0xce, 
0x46, 0xde, 0xee, 0x6f, 0x5d, 0xc7, 0x9e, 0xfb, 
0xa2, 0x33, 0x12, 0x3c, 0x85, 0x66, 0xac, 0x4b, 
0x1e, 0x4e, 0x20, 0x56, 0xf6, 0x69, 0x25, 0x68, 
0x27, 0x94, 0x4c, 0x92, 0x1b, 0xe4, 0xd6, 0xa1, 
0x1a, 0xd0, 0x39, 0x82, 0xc6, 0x57, 0xb, 0x26, 
0xd6, 0x76, 0x2, 0x9a, 0x7, 0x70, 0xd1, 0x18, 
0xa5, 0xd8, 0x7e, 0x7, 0xd3, 0xd0, 0x7d, 0x6, 
0x79, 0xb, 0x97, 0xe1, 0x6d, 0x4b, 0x12, 0x3c, 
0x9f, 0x50, 0x31, 0xdf, 0x2e, 0xce, 0x7, 0x59, 
0x6b, 0x80, 0x56, 0xa6, 0x16, 0x36, 0x34, 0x4a, 
0x15, 0xba, 0x37, 0x1, 0xdd, 0x60, 0x57, 0x76, 
0x8d, 0x1d, 0x6e, 0x2e, 0x7e, 0x6a, 0x2a, 0xcc, 
0xa, 0x9b, 0xe9, 0x48, 0x30, 0xba, 0xfe, 0x54, 
0xca, 0x44, 0x78, 0x5e, 0x8, 0xd8, 0x7c, 0x29, 
0x54, 0x36, 0x67, 0xe7, 0x9b, 0x76, 0xa6, 0x2d, 
0x67, 0xa4, 0xf6, 0xc3, 0x54, 0x68, 0x15, 0x7e, 
0x1a, 0xa4, 0x90, 0x24, 0xe3, 0x65, 0xc, 0xd, 
0x5, 0x79, 0x16, 0x1f, 0x21, 0xd9, 0x83, 0xb5, 
0x21, 0xeb, 0x5d, 0x9f, 0x26, 0x30, 0xde, 0xcf, 
0xa3, 0xdf, 0x7d, 0x99, 0x46, 0x3c, 0xf7, 0xf9, 
0x50, 0x72, 0x38, 0x9a, 0x3c, 0x9a, 0xc6, 0x78, 
0x68, 0x16, 0xed, 0xf2, 0xc1, 0x27, 0xa1, 0x12, 
0x68, 0x1, 0x0, 0x0, 0xb9, 0x56, 0x21, 0xb1, 
0xbf, 0xaa, 0xd7, 0xc8, 0x30, 0x1d, 0xaa, 0x36, 
0xfe, 0xd4, 0xb3, 0xbe, 0xbd, 0xca, 0x51, 0x7, 
0x95, 0xd3, 0x66, 0x39, 0xd1, 0x7f, 0x8e, 0x47, 
0x3a, 0xa4, 0x5, 0x30, 0xeb, 0x72, 0xc, 0xaf, 
0x52, 0x7a, 0x9a, 0x54, 0x59, 0x20, 0x30, 0xb7, 
0xd0, 0xff, 0x29, 0x9f, 0x36, 0x95, 0xda, 0x4c, 
0x72, 0x24, 0xe3, 0x69, 0x3e, 0xf5, 0x7b, 0x35, 
0x5c, 0x80, 0x4f, 0xd3, 0xd4, 0xe0, 0x9c, 0xa8, 
0x15, 0x89, 0xe, 0x87, 0x51, 0xd1, 0x7e, 0xf5, 
0x2d, 0x4, 0x34, 0x16, 0x99, 0x9c, 0xdb, 0x9, 
0x49, 0xbd, 0x50, 0xc3, 0xbb, 0xbb, 0x9e, 0xae, 
0x55, 0xd1, 0x2b, 0x97, 0x9b, 0xd4, 0x47, 0x52, 
0x16, 0x3f, 0x70, 0x2e, 0x8a, 0x5d, 0xf4, 0x21, 
0xa, 0x75, 0x2a, 0x8d, 0xd4, 0xac, 0xd8, 0x94, 
0x54, 0xd0, 0x6a, 0x8e, 0x8a, 0xa0, 0x19, 0x81, 
0xa, 0x9c, 0x46, 0x89, 0x44, 0x42, 0x28, 0x60, 
0x6, 0x6d, 0xa2, 0x40, 0x15, 0xf7, 0xd9, 0x12, 
0xbb, 0x52, 0x8b, 0x24, 0xf7, 0xbd, 0xe9, 0x0, 
0xc, 0x98, 0x4c, 0x98, 0xa6, 0xb0, 0xbd, 0xb4, 
0xc8, 0x5e, 0x12, 0x3e, 0x35, 0x42, 0x44, 0x45, 
0x41, 0x40, 0x9, 0xb6, 0xc3, 0x27, 0x2e, 0xe5, 
0xc7, 0x39, 0x9f, 0xe9, 0xc3, 0x50, 0xfa, 0xa3, 
0xa8, 0x90, 0x9d, 0x45, 0x9a, 0xa4, 0xd, 0x3c, 
0xba, 0x24, 0xd2, 0x3d, 0x3a, 0xc9, 0xe8, 0x97, 
0xf0, 0x17, 0xcb, 0xd3, 0xae, 0x1f, 0x6a, 0x42, 
0x34, 0xf4, 0x63, 0x97, 0xad, 0xc7, 0x23, 0xd5, 
0x5e, 0x1, 0x7e, 0x80, 0xba, 0xaa, 0xa7, 0xfa, 
0x87, 0xf9, 0x9b, 0x25, 0xb, 0x56, 0xc1, 0x84, 
0x8f, 0x7a, 0x35, 0xbf, 0xea, 0x6d, 0x74, 0x51, 
0xa0, 0x8a, 0x42, 0xb1, 0xad, 0x94, 0x96, 0x61, 
0x96, 0x87, 0x12, 0x4b, 0xcb, 0xd1, 0xc, 0xa6, 
0x26, 0x4, 0xf3, 0x1e, 0x61, 0xf, 0x9, 0x76, 
0x46, 0x92, 0xee, 0x34, 0xf, 0xd1, 0x12, 0xa9, 
0x5b, 0xec, 0x83, 0x47, 0xee, 0x6e, 0x49, 0x4f, 
0x29, 0x3a, 0x8a, 0xe3, 0x69, 0xa4, 0x8f, 0x3d, 
0x32, 0xc3, 0xb0, 0xe3, 0x5b, 0xcc, 0xb, 0x4c, 
0xbc, 0x5d, 0x20, 0x7f, 0xdf, 0x9, 0x4c, 0xab, 
0xa0, 0xf4, 0x7b, 0xd6, 0x63, 0x11, 0xfc, 0x88, 
0xeb, 0x2b, 0xac, 0x3e, 0xc, 0xbb, 0x7e, 0x7c, 
0xf1, 0x49, 0x5a, 0x1b, 0x5b, 0xfb, 0x6d, 0x48, 
0xdb, 0xb3, 0x89, 0xda, 0xd4, 0xe9, 0x9e, 0xa7, 
0xc4, 0x3b, 0x7a, 0xb2, 0x1f, 0xa9, 0x5, 0x1, 
0x22, 0xcb, 0x11, 0xac, 0xa0, 0x19, 0x6e, 0x30, 
0x5c, 0x67, 0x73, 0x11, 0xac, 0x3c, 0xf, 0x87, 
0x21, 0xa7, 0x3, 0x47, 0x26, 0x82, 0x8, 0xec, 
0x3b, 0xff, 0xdc, 0xf9, 0x83, 0xda, 0x33, 0x40, 
0xc6, 0xac, 0x1c, 0xd4 
}


	Atestation Report:
	id: 0x12345678.
	status: 0.
	revocation_reason: 0.
	pse_status: 0.


	Enclave Report:
	Signature Type: 0x1
	Signature Basename: daveti
	attributes.flags: 0x7
	attributes.xfrm: 0x7
	mr_enclave: 3f9402b67e18dc7033c168ed7a97a1d5fc7978f4c35e4c796243c39ab974b74b
	mr_signer: 60277ad2fdfc57e980e876e7f878ac1909880ea5380795a7e8ea98b157841f85
	isv_prod_id: 0x0
	isv_svn: 0x0
trans-info: att verification succeeded
trans-debug: into send_att_res, res 0
ATTESTATION RESULT result - 0
ATTESTATION RESULT MSG platform_info_blob - 97 bytes:
{
0x0, 0x0, 0x0, 0x0, 0x0, 0x0, 0x0, 0x0, 
0x0, 0x0, 0x0, 0x0, 0x0, 0x0, 0x0, 0x0, 
0x0, 0x0, 0x0, 0x0, 0x0, 0x0, 0x0, 0x0, 
0x0, 0x0, 0x0, 0x0, 0x0, 0x0, 0x0, 0x0, 
0x0, 0x97, 0x9e, 0xb9, 0x5a, 0xdd, 0x14, 0x17, 
0xf2, 0xfa, 0xad, 0xfa, 0xd7, 0x66, 0x73, 0xfd, 
0x71, 0x57, 0xf4, 0xe9, 0x8d, 0xee, 0xaf, 0x42, 
0x5e, 0xbb, 0x8a, 0x4c, 0xd4, 0x84, 0xdc, 0x83, 
0x6a, 0x8, 0x70, 0xd, 0xf2, 0x42, 0x8b, 0x2b, 
0xee, 0x42, 0xb0, 0x85, 0xe5, 0xbf, 0x99, 0xc5, 
0x22, 0xf8, 0x37, 0xf7, 0xee, 0xb6, 0x2c, 0xd5, 
0x8c, 0x37, 0xa2, 0xd2, 0x51, 0xed, 0x45, 0xf9, 
0x65 
}
ATTESTATION RESULT MSG mac - 16 bytes:
{
0x3c, 0xb0, 0xad, 0xfe, 0xe4, 0x7f, 0xc, 0x48, 
0x88, 0x78, 0x3a, 0x6, 0xf0, 0x19, 0x38, 0xff 
}
ATTESTATION RESULT MSG secret.payload_tag - 16 bytes
ATTESTATION RESULT MSG secret.payload - 16 bytes:
{
0xc6, 0x4, 0xe3, 0x7e, 0x71, 0x5a, 0xa9, 0x37, 
0x79, 0x76, 0xf, 0xe2, 0x6, 0x8, 0xd3, 0x5c 
}
SHARED SECRET (encrypted) - 16 bytes:
{
0xc6, 0x4, 0xe3, 0x7e, 0x71, 0x5a, 0xa9, 0x37, 
0x79, 0x76, 0xf, 0xe2, 0x6, 0x8, 0xd3, 0x5c 
}
trans-info: att result sent
trans-debug: into send_input
trans-info: using SFE model
trans-info: using SFE MIL testing case
144 bytes:
{
0x4d, 0xd6, 0x87, 0x53, 0x9b, 0x9b, 0xa6, 0x8c, 
0xe3, 0x89, 0x7a, 0x68, 0x60, 0x81, 0xb0, 0x9d, 
0xb9, 0xad, 0x2b, 0x2e, 0x34, 0x6a, 0xc2, 0x38, 
0x50, 0x5d, 0x36, 0x5e, 0x9c, 0xb7, 0xfc, 0x56, 
0x30, 0x63, 0xb6, 0xdf, 0xa, 0x2c, 0xdb, 0xb0, 
0x85, 0x12, 0x51, 0xd2, 0xc6, 0x69, 0xd1, 0xbf, 
0x9b, 0x82, 0x99, 0x89, 0x64, 0x72, 0x81, 0x41, 
0x40, 0x5e, 0x23, 0xdd, 0x9f, 0x1d, 0xd0, 0x1b, 
0xd4, 0x5e, 0xfc, 0x52, 0x68, 0xa9, 0xaf, 0xea, 
0xc1, 0xd2, 0x29, 0xe7, 0xa1, 0x42, 0x16, 0x62, 
0xb9, 0x32, 0x2f, 0x19, 0xc6, 0x2b, 0x38, 0xe9, 
0xbe, 0xd8, 0x2b, 0xd3, 0xe6, 0x7b, 0x13, 0x19, 
0xa5, 0x24, 0xc7, 0x6d, 0xf9, 0x4f, 0xdd, 0x98, 
0xf7, 0xd6, 0x55, 0xd, 0xd0, 0xb9, 0x4a, 0x93, 
0x61, 0x42, 0x64, 0x5a, 0x1f, 0x33, 0x23, 0x5e, 
0x77, 0xec, 0xf, 0xfb, 0xea, 0x34, 0x16, 0x8, 
0x9d, 0xeb, 0x53, 0x61, 0x4f, 0xe, 0x10, 0x89, 
0xea, 0x64, 0x69, 0x13, 0x69, 0x74, 0xb5, 0x68 
}
trans-info: input sent to sender...
trans-info: waiting output from sender...
trans-debug: transition done with old|next|current states: SMC_SGX_STM_ATT_S2_SENT|SMC_SGX_STM_ATT_S3_RECVD|SMC_SGX_STM_INPUT_SENT
sender: got a msg with tag [6] and len [32]
trans-debug: into handle_result, len 32, buf 0x0x7f46670be808
trans-info: SFE Mil output [1]
trans-info: evaluation done
trans-debug: transition done with old|next|current states: SMC_SGX_STM_INPUT_SENT|SMC_SGX_STM_RES_RECVD|SMC_SGX_STM_INIT
^C
root@sgx-HP-ENVY-x360-m6-Convertible:~/git/sgx_private_code# 

