root@sgx-HP-ENVY-x360-m6-Convertible:~/git/sgxsfe# ./sender -d -y 2
smcsgx: sender pid [24152]
sender: built on Jul 28 2016
sender: config
  mil - size 32 (1024 *32)
   uc - G 1000, P 350, I 250, O 1000
   dj - nodes 6 (edges 4)
   db - size 900, queries 900
   db-hyb - size 475 (25 sec), queries 2500, wire ./yao/TestPrograms/smalldb25.wir
   dj-hyb - node 50, supernode 5, wire ./yao/TestPrograms/hybridtest.wir
   DISABLE_NAGLE=y
sender: enable debug
sender: use Yao hybrid model
sender: use YAO testing case #2
sender: use local IPv4 address: 127.0.0.1
sender: connected with evaluator
sender: sgx initialized
32 bytes:
{
0xff, 0xb5, 0xc7, 0x7c, 0x4, 0xd6, 0x50, 0x1, 
0xf4, 0x9, 0x37, 0xde, 0xa4, 0x6c, 0x12, 0x96, 
0x67, 0xaa, 0xe2, 0x1b, 0x7a, 0x9a, 0xc4, 0x97, 
0xe9, 0x1b, 0x5b, 0x57, 0xa1, 0xc2, 0xd8, 0xdb 
}
trans-debug: into trans_read_input with file (null)
YAO or gen input -
0 0 0 0 0 0 0 0 0 0 0 0 0 0 0 0 0 0 0 0 0 0 0 0 0 0 0 0 0 0 0 0 0 0 0 0 0 0 0 0 0 0 0 0 0 0 0 0 0 0 0 0 0 0 0 0 0 0 0 0 0 0 0 0 0 0 0 0 0 0 0 0 0 0 0 0 0 0 0 0 0 0 0 0 0 0 0 0 0 0 0 0 0 0 0 0 0 0 0 0 0 0 0 0 0 0 0 0 0 0 0 0 0 0 0 0 0 0 0 0 0 0 0 0 0 0 0 0 0 0 0 0 0 0 0 0 0 0 0 0 0 0 0 0 0 0 0 0 0 0 0 0 0 0 0 0 0 0 0 0 0 0 0 0 0 0 0 0 0 0 0 0 0 0 0 0 0 0 0 0 0 0 0 0 0 0 0 0 0 0 0 0 0 0 0 0 0 0 0 0 0 0 0 0 0 0 0 0 0 0 0 0 0 0 0 0 0 0 0 0 0 0 0 0 0 0 0 0 0 0 0 0 0 0 0 0 0 0 0 0 0 0 0 0 0 0 0 0 0 0 0 0 0 0 0 0 0 0 0 0 0 0 0 0 0 0 0 0 0 0 0 0 0 0 0 0 0 0 0 0 0 0 0 0 0 0 0 0 0 0 0 0 0 0 0 0 0 0 0 0 0 0 0 0 0 0 0 0 0 0 0 0 0 0 0 0 0 0 0 0 0 0 0 0 0 0 0 0 0 0 0 0 0 0 0 0 0 0 0 0 0 0 0 0 0 0 0 0 0 0 0 0 0 0 0 0 0 0 0 0 0 0 0 0 0 0 0 0 0 0 0 0 0 0 0 0 0 0 0 0 0 0 0 0 0 0 0 0 0 0 0 0 0 0 0 0 0 0 0 0 0 0 0 0 0 0 0 0 0 0 0 0 0 0 0 0 0 0 0 0 0 0 0 0 0 0 0 0 0 0 0 0 0 0 0 0 0 0 0 0 0 0 0 0 0 0 0 0 0 0 0 0 0 0 0 0 0 0 0 0 0 0 0 0 0 0 0 0 0 0 0 0 0 0 0 0 0 0 0 0 0 0 0 0 0 0 0 0 0 0 0 0 0 0 0 0 0 0 0 0 0 0 0 0 0 0 0 0 0 0 0 0 0 0 0 0 0 0 0 0 0 0 0 0 0 0 0 0 0 0 0 0 0 0 0 0 0 0 0 0 0 0 0 0 0 0 0 0 0 0 0 0 0 0 0 0 0 0 0 0 0 0 0 0 0 0 0 0 0 0 0 0 0 0 0 0 0 0 0 0 0 0 0 0 0 0 0 0 0 0 0 0 0 0 0 0 0 0 0 0 0 0 0 0 0 0 0 0 0 0 0 0 0 0 0 0 0 0 0 0 0 0 0 0 0 0 0 0 0 0 0 0 0 0 0 0 0 0 0 0 0 0 0 0 0 0 0 0 0 0 0 0 0 0 0 0 0 0 0 0 0 0 0 0 0 0 0 0 0 0 0 0 0 0 0 0 0 0 0 0 0 0 0 0 0 0 0 0 0 0 0 0 0 0 0 0 0 0 0 0 0 0 0 0 0 0 0 0 0 0 0 0 0 0 0 0 0 0 0 0 0 0 0 0 0 0 0 0 0 0 0 0 0 0 0 0 0 0 0 0 0 0 0 0 0 0 0 0 0 0 0 0 0 0 0 0 0 0 0 0 0 0 0 0 0 0 0 0 0 0 0 0 0 0 0 0 0 0 0 0 0 0 0 0 0 0 0 0 0 0 0 0 0 0 0 0 0 0 0 0 0 0 0 0 0 0 0 0 0 0 0 0 0 0 0 0 0 0 0 0 0 0 0 0 0 0 0 0 0 0 0 0 0 0 0 0 0 0 0 0 0 0 0 0 0 0 0 0 0 0 0 0 0 0 0 0 0 0 0 0 0 0 0 0 0 0 0 0 0 0 0 0 0 0 0 0 0 0 0 0 0 0 0 0 0 0 0 0 0 0 0 0 0 0 0 0 0 0 0 0 0 0 0 0 0 0 0 0 0 0 0 0 0 0 0 0 0 0 0 0 0 0 0 0 0 0 0 0 0 0 0 0 0 0 0 0 0 0 0 0 0 0 0 0 0 0 0 0 0 0 0 0 0 0 0 0 0 0 0 0 0 0 0 0 0 0 0 0 0 0 0 0 0 0 0 0 0 0 0 0 0 0 0 0 0 0 0 0 0 0 0 0 0 0 0 0 0 0 0 0 0 0 0 0 0 0 0 0 0 0 0 0 0 0 0 0 0 0 0 0 0 0 0 0 0 0 0 0 0 0 0 0 0 0 0 0 0 0 0 0 0 0 0 0 0 0 0 0 0 0 0 0 0 0 0 0 0 0 0 0 0 0 0 0 0 0 0 0 0 0 0 0 0 0 0 0 0 0 0 0 0 0 0 0 0 0 0 0 0 0 0 0 0 0 0 0 0 0 0 0 0 0 0 0 0 0 0 0 0 0 0 0 0 0 0 0 0 0 0 0 0 0 0 0 0 0 0 0 0 0 0 0 0 0 0 0 0 0 0 0 0 0 0 0 0 0 0 0 0 0 0 0 0 0 0 0 0 0 0 0 0 0 0 0 0 0 0 0 0 0 0 0 0 0 0 0 0 0 0 0 0 0 0 0 0 0 0 0 0 0 0 0 0 0 0 0 0 0 0 0 0 0 0 0 0 0 0 0 0 0 0 0 0 0 0 0 0 0 0 0 0 0 0 0 0 0 0 0 0 0 0 0 0 0 0 0 0 0 0 0 0 0 0 0 0 0 0 0 0 0 0 0 0 0 0 0 0 0 0 0 0 0 0 0 0 0 0 0 0 0 0 0 0 0 0 0 0 0 0 0 0 0 0 0 0 0 0 0 0 0 0 0 0 0 0 0 0 0 0 0 0 0 0 0 0 0 0 0 0 0 0 0 0 0 0 0 0 0 0 0 0 0 0 0 0 0 0 0 0 0 0 0 0 0 0 0 0 0 0 0 0 0 0 0 0 0 0 0 0 0 0 0 0 0 0 0 0 0 0 0 0 0 0 0 0 0 0 0 0 0 0 0 0 0 0 0 0 0 0 0 0 0 0 0 0 0 0 0 0 0 0 0 0 0 0 0 0 0 0 0 0 0 0 0 0 0 0 0 0 0 0 0 0 0 0 0 0 0 0 0 0 0 0 0 0 0 0 0 0 0 0 0 0 0 0 0 0 0 0 0 0 0 0 0 0 0 0 0 0 0 0 0 0 0 0 0 0 0 0 0 0 0 0 0 0 0 0 0 0 0 0 0 0 0 0 0 0 0 0 0 0 0 0 0 0 0 0 0 0 0 0 0 0 0 0 0 0 0 0 0 0 0 0 0 0 0 0 0 0 0 0 0 0 0 0 0 0 0 0 0 0 0 0 0 0 0 0 0 0 0 0 0 0 0 0 0 0 0 0 0 0 0 0 0 0 0 0 0 0 0 0 0 0 0 0 0 0 0 0 0 0 0 0 0 0 0 0 0 0 0 0 0 0 0 0 0 0 0 0 0 0 0 0 0 0 0 0 0 0 0 0 0 0 0 0 0 0 0 0 0 0 0 0 0 0 0 0 0 0 0 0 0 0 0 0 0 0 0 0 0 0 0 0 0 0 0 0 0 0 0 0 0 0 0 0 0 0 0 0 0 0 0 0 0 0 0 0 0 0 0 0 0 0 0 0 0 0 0 0 0 0 0 0 0 0 0 0 0 0 0 0 0 0 0 0 0 0 0 0 0 0 0 0 0 0 0 0 0 0 0 0 0 0 0 0 0 0 0 0 0 0 0 0 0 0 0 0 0 0 0 0 0 0 0 0 0 0 0 0 0 0 0 0 0 0 0 0 0 0 0 0 0 0 0 0 0 0 0 0 0 0 0 0 0 0 0 0 0 0 0 0 0 0 0 0 0 0 0 0 0 0 0 0 0 0 0 0 0 0 0 0 0 0 0 0 0 0 0 0 0 0 0 0 0 0 0 0 0 0 0 0 0 0 0 0 0 0 0 0 0 0 0 0 0 0 0 0 0 0 0 0 0 0 0 0 0 0 0 0 0 0 0 0 0 0 0 0 0 0 0 0 0 0 0 0 0 0 0 0 0 0 0 0 0 0 0 0 0 0 0 0 0 0 0 0 0 0 0 0 0 0 0 0 0 0 0 0 0 0 0 0 0 0 0 0 0 0 0 0 0 0 0 0 0 0 0 0 0 0 0 0 0 0 0 0 0 0 0 0 0 0 0 0 0 0 0 0 0 0 0 0 0 0 0 0 0 0 0 0 0 0 0 0 0 0 0 0 0 0 0 0 0 0 0 0 0 0 0 0 0 0 0 0 0 0 0 0 0 0 0 0 0 0 0 0 0 0 0 0 0 0 0 0 0 0 0 0 0 0 0 0 0 0 0 0 0 0 0 0 0 0 0 0 0 0 0 0 0 0 0 0 0 0 0 0 0 0 0 0 0 0 0 0 0 0 0 0 0 0 0 0 0 0 0 0 0 0 0 0 0 0 0 0 0 0 0 0 0 0 0 0 0 0 0 0 0 0 0 0 0 0 0 0 0 0 0 0 0 0 0 0 0 0 0 0 0 0 0 0 0 0 0 0 0 0 0 0 0 0 0 0 0 0 0 0 0 0 0 0 0 0 0 0 0 0 0 0 0 0 0 0 0 0 0 0 0 0 0 0 0 0 0 0 0 0 0 0 0 0 0 0 0 0 0 0 0 0 0 0 0 0 0 0 0 0 0 0 0 0 0 0 0 0 0 0 0 0 0 0 0 0 0 0 0 0 0 0 0 0 0 0 0 0 0 0 0 0 0 0 0 0 0 0 0 0 0 0 0 0 0 0 0 0 0 0 0 0 0 0 0 0 0 0 0 0 0 0 0 0 0 0 0 0 0 0 0 0 0 0 0 0 0 0 0 0 0 0 0 0 0 0 0 0 0 0 0 0 0 0 0 0 0 0 0 0 0 0 0 0 0 0 0 0 0 0 0 0 0 0 0 0 0 0 0 0 0 0 0 0 0 0 0 0 0 0 0 0 0 0 0 0 0 0 0 0 0 0 0 0 0 0 0 0 0 0 0 0 0 0 0 0 0 0 0 0 0 0 0 0 0 0 0 0 0 0 0 0 0 0 0 0 0 0 0 0 0 0 0 0 0 0 0 0 0 0 0 0 0 0 0 0 0 0 0 0 0 0 0 0 0 0 0 0 0 0 0 0 0 0 0 0 0 0 0 0 0 0 0 0 0 0 0 0 0 0 0 0 0 0 0 0 0 0 0 0 0 0 0 0 0 0 0 0 0 0 0 0 0 0 0 0 0 0 0 0 0 0 0 0 0 0 0 0 0 0 0 0 0 0 0 0 0 0 0 0 0 0 0 0 0 0 0 0 0 0 0 0 0 0 0 0 0 0 0 0 0 0 0 0 0 0 0 0 0 0 0 0 0 0 0 0 0 0 0 0 0 0 0 0 0 0 0 0 0 0 0 0 0 0 0 0 0 0 0 0 0 0 0 0 0 0 0 0 0 0 0 0 0 0 0 0 0 0 0 0 0 0 0 0 0 0 0 0 0 0 0 0 0 0 0 
sender: start challenge...
trans-debug: into start_att_nonce, len 20, buf 0x0x7ffea4943ca8
20 bytes:
{
0xfd, 0x86, 0x1f, 0xb0, 0x80, 0xbd, 0x10, 0x63, 
0x91, 0xab, 0xa5, 0xe6, 0x49, 0xb7, 0xff, 0x93, 
0xdb, 0x60, 0xbe, 0xec 
}
trans-info: waiting S1 from evaluator...
trans-debug: transition done with old|next|current states: SMC_SGX_STM_INIT|SMC_SGX_STM_ATT_STARTED|SMC_SGX_STM_ATT_STARTED
send-debug: receiving header 8 bytes (got 0/8 already)
send-debug: got message tag [1], len [68]
send-debug: receiving msg 68 bytes (got 0/68 already)
eval-debug: got completed message
trans-debug: into handle_att_S1, len 68, buf 0x0x7f1969249808
MSG1 ga - 64 bytes:
{
0xad, 0x5c, 0x7f, 0xe9, 0x62, 0x4c, 0x1b, 0x19, 
0x71, 0xa2, 0xd0, 0xc, 0x77, 0x94, 0x80, 0x2e, 
0xfa, 0x91, 0xa5, 0x43, 0x8a, 0xf8, 0x3e, 0xb9, 
0x2e, 0x1f, 0xf1, 0x8d, 0xf, 0xbd, 0x6e, 0x85, 
0x29, 0x1a, 0xa4, 0x22, 0x34, 0xcb, 0x59, 0x1d, 
0x3b, 0x6e, 0x2a, 0xd7, 0x37, 0x54, 0x9, 0xfc, 
0x69, 0x8, 0x1c, 0x96, 0x29, 0x22, 0x78, 0xdf, 
0x4d, 0x61, 0xf9, 0xd8, 0x77, 0xa5, 0x56, 0x6b 
}
MSG1 gid - 4 bytes:
{
0x93, 0x2, 0x0, 0x0 
}
trans-debug: private key (b) -
32 bytes:
{
0x9, 0x0, 0x0, 0x0, 0x9, 0x0, 0x0, 0x0, 
0x9, 0x0, 0x0, 0x0, 0x9, 0x0, 0x0, 0x0, 
0x9, 0x0, 0x0, 0x0, 0x9, 0x0, 0x0, 0x0, 
0x9, 0x0, 0x0, 0x0, 0x9, 0x0, 0x0, 0x0 
}
trans-debug: public key (g_b) -
64 bytes:
{
0x6a, 0x83, 0xdc, 0x84, 0xd4, 0x4c, 0x8a, 0xbb, 
0x5e, 0x42, 0xaf, 0xee, 0x8d, 0xe9, 0xf4, 0x57, 
0x71, 0xfd, 0x73, 0x66, 0xd7, 0xfa, 0xad, 0xfa, 
0xf2, 0x17, 0x14, 0xdd, 0x5a, 0xb9, 0x9e, 0x97, 
0x79, 0xa7, 0x38, 0x72, 0xf2, 0xb8, 0xd6, 0xbe, 
0x18, 0x91, 0x7f, 0xf7, 0xb5, 0xd3, 0xe5, 0x64, 
0x9b, 0x12, 0x18, 0xaf, 0x39, 0x29, 0x6c, 0x24, 
0x19, 0x38, 0x29, 0xb, 0xc6, 0xac, 0xc, 0x62 
}
trans-debug: gb_ga -
128 bytes:
{
0x6a, 0x83, 0xdc, 0x84, 0xd4, 0x4c, 0x8a, 0xbb, 
0x5e, 0x42, 0xaf, 0xee, 0x8d, 0xe9, 0xf4, 0x57, 
0x71, 0xfd, 0x73, 0x66, 0xd7, 0xfa, 0xad, 0xfa, 
0xf2, 0x17, 0x14, 0xdd, 0x5a, 0xb9, 0x9e, 0x97, 
0x79, 0xa7, 0x38, 0x72, 0xf2, 0xb8, 0xd6, 0xbe, 
0x18, 0x91, 0x7f, 0xf7, 0xb5, 0xd3, 0xe5, 0x64, 
0x9b, 0x12, 0x18, 0xaf, 0x39, 0x29, 0x6c, 0x24, 
0x19, 0x38, 0x29, 0xb, 0xc6, 0xac, 0xc, 0x62, 
0xad, 0x5c, 0x7f, 0xe9, 0x62, 0x4c, 0x1b, 0x19, 
0x71, 0xa2, 0xd0, 0xc, 0x77, 0x94, 0x80, 0x2e, 
0xfa, 0x91, 0xa5, 0x43, 0x8a, 0xf8, 0x3e, 0xb9, 
0x2e, 0x1f, 0xf1, 0x8d, 0xf, 0xbd, 0x6e, 0x85, 
0x29, 0x1a, 0xa4, 0x22, 0x34, 0xcb, 0x59, 0x1d, 
0x3b, 0x6e, 0x2a, 0xd7, 0x37, 0x54, 0x9, 0xfc, 
0x69, 0x8, 0x1c, 0x96, 0x29, 0x22, 0x78, 0xdf, 
0x4d, 0x61, 0xf9, 0xd8, 0x77, 0xa5, 0x56, 0x6b 
}
trans-debug: sign_gb_ga -
64 bytes:
{
0x6a, 0x83, 0xdc, 0x84, 0xd4, 0x4c, 0x8a, 0xbb, 
0x5e, 0x42, 0xaf, 0xee, 0x8d, 0xe9, 0xf4, 0x57, 
0x71, 0xfd, 0x73, 0x66, 0xd7, 0xfa, 0xad, 0xfa, 
0xf2, 0x17, 0x14, 0xdd, 0x5a, 0xb9, 0x9e, 0x97, 
0x2b, 0x6a, 0x5, 0x94, 0xdf, 0x38, 0xa1, 0x66, 
0x58, 0xfb, 0x70, 0x83, 0xb0, 0xab, 0x3b, 0x38, 
0x43, 0xea, 0x94, 0x90, 0x5d, 0x3e, 0xf4, 0x4c, 
0xca, 0xaf, 0xdd, 0x9f, 0xd3, 0x94, 0x5b, 0xe4 
}
MSG2 gb - 64 bytes:
{
0x6a, 0x83, 0xdc, 0x84, 0xd4, 0x4c, 0x8a, 0xbb, 
0x5e, 0x42, 0xaf, 0xee, 0x8d, 0xe9, 0xf4, 0x57, 
0x71, 0xfd, 0x73, 0x66, 0xd7, 0xfa, 0xad, 0xfa, 
0xf2, 0x17, 0x14, 0xdd, 0x5a, 0xb9, 0x9e, 0x97, 
0x79, 0xa7, 0x38, 0x72, 0xf2, 0xb8, 0xd6, 0xbe, 
0x18, 0x91, 0x7f, 0xf7, 0xb5, 0xd3, 0xe5, 0x64, 
0x9b, 0x12, 0x18, 0xaf, 0x39, 0x29, 0x6c, 0x24, 
0x19, 0x38, 0x29, 0xb, 0xc6, 0xac, 0xc, 0x62 
}
MSG2 spid - 16 bytes:
{
0x64, 0x61, 0x76, 0x65, 0x74, 0x69, 0x0, 0x0, 
0x0, 0x0, 0x0, 0x0, 0x0, 0x0, 0x0, 0x0 
}
MSG2 sign_gb_ga - 64 bytes:
{
0x6a, 0x83, 0xdc, 0x84, 0xd4, 0x4c, 0x8a, 0xbb, 
0x5e, 0x42, 0xaf, 0xee, 0x8d, 0xe9, 0xf4, 0x57, 
0x71, 0xfd, 0x73, 0x66, 0xd7, 0xfa, 0xad, 0xfa, 
0xf2, 0x17, 0x14, 0xdd, 0x5a, 0xb9, 0x9e, 0x97, 
0x2b, 0x6a, 0x5, 0x94, 0xdf, 0x38, 0xa1, 0x66, 
0x58, 0xfb, 0x70, 0x83, 0xb0, 0xab, 0x3b, 0x38, 
0x43, 0xea, 0x94, 0x90, 0x5d, 0x3e, 0xf4, 0x4c, 
0xca, 0xaf, 0xdd, 0x9f, 0xd3, 0x94, 0x5b, 0xe4 
}
MSG2 mac - 16 bytes:
{
0xd8, 0xaa, 0xa9, 0x23, 0x78, 0x15, 0x1e, 0x84, 
0xa, 0x62, 0xbe, 0xee, 0x72, 0x9e, 0xf1, 0x4 
}
MSG2 sig_rl - Error: null input
trans-info: sent S2 to evaluator
trans-info: waiting S3 from evaluator...
trans-debug: transition done with old|next|current states: SMC_SGX_STM_ATT_STARTED|SMC_SGX_STM_ATT_S1_RECVD|SMC_SGX_STM_ATT_S2_SENT
send-debug: receiving header 8 bytes (got 0/8 already)
send-debug: got message tag [3], len [1452]
send-debug: receiving msg 1452 bytes (got 0/1452 already)
eval-debug: got completed message
trans-debug: into handle_att_S3, len 1452, buf 0x0x7f1969249808
trans-debug: into verify_att_res, len 1452, buf 0x0x7f1969249808
MSG3 mac - 16 bytes:
{
0x44, 0xe8, 0x4f, 0xbb, 0xaf, 0x71, 0xdc, 0xa9, 
0x20, 0x75, 0x1, 0x3a, 0xc2, 0xe0, 0xc9, 0x12 
}
MSG3 ga - 64 bytes:
{
0xad, 0x5c, 0x7f, 0xe9, 0x62, 0x4c, 0x1b, 0x19, 
0x71, 0xa2, 0xd0, 0xc, 0x77, 0x94, 0x80, 0x2e, 
0xfa, 0x91, 0xa5, 0x43, 0x8a, 0xf8, 0x3e, 0xb9, 
0x2e, 0x1f, 0xf1, 0x8d, 0xf, 0xbd, 0x6e, 0x85, 
0x29, 0x1a, 0xa4, 0x22, 0x34, 0xcb, 0x59, 0x1d, 
0x3b, 0x6e, 0x2a, 0xd7, 0x37, 0x54, 0x9, 0xfc, 
0x69, 0x8, 0x1c, 0x96, 0x29, 0x22, 0x78, 0xdf, 
0x4d, 0x61, 0xf9, 0xd8, 0x77, 0xa5, 0x56, 0x6b 
}
MSG3 ps_sec_prop - 256 bytes:
{
0x0, 0x0, 0x0, 0x0, 0x0, 0x0, 0x0, 0x0, 
0x0, 0x0, 0x0, 0x0, 0x0, 0x0, 0x0, 0x0, 
0x0, 0x0, 0x0, 0x0, 0x0, 0x0, 0x0, 0x0, 
0x0, 0x0, 0x0, 0x0, 0x0, 0x0, 0x0, 0x0, 
0x0, 0x0, 0x0, 0x0, 0x0, 0x0, 0x0, 0x0, 
0x0, 0x0, 0x0, 0x0, 0x0, 0x0, 0x0, 0x0, 
0x0, 0x0, 0x0, 0x0, 0x0, 0x0, 0x0, 0x0, 
0x0, 0x0, 0x0, 0x0, 0x0, 0x0, 0x0, 0x0, 
0x0, 0x0, 0x0, 0x0, 0x0, 0x0, 0x0, 0x0, 
0x0, 0x0, 0x0, 0x0, 0x0, 0x0, 0x0, 0x0, 
0x0, 0x0, 0x0, 0x0, 0x0, 0x0, 0x0, 0x0, 
0x0, 0x0, 0x0, 0x0, 0x0, 0x0, 0x0, 0x0, 
0x0, 0x0, 0x0, 0x0, 0x0, 0x0, 0x0, 0x0, 
0x0, 0x0, 0x0, 0x0, 0x0, 0x0, 0x0, 0x0, 
0x0, 0x0, 0x0, 0x0, 0x0, 0x0, 0x0, 0x0, 
0x0, 0x0, 0x0, 0x0, 0x0, 0x0, 0x0, 0x0, 
0x0, 0x0, 0x0, 0x0, 0x0, 0x0, 0x0, 0x0, 
0x0, 0x0, 0x0, 0x0, 0x0, 0x0, 0x0, 0x0, 
0x0, 0x0, 0x0, 0x0, 0x0, 0x0, 0x0, 0x0, 
0x0, 0x0, 0x0, 0x0, 0x0, 0x0, 0x0, 0x0, 
0x0, 0x0, 0x0, 0x0, 0x0, 0x0, 0x0, 0x0, 
0x0, 0x0, 0x0, 0x0, 0x0, 0x0, 0x0, 0x0, 
0x0, 0x0, 0x0, 0x0, 0x0, 0x0, 0x0, 0x0, 
0x0, 0x0, 0x0, 0x0, 0x0, 0x0, 0x0, 0x0, 
0x0, 0x0, 0x0, 0x0, 0x0, 0x0, 0x0, 0x0, 
0x0, 0x0, 0x0, 0x0, 0x0, 0x0, 0x0, 0x0, 
0x0, 0x0, 0x0, 0x0, 0x0, 0x0, 0x0, 0x0, 
0x0, 0x0, 0x0, 0x0, 0x0, 0x0, 0x0, 0x0, 
0x0, 0x0, 0x0, 0x0, 0x0, 0x0, 0x0, 0x0, 
0x0, 0x0, 0x0, 0x0, 0x0, 0x0, 0x0, 0x0, 
0x0, 0x0, 0x0, 0x0, 0x0, 0x0, 0x0, 0x0, 
0x0, 0x0, 0x0, 0x0, 0x0, 0x0, 0x0, 0x0 
}
MSG3 quote - 1116 bytes:
{
0x1, 0x0, 0x1, 0x0, 0x93, 0x2, 0x0, 0x0, 
0x4, 0x0, 0x0, 0x0, 0x0, 0x0, 0x0, 0x0, 
0x64, 0x61, 0x76, 0x65, 0x74, 0x69, 0x0, 0x0, 
0x0, 0x0, 0x0, 0x0, 0x0, 0x0, 0x0, 0x0, 
0x0, 0x0, 0x0, 0x0, 0x0, 0x0, 0x0, 0x0, 
0x0, 0x0, 0x0, 0x0, 0x0, 0x0, 0x0, 0x0, 
0x2, 0x2, 0x2, 0xff, 0xff, 0xff, 0x0, 0x0, 
0x0, 0x0, 0x0, 0x0, 0x0, 0x0, 0x0, 0x0, 
0x0, 0x0, 0x0, 0x0, 0x0, 0x0, 0x0, 0x0, 
0x0, 0x0, 0x0, 0x0, 0x0, 0x0, 0x0, 0x0, 
0x0, 0x0, 0x0, 0x0, 0x0, 0x0, 0x0, 0x0, 
0x0, 0x0, 0x0, 0x0, 0x0, 0x0, 0x0, 0x0, 
0x7, 0x0, 0x0, 0x0, 0x0, 0x0, 0x0, 0x0, 
0x7, 0x0, 0x0, 0x0, 0x0, 0x0, 0x0, 0x0, 
0xff, 0xb5, 0xc7, 0x7c, 0x4, 0xd6, 0x50, 0x1, 
0xf4, 0x9, 0x37, 0xde, 0xa4, 0x6c, 0x12, 0x96, 
0x67, 0xaa, 0xe2, 0x1b, 0x7a, 0x9a, 0xc4, 0x97, 
0xe9, 0x1b, 0x5b, 0x57, 0xa1, 0xc2, 0xd8, 0xdb, 
0x0, 0x0, 0x0, 0x0, 0x0, 0x0, 0x0, 0x0, 
0x0, 0x0, 0x0, 0x0, 0x0, 0x0, 0x0, 0x0, 
0x0, 0x0, 0x0, 0x0, 0x0, 0x0, 0x0, 0x0, 
0x0, 0x0, 0x0, 0x0, 0x0, 0x0, 0x0, 0x0, 
0x60, 0x27, 0x7a, 0xd2, 0xfd, 0xfc, 0x57, 0xe9, 
0x80, 0xe8, 0x76, 0xe7, 0xf8, 0x78, 0xac, 0x19, 
0x9, 0x88, 0xe, 0xa5, 0x38, 0x7, 0x95, 0xa7, 
0xe8, 0xea, 0x98, 0xb1, 0x57, 0x84, 0x1f, 0x85, 
0x0, 0x0, 0x0, 0x0, 0x0, 0x0, 0x0, 0x0, 
0x0, 0x0, 0x0, 0x0, 0x0, 0x0, 0x0, 0x0, 
0x0, 0x0, 0x0, 0x0, 0x0, 0x0, 0x0, 0x0, 
0x0, 0x0, 0x0, 0x0, 0x0, 0x0, 0x0, 0x0, 
0x0, 0x0, 0x0, 0x0, 0x0, 0x0, 0x0, 0x0, 
0x0, 0x0, 0x0, 0x0, 0x0, 0x0, 0x0, 0x0, 
0x0, 0x0, 0x0, 0x0, 0x0, 0x0, 0x0, 0x0, 
0x0, 0x0, 0x0, 0x0, 0x0, 0x0, 0x0, 0x0, 
0x0, 0x0, 0x0, 0x0, 0x0, 0x0, 0x0, 0x0, 
0x0, 0x0, 0x0, 0x0, 0x0, 0x0, 0x0, 0x0, 
0x0, 0x0, 0x0, 0x0, 0x0, 0x0, 0x0, 0x0, 
0x0, 0x0, 0x0, 0x0, 0x0, 0x0, 0x0, 0x0, 
0x0, 0x0, 0x0, 0x0, 0x0, 0x0, 0x0, 0x0, 
0x0, 0x0, 0x0, 0x0, 0x0, 0x0, 0x0, 0x0, 
0x0, 0x0, 0x0, 0x0, 0x0, 0x0, 0x0, 0x0, 
0x0, 0x0, 0x0, 0x0, 0x0, 0x0, 0x0, 0x0, 
0x0, 0x0, 0x0, 0x0, 0x0, 0x0, 0x0, 0x0, 
0x0, 0x0, 0x0, 0x0, 0x0, 0x0, 0x0, 0x0, 
0x0, 0x0, 0x0, 0x0, 0x0, 0x0, 0x0, 0x0, 
0x0, 0x0, 0x0, 0x0, 0x0, 0x0, 0x0, 0x0, 
0xc, 0x68, 0x26, 0x1d, 0x2f, 0xb9, 0x22, 0xde, 
0xe2, 0x5e, 0x8c, 0x11, 0x94, 0xa9, 0xcb, 0xd, 
0xa6, 0x16, 0x35, 0x40, 0x59, 0xc0, 0xfe, 0x1e, 
0x79, 0x33, 0xcf, 0x98, 0x8f, 0x52, 0xa5, 0x2e, 
0x0, 0x0, 0x0, 0x0, 0x0, 0x0, 0x0, 0x0, 
0x0, 0x0, 0x0, 0x0, 0x0, 0x0, 0x0, 0x0, 
0x0, 0x0, 0x0, 0x0, 0x0, 0x0, 0x0, 0x0, 
0x0, 0x0, 0x0, 0x0, 0x0, 0x0, 0x0, 0x0, 
0xa8, 0x2, 0x0, 0x0, 0xa9, 0x16, 0x94, 0x38, 
0x4a, 0x82, 0x46, 0x3, 0x76, 0x9f, 0xa6, 0x5b, 
0xf8, 0x1e, 0xf2, 0x4c, 0x22, 0x7, 0x90, 0x4b, 
0xb0, 0x17, 0xba, 0x57, 0x24, 0x3b, 0x40, 0x2, 
0x6f, 0x55, 0x45, 0x52, 0xcc, 0xb2, 0x90, 0x46, 
0xb8, 0xc4, 0x20, 0x17, 0x6e, 0xc9, 0xba, 0xc3, 
0x1c, 0x23, 0xcf, 0x71, 0x95, 0xc6, 0x1a, 0xc3, 
0xb, 0x2b, 0xf4, 0xa, 0x8e, 0x41, 0x68, 0xe1, 
0x4f, 0xac, 0x4e, 0xde, 0x4d, 0x38, 0x9f, 0xef, 
0x59, 0x6a, 0xd9, 0xec, 0x5e, 0x6c, 0x81, 0x1, 
0xe1, 0x1e, 0x43, 0xfd, 0xf2, 0xbf, 0xfa, 0x56, 
0xf5, 0x51, 0x87, 0xbe, 0x69, 0x90, 0x87, 0x9, 
0x5c, 0x2e, 0xb2, 0x52, 0x2f, 0xad, 0x8d, 0xcb, 
0x2e, 0xce, 0x2b, 0xe4, 0xaf, 0x64, 0xc6, 0xee, 
0xc2, 0xec, 0x78, 0x3a, 0xf1, 0xeb, 0x59, 0x86, 
0xf8, 0x7f, 0x10, 0xc2, 0xcb, 0xec, 0x32, 0x26, 
0x53, 0x8f, 0x25, 0xed, 0x7e, 0xc1, 0x50, 0xf1, 
0x1b, 0xe4, 0xc8, 0xed, 0x60, 0xfd, 0x1, 0x68, 
0x1, 0xfe, 0x74, 0xac, 0x92, 0x31, 0x99, 0xff, 
0x4b, 0x9c, 0xdd, 0x4c, 0x55, 0xbc, 0x56, 0xed, 
0xe2, 0xc0, 0x6a, 0xae, 0x13, 0x60, 0xb2, 0xa1, 
0x93, 0x89, 0x14, 0x31, 0x9, 0x2e, 0x78, 0xf6, 
0xec, 0xfe, 0x54, 0xf7, 0x90, 0x13, 0xbe, 0x30, 
0xda, 0x76, 0x28, 0xb, 0x40, 0xa3, 0xff, 0xa4, 
0xdc, 0xf3, 0x11, 0x6c, 0x82, 0xb3, 0x24, 0xe7, 
0xa4, 0x6f, 0xbc, 0xeb, 0x56, 0x4f, 0x38, 0xf2, 
0x25, 0xe0, 0x41, 0xe8, 0x70, 0xfb, 0xe6, 0xdd, 
0xaf, 0xa8, 0xee, 0x78, 0x1a, 0x80, 0xf9, 0x63, 
0x1e, 0x7e, 0xe6, 0x5f, 0x85, 0x5f, 0xbb, 0x8, 
0x43, 0xd8, 0x6a, 0x35, 0x3b, 0xf2, 0x20, 0xa0, 
0xe5, 0xb8, 0xb3, 0xc, 0xe5, 0x2c, 0x3c, 0xa4, 
0xd4, 0x5f, 0x94, 0x4e, 0x74, 0x57, 0xe6, 0xbc, 
0x8d, 0x0, 0xfb, 0x29, 0xa2, 0x6a, 0x35, 0x67, 
0xc8, 0x40, 0x2, 0x99, 0xb5, 0xf3, 0xfd, 0xc0, 
0x37, 0x13, 0x72, 0x82, 0x86, 0x75, 0xfe, 0xf8, 
0xcb, 0x65, 0xa3, 0x4c, 0x43, 0x8f, 0x12, 0x40, 
0xf4, 0xb4, 0x36, 0xff, 0x33, 0x7a, 0xa2, 0x69, 
0x3d, 0x29, 0x96, 0xec, 0xbc, 0xd4, 0x6e, 0xb4, 
0x68, 0x1, 0x0, 0x0, 0x8d, 0x47, 0x52, 0x2d, 
0x99, 0xdf, 0x16, 0x7e, 0xf0, 0x66, 0xbb, 0xbc, 
0xe9, 0x21, 0x27, 0x78, 0xa3, 0x30, 0x54, 0x2, 
0xf6, 0xf2, 0xba, 0x30, 0x55, 0x30, 0x43, 0xb5, 
0x87, 0x2f, 0xc3, 0xc7, 0x2b, 0x5a, 0x8b, 0x2, 
0xc1, 0x9, 0x88, 0x93, 0x90, 0x1f, 0xf9, 0xe9, 
0x41, 0xe3, 0xd3, 0x5, 0x49, 0x7f, 0x1d, 0x17, 
0xd8, 0x4f, 0xe8, 0x1, 0x87, 0xc7, 0x6d, 0x1c, 
0xf1, 0x52, 0xa9, 0x35, 0x3, 0x38, 0x47, 0xf, 
0xb7, 0xb5, 0xe3, 0x4e, 0x6f, 0xd6, 0xb, 0x8c, 
0x5b, 0x8, 0x12, 0x3c, 0xf8, 0x85, 0xd8, 0xb6, 
0xdf, 0xb9, 0x29, 0x74, 0x85, 0x31, 0xc8, 0xc8, 
0xc5, 0x20, 0xb4, 0x2f, 0x79, 0x70, 0xbd, 0x5b, 
0x6d, 0x87, 0xf, 0x3b, 0x90, 0x5c, 0x1e, 0xb7, 
0xb0, 0xb7, 0xf7, 0x8d, 0xbc, 0x66, 0x61, 0x31, 
0xc0, 0xc5, 0xf0, 0x64, 0x1f, 0x8c, 0xde, 0x49, 
0xe9, 0x44, 0x9f, 0xe9, 0x8c, 0xf, 0x7e, 0x67, 
0x6c, 0x30, 0xaf, 0x48, 0x58, 0x26, 0xfe, 0x70, 
0xad, 0x94, 0xc6, 0xe1, 0xa7, 0xd2, 0x65, 0x75, 
0xad, 0xed, 0x77, 0x93, 0xe0, 0xe8, 0xbe, 0x40, 
0xa3, 0x42, 0xcf, 0xae, 0x6c, 0x7e, 0xaf, 0xdb, 
0xe, 0x9, 0xc4, 0xd6, 0x75, 0xfa, 0x21, 0xc8, 
0x4a, 0x60, 0x50, 0x62, 0x56, 0x57, 0x58, 0x17, 
0x40, 0x4a, 0xd6, 0xbc, 0xda, 0x62, 0x45, 0x8b, 
0x5f, 0x22, 0x2e, 0xda, 0x93, 0x21, 0xf, 0xd6, 
0xf, 0x3b, 0x34, 0xe6, 0x25, 0x57, 0x88, 0x3a, 
0x16, 0x1b, 0xc9, 0xb5, 0xc3, 0xab, 0x22, 0xd7, 
0x46, 0x62, 0x2f, 0xc7, 0x3a, 0x90, 0x8b, 0x3f, 
0x5e, 0x73, 0x6f, 0x1d, 0xf8, 0x16, 0x55, 0xb8, 
0xbc, 0xdc, 0x9d, 0xb6, 0x8f, 0xc7, 0x4b, 0xb1, 
0xef, 0xaa, 0x9b, 0x41, 0xc3, 0x56, 0x1, 0xab, 
0x54, 0x8f, 0x67, 0x65, 0x44, 0x2c, 0xd8, 0x97, 
0x24, 0xcb, 0xf6, 0x80, 0x55, 0xdd, 0x5d, 0x25, 
0x4, 0x73, 0x7f, 0x30, 0x19, 0xdf, 0x9a, 0xe9, 
0x52, 0x2a, 0xef, 0xfe, 0xa0, 0x92, 0x57, 0x64, 
0x6d, 0xe4, 0x5a, 0x6e, 0x4, 0x5e, 0xf5, 0xa9, 
0xce, 0x33, 0x26, 0x5c, 0xd7, 0x93, 0x28, 0x29, 
0x84, 0x8, 0x39, 0x62, 0x4f, 0x10, 0x9b, 0x68, 
0x9a, 0x3, 0x49, 0x11, 0xb2, 0xc4, 0x9b, 0xbb, 
0x43, 0xba, 0x64, 0x83, 0xb, 0x71, 0x6d, 0xf, 
0xa0, 0xaa, 0x41, 0xb7, 0xf1, 0xa2, 0x88, 0xe1, 
0xb4, 0xa4, 0xba, 0x1, 0x1a, 0x40, 0xcd, 0xbd, 
0xec, 0x91, 0xa7, 0xfb, 0x49, 0x75, 0x74, 0x39, 
0x36, 0x9c, 0x1, 0x2f, 0x46, 0x30, 0x81, 0x2b, 
0xa8, 0x3d, 0x44, 0x67, 0x3e, 0xee, 0xf, 0x8c, 
0xc5, 0x44, 0x9b, 0xe6, 0x3c, 0xbb, 0x3, 0x25, 
0xbc, 0xaf, 0x9d, 0x18, 0x3e, 0x7d, 0x29, 0x16, 
0x12, 0x29, 0xf2, 0x4b 
}


	Atestation Report:
	id: 0x12345678.
	status: 0.
	revocation_reason: 0.
	pse_status: 0.


	Enclave Report:
	Signature Type: 0x1
	Signature Basename: daveti
	attributes.flags: 0x7
	attributes.xfrm: 0x7
	mr_enclave: ffb5c77c04d65001f40937dea46c129667aae21b7a9ac497e91b5b57a1c2d8db
	mr_signer: 60277ad2fdfc57e980e876e7f878ac1909880ea5380795a7e8ea98b157841f85
	isv_prod_id: 0x0
	isv_svn: 0x0
trans-info: enclave measurement verified
trans-info: att verification succeeded
trans-debug: into send_att_res, res 0
ATTESTATION RESULT result - 0
ATTESTATION RESULT MSG platform_info_blob - 97 bytes:
{
0x0, 0x0, 0x0, 0x0, 0x0, 0x0, 0x0, 0x0, 
0x0, 0x0, 0x0, 0x0, 0x0, 0x0, 0x0, 0x0, 
0x0, 0x0, 0x0, 0x0, 0x0, 0x0, 0x0, 0x0, 
0x0, 0x0, 0x0, 0x0, 0x0, 0x0, 0x0, 0x0, 
0x0, 0x97, 0x9e, 0xb9, 0x5a, 0xdd, 0x14, 0x17, 
0xf2, 0xfa, 0xad, 0xfa, 0xd7, 0x66, 0x73, 0xfd, 
0x71, 0x57, 0xf4, 0xe9, 0x8d, 0xee, 0xaf, 0x42, 
0x5e, 0xbb, 0x8a, 0x4c, 0xd4, 0x84, 0xdc, 0x83, 
0x6a, 0x8, 0x70, 0xd, 0xf2, 0x42, 0x8b, 0x2b, 
0xee, 0x42, 0xb0, 0x85, 0xe5, 0xbf, 0x99, 0xc5, 
0x22, 0xf8, 0x37, 0xf7, 0xee, 0xb6, 0x2c, 0xd5, 
0x8c, 0x37, 0xa2, 0xd2, 0x51, 0xed, 0x45, 0xf9, 
0x65 
}
ATTESTATION RESULT MSG mac - 16 bytes:
{
0x64, 0x72, 0x3a, 0xfb, 0x11, 0xc1, 0x41, 0x67, 
0xeb, 0x19, 0xfc, 0x90, 0xe4, 0xa, 0xf6, 0xa5 
}
ATTESTATION RESULT MSG secret.payload_tag - 16 bytes
ATTESTATION RESULT MSG secret.payload - 16 bytes:
{
0xb6, 0x71, 0x3f, 0xe4, 0xee, 0x75, 0x8f, 0x6f, 
0xdc, 0xe7, 0xac, 0x51, 0x4f, 0x27, 0x4a, 0x2e 
}
SHARED SECRET (encrypted) - 16 bytes:
{
0xb6, 0x71, 0x3f, 0xe4, 0xee, 0x75, 0x8f, 0x6f, 
0xdc, 0xe7, 0xac, 0x51, 0x4f, 0x27, 0x4a, 0x2e 
}
trans-info: att result sent
trans-debug: into send_input
trans-info: using YAO hybrid model
trans-info: using YAO DJ testing case
trans-info: Yao to be started...
trans-info: waiting Yao input from evaluator...
trans-debug: transition done with old|next|current states: SMC_SGX_STM_ATT_S2_SENT|SMC_SGX_STM_ATT_S3_RECVD|SMC_SGX_STM_INPUT_SENT
send-debug: receiving header 8 bytes (got 0/8 already)
send-debug: got message tag [7], len [368]
send-debug: receiving msg 368 bytes (got 0/368 already)
eval-debug: got completed message
trans-debug: into start_yao, len 368, buf 0x0x7f1969249808
368 bytes:
{
0x37, 0x2a, 0x44, 0x55, 0x6d, 0xc0, 0xd3, 0x74, 
0x1, 0xc2, 0x64, 0x64, 0x4a, 0x0, 0xf0, 0x4d, 
0x29, 0xd4, 0x7, 0x4c, 0xed, 0xf9, 0x8b, 0xbb, 
0x7d, 0xb6, 0x1d, 0x15, 0xd4, 0x62, 0x6e, 0x8d, 
0x70, 0xc5, 0xa5, 0xf1, 0xe3, 0x3, 0xc2, 0x9, 
0xd5, 0x89, 0xe1, 0x8c, 0x43, 0xc8, 0x3d, 0xe1, 
0xea, 0x69, 0xc, 0x5d, 0x3a, 0x74, 0x9b, 0x8f, 
0xa2, 0xab, 0xf7, 0x6e, 0x54, 0xf, 0x6a, 0xc1, 
0xc9, 0xd0, 0x84, 0x97, 0x30, 0x82, 0x36, 0xb5, 
0x65, 0x48, 0x4f, 0x9c, 0x63, 0x75, 0x18, 0x89, 
0x5d, 0xfa, 0x4, 0x95, 0xa1, 0xc, 0xc1, 0xb8, 
0xcd, 0x1e, 0xbb, 0x28, 0xe1, 0xea, 0xcb, 0x5b, 
0xb5, 0x94, 0xea, 0x2e, 0x55, 0x73, 0x3c, 0xcc, 
0x36, 0x65, 0x93, 0xc9, 0x24, 0x69, 0xef, 0x94, 
0x5e, 0xa5, 0x96, 0x7e, 0xbb, 0xfd, 0xbe, 0xf9, 
0xc1, 0xfd, 0xfc, 0x8b, 0x41, 0x8b, 0xa8, 0x4f, 
0xf8, 0x44, 0x55, 0xa3, 0x1f, 0xd1, 0xb1, 0x27, 
0x15, 0xe5, 0xf2, 0xac, 0x4d, 0x62, 0x7e, 0xe6, 
0xf3, 0x99, 0x2c, 0xb8, 0xd3, 0x5f, 0x64, 0x1f, 
0x1e, 0x15, 0x3f, 0x14, 0xe6, 0x50, 0xd6, 0xb7, 
0xfd, 0x9b, 0x4a, 0x7a, 0x17, 0x89, 0x4f, 0x5b, 
0xab, 0x7, 0x29, 0xc8, 0x49, 0x6, 0x9a, 0x28, 
0x91, 0x23, 0xfe, 0xcf, 0xe2, 0xda, 0xa0, 0x71, 
0xec, 0xcd, 0xfe, 0xb8, 0x77, 0xa3, 0xd9, 0xe6, 
0x19, 0x9f, 0x9c, 0x8, 0x50, 0x39, 0x13, 0xd2, 
0x63, 0x45, 0xac, 0x3a, 0x5b, 0xca, 0xb8, 0x93, 
0x58, 0xfa, 0x71, 0xd5, 0xb8, 0x15, 0xa4, 0x38, 
0xe4, 0x2f, 0xef, 0x53, 0x6f, 0x63, 0xe2, 0x3a, 
0xed, 0x63, 0xc4, 0x7e, 0xb7, 0x55, 0xcb, 0x71, 
0xc4, 0x0, 0x2f, 0xda, 0x53, 0xde, 0xbb, 0x75, 
0x5f, 0x1e, 0xf6, 0xce, 0x44, 0x8d, 0x2f, 0x9, 
0x96, 0xfa, 0x85, 0x85, 0x96, 0x69, 0xed, 0xe8, 
0xa0, 0xc7, 0xa5, 0x4b, 0xd0, 0x95, 0x35, 0xb1, 
0xe5, 0xb2, 0xd0, 0x1e, 0x25, 0xa7, 0xae, 0xe5, 
0x15, 0xae, 0xa6, 0x49, 0xc4, 0x2d, 0xa2, 0x0, 
0x8c, 0xc, 0x12, 0xa6, 0x6a, 0x25, 0x92, 0x60, 
0x3a, 0xad, 0xb2, 0xd2, 0xbd, 0x83, 0x5f, 0x54, 
0xd1, 0x41, 0x7b, 0x71, 0xe0, 0x35, 0xfb, 0xa, 
0x93, 0x70, 0xa4, 0x63, 0x2d, 0x2d, 0xbb, 0xe3, 
0x6b, 0xb1, 0x8b, 0xcb, 0xd5, 0x34, 0xe3, 0xa6, 
0xf3, 0x7b, 0xe9, 0xb, 0x57, 0x41, 0x9, 0xe3, 
0xc8, 0x2b, 0x72, 0x2f, 0xd8, 0xa4, 0xb6, 0x9e, 
0xca, 0x36, 0xd7, 0xe2, 0xcc, 0xee, 0x43, 0x2e, 
0x82, 0xca, 0xec, 0xec, 0xa7, 0x47, 0x3c, 0x59, 
0xfb, 0x4a, 0x20, 0xf0, 0x1f, 0xd0, 0x4c, 0xd7, 
0x22, 0x2e, 0xee, 0xbb, 0xb2, 0xc1, 0x51, 0x39 
}
gen input (decrypted) - 352 bytes:
{
0x7e, 0xfc, 0xc3, 0x6, 0xf4, 0x5b, 0x75, 0xf8, 
0xe2, 0x4b, 0x1e, 0xc, 0x2a, 0x81, 0x40, 0xd0, 
0x90, 0x79, 0x2c, 0x62, 0xd9, 0x93, 0x49, 0x83, 
0x2d, 0xeb, 0x2b, 0x4b, 0x48, 0xd5, 0x92, 0xdb, 
0x40, 0xa6, 0x13, 0x2e, 0xe9, 0x2f, 0x19, 0xb9, 
0x50, 0x9b, 0xb0, 0x5e, 0x85, 0xa1, 0xec, 0x5e, 
0x71, 0xeb, 0x95, 0xd4, 0x5e, 0x6, 0x1a, 0xce, 
0xe2, 0xf5, 0xd4, 0xb3, 0xcb, 0x12, 0xba, 0xda, 
0x1d, 0x8e, 0x78, 0xc5, 0x58, 0x2b, 0x99, 0x5f, 
0xa4, 0x9a, 0x66, 0x7b, 0xc2, 0x37, 0xe, 0xeb, 
0xe4, 0xc8, 0x2b, 0x8c, 0x67, 0x27, 0xf9, 0x51, 
0x73, 0xc6, 0x90, 0xfb, 0x7, 0x91, 0xd8, 0x42, 
0x10, 0xb0, 0x2d, 0x43, 0xac, 0x3c, 0xe1, 0x54, 
0xc1, 0xb3, 0xc6, 0xc4, 0xf4, 0xd0, 0xa5, 0x7, 
0x3f, 0xe7, 0xf2, 0x24, 0xa4, 0xce, 0x9d, 0xa7, 
0xb6, 0x11, 0xf3, 0x70, 0xab, 0xbf, 0xbe, 0x47, 
0x94, 0xd, 0xdb, 0x97, 0x9c, 0x4d, 0xf2, 0xb, 
0xe5, 0x19, 0xac, 0x90, 0xe2, 0xf6, 0x8a, 0xcb, 
0x41, 0x82, 0xba, 0x78, 0x34, 0xca, 0x66, 0x85, 
0x72, 0x3e, 0xa9, 0xe7, 0x77, 0xc, 0x47, 0x67, 
0x9a, 0x3e, 0xaf, 0xc7, 0xf, 0xed, 0xc0, 0x4b, 
0xda, 0x31, 0xd5, 0x97, 0x8c, 0xb2, 0x6c, 0x2e, 
0x5a, 0xbf, 0x65, 0xc0, 0x5d, 0x44, 0xa7, 0x7f, 
0x74, 0x3b, 0xfd, 0xd6, 0xfa, 0xde, 0x1b, 0x29, 
0x2b, 0x8a, 0x30, 0xd8, 0xb2, 0x75, 0xcc, 0x75, 
0xd7, 0x86, 0x47, 0x6d, 0xbd, 0xe2, 0x86, 0xf7, 
0xe1, 0x88, 0x78, 0x5b, 0xec, 0xde, 0x33, 0xfa, 
0x65, 0x54, 0xa, 0xd3, 0x14, 0x7, 0x4f, 0x85, 
0x38, 0x6, 0x2a, 0x4e, 0x13, 0x2a, 0x3f, 0x4f, 
0xf5, 0xf1, 0x65, 0xab, 0xe8, 0x26, 0x5, 0xc2, 
0x1b, 0x8d, 0x5b, 0x6d, 0x74, 0xe1, 0xce, 0x19, 
0x62, 0x7b, 0xd2, 0x5d, 0xf0, 0xe0, 0xb4, 0x3f, 
0x95, 0x9e, 0xbd, 0x1d, 0xb2, 0x65, 0x36, 0x1b, 
0x3b, 0xc2, 0x28, 0xc4, 0x50, 0xb1, 0x0, 0x8d, 
0x40, 0xff, 0xf0, 0x34, 0x88, 0xb8, 0x2, 0x37, 
0x56, 0xb1, 0x3a, 0x17, 0xfb, 0x40, 0xad, 0x67, 
0x9e, 0x73, 0x44, 0x9f, 0xb1, 0x3f, 0xdc, 0x7e, 
0x69, 0xab, 0x76, 0x39, 0x1e, 0x7c, 0x7f, 0xed, 
0xd6, 0x81, 0xb3, 0xc9, 0x57, 0x65, 0xb0, 0x49, 
0xa6, 0x3b, 0x89, 0x50, 0x99, 0x2c, 0x67, 0xf8, 
0x0, 0x1, 0x1, 0x1, 0x0, 0x1, 0x1, 0x1, 
0x0, 0x0, 0x0, 0x1, 0x0, 0x1, 0x0, 0x0, 
0x0, 0x1, 0x1, 0x1, 0x1, 0x0, 0x0, 0x1, 
0x1, 0x0, 0x0, 0x0, 0x0, 0x0, 0x0, 0x0 
}
gengc - 640 bytes:
{
0x0, 0x0, 0x0, 0x0, 0x0, 0x0, 0x0, 0x0, 
0x0, 0x0, 0x0, 0x0, 0x0, 0x0, 0x0, 0x0, 
0x0, 0x0, 0x0, 0x0, 0x0, 0x0, 0x0, 0x0, 
0x0, 0x0, 0x0, 0x0, 0x0, 0x0, 0x0, 0x0, 
0x0, 0x0, 0x0, 0x0, 0x0, 0x0, 0x0, 0x0, 
0x0, 0x0, 0x0, 0x0, 0x0, 0x0, 0x0, 0x0, 
0x0, 0x0, 0x0, 0x0, 0x0, 0x0, 0x0, 0x0, 
0x0, 0x0, 0x0, 0x0, 0x0, 0x0, 0x0, 0x0, 
0x0, 0x0, 0x0, 0x0, 0x0, 0x0, 0x0, 0x0, 
0x0, 0x0, 0x0, 0x0, 0x0, 0x0, 0x0, 0x0, 
0x0, 0x0, 0x0, 0x0, 0x0, 0x0, 0x0, 0x0, 
0x0, 0x0, 0x0, 0x0, 0x0, 0x0, 0x0, 0x0, 
0x0, 0x0, 0x0, 0x0, 0x0, 0x0, 0x0, 0x0, 
0x0, 0x0, 0x0, 0x0, 0x0, 0x0, 0x0, 0x0, 
0x0, 0x0, 0x0, 0x0, 0x0, 0x0, 0x0, 0x0, 
0x0, 0x0, 0x0, 0x0, 0x0, 0x0, 0x0, 0x0, 
0x0, 0x0, 0x0, 0x0, 0x0, 0x0, 0x0, 0x0, 
0x0, 0x0, 0x0, 0x0, 0x0, 0x0, 0x0, 0x0, 
0x0, 0x0, 0x0, 0x0, 0x0, 0x0, 0x0, 0x0, 
0x0, 0x0, 0x0, 0x0, 0x0, 0x0, 0x0, 0x0, 
0x0, 0x0, 0x0, 0x0, 0x0, 0x0, 0x0, 0x0, 
0x0, 0x0, 0x0, 0x0, 0x0, 0x0, 0x0, 0x0, 
0x0, 0x0, 0x0, 0x0, 0x0, 0x0, 0x0, 0x0, 
0x0, 0x0, 0x0, 0x0, 0x0, 0x0, 0x0, 0x0, 
0x0, 0x0, 0x0, 0x0, 0x0, 0x0, 0x0, 0x0, 
0x0, 0x0, 0x0, 0x0, 0x0, 0x0, 0x0, 0x0, 
0x0, 0x0, 0x0, 0x0, 0x0, 0x0, 0x0, 0x0, 
0x0, 0x0, 0x0, 0x0, 0x0, 0x0, 0x0, 0x0, 
0x0, 0x0, 0x0, 0x0, 0x0, 0x0, 0x0, 0x0, 
0x0, 0x0, 0x0, 0x0, 0x0, 0x0, 0x0, 0x0, 
0x0, 0x0, 0x0, 0x0, 0x0, 0x0, 0x0, 0x0, 
0x0, 0x0, 0x0, 0x0, 0x0, 0x0, 0x0, 0x0, 
0x0, 0x0, 0x0, 0x0, 0x0, 0x0, 0x0, 0x0, 
0x0, 0x0, 0x0, 0x0, 0x0, 0x0, 0x0, 0x0, 
0x0, 0x0, 0x0, 0x0, 0x0, 0x0, 0x0, 0x0, 
0x0, 0x0, 0x0, 0x0, 0x0, 0x0, 0x0, 0x0, 
0x0, 0x0, 0x0, 0x0, 0x0, 0x0, 0x0, 0x0, 
0x0, 0x0, 0x0, 0x0, 0x0, 0x0, 0x0, 0x0, 
0x0, 0x0, 0x0, 0x0, 0x0, 0x0, 0x0, 0x0, 
0x0, 0x0, 0x0, 0x0, 0x0, 0x0, 0x0, 0x0, 
0x0, 0x0, 0x0, 0x0, 0x0, 0x0, 0x0, 0x0, 
0x0, 0x0, 0x0, 0x0, 0x0, 0x0, 0x0, 0x0, 
0x0, 0x0, 0x0, 0x0, 0x0, 0x0, 0x0, 0x0, 
0x0, 0x0, 0x0, 0x0, 0x0, 0x0, 0x0, 0x0, 
0x0, 0x0, 0x0, 0x0, 0x0, 0x0, 0x0, 0x0, 
0x0, 0x0, 0x0, 0x0, 0x0, 0x0, 0x0, 0x0, 
0x0, 0x0, 0x0, 0x0, 0x0, 0x0, 0x0, 0x0, 
0x0, 0x0, 0x0, 0x0, 0x0, 0x0, 0x0, 0x0, 
0x0, 0x0, 0x0, 0x0, 0x0, 0x0, 0x0, 0x0, 
0x0, 0x0, 0x0, 0x0, 0x0, 0x0, 0x0, 0x0, 
0x0, 0x0, 0x0, 0x0, 0x0, 0x0, 0x0, 0x0, 
0x0, 0x0, 0x0, 0x0, 0x0, 0x0, 0x0, 0x0, 
0x0, 0x0, 0x0, 0x0, 0x0, 0x0, 0x0, 0x0, 
0x0, 0x0, 0x0, 0x0, 0x0, 0x0, 0x0, 0x0, 
0x0, 0x0, 0x0, 0x0, 0x0, 0x0, 0x0, 0x0, 
0x0, 0x0, 0x0, 0x0, 0x0, 0x0, 0x0, 0x0, 
0x0, 0x0, 0x0, 0x0, 0x0, 0x0, 0x0, 0x0, 
0x0, 0x0, 0x0, 0x0, 0x0, 0x0, 0x0, 0x0, 
0x0, 0x0, 0x0, 0x0, 0x0, 0x0, 0x0, 0x0, 
0x0, 0x0, 0x0, 0x0, 0x0, 0x0, 0x0, 0x0, 
0x0, 0x0, 0x0, 0x0, 0x0, 0x0, 0x0, 0x0, 
0x0, 0x0, 0x0, 0x0, 0x0, 0x0, 0x0, 0x0, 
0x0, 0x0, 0x0, 0x0, 0x0, 0x0, 0x0, 0x0, 
0x0, 0x0, 0x0, 0x0, 0x0, 0x0, 0x0, 0x0, 
0x0, 0x0, 0x0, 0x0, 0x0, 0x0, 0x0, 0x0, 
0x0, 0x0, 0x0, 0x0, 0x0, 0x0, 0x0, 0x0, 
0x0, 0x0, 0x0, 0x0, 0x0, 0x0, 0x0, 0x0, 
0x0, 0x0, 0x0, 0x0, 0x0, 0x0, 0x0, 0x0, 
0x0, 0x0, 0x0, 0x0, 0x0, 0x0, 0x0, 0x0, 
0x0, 0x0, 0x0, 0x0, 0x0, 0x0, 0x0, 0x0, 
0x0, 0x0, 0x0, 0x0, 0x0, 0x0, 0x0, 0x0, 
0x0, 0x0, 0x0, 0x0, 0x0, 0x0, 0x0, 0x0, 
0x0, 0x0, 0x0, 0x0, 0x0, 0x0, 0x0, 0x0, 
0x0, 0x0, 0x0, 0x0, 0x0, 0x0, 0x0, 0x0, 
0x0, 0x0, 0x0, 0x0, 0x0, 0x0, 0x0, 0x0, 
0x0, 0x0, 0x0, 0x0, 0x0, 0x0, 0x0, 0x0, 
0x0, 0x0, 0x0, 0x0, 0x0, 0x0, 0x0, 0x0, 
0x0, 0x0, 0x0, 0x0, 0x0, 0x0, 0x0, 0x0, 
0x0, 0x0, 0x0, 0x0, 0x0, 0x0, 0x0, 0x0, 
0x0, 0x0, 0x0, 0x0, 0x0, 0x0, 0x0, 0x0 
}
evlgc - 320 bytes:
{
0x7e, 0xfc, 0xc3, 0x6, 0xf4, 0x5b, 0x75, 0xf8, 
0xe2, 0x4b, 0x1e, 0xc, 0x2a, 0x81, 0x40, 0xd0, 
0x90, 0x79, 0x2c, 0x62, 0xd9, 0x93, 0x49, 0x83, 
0x2d, 0xeb, 0x2b, 0x4b, 0x48, 0xd5, 0x92, 0xdb, 
0x40, 0xa6, 0x13, 0x2e, 0xe9, 0x2f, 0x19, 0xb9, 
0x50, 0x9b, 0xb0, 0x5e, 0x85, 0xa1, 0xec, 0x5e, 
0x71, 0xeb, 0x95, 0xd4, 0x5e, 0x6, 0x1a, 0xce, 
0xe2, 0xf5, 0xd4, 0xb3, 0xcb, 0x12, 0xba, 0xda, 
0x1d, 0x8e, 0x78, 0xc5, 0x58, 0x2b, 0x99, 0x5f, 
0xa4, 0x9a, 0x66, 0x7b, 0xc2, 0x37, 0xe, 0xeb, 
0xe4, 0xc8, 0x2b, 0x8c, 0x67, 0x27, 0xf9, 0x51, 
0x73, 0xc6, 0x90, 0xfb, 0x7, 0x91, 0xd8, 0x42, 
0x10, 0xb0, 0x2d, 0x43, 0xac, 0x3c, 0xe1, 0x54, 
0xc1, 0xb3, 0xc6, 0xc4, 0xf4, 0xd0, 0xa5, 0x7, 
0x3f, 0xe7, 0xf2, 0x24, 0xa4, 0xce, 0x9d, 0xa7, 
0xb6, 0x11, 0xf3, 0x70, 0xab, 0xbf, 0xbe, 0x47, 
0x94, 0xd, 0xdb, 0x97, 0x9c, 0x4d, 0xf2, 0xb, 
0xe5, 0x19, 0xac, 0x90, 0xe2, 0xf6, 0x8a, 0xcb, 
0x41, 0x82, 0xba, 0x78, 0x34, 0xca, 0x66, 0x85, 
0x72, 0x3e, 0xa9, 0xe7, 0x77, 0xc, 0x47, 0x67, 
0x9a, 0x3e, 0xaf, 0xc7, 0xf, 0xed, 0xc0, 0x4b, 
0xda, 0x31, 0xd5, 0x97, 0x8c, 0xb2, 0x6c, 0x2e, 
0x5a, 0xbf, 0x65, 0xc0, 0x5d, 0x44, 0xa7, 0x7f, 
0x74, 0x3b, 0xfd, 0xd6, 0xfa, 0xde, 0x1b, 0x29, 
0x2b, 0x8a, 0x30, 0xd8, 0xb2, 0x75, 0xcc, 0x75, 
0xd7, 0x86, 0x47, 0x6d, 0xbd, 0xe2, 0x86, 0xf7, 
0xe1, 0x88, 0x78, 0x5b, 0xec, 0xde, 0x33, 0xfa, 
0x65, 0x54, 0xa, 0xd3, 0x14, 0x7, 0x4f, 0x85, 
0x38, 0x6, 0x2a, 0x4e, 0x13, 0x2a, 0x3f, 0x4f, 
0xf5, 0xf1, 0x65, 0xab, 0xe8, 0x26, 0x5, 0xc2, 
0x1b, 0x8d, 0x5b, 0x6d, 0x74, 0xe1, 0xce, 0x19, 
0x62, 0x7b, 0xd2, 0x5d, 0xf0, 0xe0, 0xb4, 0x3f, 
0x95, 0x9e, 0xbd, 0x1d, 0xb2, 0x65, 0x36, 0x1b, 
0x3b, 0xc2, 0x28, 0xc4, 0x50, 0xb1, 0x0, 0x8d, 
0x40, 0xff, 0xf0, 0x34, 0x88, 0xb8, 0x2, 0x37, 
0x56, 0xb1, 0x3a, 0x17, 0xfb, 0x40, 0xad, 0x67, 
0x9e, 0x73, 0x44, 0x9f, 0xb1, 0x3f, 0xdc, 0x7e, 
0x69, 0xab, 0x76, 0x39, 0x1e, 0x7c, 0x7f, 0xed, 
0xd6, 0x81, 0xb3, 0xc9, 0x57, 0x65, 0xb0, 0x49, 
0xa6, 0x3b, 0x89, 0x50, 0x99, 0x2c, 0x67, 0xf8 
}
permutes - 32 bytes:
{
0x0, 0x1, 0x1, 0x1, 0x0, 0x1, 0x1, 0x1, 
0x0, 0x0, 0x0, 0x1, 0x0, 0x1, 0x0, 0x0, 
0x0, 0x1, 0x1, 0x1, 0x1, 0x0, 0x0, 0x1, 
0x1, 0x0, 0x0, 0x0, 0x0, 0x0, 0x0, 0x0 
}
trans-info: starting Yao dj...
EVL (0:127.0.1.1) is connecting (10.245.44.45) at port 5000
EVL (0:127.0.1.1) succeeded connecting
trans-debug: startProgram done
trans-debug: rebuildInput2 done
EVL  input:  
EVL output: 0A000900080007000600050004000300020001000000FFFFFFFFFFFFFFFFFFFFFFFFFFFFFFFFFFFF 
4339
trans-debug: runProgram done

YAO output:
trans-info: evaluation done
trans-debug: transition done with old|next|current states: SMC_SGX_STM_INPUT_SENT|SMC_SGX_STM_INPUT_SENT|SMC_SGX_STM_INPUT_SENT
send-debug: receiving header 8 bytes (got 0/8 already)
send-debug: got message tag [6], len [8]
send-debug: receiving msg 8 bytes (got 0/8 already)
eval-debug: got completed message
trans-debug: into handle_result, len 8, buf 0x0x7f1969249808
trans-info: evaluation done
trans-debug: transition done with old|next|current states: SMC_SGX_STM_INPUT_SENT|SMC_SGX_STM_RES_RECVD|SMC_SGX_STM_INIT
sender: cleaning up
root@sgx-HP-ENVY-x360-m6-Convertible:~/git/sgxsfe# 














root@sgx-HP-ENVY-x360-m6-Convertible:~/git/sgxsfe# ./evaluator -d -y 2
smcsgx: evaluator pid [24151]
evaluator: built on Jul 28 2016
evaluator: config
  mil - size 32 (1024 *32)
   uc - G 1000, P 350, I 250, O 1000
   dj - nodes 6 (edges 4)
   db - size 900, queries 900
   db-hyb - size 475 (25 sec), queries 2500, wire ./yao/TestPrograms/smalldb25.wir
   dj-hyb - node 50, supernode 5, wire ./yao/TestPrograms/hybridtest.wir
   DISABLE_NAGLE=y
evaluator: enable debug
evaluator: use the YAO hybrid model
evaluator: hybrid testing case 2
evaluator: waiting for new connection...
evaluator: established connection with localhost (127.0.0.1)
mysgx-info: enclave is created
mysgx-info: enclave-ra is created
evaluator: sgx initialized
YAO oram/db evl input -
0 0 0 0 0 0 0 0 0 0 0 0 0 0 0 0 0 0 0 0 0 0 0 0 0 0 0 0 0 0 0 0 0 0 0 0 0 0 0 0 0 0 0 0 0 0 0 0 0 0 0 0 0 0 0 0 0 0 0 0 0 0 0 0 0 0 0 0 0 0 0 0 0 0 0 0 0 0 0 0 0 0 0 0 0 0 0 0 0 0 0 0 0 0 0 0 0 0 0 0 0 0 0 0 0 0 0 0 0 0 0 0 0 0 0 0 0 0 0 0 0 0 0 0 0 0 0 0 0 0 0 0 0 0 0 0 0 0 0 0 0 0 0 0 0 0 0 0 0 0 0 0 0 0 0 0 0 0 0 0 0 0 0 0 0 0 0 0 0 0 0 0 0 0 0 0 0 0 0 0 0 0 0 0 0 0 0 0 0 0 0 0 0 0 0 0 0 0 0 0 0 0 0 0 0 0 0 0 0 0 0 0 0 0 0 0 0 0 0 0 0 0 0 0 0 0 0 0 0 0 0 0 0 0 0 0 0 0 0 0 0 0 0 0 0 0 0 0 0 0 0 0 0 0 0 0 0 0 0 0 0 0 0 0 0 0 0 0 0 0 0 0 0 0 0 0 0 0 0 0 0 0 0 0 0 0 0 0 0 0 0 0 0 0 0 0 0 0 0 0 0 0 0 0 0 0 0 0 0 0 0 0 0 0 0 0 0 0 0 0 0 0 0 0 0 0 0 0 0 0 0 0 0 0 0 0 0 0 0 0 0 0 0 0 0 0 0 0 0 0 0 0 0 0 0 0 0 0 0 0 0 0 0 0 0 0 0 0 0 0 0 0 0 0 0 0 0 0 0 0 0 0 0 0 0 0 0 0 0 0 0 0 0 0 0 0 0 0 0 0 0 0 0 0 0 0 0 0 0 0 0 0 0 0 0 0 0 0 0 0 0 0 0 0 0 0 0 0 0 0 0 0 0 0 0 0 0 0 0 0 0 0 0 0 0 0 0 0 0 0 0 0 0 0 0 0 0 0 0 0 0 0 0 0 0 0 0 0 0 0 0 0 0 0 0 0 0 0 0 0 0 0 0 0 0 0 0 0 0 0 0 0 0 0 0 0 0 0 0 0 0 0 0 0 0 0 0 0 0 0 0 0 0 0 0 0 0 0 0 0 0 0 0 0 0 0 0 0 0 0 0 0 0 0 0 0 0 0 0 0 0 0 0 0 0 0 0 0 0 0 0 0 0 0 0 0 0 0 0 0 0 0 0 0 0 0 0 0 0 0 0 0 0 0 0 0 0 0 0 0 0 0 0 0 0 0 0 0 0 0 0 0 0 0 0 0 0 0 0 0 0 0 0 0 0 0 0 0 0 0 0 0 0 0 0 0 0 0 0 0 0 0 0 0 0 0 0 0 0 0 0 0 0 0 0 0 0 0 0 0 0 0 0 0 0 0 0 0 0 0 0 0 0 0 0 0 0 0 0 0 0 0 0 0 0 0 0 0 0 0 0 0 0 0 0 0 0 0 0 0 0 0 0 0 0 0 0 0 0 0 0 0 0 0 0 0 0 0 0 0 0 0 0 0 0 0 0 0 0 0 0 0 0 0 0 0 0 0 0 0 0 0 0 0 0 0 0 0 0 0 0 0 0 0 0 0 0 0 0 0 0 0 0 0 0 0 0 0 0 0 0 0 0 0 0 0 0 0 0 0 0 0 0 0 0 0 0 0 0 0 0 0 0 0 0 0 0 0 0 0 0 0 0 0 0 0 0 0 0 0 0 0 0 0 0 0 0 0 0 0 0 0 0 0 0 0 0 0 0 0 0 0 0 0 0 0 0 0 0 0 0 0 0 0 0 0 0 0 0 0 0 0 0 0 0 0 0 0 0 0 0 0 0 0 0 0 0 0 0 0 0 0 0 0 0 0 0 0 0 0 0 0 0 0 0 0 0 0 0 0 0 0 0 0 0 0 0 0 0 0 0 0 0 0 0 0 0 0 0 0 0 0 0 0 0 0 0 0 0 0 0 0 0 0 0 0 0 0 0 0 0 0 0 0 0 0 0 0 0 0 0 0 0 0 0 0 0 0 0 0 0 0 0 0 0 0 0 0 0 0 0 0 0 0 0 0 0 0 0 0 
YAO dijkstra evl input -
0 44 
eval-debug: receiving header 8 bytes (got 0/8 already)
eval-debug: got message tag [0], len [20]
eval-debug: receiving msg 20 bytes (got 0/20 already)
eval-debug: got completed message
trans-debug: into handle_att_nonce, len 20, buf 0x0x7fecd8047808
MSG1 ga - 64 bytes:
{
0xad, 0x5c, 0x7f, 0xe9, 0x62, 0x4c, 0x1b, 0x19, 
0x71, 0xa2, 0xd0, 0xc, 0x77, 0x94, 0x80, 0x2e, 
0xfa, 0x91, 0xa5, 0x43, 0x8a, 0xf8, 0x3e, 0xb9, 
0x2e, 0x1f, 0xf1, 0x8d, 0xf, 0xbd, 0x6e, 0x85, 
0x29, 0x1a, 0xa4, 0x22, 0x34, 0xcb, 0x59, 0x1d, 
0x3b, 0x6e, 0x2a, 0xd7, 0x37, 0x54, 0x9, 0xfc, 
0x69, 0x8, 0x1c, 0x96, 0x29, 0x22, 0x78, 0xdf, 
0x4d, 0x61, 0xf9, 0xd8, 0x77, 0xa5, 0x56, 0x6b 
}
MSG1 gid - 4 bytes:
{
0x93, 0x2, 0x0, 0x0 
}
68 bytes:
{
0xad, 0x5c, 0x7f, 0xe9, 0x62, 0x4c, 0x1b, 0x19, 
0x71, 0xa2, 0xd0, 0xc, 0x77, 0x94, 0x80, 0x2e, 
0xfa, 0x91, 0xa5, 0x43, 0x8a, 0xf8, 0x3e, 0xb9, 
0x2e, 0x1f, 0xf1, 0x8d, 0xf, 0xbd, 0x6e, 0x85, 
0x29, 0x1a, 0xa4, 0x22, 0x34, 0xcb, 0x59, 0x1d, 
0x3b, 0x6e, 0x2a, 0xd7, 0x37, 0x54, 0x9, 0xfc, 
0x69, 0x8, 0x1c, 0x96, 0x29, 0x22, 0x78, 0xdf, 
0x4d, 0x61, 0xf9, 0xd8, 0x77, 0xa5, 0x56, 0x6b, 
0x93, 0x2, 0x0, 0x0 
}
trans-info: waiting for S2 from sender...
trans-debug: transition done with old|next|current states: SMC_SGX_STM_INIT|SMC_SGX_STM_ATT_RECVD|SMC_SGX_STM_ATT_S1_SENT
eval-debug: receiving header 8 bytes (got 0/8 already)
eval-debug: got message tag [2], len [168]
eval-debug: receiving msg 168 bytes (got 0/168 already)
eval-debug: got completed message
trans-debug: into handle_att_S2, len 168, buf 0x0x7fecd8047808
168 bytes:
{
0x6a, 0x83, 0xdc, 0x84, 0xd4, 0x4c, 0x8a, 0xbb, 
0x5e, 0x42, 0xaf, 0xee, 0x8d, 0xe9, 0xf4, 0x57, 
0x71, 0xfd, 0x73, 0x66, 0xd7, 0xfa, 0xad, 0xfa, 
0xf2, 0x17, 0x14, 0xdd, 0x5a, 0xb9, 0x9e, 0x97, 
0x79, 0xa7, 0x38, 0x72, 0xf2, 0xb8, 0xd6, 0xbe, 
0x18, 0x91, 0x7f, 0xf7, 0xb5, 0xd3, 0xe5, 0x64, 
0x9b, 0x12, 0x18, 0xaf, 0x39, 0x29, 0x6c, 0x24, 
0x19, 0x38, 0x29, 0xb, 0xc6, 0xac, 0xc, 0x62, 
0x64, 0x61, 0x76, 0x65, 0x74, 0x69, 0x0, 0x0, 
0x0, 0x0, 0x0, 0x0, 0x0, 0x0, 0x0, 0x0, 
0x1, 0x0, 0x1, 0x0, 0x6a, 0x83, 0xdc, 0x84, 
0xd4, 0x4c, 0x8a, 0xbb, 0x5e, 0x42, 0xaf, 0xee, 
0x8d, 0xe9, 0xf4, 0x57, 0x71, 0xfd, 0x73, 0x66, 
0xd7, 0xfa, 0xad, 0xfa, 0xf2, 0x17, 0x14, 0xdd, 
0x5a, 0xb9, 0x9e, 0x97, 0x2b, 0x6a, 0x5, 0x94, 
0xdf, 0x38, 0xa1, 0x66, 0x58, 0xfb, 0x70, 0x83, 
0xb0, 0xab, 0x3b, 0x38, 0x43, 0xea, 0x94, 0x90, 
0x5d, 0x3e, 0xf4, 0x4c, 0xca, 0xaf, 0xdd, 0x9f, 
0xd3, 0x94, 0x5b, 0xe4, 0xd8, 0xaa, 0xa9, 0x23, 
0x78, 0x15, 0x1e, 0x84, 0xa, 0x62, 0xbe, 0xee, 
0x72, 0x9e, 0xf1, 0x4, 0x0, 0x0, 0x0, 0x0 
}
MSG2 gb - 64 bytes:
{
0x6a, 0x83, 0xdc, 0x84, 0xd4, 0x4c, 0x8a, 0xbb, 
0x5e, 0x42, 0xaf, 0xee, 0x8d, 0xe9, 0xf4, 0x57, 
0x71, 0xfd, 0x73, 0x66, 0xd7, 0xfa, 0xad, 0xfa, 
0xf2, 0x17, 0x14, 0xdd, 0x5a, 0xb9, 0x9e, 0x97, 
0x79, 0xa7, 0x38, 0x72, 0xf2, 0xb8, 0xd6, 0xbe, 
0x18, 0x91, 0x7f, 0xf7, 0xb5, 0xd3, 0xe5, 0x64, 
0x9b, 0x12, 0x18, 0xaf, 0x39, 0x29, 0x6c, 0x24, 
0x19, 0x38, 0x29, 0xb, 0xc6, 0xac, 0xc, 0x62 
}
MSG2 spid - 16 bytes:
{
0x64, 0x61, 0x76, 0x65, 0x74, 0x69, 0x0, 0x0, 
0x0, 0x0, 0x0, 0x0, 0x0, 0x0, 0x0, 0x0 
}
MSG2 sign_gb_ga - 64 bytes:
{
0x6a, 0x83, 0xdc, 0x84, 0xd4, 0x4c, 0x8a, 0xbb, 
0x5e, 0x42, 0xaf, 0xee, 0x8d, 0xe9, 0xf4, 0x57, 
0x71, 0xfd, 0x73, 0x66, 0xd7, 0xfa, 0xad, 0xfa, 
0xf2, 0x17, 0x14, 0xdd, 0x5a, 0xb9, 0x9e, 0x97, 
0x2b, 0x6a, 0x5, 0x94, 0xdf, 0x38, 0xa1, 0x66, 
0x58, 0xfb, 0x70, 0x83, 0xb0, 0xab, 0x3b, 0x38, 
0x43, 0xea, 0x94, 0x90, 0x5d, 0x3e, 0xf4, 0x4c, 
0xca, 0xaf, 0xdd, 0x9f, 0xd3, 0x94, 0x5b, 0xe4 
}
MSG2 mac - 16 bytes:
{
0xd8, 0xaa, 0xa9, 0x23, 0x78, 0x15, 0x1e, 0x84, 
0xa, 0x62, 0xbe, 0xee, 0x72, 0x9e, 0xf1, 0x4 
}
MSG2 sig_rl - Error: null input
1452 bytes:
{
0x44, 0xe8, 0x4f, 0xbb, 0xaf, 0x71, 0xdc, 0xa9, 
0x20, 0x75, 0x1, 0x3a, 0xc2, 0xe0, 0xc9, 0x12, 
0xad, 0x5c, 0x7f, 0xe9, 0x62, 0x4c, 0x1b, 0x19, 
0x71, 0xa2, 0xd0, 0xc, 0x77, 0x94, 0x80, 0x2e, 
0xfa, 0x91, 0xa5, 0x43, 0x8a, 0xf8, 0x3e, 0xb9, 
0x2e, 0x1f, 0xf1, 0x8d, 0xf, 0xbd, 0x6e, 0x85, 
0x29, 0x1a, 0xa4, 0x22, 0x34, 0xcb, 0x59, 0x1d, 
0x3b, 0x6e, 0x2a, 0xd7, 0x37, 0x54, 0x9, 0xfc, 
0x69, 0x8, 0x1c, 0x96, 0x29, 0x22, 0x78, 0xdf, 
0x4d, 0x61, 0xf9, 0xd8, 0x77, 0xa5, 0x56, 0x6b, 
0x0, 0x0, 0x0, 0x0, 0x0, 0x0, 0x0, 0x0, 
0x0, 0x0, 0x0, 0x0, 0x0, 0x0, 0x0, 0x0, 
0x0, 0x0, 0x0, 0x0, 0x0, 0x0, 0x0, 0x0, 
0x0, 0x0, 0x0, 0x0, 0x0, 0x0, 0x0, 0x0, 
0x0, 0x0, 0x0, 0x0, 0x0, 0x0, 0x0, 0x0, 
0x0, 0x0, 0x0, 0x0, 0x0, 0x0, 0x0, 0x0, 
0x0, 0x0, 0x0, 0x0, 0x0, 0x0, 0x0, 0x0, 
0x0, 0x0, 0x0, 0x0, 0x0, 0x0, 0x0, 0x0, 
0x0, 0x0, 0x0, 0x0, 0x0, 0x0, 0x0, 0x0, 
0x0, 0x0, 0x0, 0x0, 0x0, 0x0, 0x0, 0x0, 
0x0, 0x0, 0x0, 0x0, 0x0, 0x0, 0x0, 0x0, 
0x0, 0x0, 0x0, 0x0, 0x0, 0x0, 0x0, 0x0, 
0x0, 0x0, 0x0, 0x0, 0x0, 0x0, 0x0, 0x0, 
0x0, 0x0, 0x0, 0x0, 0x0, 0x0, 0x0, 0x0, 
0x0, 0x0, 0x0, 0x0, 0x0, 0x0, 0x0, 0x0, 
0x0, 0x0, 0x0, 0x0, 0x0, 0x0, 0x0, 0x0, 
0x0, 0x0, 0x0, 0x0, 0x0, 0x0, 0x0, 0x0, 
0x0, 0x0, 0x0, 0x0, 0x0, 0x0, 0x0, 0x0, 
0x0, 0x0, 0x0, 0x0, 0x0, 0x0, 0x0, 0x0, 
0x0, 0x0, 0x0, 0x0, 0x0, 0x0, 0x0, 0x0, 
0x0, 0x0, 0x0, 0x0, 0x0, 0x0, 0x0, 0x0, 
0x0, 0x0, 0x0, 0x0, 0x0, 0x0, 0x0, 0x0, 
0x0, 0x0, 0x0, 0x0, 0x0, 0x0, 0x0, 0x0, 
0x0, 0x0, 0x0, 0x0, 0x0, 0x0, 0x0, 0x0, 
0x0, 0x0, 0x0, 0x0, 0x0, 0x0, 0x0, 0x0, 
0x0, 0x0, 0x0, 0x0, 0x0, 0x0, 0x0, 0x0, 
0x0, 0x0, 0x0, 0x0, 0x0, 0x0, 0x0, 0x0, 
0x0, 0x0, 0x0, 0x0, 0x0, 0x0, 0x0, 0x0, 
0x0, 0x0, 0x0, 0x0, 0x0, 0x0, 0x0, 0x0, 
0x0, 0x0, 0x0, 0x0, 0x0, 0x0, 0x0, 0x0, 
0x0, 0x0, 0x0, 0x0, 0x0, 0x0, 0x0, 0x0, 
0x0, 0x0, 0x0, 0x0, 0x0, 0x0, 0x0, 0x0, 
0x1, 0x0, 0x1, 0x0, 0x93, 0x2, 0x0, 0x0, 
0x4, 0x0, 0x0, 0x0, 0x0, 0x0, 0x0, 0x0, 
0x64, 0x61, 0x76, 0x65, 0x74, 0x69, 0x0, 0x0, 
0x0, 0x0, 0x0, 0x0, 0x0, 0x0, 0x0, 0x0, 
0x0, 0x0, 0x0, 0x0, 0x0, 0x0, 0x0, 0x0, 
0x0, 0x0, 0x0, 0x0, 0x0, 0x0, 0x0, 0x0, 
0x2, 0x2, 0x2, 0xff, 0xff, 0xff, 0x0, 0x0, 
0x0, 0x0, 0x0, 0x0, 0x0, 0x0, 0x0, 0x0, 
0x0, 0x0, 0x0, 0x0, 0x0, 0x0, 0x0, 0x0, 
0x0, 0x0, 0x0, 0x0, 0x0, 0x0, 0x0, 0x0, 
0x0, 0x0, 0x0, 0x0, 0x0, 0x0, 0x0, 0x0, 
0x0, 0x0, 0x0, 0x0, 0x0, 0x0, 0x0, 0x0, 
0x7, 0x0, 0x0, 0x0, 0x0, 0x0, 0x0, 0x0, 
0x7, 0x0, 0x0, 0x0, 0x0, 0x0, 0x0, 0x0, 
0xff, 0xb5, 0xc7, 0x7c, 0x4, 0xd6, 0x50, 0x1, 
0xf4, 0x9, 0x37, 0xde, 0xa4, 0x6c, 0x12, 0x96, 
0x67, 0xaa, 0xe2, 0x1b, 0x7a, 0x9a, 0xc4, 0x97, 
0xe9, 0x1b, 0x5b, 0x57, 0xa1, 0xc2, 0xd8, 0xdb, 
0x0, 0x0, 0x0, 0x0, 0x0, 0x0, 0x0, 0x0, 
0x0, 0x0, 0x0, 0x0, 0x0, 0x0, 0x0, 0x0, 
0x0, 0x0, 0x0, 0x0, 0x0, 0x0, 0x0, 0x0, 
0x0, 0x0, 0x0, 0x0, 0x0, 0x0, 0x0, 0x0, 
0x60, 0x27, 0x7a, 0xd2, 0xfd, 0xfc, 0x57, 0xe9, 
0x80, 0xe8, 0x76, 0xe7, 0xf8, 0x78, 0xac, 0x19, 
0x9, 0x88, 0xe, 0xa5, 0x38, 0x7, 0x95, 0xa7, 
0xe8, 0xea, 0x98, 0xb1, 0x57, 0x84, 0x1f, 0x85, 
0x0, 0x0, 0x0, 0x0, 0x0, 0x0, 0x0, 0x0, 
0x0, 0x0, 0x0, 0x0, 0x0, 0x0, 0x0, 0x0, 
0x0, 0x0, 0x0, 0x0, 0x0, 0x0, 0x0, 0x0, 
0x0, 0x0, 0x0, 0x0, 0x0, 0x0, 0x0, 0x0, 
0x0, 0x0, 0x0, 0x0, 0x0, 0x0, 0x0, 0x0, 
0x0, 0x0, 0x0, 0x0, 0x0, 0x0, 0x0, 0x0, 
0x0, 0x0, 0x0, 0x0, 0x0, 0x0, 0x0, 0x0, 
0x0, 0x0, 0x0, 0x0, 0x0, 0x0, 0x0, 0x0, 
0x0, 0x0, 0x0, 0x0, 0x0, 0x0, 0x0, 0x0, 
0x0, 0x0, 0x0, 0x0, 0x0, 0x0, 0x0, 0x0, 
0x0, 0x0, 0x0, 0x0, 0x0, 0x0, 0x0, 0x0, 
0x0, 0x0, 0x0, 0x0, 0x0, 0x0, 0x0, 0x0, 
0x0, 0x0, 0x0, 0x0, 0x0, 0x0, 0x0, 0x0, 
0x0, 0x0, 0x0, 0x0, 0x0, 0x0, 0x0, 0x0, 
0x0, 0x0, 0x0, 0x0, 0x0, 0x0, 0x0, 0x0, 
0x0, 0x0, 0x0, 0x0, 0x0, 0x0, 0x0, 0x0, 
0x0, 0x0, 0x0, 0x0, 0x0, 0x0, 0x0, 0x0, 
0x0, 0x0, 0x0, 0x0, 0x0, 0x0, 0x0, 0x0, 
0x0, 0x0, 0x0, 0x0, 0x0, 0x0, 0x0, 0x0, 
0x0, 0x0, 0x0, 0x0, 0x0, 0x0, 0x0, 0x0, 
0xc, 0x68, 0x26, 0x1d, 0x2f, 0xb9, 0x22, 0xde, 
0xe2, 0x5e, 0x8c, 0x11, 0x94, 0xa9, 0xcb, 0xd, 
0xa6, 0x16, 0x35, 0x40, 0x59, 0xc0, 0xfe, 0x1e, 
0x79, 0x33, 0xcf, 0x98, 0x8f, 0x52, 0xa5, 0x2e, 
0x0, 0x0, 0x0, 0x0, 0x0, 0x0, 0x0, 0x0, 
0x0, 0x0, 0x0, 0x0, 0x0, 0x0, 0x0, 0x0, 
0x0, 0x0, 0x0, 0x0, 0x0, 0x0, 0x0, 0x0, 
0x0, 0x0, 0x0, 0x0, 0x0, 0x0, 0x0, 0x0, 
0xa8, 0x2, 0x0, 0x0, 0xa9, 0x16, 0x94, 0x38, 
0x4a, 0x82, 0x46, 0x3, 0x76, 0x9f, 0xa6, 0x5b, 
0xf8, 0x1e, 0xf2, 0x4c, 0x22, 0x7, 0x90, 0x4b, 
0xb0, 0x17, 0xba, 0x57, 0x24, 0x3b, 0x40, 0x2, 
0x6f, 0x55, 0x45, 0x52, 0xcc, 0xb2, 0x90, 0x46, 
0xb8, 0xc4, 0x20, 0x17, 0x6e, 0xc9, 0xba, 0xc3, 
0x1c, 0x23, 0xcf, 0x71, 0x95, 0xc6, 0x1a, 0xc3, 
0xb, 0x2b, 0xf4, 0xa, 0x8e, 0x41, 0x68, 0xe1, 
0x4f, 0xac, 0x4e, 0xde, 0x4d, 0x38, 0x9f, 0xef, 
0x59, 0x6a, 0xd9, 0xec, 0x5e, 0x6c, 0x81, 0x1, 
0xe1, 0x1e, 0x43, 0xfd, 0xf2, 0xbf, 0xfa, 0x56, 
0xf5, 0x51, 0x87, 0xbe, 0x69, 0x90, 0x87, 0x9, 
0x5c, 0x2e, 0xb2, 0x52, 0x2f, 0xad, 0x8d, 0xcb, 
0x2e, 0xce, 0x2b, 0xe4, 0xaf, 0x64, 0xc6, 0xee, 
0xc2, 0xec, 0x78, 0x3a, 0xf1, 0xeb, 0x59, 0x86, 
0xf8, 0x7f, 0x10, 0xc2, 0xcb, 0xec, 0x32, 0x26, 
0x53, 0x8f, 0x25, 0xed, 0x7e, 0xc1, 0x50, 0xf1, 
0x1b, 0xe4, 0xc8, 0xed, 0x60, 0xfd, 0x1, 0x68, 
0x1, 0xfe, 0x74, 0xac, 0x92, 0x31, 0x99, 0xff, 
0x4b, 0x9c, 0xdd, 0x4c, 0x55, 0xbc, 0x56, 0xed, 
0xe2, 0xc0, 0x6a, 0xae, 0x13, 0x60, 0xb2, 0xa1, 
0x93, 0x89, 0x14, 0x31, 0x9, 0x2e, 0x78, 0xf6, 
0xec, 0xfe, 0x54, 0xf7, 0x90, 0x13, 0xbe, 0x30, 
0xda, 0x76, 0x28, 0xb, 0x40, 0xa3, 0xff, 0xa4, 
0xdc, 0xf3, 0x11, 0x6c, 0x82, 0xb3, 0x24, 0xe7, 
0xa4, 0x6f, 0xbc, 0xeb, 0x56, 0x4f, 0x38, 0xf2, 
0x25, 0xe0, 0x41, 0xe8, 0x70, 0xfb, 0xe6, 0xdd, 
0xaf, 0xa8, 0xee, 0x78, 0x1a, 0x80, 0xf9, 0x63, 
0x1e, 0x7e, 0xe6, 0x5f, 0x85, 0x5f, 0xbb, 0x8, 
0x43, 0xd8, 0x6a, 0x35, 0x3b, 0xf2, 0x20, 0xa0, 
0xe5, 0xb8, 0xb3, 0xc, 0xe5, 0x2c, 0x3c, 0xa4, 
0xd4, 0x5f, 0x94, 0x4e, 0x74, 0x57, 0xe6, 0xbc, 
0x8d, 0x0, 0xfb, 0x29, 0xa2, 0x6a, 0x35, 0x67, 
0xc8, 0x40, 0x2, 0x99, 0xb5, 0xf3, 0xfd, 0xc0, 
0x37, 0x13, 0x72, 0x82, 0x86, 0x75, 0xfe, 0xf8, 
0xcb, 0x65, 0xa3, 0x4c, 0x43, 0x8f, 0x12, 0x40, 
0xf4, 0xb4, 0x36, 0xff, 0x33, 0x7a, 0xa2, 0x69, 
0x3d, 0x29, 0x96, 0xec, 0xbc, 0xd4, 0x6e, 0xb4, 
0x68, 0x1, 0x0, 0x0, 0x8d, 0x47, 0x52, 0x2d, 
0x99, 0xdf, 0x16, 0x7e, 0xf0, 0x66, 0xbb, 0xbc, 
0xe9, 0x21, 0x27, 0x78, 0xa3, 0x30, 0x54, 0x2, 
0xf6, 0xf2, 0xba, 0x30, 0x55, 0x30, 0x43, 0xb5, 
0x87, 0x2f, 0xc3, 0xc7, 0x2b, 0x5a, 0x8b, 0x2, 
0xc1, 0x9, 0x88, 0x93, 0x90, 0x1f, 0xf9, 0xe9, 
0x41, 0xe3, 0xd3, 0x5, 0x49, 0x7f, 0x1d, 0x17, 
0xd8, 0x4f, 0xe8, 0x1, 0x87, 0xc7, 0x6d, 0x1c, 
0xf1, 0x52, 0xa9, 0x35, 0x3, 0x38, 0x47, 0xf, 
0xb7, 0xb5, 0xe3, 0x4e, 0x6f, 0xd6, 0xb, 0x8c, 
0x5b, 0x8, 0x12, 0x3c, 0xf8, 0x85, 0xd8, 0xb6, 
0xdf, 0xb9, 0x29, 0x74, 0x85, 0x31, 0xc8, 0xc8, 
0xc5, 0x20, 0xb4, 0x2f, 0x79, 0x70, 0xbd, 0x5b, 
0x6d, 0x87, 0xf, 0x3b, 0x90, 0x5c, 0x1e, 0xb7, 
0xb0, 0xb7, 0xf7, 0x8d, 0xbc, 0x66, 0x61, 0x31, 
0xc0, 0xc5, 0xf0, 0x64, 0x1f, 0x8c, 0xde, 0x49, 
0xe9, 0x44, 0x9f, 0xe9, 0x8c, 0xf, 0x7e, 0x67, 
0x6c, 0x30, 0xaf, 0x48, 0x58, 0x26, 0xfe, 0x70, 
0xad, 0x94, 0xc6, 0xe1, 0xa7, 0xd2, 0x65, 0x75, 
0xad, 0xed, 0x77, 0x93, 0xe0, 0xe8, 0xbe, 0x40, 
0xa3, 0x42, 0xcf, 0xae, 0x6c, 0x7e, 0xaf, 0xdb, 
0xe, 0x9, 0xc4, 0xd6, 0x75, 0xfa, 0x21, 0xc8, 
0x4a, 0x60, 0x50, 0x62, 0x56, 0x57, 0x58, 0x17, 
0x40, 0x4a, 0xd6, 0xbc, 0xda, 0x62, 0x45, 0x8b, 
0x5f, 0x22, 0x2e, 0xda, 0x93, 0x21, 0xf, 0xd6, 
0xf, 0x3b, 0x34, 0xe6, 0x25, 0x57, 0x88, 0x3a, 
0x16, 0x1b, 0xc9, 0xb5, 0xc3, 0xab, 0x22, 0xd7, 
0x46, 0x62, 0x2f, 0xc7, 0x3a, 0x90, 0x8b, 0x3f, 
0x5e, 0x73, 0x6f, 0x1d, 0xf8, 0x16, 0x55, 0xb8, 
0xbc, 0xdc, 0x9d, 0xb6, 0x8f, 0xc7, 0x4b, 0xb1, 
0xef, 0xaa, 0x9b, 0x41, 0xc3, 0x56, 0x1, 0xab, 
0x54, 0x8f, 0x67, 0x65, 0x44, 0x2c, 0xd8, 0x97, 
0x24, 0xcb, 0xf6, 0x80, 0x55, 0xdd, 0x5d, 0x25, 
0x4, 0x73, 0x7f, 0x30, 0x19, 0xdf, 0x9a, 0xe9, 
0x52, 0x2a, 0xef, 0xfe, 0xa0, 0x92, 0x57, 0x64, 
0x6d, 0xe4, 0x5a, 0x6e, 0x4, 0x5e, 0xf5, 0xa9, 
0xce, 0x33, 0x26, 0x5c, 0xd7, 0x93, 0x28, 0x29, 
0x84, 0x8, 0x39, 0x62, 0x4f, 0x10, 0x9b, 0x68, 
0x9a, 0x3, 0x49, 0x11, 0xb2, 0xc4, 0x9b, 0xbb, 
0x43, 0xba, 0x64, 0x83, 0xb, 0x71, 0x6d, 0xf, 
0xa0, 0xaa, 0x41, 0xb7, 0xf1, 0xa2, 0x88, 0xe1, 
0xb4, 0xa4, 0xba, 0x1, 0x1a, 0x40, 0xcd, 0xbd, 
0xec, 0x91, 0xa7, 0xfb, 0x49, 0x75, 0x74, 0x39, 
0x36, 0x9c, 0x1, 0x2f, 0x46, 0x30, 0x81, 0x2b, 
0xa8, 0x3d, 0x44, 0x67, 0x3e, 0xee, 0xf, 0x8c, 
0xc5, 0x44, 0x9b, 0xe6, 0x3c, 0xbb, 0x3, 0x25, 
0xbc, 0xaf, 0x9d, 0x18, 0x3e, 0x7d, 0x29, 0x16, 
0x12, 0x29, 0xf2, 0x4b 
}
MSG3 mac - 16 bytes:
{
0x44, 0xe8, 0x4f, 0xbb, 0xaf, 0x71, 0xdc, 0xa9, 
0x20, 0x75, 0x1, 0x3a, 0xc2, 0xe0, 0xc9, 0x12 
}
MSG3 ga - 64 bytes:
{
0xad, 0x5c, 0x7f, 0xe9, 0x62, 0x4c, 0x1b, 0x19, 
0x71, 0xa2, 0xd0, 0xc, 0x77, 0x94, 0x80, 0x2e, 
0xfa, 0x91, 0xa5, 0x43, 0x8a, 0xf8, 0x3e, 0xb9, 
0x2e, 0x1f, 0xf1, 0x8d, 0xf, 0xbd, 0x6e, 0x85, 
0x29, 0x1a, 0xa4, 0x22, 0x34, 0xcb, 0x59, 0x1d, 
0x3b, 0x6e, 0x2a, 0xd7, 0x37, 0x54, 0x9, 0xfc, 
0x69, 0x8, 0x1c, 0x96, 0x29, 0x22, 0x78, 0xdf, 
0x4d, 0x61, 0xf9, 0xd8, 0x77, 0xa5, 0x56, 0x6b 
}
MSG3 ps_sec_prop - 256 bytes:
{
0x0, 0x0, 0x0, 0x0, 0x0, 0x0, 0x0, 0x0, 
0x0, 0x0, 0x0, 0x0, 0x0, 0x0, 0x0, 0x0, 
0x0, 0x0, 0x0, 0x0, 0x0, 0x0, 0x0, 0x0, 
0x0, 0x0, 0x0, 0x0, 0x0, 0x0, 0x0, 0x0, 
0x0, 0x0, 0x0, 0x0, 0x0, 0x0, 0x0, 0x0, 
0x0, 0x0, 0x0, 0x0, 0x0, 0x0, 0x0, 0x0, 
0x0, 0x0, 0x0, 0x0, 0x0, 0x0, 0x0, 0x0, 
0x0, 0x0, 0x0, 0x0, 0x0, 0x0, 0x0, 0x0, 
0x0, 0x0, 0x0, 0x0, 0x0, 0x0, 0x0, 0x0, 
0x0, 0x0, 0x0, 0x0, 0x0, 0x0, 0x0, 0x0, 
0x0, 0x0, 0x0, 0x0, 0x0, 0x0, 0x0, 0x0, 
0x0, 0x0, 0x0, 0x0, 0x0, 0x0, 0x0, 0x0, 
0x0, 0x0, 0x0, 0x0, 0x0, 0x0, 0x0, 0x0, 
0x0, 0x0, 0x0, 0x0, 0x0, 0x0, 0x0, 0x0, 
0x0, 0x0, 0x0, 0x0, 0x0, 0x0, 0x0, 0x0, 
0x0, 0x0, 0x0, 0x0, 0x0, 0x0, 0x0, 0x0, 
0x0, 0x0, 0x0, 0x0, 0x0, 0x0, 0x0, 0x0, 
0x0, 0x0, 0x0, 0x0, 0x0, 0x0, 0x0, 0x0, 
0x0, 0x0, 0x0, 0x0, 0x0, 0x0, 0x0, 0x0, 
0x0, 0x0, 0x0, 0x0, 0x0, 0x0, 0x0, 0x0, 
0x0, 0x0, 0x0, 0x0, 0x0, 0x0, 0x0, 0x0, 
0x0, 0x0, 0x0, 0x0, 0x0, 0x0, 0x0, 0x0, 
0x0, 0x0, 0x0, 0x0, 0x0, 0x0, 0x0, 0x0, 
0x0, 0x0, 0x0, 0x0, 0x0, 0x0, 0x0, 0x0, 
0x0, 0x0, 0x0, 0x0, 0x0, 0x0, 0x0, 0x0, 
0x0, 0x0, 0x0, 0x0, 0x0, 0x0, 0x0, 0x0, 
0x0, 0x0, 0x0, 0x0, 0x0, 0x0, 0x0, 0x0, 
0x0, 0x0, 0x0, 0x0, 0x0, 0x0, 0x0, 0x0, 
0x0, 0x0, 0x0, 0x0, 0x0, 0x0, 0x0, 0x0, 
0x0, 0x0, 0x0, 0x0, 0x0, 0x0, 0x0, 0x0, 
0x0, 0x0, 0x0, 0x0, 0x0, 0x0, 0x0, 0x0, 
0x0, 0x0, 0x0, 0x0, 0x0, 0x0, 0x0, 0x0 
}
MSG3 quote - 1116 bytes:
{
0x1, 0x0, 0x1, 0x0, 0x93, 0x2, 0x0, 0x0, 
0x4, 0x0, 0x0, 0x0, 0x0, 0x0, 0x0, 0x0, 
0x64, 0x61, 0x76, 0x65, 0x74, 0x69, 0x0, 0x0, 
0x0, 0x0, 0x0, 0x0, 0x0, 0x0, 0x0, 0x0, 
0x0, 0x0, 0x0, 0x0, 0x0, 0x0, 0x0, 0x0, 
0x0, 0x0, 0x0, 0x0, 0x0, 0x0, 0x0, 0x0, 
0x2, 0x2, 0x2, 0xff, 0xff, 0xff, 0x0, 0x0, 
0x0, 0x0, 0x0, 0x0, 0x0, 0x0, 0x0, 0x0, 
0x0, 0x0, 0x0, 0x0, 0x0, 0x0, 0x0, 0x0, 
0x0, 0x0, 0x0, 0x0, 0x0, 0x0, 0x0, 0x0, 
0x0, 0x0, 0x0, 0x0, 0x0, 0x0, 0x0, 0x0, 
0x0, 0x0, 0x0, 0x0, 0x0, 0x0, 0x0, 0x0, 
0x7, 0x0, 0x0, 0x0, 0x0, 0x0, 0x0, 0x0, 
0x7, 0x0, 0x0, 0x0, 0x0, 0x0, 0x0, 0x0, 
0xff, 0xb5, 0xc7, 0x7c, 0x4, 0xd6, 0x50, 0x1, 
0xf4, 0x9, 0x37, 0xde, 0xa4, 0x6c, 0x12, 0x96, 
0x67, 0xaa, 0xe2, 0x1b, 0x7a, 0x9a, 0xc4, 0x97, 
0xe9, 0x1b, 0x5b, 0x57, 0xa1, 0xc2, 0xd8, 0xdb, 
0x0, 0x0, 0x0, 0x0, 0x0, 0x0, 0x0, 0x0, 
0x0, 0x0, 0x0, 0x0, 0x0, 0x0, 0x0, 0x0, 
0x0, 0x0, 0x0, 0x0, 0x0, 0x0, 0x0, 0x0, 
0x0, 0x0, 0x0, 0x0, 0x0, 0x0, 0x0, 0x0, 
0x60, 0x27, 0x7a, 0xd2, 0xfd, 0xfc, 0x57, 0xe9, 
0x80, 0xe8, 0x76, 0xe7, 0xf8, 0x78, 0xac, 0x19, 
0x9, 0x88, 0xe, 0xa5, 0x38, 0x7, 0x95, 0xa7, 
0xe8, 0xea, 0x98, 0xb1, 0x57, 0x84, 0x1f, 0x85, 
0x0, 0x0, 0x0, 0x0, 0x0, 0x0, 0x0, 0x0, 
0x0, 0x0, 0x0, 0x0, 0x0, 0x0, 0x0, 0x0, 
0x0, 0x0, 0x0, 0x0, 0x0, 0x0, 0x0, 0x0, 
0x0, 0x0, 0x0, 0x0, 0x0, 0x0, 0x0, 0x0, 
0x0, 0x0, 0x0, 0x0, 0x0, 0x0, 0x0, 0x0, 
0x0, 0x0, 0x0, 0x0, 0x0, 0x0, 0x0, 0x0, 
0x0, 0x0, 0x0, 0x0, 0x0, 0x0, 0x0, 0x0, 
0x0, 0x0, 0x0, 0x0, 0x0, 0x0, 0x0, 0x0, 
0x0, 0x0, 0x0, 0x0, 0x0, 0x0, 0x0, 0x0, 
0x0, 0x0, 0x0, 0x0, 0x0, 0x0, 0x0, 0x0, 
0x0, 0x0, 0x0, 0x0, 0x0, 0x0, 0x0, 0x0, 
0x0, 0x0, 0x0, 0x0, 0x0, 0x0, 0x0, 0x0, 
0x0, 0x0, 0x0, 0x0, 0x0, 0x0, 0x0, 0x0, 
0x0, 0x0, 0x0, 0x0, 0x0, 0x0, 0x0, 0x0, 
0x0, 0x0, 0x0, 0x0, 0x0, 0x0, 0x0, 0x0, 
0x0, 0x0, 0x0, 0x0, 0x0, 0x0, 0x0, 0x0, 
0x0, 0x0, 0x0, 0x0, 0x0, 0x0, 0x0, 0x0, 
0x0, 0x0, 0x0, 0x0, 0x0, 0x0, 0x0, 0x0, 
0x0, 0x0, 0x0, 0x0, 0x0, 0x0, 0x0, 0x0, 
0x0, 0x0, 0x0, 0x0, 0x0, 0x0, 0x0, 0x0, 
0xc, 0x68, 0x26, 0x1d, 0x2f, 0xb9, 0x22, 0xde, 
0xe2, 0x5e, 0x8c, 0x11, 0x94, 0xa9, 0xcb, 0xd, 
0xa6, 0x16, 0x35, 0x40, 0x59, 0xc0, 0xfe, 0x1e, 
0x79, 0x33, 0xcf, 0x98, 0x8f, 0x52, 0xa5, 0x2e, 
0x0, 0x0, 0x0, 0x0, 0x0, 0x0, 0x0, 0x0, 
0x0, 0x0, 0x0, 0x0, 0x0, 0x0, 0x0, 0x0, 
0x0, 0x0, 0x0, 0x0, 0x0, 0x0, 0x0, 0x0, 
0x0, 0x0, 0x0, 0x0, 0x0, 0x0, 0x0, 0x0, 
0xa8, 0x2, 0x0, 0x0, 0xa9, 0x16, 0x94, 0x38, 
0x4a, 0x82, 0x46, 0x3, 0x76, 0x9f, 0xa6, 0x5b, 
0xf8, 0x1e, 0xf2, 0x4c, 0x22, 0x7, 0x90, 0x4b, 
0xb0, 0x17, 0xba, 0x57, 0x24, 0x3b, 0x40, 0x2, 
0x6f, 0x55, 0x45, 0x52, 0xcc, 0xb2, 0x90, 0x46, 
0xb8, 0xc4, 0x20, 0x17, 0x6e, 0xc9, 0xba, 0xc3, 
0x1c, 0x23, 0xcf, 0x71, 0x95, 0xc6, 0x1a, 0xc3, 
0xb, 0x2b, 0xf4, 0xa, 0x8e, 0x41, 0x68, 0xe1, 
0x4f, 0xac, 0x4e, 0xde, 0x4d, 0x38, 0x9f, 0xef, 
0x59, 0x6a, 0xd9, 0xec, 0x5e, 0x6c, 0x81, 0x1, 
0xe1, 0x1e, 0x43, 0xfd, 0xf2, 0xbf, 0xfa, 0x56, 
0xf5, 0x51, 0x87, 0xbe, 0x69, 0x90, 0x87, 0x9, 
0x5c, 0x2e, 0xb2, 0x52, 0x2f, 0xad, 0x8d, 0xcb, 
0x2e, 0xce, 0x2b, 0xe4, 0xaf, 0x64, 0xc6, 0xee, 
0xc2, 0xec, 0x78, 0x3a, 0xf1, 0xeb, 0x59, 0x86, 
0xf8, 0x7f, 0x10, 0xc2, 0xcb, 0xec, 0x32, 0x26, 
0x53, 0x8f, 0x25, 0xed, 0x7e, 0xc1, 0x50, 0xf1, 
0x1b, 0xe4, 0xc8, 0xed, 0x60, 0xfd, 0x1, 0x68, 
0x1, 0xfe, 0x74, 0xac, 0x92, 0x31, 0x99, 0xff, 
0x4b, 0x9c, 0xdd, 0x4c, 0x55, 0xbc, 0x56, 0xed, 
0xe2, 0xc0, 0x6a, 0xae, 0x13, 0x60, 0xb2, 0xa1, 
0x93, 0x89, 0x14, 0x31, 0x9, 0x2e, 0x78, 0xf6, 
0xec, 0xfe, 0x54, 0xf7, 0x90, 0x13, 0xbe, 0x30, 
0xda, 0x76, 0x28, 0xb, 0x40, 0xa3, 0xff, 0xa4, 
0xdc, 0xf3, 0x11, 0x6c, 0x82, 0xb3, 0x24, 0xe7, 
0xa4, 0x6f, 0xbc, 0xeb, 0x56, 0x4f, 0x38, 0xf2, 
0x25, 0xe0, 0x41, 0xe8, 0x70, 0xfb, 0xe6, 0xdd, 
0xaf, 0xa8, 0xee, 0x78, 0x1a, 0x80, 0xf9, 0x63, 
0x1e, 0x7e, 0xe6, 0x5f, 0x85, 0x5f, 0xbb, 0x8, 
0x43, 0xd8, 0x6a, 0x35, 0x3b, 0xf2, 0x20, 0xa0, 
0xe5, 0xb8, 0xb3, 0xc, 0xe5, 0x2c, 0x3c, 0xa4, 
0xd4, 0x5f, 0x94, 0x4e, 0x74, 0x57, 0xe6, 0xbc, 
0x8d, 0x0, 0xfb, 0x29, 0xa2, 0x6a, 0x35, 0x67, 
0xc8, 0x40, 0x2, 0x99, 0xb5, 0xf3, 0xfd, 0xc0, 
0x37, 0x13, 0x72, 0x82, 0x86, 0x75, 0xfe, 0xf8, 
0xcb, 0x65, 0xa3, 0x4c, 0x43, 0x8f, 0x12, 0x40, 
0xf4, 0xb4, 0x36, 0xff, 0x33, 0x7a, 0xa2, 0x69, 
0x3d, 0x29, 0x96, 0xec, 0xbc, 0xd4, 0x6e, 0xb4, 
0x68, 0x1, 0x0, 0x0, 0x8d, 0x47, 0x52, 0x2d, 
0x99, 0xdf, 0x16, 0x7e, 0xf0, 0x66, 0xbb, 0xbc, 
0xe9, 0x21, 0x27, 0x78, 0xa3, 0x30, 0x54, 0x2, 
0xf6, 0xf2, 0xba, 0x30, 0x55, 0x30, 0x43, 0xb5, 
0x87, 0x2f, 0xc3, 0xc7, 0x2b, 0x5a, 0x8b, 0x2, 
0xc1, 0x9, 0x88, 0x93, 0x90, 0x1f, 0xf9, 0xe9, 
0x41, 0xe3, 0xd3, 0x5, 0x49, 0x7f, 0x1d, 0x17, 
0xd8, 0x4f, 0xe8, 0x1, 0x87, 0xc7, 0x6d, 0x1c, 
0xf1, 0x52, 0xa9, 0x35, 0x3, 0x38, 0x47, 0xf, 
0xb7, 0xb5, 0xe3, 0x4e, 0x6f, 0xd6, 0xb, 0x8c, 
0x5b, 0x8, 0x12, 0x3c, 0xf8, 0x85, 0xd8, 0xb6, 
0xdf, 0xb9, 0x29, 0x74, 0x85, 0x31, 0xc8, 0xc8, 
0xc5, 0x20, 0xb4, 0x2f, 0x79, 0x70, 0xbd, 0x5b, 
0x6d, 0x87, 0xf, 0x3b, 0x90, 0x5c, 0x1e, 0xb7, 
0xb0, 0xb7, 0xf7, 0x8d, 0xbc, 0x66, 0x61, 0x31, 
0xc0, 0xc5, 0xf0, 0x64, 0x1f, 0x8c, 0xde, 0x49, 
0xe9, 0x44, 0x9f, 0xe9, 0x8c, 0xf, 0x7e, 0x67, 
0x6c, 0x30, 0xaf, 0x48, 0x58, 0x26, 0xfe, 0x70, 
0xad, 0x94, 0xc6, 0xe1, 0xa7, 0xd2, 0x65, 0x75, 
0xad, 0xed, 0x77, 0x93, 0xe0, 0xe8, 0xbe, 0x40, 
0xa3, 0x42, 0xcf, 0xae, 0x6c, 0x7e, 0xaf, 0xdb, 
0xe, 0x9, 0xc4, 0xd6, 0x75, 0xfa, 0x21, 0xc8, 
0x4a, 0x60, 0x50, 0x62, 0x56, 0x57, 0x58, 0x17, 
0x40, 0x4a, 0xd6, 0xbc, 0xda, 0x62, 0x45, 0x8b, 
0x5f, 0x22, 0x2e, 0xda, 0x93, 0x21, 0xf, 0xd6, 
0xf, 0x3b, 0x34, 0xe6, 0x25, 0x57, 0x88, 0x3a, 
0x16, 0x1b, 0xc9, 0xb5, 0xc3, 0xab, 0x22, 0xd7, 
0x46, 0x62, 0x2f, 0xc7, 0x3a, 0x90, 0x8b, 0x3f, 
0x5e, 0x73, 0x6f, 0x1d, 0xf8, 0x16, 0x55, 0xb8, 
0xbc, 0xdc, 0x9d, 0xb6, 0x8f, 0xc7, 0x4b, 0xb1, 
0xef, 0xaa, 0x9b, 0x41, 0xc3, 0x56, 0x1, 0xab, 
0x54, 0x8f, 0x67, 0x65, 0x44, 0x2c, 0xd8, 0x97, 
0x24, 0xcb, 0xf6, 0x80, 0x55, 0xdd, 0x5d, 0x25, 
0x4, 0x73, 0x7f, 0x30, 0x19, 0xdf, 0x9a, 0xe9, 
0x52, 0x2a, 0xef, 0xfe, 0xa0, 0x92, 0x57, 0x64, 
0x6d, 0xe4, 0x5a, 0x6e, 0x4, 0x5e, 0xf5, 0xa9, 
0xce, 0x33, 0x26, 0x5c, 0xd7, 0x93, 0x28, 0x29, 
0x84, 0x8, 0x39, 0x62, 0x4f, 0x10, 0x9b, 0x68, 
0x9a, 0x3, 0x49, 0x11, 0xb2, 0xc4, 0x9b, 0xbb, 
0x43, 0xba, 0x64, 0x83, 0xb, 0x71, 0x6d, 0xf, 
0xa0, 0xaa, 0x41, 0xb7, 0xf1, 0xa2, 0x88, 0xe1, 
0xb4, 0xa4, 0xba, 0x1, 0x1a, 0x40, 0xcd, 0xbd, 
0xec, 0x91, 0xa7, 0xfb, 0x49, 0x75, 0x74, 0x39, 
0x36, 0x9c, 0x1, 0x2f, 0x46, 0x30, 0x81, 0x2b, 
0xa8, 0x3d, 0x44, 0x67, 0x3e, 0xee, 0xf, 0x8c, 
0xc5, 0x44, 0x9b, 0xe6, 0x3c, 0xbb, 0x3, 0x25, 
0xbc, 0xaf, 0x9d, 0x18, 0x3e, 0x7d, 0x29, 0x16, 
0x12, 0x29, 0xf2, 0x4b 
}
trans-info: sent S3 to sender...
trans-info: waiting for att result from sender...
trans-debug: transition done with old|next|current states: SMC_SGX_STM_ATT_S1_SENT|SMC_SGX_STM_ATT_S2_RECVD|SMC_SGX_STM_ATT_S3_SENT
eval-debug: receiving header 8 bytes (got 0/8 already)
eval-debug: got message tag [4], len [165]
eval-debug: receiving msg 165 bytes (got 0/165 already)
eval-debug: got completed message
trans-debug: into handle_att_res, len 165, buf 0x0x7fecd8047808
ATTESTATION RESULT result - 0
ATTESTATION RESULT MSG platform_info_blob - 97 bytes:
{
0x0, 0x0, 0x0, 0x0, 0x0, 0x0, 0x0, 0x0, 
0x0, 0x0, 0x0, 0x0, 0x0, 0x0, 0x0, 0x0, 
0x0, 0x0, 0x0, 0x0, 0x0, 0x0, 0x0, 0x0, 
0x0, 0x0, 0x0, 0x0, 0x0, 0x0, 0x0, 0x0, 
0x0, 0x97, 0x9e, 0xb9, 0x5a, 0xdd, 0x14, 0x17, 
0xf2, 0xfa, 0xad, 0xfa, 0xd7, 0x66, 0x73, 0xfd, 
0x71, 0x57, 0xf4, 0xe9, 0x8d, 0xee, 0xaf, 0x42, 
0x5e, 0xbb, 0x8a, 0x4c, 0xd4, 0x84, 0xdc, 0x83, 
0x6a, 0x8, 0x70, 0xd, 0xf2, 0x42, 0x8b, 0x2b, 
0xee, 0x42, 0xb0, 0x85, 0xe5, 0xbf, 0x99, 0xc5, 
0x22, 0xf8, 0x37, 0xf7, 0xee, 0xb6, 0x2c, 0xd5, 
0x8c, 0x37, 0xa2, 0xd2, 0x51, 0xed, 0x45, 0xf9, 
0x65 
}
ATTESTATION RESULT MSG mac - 16 bytes:
{
0x64, 0x72, 0x3a, 0xfb, 0x11, 0xc1, 0x41, 0x67, 
0xeb, 0x19, 0xfc, 0x90, 0xe4, 0xa, 0xf6, 0xa5 
}
ATTESTATION RESULT MSG secret.payload_tag - 16 bytes
ATTESTATION RESULT MSG secret.payload - 16 bytes:
{
0xb6, 0x71, 0x3f, 0xe4, 0xee, 0x75, 0x8f, 0x6f, 
0xdc, 0xe7, 0xac, 0x51, 0x4f, 0x27, 0x4a, 0x2e 
}
trans-info: attestation result good
trans-info: attestation mac verification succeeded
SHARED SECRET - 16 bytes:
{
0x0, 0x1, 0x2, 0x3, 0x4, 0x5, 0x6, 0x7, 
0x8, 0x9, 0xa, 0xb, 0xc, 0xd, 0xe, 0xf 
}
trans-info: waiting for input from sender...
trans-debug: transition done with old|next|current states: SMC_SGX_STM_ATT_S3_SENT|SMC_SGX_STM_ATT_RES_RECVD|SMC_SGX_STM_INPUT_WAIT
eval-debug: receiving header 8 bytes (got 0/8 already)
eval-debug: got message tag [5], len [1622]
eval-debug: receiving msg 1622 bytes (got 0/1622 already)
eval-debug: got completed message
trans-debug: into handle_input, len 1622, buf 0x0x7fecd8047808
1622 bytes:
{
0x59, 0x41, 0x4f, 0x44, 0x4a, 0x0, 0x48, 0xd6, 
0x87, 0x53, 0x7e, 0x98, 0xa6, 0x8c, 0x4, 0x8a, 
0x7a, 0x68, 0x87, 0x82, 0xb0, 0x9d, 0xb9, 0xad, 
0x2b, 0x2e, 0x36, 0x6a, 0xc2, 0x38, 0xb7, 0x5e, 
0x36, 0x5e, 0x7b, 0xb4, 0xfc, 0x56, 0x31, 0x63, 
0xb6, 0xdf, 0x9, 0x2c, 0xdb, 0xb0, 0x62, 0x11, 
0x51, 0xd2, 0x21, 0x6a, 0xd1, 0xbf, 0x99, 0x82, 
0x99, 0x89, 0x60, 0x72, 0x81, 0x41, 0xa7, 0x5d, 
0x23, 0xdd, 0x78, 0x1e, 0xd0, 0x1b, 0xd7, 0x5e, 
0xfc, 0x52, 0x6d, 0xa9, 0xaf, 0xea, 0x26, 0xd1, 
0x29, 0xe7, 0x46, 0x41, 0x16, 0x62, 0xbd, 0x32, 
0x2f, 0x19, 0xc0, 0x2b, 0x38, 0xe9, 0x59, 0xdb, 
0x2b, 0xd3, 0x1, 0x78, 0x13, 0x19, 0xa0, 0x24, 
0xc7, 0x6d, 0xfe, 0x4f, 0xdd, 0x98, 0x10, 0xd5, 
0x55, 0xd, 0x37, 0xba, 0x4a, 0x93, 0x67, 0x42, 
0x64, 0x5a, 0x17, 0x33, 0x23, 0x5e, 0x90, 0xef, 
0xf, 0xfb, 0xd, 0x37, 0x16, 0x8, 0x6b, 0x49, 
0x8e, 0x34, 0x8a, 0x9c, 0x43, 0x2c, 0x17, 0xff, 
0x5e, 0x3c, 0x48, 0x97, 0xf4, 0x2d, 0xba, 0x1b, 
0x96, 0xc0, 0xed, 0x95, 0x2, 0x9a, 0x8b, 0x28, 
0x96, 0xf3, 0x76, 0x5f, 0x91, 0xd0, 0x6e, 0xa5, 
0xe5, 0xbd, 0x13, 0x64, 0x8f, 0x10, 0x96, 0x35, 
0xfc, 0x5f, 0x22, 0xb7, 0xf6, 0x6, 0xc1, 0x9c, 
0x9b, 0xf, 0xb3, 0x9e, 0x7, 0xe, 0x7f, 0xf5, 
0x3, 0x6e, 0x6a, 0x7e, 0xc2, 0xcf, 0x39, 0x15, 
0xac, 0xd0, 0xef, 0x4c, 0xdf, 0xa7, 0x53, 0xc0, 
0xeb, 0x57, 0x1, 0x2b, 0x3e, 0x64, 0xb5, 0x72, 
0x9, 0x8e, 0x5a, 0xcb, 0x97, 0xc2, 0x66, 0x78, 
0xe5, 0x80, 0x9c, 0x67, 0xad, 0xbf, 0xd8, 0x65, 
0xee, 0x30, 0xab, 0x7f, 0xf4, 0x3e, 0xd6, 0xf2, 
0x4a, 0x71, 0x5c, 0xfb, 0xbe, 0xb7, 0x4a, 0x93, 
0xad, 0xa3, 0x20, 0x6c, 0xe1, 0x10, 0x13, 0x82, 
0x57, 0xd8, 0x81, 0x8a, 0x59, 0xd7, 0x3a, 0x59, 
0x18, 0x56, 0x73, 0xf0, 0x3, 0xaa, 0x39, 0x73, 
0xf8, 0xda, 0x92, 0x15, 0xae, 0x68, 0x45, 0x51, 
0x56, 0x7d, 0x5e, 0x95, 0xa0, 0x37, 0x3d, 0xbe, 
0x28, 0xb1, 0x76, 0x66, 0x3f, 0x7, 0xb5, 0xde, 
0xf6, 0x4d, 0x1f, 0xbc, 0x83, 0x2a, 0x5f, 0xe9, 
0xd, 0x48, 0x19, 0x4a, 0x84, 0xe7, 0x57, 0xf1, 
0x17, 0xaa, 0x6e, 0x48, 0xb, 0xaa, 0x2a, 0x89, 
0x2, 0x9b, 0xab, 0x1b, 0x84, 0x5e, 0xe0, 0x7a, 
0xe8, 0xa, 0x42, 0x40, 0x8, 0xe2, 0x2f, 0x28, 
0x72, 0x2e, 0x3f, 0xa6, 0xb6, 0x9e, 0xde, 0x37, 
0xd6, 0xe3, 0xdb, 0xee, 0x43, 0x2f, 0x64, 0xc9, 
0xec, 0xec, 0x40, 0x44, 0x3c, 0x59, 0xeb, 0x80, 
0xa3, 0xa5, 0x11, 0x23, 0x6e, 0x68, 0xfc, 0xd1, 
0x5c, 0x9, 0xe3, 0xe7, 0xbc, 0xa5, 0x62, 0xb0, 
0x88, 0x42, 0xc, 0xe1, 0xbd, 0xde, 0xdb, 0xb6, 
0x44, 0xca, 0xd2, 0x23, 0xb9, 0x1e, 0xa4, 0x3a, 
0x7c, 0x8d, 0x75, 0x6f, 0x86, 0x63, 0x64, 0x5f, 
0xc8, 0x1c, 0x18, 0x74, 0xa5, 0xcf, 0x96, 0xf0, 
0xb3, 0x87, 0x7f, 0xbb, 0xb0, 0x2d, 0x14, 0x9c, 
0x43, 0xf4, 0x9c, 0x1d, 0x6d, 0xbb, 0x3, 0xba, 
0xbd, 0x66, 0x8e, 0xdc, 0x0, 0x18, 0x2e, 0x90, 
0x42, 0x4e, 0xba, 0xd9, 0xb1, 0x10, 0xe3, 0xca, 
0xec, 0xbe, 0xea, 0x30, 0x46, 0xdc, 0xe0, 0x17, 
0x6f, 0x41, 0x48, 0x14, 0x96, 0x71, 0x62, 0x3b, 
0xc, 0xcd, 0x4e, 0x79, 0xe6, 0x36, 0xb2, 0x7f, 
0xe2, 0x19, 0xe8, 0x4f, 0xfc, 0x39, 0x52, 0xbc, 
0x48, 0x19, 0x41, 0x5a, 0xb7, 0x2b, 0xf3, 0xfb, 
0xff, 0xb9, 0x67, 0xb1, 0x42, 0x52, 0x79, 0x56, 
0x64, 0x1e, 0xcb, 0x44, 0x95, 0x70, 0x5, 0xb8, 
0x13, 0xea, 0xb2, 0x3c, 0x72, 0xb5, 0x46, 0x33, 
0x97, 0x11, 0x83, 0xd, 0x6d, 0xc0, 0xa2, 0x4a, 
0x5a, 0x2b, 0xd, 0x7c, 0x1, 0x1a, 0xd, 0xee, 
0x71, 0x70, 0x7f, 0xcd, 0x10, 0x2e, 0x67, 0xb, 
0xd4, 0xaa, 0x3, 0xa3, 0x8e, 0x2a, 0x1e, 0x63, 
0x14, 0xd8, 0xc0, 0xef, 0x17, 0x28, 0x37, 0xd8, 
0x0, 0xbf, 0x13, 0xdf, 0xc0, 0x7c, 0x65, 0x65, 
0x28, 0x8e, 0x69, 0x18, 0xd6, 0x89, 0x67, 0x39, 
0xc8, 0xca, 0x66, 0xb1, 0xa2, 0x6a, 0xc7, 0xad, 
0xa0, 0xf3, 0xc, 0xa6, 0xaf, 0x3b, 0xa4, 0x12, 
0xb8, 0x2d, 0x57, 0xe5, 0x96, 0xeb, 0x50, 0x3f, 
0x8a, 0xb2, 0xde, 0x94, 0x91, 0xde, 0xe6, 0xf1, 
0x64, 0x9a, 0x1b, 0xf0, 0xa1, 0x7, 0x0, 0x64, 
0x6, 0x38, 0xc6, 0xad, 0xe9, 0xe2, 0xd4, 0xdd, 
0x2, 0xd0, 0xb2, 0xe, 0x82, 0x52, 0x23, 0xd2, 
0x38, 0x2f, 0x5f, 0x87, 0xe8, 0x8a, 0x5b, 0x27, 
0xb1, 0x8, 0xa8, 0xce, 0xa, 0xe5, 0x54, 0xf8, 
0xb4, 0xc6, 0xf4, 0xe8, 0xda, 0x73, 0xed, 0x54, 
0x4e, 0x58, 0x42, 0xf9, 0x13, 0x55, 0xf0, 0x8d, 
0x1e, 0x0, 0x4, 0xa, 0x97, 0xa7, 0xf8, 0xcc, 
0x35, 0x9c, 0x5e, 0x84, 0x57, 0x2c, 0xe4, 0x7c, 
0x50, 0x79, 0x5c, 0x1e, 0x4e, 0x4d, 0xf4, 0x4c, 
0x7d, 0x17, 0x96, 0xbd, 0x4d, 0x17, 0x41, 0xbc, 
0x6a, 0x82, 0xf6, 0xd7, 0x7a, 0xf0, 0xf9, 0xd8, 
0x64, 0xaa, 0xe0, 0xf7, 0xd9, 0x7a, 0xc5, 0x14, 
0x69, 0x3, 0xd7, 0xfa, 0x8f, 0x7a, 0x4f, 0x24, 
0xc9, 0x7f, 0x3f, 0x22, 0xbd, 0x36, 0xac, 0x96, 
0x7e, 0x9e, 0x6c, 0x29, 0x1c, 0x7a, 0xb1, 0x28, 
0x23, 0x31, 0x47, 0x43, 0xb4, 0x4d, 0x75, 0x25, 
0xc, 0xe5, 0x56, 0xc7, 0xec, 0xdc, 0x36, 0x9f, 
0x8, 0xfc, 0x1a, 0x1c, 0xcd, 0x78, 0x9a, 0xc0, 
0xf4, 0x9c, 0xe8, 0x40, 0x8f, 0x67, 0x4f, 0x56, 
0x6f, 0xf4, 0x2e, 0x22, 0xd1, 0x7b, 0x12, 0xb0, 
0x2, 0x8e, 0x85, 0x11, 0xca, 0x9e, 0x16, 0x15, 
0xc3, 0xdb, 0x30, 0x37, 0xaa, 0x59, 0xf3, 0xd8, 
0x9b, 0x5a, 0xc, 0xa6, 0x46, 0x75, 0x93, 0xab, 
0xf9, 0x9a, 0xe4, 0x38, 0x44, 0x48, 0xcb, 0x7a, 
0xf2, 0x4b, 0x1f, 0xc9, 0x20, 0x18, 0xdd, 0xc8, 
0x1d, 0xf1, 0x17, 0x52, 0x44, 0x9e, 0xed, 0xd8, 
0x3e, 0xb7, 0xf9, 0xa0, 0xc8, 0xef, 0xa9, 0xf8, 
0x2c, 0x77, 0x2b, 0x3, 0x7c, 0x8, 0xc3, 0x80, 
0xbf, 0xdf, 0xed, 0xaa, 0x39, 0x8f, 0x10, 0x7a, 
0x4b, 0xa5, 0xab, 0x31, 0x6a, 0xce, 0xff, 0x93, 
0x9, 0x74, 0x64, 0xef, 0xbb, 0xaa, 0x6c, 0x2b, 
0x5, 0x2e, 0x39, 0xd6, 0xca, 0xac, 0x83, 0xe4, 
0xd1, 0xc1, 0xd8, 0x47, 0x86, 0x31, 0x88, 0xb7, 
0x8f, 0x1d, 0xb8, 0x3e, 0x8e, 0xee, 0x71, 0xff, 
0xaa, 0x26, 0x49, 0x95, 0x90, 0x7c, 0xa5, 0xde, 
0x70, 0x9, 0xcd, 0x8d, 0x1, 0xa4, 0x4a, 0xfa, 
0xae, 0x86, 0x20, 0xb6, 0x56, 0x32, 0x98, 0x5d, 
0x64, 0x2b, 0xa7, 0x45, 0x76, 0xba, 0xdc, 0x34, 
0x22, 0x72, 0x24, 0x20, 0xed, 0x8b, 0x8e, 0xec, 
0x65, 0xa2, 0xdd, 0x74, 0x21, 0x3, 0x54, 0xd, 
0xf6, 0x32, 0x6e, 0xf9, 0xf0, 0x8a, 0xaf, 0x9e, 
0xf7, 0x70, 0xb6, 0x4, 0x15, 0xf4, 0xa1, 0x48, 
0x65, 0x47, 0xb1, 0xc2, 0x85, 0x20, 0x6d, 0x35, 
0xe6, 0xe8, 0xc9, 0x7d, 0x35, 0xb6, 0xef, 0xee, 
0x4, 0x55, 0x12, 0x18, 0x98, 0x9, 0xcd, 0xca, 
0xf2, 0xeb, 0xce, 0x5e, 0x8, 0xd1, 0xb, 0xe4, 
0x57, 0xee, 0xf2, 0xec, 0x45, 0x73, 0x8c, 0x83, 
0xe6, 0x9e, 0xa7, 0x39, 0xfa, 0x95, 0x14, 0x4c, 
0xd2, 0x10, 0xa9, 0xe6, 0x5, 0x35, 0xf8, 0xc4, 
0x64, 0xae, 0x79, 0x1b, 0x35, 0x35, 0x9a, 0xf7, 
0x3e, 0x52, 0x88, 0x6a, 0xf0, 0x2a, 0xe4, 0xba, 
0xa9, 0x8f, 0xe6, 0x84, 0x4c, 0xd5, 0x1, 0xee, 
0x4a, 0xc6, 0x68, 0xe, 0x34, 0xd7, 0xd4, 0x71, 
0x1c, 0x88, 0x5, 0xc9, 0x8e, 0xce, 0xe6, 0x94, 
0x4e, 0x88, 0xcb, 0x2f, 0x74, 0x5b, 0x20, 0x43, 
0x58, 0x78, 0xfc, 0xe1, 0x1f, 0xcf, 0x70, 0x6a, 
0xca, 0x5d, 0x90, 0xc1, 0x30, 0xbe, 0x50, 0x3b, 
0x2c, 0xa5, 0x17, 0xac, 0x84, 0x4, 0x22, 0x69, 
0x44, 0x7f, 0xe2, 0xfe, 0xb9, 0xa5, 0x16, 0x74, 
0x27, 0xfc, 0x2e, 0x11, 0xe2, 0x3c, 0x8c, 0x14, 
0xf, 0xb2, 0xfe, 0xaf, 0xc9, 0x51, 0x16, 0x5f, 
0x11, 0xa, 0xe9, 0x7a, 0x44, 0xd7, 0x70, 0x72, 
0xb5, 0xb, 0x5e, 0x42, 0x8c, 0x50, 0x19, 0xa9, 
0xa4, 0x9d, 0x26, 0xcf, 0x35, 0xdf, 0x55, 0xd1, 
0x88, 0xfe, 0x7a, 0xb5, 0xc3, 0xe7, 0x2b, 0x1f, 
0x9a, 0x6a, 0xd, 0x18, 0xc3, 0xf4, 0xbf, 0x7a, 
0x85, 0xe6, 0x90, 0x22, 0x9b, 0x82, 0xb6, 0x56, 
0x8b, 0x90, 0xce, 0x79, 0xc7, 0x8c, 0x95, 0xe6, 
0xd, 0xce, 0x14, 0xde, 0x72, 0x1f, 0xfa, 0x17, 
0xdf, 0x23, 0x96, 0xf6, 0x26, 0x1f, 0x65, 0x37, 
0xa8, 0x37, 0xeb, 0xd9, 0x57, 0x89, 0x54, 0x86, 
0x7, 0x20, 0x85, 0x1c, 0x8a, 0xb3, 0x5, 0x86, 
0xc6, 0xf1, 0x43, 0x41, 0x70, 0xf8, 0x19, 0x20, 
0x55, 0xc1, 0x52, 0xd8, 0xbd, 0x5c, 0x7, 0x4a, 
0x40, 0xb, 0x2d, 0xe0, 0xaa, 0xcb, 0xf, 0x7a, 
0x56, 0xd3, 0xc5, 0xe3, 0xd6, 0xc5, 0xf8, 0x39, 
0xbc, 0x82, 0xd0, 0x9a, 0xbb, 0x58, 0xb8, 0x26, 
0x4a, 0xe7, 0xf5, 0xc2, 0x4c, 0x19, 0x16, 0x7f, 
0x3f, 0x75, 0x1c, 0xf, 0x2, 0x47, 0xd8, 0xc5, 
0xdb, 0xe8, 0xc9, 0x75, 0x37, 0xe4, 0x80, 0x3f, 
0xbc, 0x8a, 0xb5, 0xd1, 0x89, 0x57, 0xa7, 0xb5, 
0x42, 0x7b, 0x28, 0xfc, 0x35, 0xf8, 0x98, 0xf8, 
0xd0, 0x25, 0x82, 0xde, 0x70, 0xd1, 0x6a, 0x24, 
0x7c, 0x53, 0x56, 0x6b, 0x64, 0xd0, 0x98, 0xa, 
0xca, 0xd1, 0x10, 0xc9, 0xf6, 0x9a, 0xd2, 0xa1, 
0x94, 0xa7, 0xaf, 0x4, 0xd4, 0xa7, 0x7d, 0x3b, 
0xdb, 0x3e, 0x98, 0x87, 0x8c, 0x38, 0xdd, 0xf1, 
0xf, 0x4c, 0x83, 0xa9, 0x17, 0xd8, 0x9, 0xd9, 
0xc8, 0xc3, 0xeb, 0x1f, 0xf2, 0x2e, 0xd0, 0x2a, 
0x25, 0xbf, 0xe0, 0xfc, 0x0, 0x5f, 0xf3, 0xf3, 
0xa2, 0xa, 0xb5, 0x9e, 0x92, 0xc8, 0xab, 0x3c, 
0x1e, 0x6c, 0x3e, 0x7, 0x6a, 0x63, 0x34, 0xdf, 
0xdc, 0xfc, 0xec, 0x91, 0x4, 0x69, 0x7a, 0x1f, 
0xd1, 0x5a, 0xc9, 0x22, 0x37, 0x16, 0x88, 0x3c, 
0xda, 0x80, 0xd4, 0xce, 0x4, 0xa1, 0x41, 0x2b, 
0x55, 0xa5, 0x3c, 0xe2, 0x14, 0x99, 0x31, 0xb8, 
0x1a, 0x8, 0x29, 0xa3, 0x6d, 0x24, 0xbf, 0xd, 
0x79, 0x8e, 0xb5, 0x78, 0xc, 0x9a, 0x74, 0x41, 
0x45, 0x2, 0x27, 0x6, 0x5c, 0x9f, 0x9d, 0x6c, 
0x36, 0xee, 0x4d, 0x11, 0x9b, 0xae, 0xc0, 0xfe, 
0xd3, 0xb0, 0x1c, 0x23, 0x71, 0x97, 0x7b, 0xff, 
0x4, 0xe5, 0x69, 0x58, 0xff, 0x90, 0x78, 0xa1, 
0x7c, 0x57, 0x45, 0xd7, 0x1f, 0x7, 0x88, 0xf, 
0xba, 0x1, 0xe8, 0x2f, 0x73, 0x33, 0x3f, 0x46, 
0x4e, 0x9a, 0x70, 0x5, 0x3, 0x87, 0xb1, 0x85, 
0xd6, 0x42, 0x54, 0xe8, 0x56, 0x18, 0x1, 0x3b, 
0x12, 0x4d, 0xaa, 0x9e, 0xb9, 0x3, 0xa5, 0xe9, 
0x74, 0x25, 0xc, 0x4b, 0xa2, 0xf4, 0x1e, 0x37, 
0xef, 0x69, 0xdc, 0xc4, 0x3e, 0xe6, 0xa, 0x9a, 
0xb5, 0x21, 0xd5, 0x27, 0x2b, 0xc2, 0xb4, 0x89, 
0xba, 0x1c, 0x7e, 0xfa, 0x1d, 0x50, 0xa5, 0xeb, 
0x39, 0x5f, 0xd4, 0x24, 0x27, 0xbd, 0x3a, 0x30, 
0x1d, 0x4c, 0x9a, 0x38, 0x94, 0x5c, 0x2b, 0x5a, 
0xc8, 0x88, 0x22, 0xcf, 0x39, 0xfe, 0x9f, 0xb3, 
0x62, 0xcd, 0x73, 0xb3, 0xd8, 0x62, 0x28, 0x3, 
0xf4, 0xe9, 0x40, 0x19, 0xd1, 0xd, 0xc3, 0x98, 
0xa, 0x86, 0x4c, 0xff, 0xcd, 0x53, 0x90, 0xa5, 
0xf1, 0x83, 0x9b, 0x8a, 0xcf, 0xce, 0xc7, 0x8c, 
0xb5, 0x3c, 0xfe, 0x7a, 0xd6, 0x69, 0x5d, 0x1e, 
0x63, 0xa2, 0x44, 0xde, 0x73, 0xcd, 0xc7, 0x64, 
0xf6, 0x5e, 0x59, 0x62, 0xda, 0x14, 0x13, 0x1e, 
0x39, 0xaa, 0x89, 0x1b, 0x17, 0x87, 0xbf, 0x98, 
0xa7, 0xd, 0x37, 0x1c, 0x81, 0xdf, 0xf9, 0x9, 
0xff, 0xe1, 0x42, 0x51, 0xea, 0xce, 0x3c, 0x36, 
0x40, 0x80, 0x9b, 0xab, 0xcd, 0x1e, 0xaf, 0x64, 
0x5f, 0xea, 0x47, 0x78, 0x55, 0xd6, 0xc7, 0x1c, 
0x85, 0x50, 0x8e, 0x7b, 0xee, 0xf8, 0x75, 0x70, 
0x7d, 0xf9, 0xc2, 0xb, 0x62, 0x7a 
}
trans-info: using YAO hybrid model
trans-info: YAO dijkstra testing case requested
trans-debug: compute_yao_dj succeedded
gengc - 640 bytes:
{
0x7e, 0xfc, 0xc3, 0x6, 0xf4, 0x5b, 0x75, 0xf8, 
0xe2, 0x4b, 0xdb, 0x28, 0x5e, 0xcf, 0xea, 0xa, 
0x31, 0x90, 0xe6, 0xea, 0x47, 0xf5, 0x2f, 0x2b, 
0x12, 0x9a, 0x57, 0x8f, 0xe3, 0xcd, 0x1e, 0xc, 
0x2a, 0x81, 0x40, 0xd0, 0x90, 0x79, 0x2c, 0x62, 
0xd9, 0x93, 0x49, 0x83, 0x2d, 0xeb, 0x2b, 0x4b, 
0x48, 0xd5, 0x36, 0xa2, 0x27, 0xfc, 0x9d, 0xf6, 
0xf5, 0x95, 0x6a, 0xe6, 0x19, 0x44, 0x8c, 0x1b, 
0x54, 0xea, 0x79, 0x15, 0xf2, 0x77, 0x92, 0xdb, 
0x40, 0xa6, 0x13, 0x2e, 0xe9, 0x2f, 0x19, 0xb9, 
0x50, 0x9b, 0xb0, 0x5e, 0x85, 0xa1, 0xec, 0x5e, 
0x71, 0xeb, 0x3, 0x6c, 0x25, 0xa7, 0xfe, 0xe1, 
0x62, 0x17, 0x1e, 0x79, 0x95, 0xd4, 0x5e, 0x6, 
0x1a, 0xce, 0xe2, 0xf5, 0xd4, 0xb3, 0xa8, 0xe9, 
0x2d, 0xeb, 0xd6, 0xf4, 0x75, 0x81, 0x7b, 0xb6, 
0xcb, 0x12, 0xba, 0xda, 0x1d, 0x8e, 0x78, 0xc5, 
0x58, 0x2b, 0x82, 0x2e, 0xe3, 0xec, 0x20, 0x29, 
0xf5, 0x40, 0x6c, 0xce, 0x99, 0x5f, 0xa4, 0x9a, 
0x66, 0x7b, 0xc2, 0x37, 0xe, 0xeb, 0x9e, 0xe, 
0x1c, 0x24, 0x1, 0xdb, 0xfc, 0x66, 0xbd, 0xbd, 
0xe4, 0xc8, 0x2b, 0x8c, 0x67, 0x27, 0xf9, 0x51, 
0x73, 0xc6, 0x4d, 0x2, 0xfc, 0x1f, 0x10, 0xb0, 
0x71, 0xad, 0x73, 0xd3, 0x90, 0xfb, 0x7, 0x91, 
0xd8, 0x42, 0x10, 0xb0, 0x2d, 0x43, 0xcb, 0xd3, 
0x6b, 0xe7, 0x4b, 0x60, 0xbd, 0x4b, 0x36, 0x53, 
0xac, 0x3c, 0xe1, 0x54, 0xc1, 0xb3, 0xc6, 0xc4, 
0xf4, 0xd0, 0x61, 0x3c, 0xc3, 0x43, 0xc6, 0xc7, 
0x4b, 0x37, 0x4d, 0x65, 0xa5, 0x7, 0x3f, 0xe7, 
0xf2, 0x24, 0xa4, 0xce, 0x9d, 0xa7, 0xbc, 0x98, 
0x3e, 0xfa, 0xa6, 0x9e, 0x6e, 0x79, 0x1f, 0x9b, 
0xb6, 0x11, 0xf3, 0x70, 0xab, 0xbf, 0xbe, 0x47, 
0x94, 0xd, 0xab, 0xd7, 0x13, 0xbf, 0x9a, 0x23, 
0xbe, 0x4a, 0x7f, 0x2a, 0xdb, 0x97, 0x9c, 0x4d, 
0xf2, 0xb, 0xe5, 0x19, 0xac, 0x90, 0xda, 0x96, 
0xc5, 0xb4, 0x3f, 0x5e, 0xe, 0x5b, 0xcb, 0xb7, 
0xe2, 0xf6, 0x8a, 0xcb, 0x41, 0x82, 0xba, 0x78, 
0x34, 0xca, 0x55, 0x9d, 0xa6, 0x5a, 0xfa, 0x87, 
0xb0, 0x44, 0x9f, 0x2f, 0x66, 0x85, 0x72, 0x3e, 
0xa9, 0xe7, 0x77, 0xc, 0x47, 0x67, 0xd9, 0x25, 
0x94, 0xd1, 0x5a, 0x6d, 0x9c, 0x20, 0xba, 0xc7, 
0x9a, 0x3e, 0xaf, 0xc7, 0xf, 0xed, 0xc0, 0x4b, 
0xda, 0x31, 0xdb, 0x1f, 0x6d, 0xa4, 0x6, 0x6b, 
0x78, 0xa1, 0xad, 0x55, 0xd5, 0x97, 0x8c, 0xb2, 
0x6c, 0x2e, 0x5a, 0xbf, 0x65, 0xc0, 0xce, 0x87, 
0xf1, 0x2, 0xea, 0xb3, 0xf6, 0xa5, 0xa5, 0xfd, 
0x5d, 0x44, 0xa7, 0x7f, 0x74, 0x3b, 0xfd, 0xd6, 
0xfa, 0xde, 0xc, 0xc, 0xb5, 0x4c, 0x3a, 0x76, 
0x8e, 0x32, 0x74, 0x1f, 0x1b, 0x29, 0x2b, 0x8a, 
0x30, 0xd8, 0xb2, 0x75, 0xcc, 0x75, 0x4e, 0xbb, 
0xa8, 0x16, 0xd7, 0x7f, 0x25, 0x45, 0x80, 0xd1, 
0xd7, 0x86, 0x47, 0x6d, 0xbd, 0xe2, 0x86, 0xf7, 
0xe1, 0x88, 0x6e, 0x97, 0xec, 0x2c, 0x71, 0xe8, 
0x8e, 0x56, 0x49, 0xa1, 0x78, 0x5b, 0xec, 0xde, 
0x33, 0xfa, 0x65, 0x54, 0xa, 0xd3, 0xa1, 0x31, 
0xfb, 0xef, 0xef, 0xad, 0x1c, 0xc4, 0x46, 0xfc, 
0x14, 0x7, 0x4f, 0x85, 0x38, 0x6, 0x2a, 0x4e, 
0x13, 0x2a, 0x75, 0xf5, 0x11, 0x99, 0xb5, 0x77, 
0x7e, 0x38, 0x12, 0x6, 0x3f, 0x4f, 0xf5, 0xf1, 
0x65, 0xab, 0xe8, 0x26, 0x5, 0xc2, 0xf8, 0xfe, 
0xc7, 0xdc, 0xcb, 0xcc, 0xb4, 0xae, 0x3b, 0xf1, 
0x1b, 0x8d, 0x5b, 0x6d, 0x74, 0xe1, 0xce, 0x19, 
0x62, 0x7b, 0x20, 0xc4, 0x43, 0xe3, 0x8f, 0x4d, 
0x3f, 0x23, 0x5e, 0x84, 0xd2, 0x5d, 0xf0, 0xe0, 
0xb4, 0x3f, 0x95, 0x9e, 0xbd, 0x1d, 0xe7, 0xc3, 
0xb2, 0xc2, 0x1b, 0x7, 0x8e, 0x79, 0x39, 0x34, 
0xb2, 0x65, 0x36, 0x1b, 0x3b, 0xc2, 0x28, 0xc4, 
0x50, 0xb1, 0xbf, 0x51, 0x52, 0x29, 0xbd, 0xf1, 
0x2e, 0x13, 0xb1, 0x67, 0x0, 0x8d, 0x40, 0xff, 
0xf0, 0x34, 0x88, 0xb8, 0x2, 0x37, 0x69, 0xa9, 
0x39, 0x19, 0x98, 0x96, 0x82, 0x72, 0xaf, 0x7b, 
0x56, 0xb1, 0x3a, 0x17, 0xfb, 0x40, 0xad, 0x67, 
0x9e, 0x73, 0xbd, 0x50, 0x30, 0x6f, 0xfd, 0xf9, 
0x58, 0x77, 0xd7, 0x9f, 0x44, 0x9f, 0xb1, 0x3f, 
0xdc, 0x7e, 0x69, 0xab, 0x76, 0x39, 0x3f, 0xba, 
0x2b, 0x9d, 0xc8, 0xcf, 0xac, 0x20, 0xcb, 0xa9, 
0x1e, 0x7c, 0x7f, 0xed, 0xd6, 0x81, 0xb3, 0xc9, 
0x57, 0x65, 0xab, 0x4a, 0xf6, 0xde, 0x8d, 0xb4, 
0xef, 0xd4, 0x24, 0x6, 0xb0, 0x49, 0xa6, 0x3b, 
0x89, 0x50, 0x99, 0x2c, 0x67, 0xf8, 0xd5, 0x86, 
0xb3, 0xa3, 0xde, 0xd, 0x6d, 0x58, 0x6d, 0xcf 
}
evlgc - 320 bytes:
{
0x7e, 0xfc, 0xc3, 0x6, 0xf4, 0x5b, 0x75, 0xf8, 
0xe2, 0x4b, 0x1e, 0xc, 0x2a, 0x81, 0x40, 0xd0, 
0x90, 0x79, 0x2c, 0x62, 0xd9, 0x93, 0x49, 0x83, 
0x2d, 0xeb, 0x2b, 0x4b, 0x48, 0xd5, 0x92, 0xdb, 
0x40, 0xa6, 0x13, 0x2e, 0xe9, 0x2f, 0x19, 0xb9, 
0x50, 0x9b, 0xb0, 0x5e, 0x85, 0xa1, 0xec, 0x5e, 
0x71, 0xeb, 0x95, 0xd4, 0x5e, 0x6, 0x1a, 0xce, 
0xe2, 0xf5, 0xd4, 0xb3, 0xcb, 0x12, 0xba, 0xda, 
0x1d, 0x8e, 0x78, 0xc5, 0x58, 0x2b, 0x99, 0x5f, 
0xa4, 0x9a, 0x66, 0x7b, 0xc2, 0x37, 0xe, 0xeb, 
0xe4, 0xc8, 0x2b, 0x8c, 0x67, 0x27, 0xf9, 0x51, 
0x73, 0xc6, 0x90, 0xfb, 0x7, 0x91, 0xd8, 0x42, 
0x10, 0xb0, 0x2d, 0x43, 0xac, 0x3c, 0xe1, 0x54, 
0xc1, 0xb3, 0xc6, 0xc4, 0xf4, 0xd0, 0xa5, 0x7, 
0x3f, 0xe7, 0xf2, 0x24, 0xa4, 0xce, 0x9d, 0xa7, 
0xb6, 0x11, 0xf3, 0x70, 0xab, 0xbf, 0xbe, 0x47, 
0x94, 0xd, 0xdb, 0x97, 0x9c, 0x4d, 0xf2, 0xb, 
0xe5, 0x19, 0xac, 0x90, 0xe2, 0xf6, 0x8a, 0xcb, 
0x41, 0x82, 0xba, 0x78, 0x34, 0xca, 0x66, 0x85, 
0x72, 0x3e, 0xa9, 0xe7, 0x77, 0xc, 0x47, 0x67, 
0x9a, 0x3e, 0xaf, 0xc7, 0xf, 0xed, 0xc0, 0x4b, 
0xda, 0x31, 0xd5, 0x97, 0x8c, 0xb2, 0x6c, 0x2e, 
0x5a, 0xbf, 0x65, 0xc0, 0x5d, 0x44, 0xa7, 0x7f, 
0x74, 0x3b, 0xfd, 0xd6, 0xfa, 0xde, 0x1b, 0x29, 
0x2b, 0x8a, 0x30, 0xd8, 0xb2, 0x75, 0xcc, 0x75, 
0xd7, 0x86, 0x47, 0x6d, 0xbd, 0xe2, 0x86, 0xf7, 
0xe1, 0x88, 0x78, 0x5b, 0xec, 0xde, 0x33, 0xfa, 
0x65, 0x54, 0xa, 0xd3, 0x14, 0x7, 0x4f, 0x85, 
0x38, 0x6, 0x2a, 0x4e, 0x13, 0x2a, 0x3f, 0x4f, 
0xf5, 0xf1, 0x65, 0xab, 0xe8, 0x26, 0x5, 0xc2, 
0x1b, 0x8d, 0x5b, 0x6d, 0x74, 0xe1, 0xce, 0x19, 
0x62, 0x7b, 0xd2, 0x5d, 0xf0, 0xe0, 0xb4, 0x3f, 
0x95, 0x9e, 0xbd, 0x1d, 0xb2, 0x65, 0x36, 0x1b, 
0x3b, 0xc2, 0x28, 0xc4, 0x50, 0xb1, 0x0, 0x8d, 
0x40, 0xff, 0xf0, 0x34, 0x88, 0xb8, 0x2, 0x37, 
0x56, 0xb1, 0x3a, 0x17, 0xfb, 0x40, 0xad, 0x67, 
0x9e, 0x73, 0x44, 0x9f, 0xb1, 0x3f, 0xdc, 0x7e, 
0x69, 0xab, 0x76, 0x39, 0x1e, 0x7c, 0x7f, 0xed, 
0xd6, 0x81, 0xb3, 0xc9, 0x57, 0x65, 0xb0, 0x49, 
0xa6, 0x3b, 0x89, 0x50, 0x99, 0x2c, 0x67, 0xf8 
}
permutes - 32 bytes:
{
0x0, 0x1, 0x1, 0x1, 0x0, 0x1, 0x1, 0x1, 
0x0, 0x0, 0x0, 0x1, 0x0, 0x1, 0x0, 0x0, 
0x0, 0x1, 0x1, 0x1, 0x1, 0x0, 0x0, 0x1, 
0x1, 0x0, 0x0, 0x0, 0x0, 0x0, 0x0, 0x0 
}
gen input -
1 999 999 999 0 2 999 999 1 3 999 999 2 4 999 999 3 5 999 999 4 6 999 999 5 7 999 999 6 8 999 999 7 9 999 999 8 10 999 999 9 11 999 999 10 12 999 999 11 13 999 999 12 14 999 999 13 15 999 999 14 16 999 999 15 17 999 999 16 18 999 999 17 19 999 999 18 20 999 999 19 21 999 999 20 22 999 999 21 23 999 999 22 24 999 999 23 25 999 999 24 26 999 999 25 27 999 999 26 28 999 999 27 29 999 999 28 30 999 999 29 31 999 999 30 32 999 999 31 33 999 999 32 34 999 999 33 35 999 999 34 36 999 999 35 37 999 999 36 38 999 999 37 39 999 999 38 40 999 999 39 41 999 999 40 42 999 999 41 43 999 999 42 45 999 999 45 999 999 999 43 999 46 999 45 47 999 999 46 48 999 999 47 49 999 999 48 44 999 999 10 10 10 0 10 10 10 1 10 10 10 2 10 10 10 3 10 10 10 4 10 10 10 5 10 10 10 6 10 10 10 7 10 10 10 8 10 10 10 9 10 10 10 10 10 10 10 11 10 10 10 12 10 10 10 13 10 10 10 14 10 10 10 15 10 10 10 16 10 10 10 17 10 10 10 18 10 10 10 19 10 10 10 20 10 10 10 21 10 10 10 22 10 10 10 23 10 10 10 24 10 10 10 25 10 10 10 26 10 10 10 27 10 10 10 28 10 10 10 29 10 10 10 30 10 10 10 31 10 10 10 32 10 10 10 33 10 10 10 34 10 10 10 35 10 10 10 36 10 10 10 37 10 10 10 38 10 10 10 39 10 10 10 40 10 10 10 41 10 10 10 42 10 10 10 43 10 10 10 44 10 1 1 45 1 1 1 46 1 1 1 47 1 1 1 48 10 1 1 49 
gen sgx output -
44 49 48 47 46 45 43 42 41 40 39 38 37 36 35 34 33 32 31 30 29 28 27 26 25 24 23 22 21 20 19 18 17 16 15 14 13 12 11 10 9 8 7 6 5 4 3 2 1 0 
trans-info: sent Yao input to sender (YAO Evaluator)...
trans-info: starting Yao...
DEBUG: using backend file - ./input/dijinp.txt
GEN  input: 0100FFFFFFFFFFFF00000200FFFFFFFF01000300FFFFFFFF02000400FFFFFFFF03000500FFFFFFFF04000600FFFFFFFF05000700FFFFFFFF06000800FFFFFFFF07000900FFFFFFFF08000A00FFFFFFFF09000B00FFFFFFFF0A000C00FFFFFFFF0B000D00FFFFFFFF0C000E00FFFFFFFF0D000F00FFFFFFFF0E001000FFFFFFFF0F001100FFFFFFFF10001200FFFFFFFF11001300FFFFFFFF1200FFFFFFFF01000000010000000100000001000000010000000100000001000000010000000100000001000000010000000100000001000000010000000100000001000000010000000100000001000000010000000100000001000000010000000100000001000000010000000100000001000000010000000100000001000000010000000100000001000000010000000100000001000000010000000100000001000000010000000100000001000000010000000100000001000000010000000100000001000000010000000100000001000000010000000100000001000000010000000100000001000000010000000100000001000000010000000100000001000000010000000100000001000000010000000100000001000000010000000100000001000000010000000100000001000000010000000100000001000000010000000000 
GEN output: 0000 
4376

YAO output:
trans-info: YAO computation done
8 bytes:
{
0x0, 0x0, 0x0, 0x0, 0x0, 0x0, 0x0, 0x0 
}
trans-info: evaluation done
trans-debug: transition done with old|next|current states: SMC_SGX_STM_INPUT_WAIT|SMC_SGX_STM_INPUT_RECVD|SMC_SGX_STM_INIT
evaluator: cleaning up
root@sgx-HP-ENVY-x360-m6-Convertible:~/git/sgxsfe# 

