root@sgx-HP-ENVY-x360-m6-Convertible:~/git/sgx_private_code# ./evaluator -d
smcsgx: evaluator pid [8564]
evaluator: enable debug
evaluator: waiting for new connection...
evaluator: established connection with localhost (127.0.0.1)
mysgx-info: enclave is created
mysgx-info: enclave-ra is created
evaluator: sgx initialized
evaluator: got a msg with tag [0] and len [20]
trans-debug: into handle_att_nonce, len 20, buf 0x0x7fe4126c9808
MSG1 ga - 64 bytes:
{
0xa9, 0xee, 0x15, 0x94, 0xe0, 0xdf, 0x4, 0xab, 
0x14, 0x94, 0x45, 0x67, 0xbc, 0x8b, 0x13, 0xb3, 
0x9a, 0xc6, 0xa0, 0xfb, 0x1, 0xd1, 0xb5, 0xe4, 
0x9a, 0x7c, 0xcd, 0xb6, 0xbc, 0x5b, 0xb6, 0x26, 
0x1a, 0x5e, 0x36, 0x5, 0x3a, 0xdf, 0xde, 0xfa, 
0xcf, 0x79, 0x5d, 0x2, 0xa, 0x9e, 0xb9, 0xc2, 
0x90, 0xce, 0xfd, 0xcb, 0xf1, 0xb5, 0xea, 0x0, 
0x6d, 0x8e, 0x7f, 0xf5, 0x43, 0x26, 0x4a, 0xa3 
}
MSG1 gid - 4 bytes:
{
0x93, 0x2, 0x0, 0x0 
}
68 bytes:
{
0xa9, 0xee, 0x15, 0x94, 0xe0, 0xdf, 0x4, 0xab, 
0x14, 0x94, 0x45, 0x67, 0xbc, 0x8b, 0x13, 0xb3, 
0x9a, 0xc6, 0xa0, 0xfb, 0x1, 0xd1, 0xb5, 0xe4, 
0x9a, 0x7c, 0xcd, 0xb6, 0xbc, 0x5b, 0xb6, 0x26, 
0x1a, 0x5e, 0x36, 0x5, 0x3a, 0xdf, 0xde, 0xfa, 
0xcf, 0x79, 0x5d, 0x2, 0xa, 0x9e, 0xb9, 0xc2, 
0x90, 0xce, 0xfd, 0xcb, 0xf1, 0xb5, 0xea, 0x0, 
0x6d, 0x8e, 0x7f, 0xf5, 0x43, 0x26, 0x4a, 0xa3, 
0x93, 0x2, 0x0, 0x0 
}
trans-info: waiting for S2 from sender...
trans-debug: transition done with old|next|current states: SMC_SGX_STM_INIT|SMC_SGX_STM_ATT_RECVD|SMC_SGX_STM_ATT_S1_SENT
evaluator: got a msg with tag [2] and len [168]
trans-debug: into handle_att_S2, len 168, buf 0x0x7fe4126c9808
168 bytes:
{
0x6a, 0x83, 0xdc, 0x84, 0xd4, 0x4c, 0x8a, 0xbb, 
0x5e, 0x42, 0xaf, 0xee, 0x8d, 0xe9, 0xf4, 0x57, 
0x71, 0xfd, 0x73, 0x66, 0xd7, 0xfa, 0xad, 0xfa, 
0xf2, 0x17, 0x14, 0xdd, 0x5a, 0xb9, 0x9e, 0x97, 
0x79, 0xa7, 0x38, 0x72, 0xf2, 0xb8, 0xd6, 0xbe, 
0x18, 0x91, 0x7f, 0xf7, 0xb5, 0xd3, 0xe5, 0x64, 
0x9b, 0x12, 0x18, 0xaf, 0x39, 0x29, 0x6c, 0x24, 
0x19, 0x38, 0x29, 0xb, 0xc6, 0xac, 0xc, 0x62, 
0x64, 0x61, 0x76, 0x65, 0x74, 0x69, 0x0, 0x0, 
0x0, 0x0, 0x0, 0x0, 0x0, 0x0, 0x0, 0x0, 
0x1, 0x0, 0x1, 0x0, 0x6a, 0x83, 0xdc, 0x84, 
0xd4, 0x4c, 0x8a, 0xbb, 0x5e, 0x42, 0xaf, 0xee, 
0x8d, 0xe9, 0xf4, 0x57, 0x71, 0xfd, 0x73, 0x66, 
0xd7, 0xfa, 0xad, 0xfa, 0xf2, 0x17, 0x14, 0xdd, 
0x5a, 0xb9, 0x9e, 0x97, 0x24, 0xba, 0xfa, 0xa0, 
0x68, 0xc9, 0x53, 0xc8, 0x37, 0xa3, 0x45, 0xf, 
0x74, 0x2a, 0xa9, 0x97, 0xe5, 0x96, 0x1c, 0xb3, 
0x64, 0x75, 0x47, 0x9d, 0x3c, 0xc2, 0xea, 0x16, 
0x7e, 0x20, 0xe5, 0xad, 0x2, 0x69, 0x8, 0x72, 
0xcc, 0x24, 0xa8, 0x3c, 0xcd, 0x99, 0xe8, 0x41, 
0xf6, 0x15, 0xe7, 0x4f, 0x0, 0x0, 0x0, 0x0 
}
MSG2 gb - 64 bytes:
{
0x6a, 0x83, 0xdc, 0x84, 0xd4, 0x4c, 0x8a, 0xbb, 
0x5e, 0x42, 0xaf, 0xee, 0x8d, 0xe9, 0xf4, 0x57, 
0x71, 0xfd, 0x73, 0x66, 0xd7, 0xfa, 0xad, 0xfa, 
0xf2, 0x17, 0x14, 0xdd, 0x5a, 0xb9, 0x9e, 0x97, 
0x79, 0xa7, 0x38, 0x72, 0xf2, 0xb8, 0xd6, 0xbe, 
0x18, 0x91, 0x7f, 0xf7, 0xb5, 0xd3, 0xe5, 0x64, 
0x9b, 0x12, 0x18, 0xaf, 0x39, 0x29, 0x6c, 0x24, 
0x19, 0x38, 0x29, 0xb, 0xc6, 0xac, 0xc, 0x62 
}
MSG2 spid - 16 bytes:
{
0x64, 0x61, 0x76, 0x65, 0x74, 0x69, 0x0, 0x0, 
0x0, 0x0, 0x0, 0x0, 0x0, 0x0, 0x0, 0x0 
}
MSG2 sign_gb_ga - 64 bytes:
{
0x6a, 0x83, 0xdc, 0x84, 0xd4, 0x4c, 0x8a, 0xbb, 
0x5e, 0x42, 0xaf, 0xee, 0x8d, 0xe9, 0xf4, 0x57, 
0x71, 0xfd, 0x73, 0x66, 0xd7, 0xfa, 0xad, 0xfa, 
0xf2, 0x17, 0x14, 0xdd, 0x5a, 0xb9, 0x9e, 0x97, 
0x24, 0xba, 0xfa, 0xa0, 0x68, 0xc9, 0x53, 0xc8, 
0x37, 0xa3, 0x45, 0xf, 0x74, 0x2a, 0xa9, 0x97, 
0xe5, 0x96, 0x1c, 0xb3, 0x64, 0x75, 0x47, 0x9d, 
0x3c, 0xc2, 0xea, 0x16, 0x7e, 0x20, 0xe5, 0xad 
}
MSG2 mac - 16 bytes:
{
0x2, 0x69, 0x8, 0x72, 0xcc, 0x24, 0xa8, 0x3c, 
0xcd, 0x99, 0xe8, 0x41, 0xf6, 0x15, 0xe7, 0x4f 
}
MSG2 sig_rl - Error: null input
1452 bytes:
{
0xc6, 0x33, 0x32, 0xd1, 0xa6, 0x9f, 0xcd, 0x22, 
0x3c, 0x2c, 0x32, 0x31, 0x5d, 0x99, 0x82, 0x99, 
0xa9, 0xee, 0x15, 0x94, 0xe0, 0xdf, 0x4, 0xab, 
0x14, 0x94, 0x45, 0x67, 0xbc, 0x8b, 0x13, 0xb3, 
0x9a, 0xc6, 0xa0, 0xfb, 0x1, 0xd1, 0xb5, 0xe4, 
0x9a, 0x7c, 0xcd, 0xb6, 0xbc, 0x5b, 0xb6, 0x26, 
0x1a, 0x5e, 0x36, 0x5, 0x3a, 0xdf, 0xde, 0xfa, 
0xcf, 0x79, 0x5d, 0x2, 0xa, 0x9e, 0xb9, 0xc2, 
0x90, 0xce, 0xfd, 0xcb, 0xf1, 0xb5, 0xea, 0x0, 
0x6d, 0x8e, 0x7f, 0xf5, 0x43, 0x26, 0x4a, 0xa3, 
0x0, 0x0, 0x0, 0x0, 0x0, 0x0, 0x0, 0x0, 
0x0, 0x0, 0x0, 0x0, 0x0, 0x0, 0x0, 0x0, 
0x0, 0x0, 0x0, 0x0, 0x0, 0x0, 0x0, 0x0, 
0x0, 0x0, 0x0, 0x0, 0x0, 0x0, 0x0, 0x0, 
0x0, 0x0, 0x0, 0x0, 0x0, 0x0, 0x0, 0x0, 
0x0, 0x0, 0x0, 0x0, 0x0, 0x0, 0x0, 0x0, 
0x0, 0x0, 0x0, 0x0, 0x0, 0x0, 0x0, 0x0, 
0x0, 0x0, 0x0, 0x0, 0x0, 0x0, 0x0, 0x0, 
0x0, 0x0, 0x0, 0x0, 0x0, 0x0, 0x0, 0x0, 
0x0, 0x0, 0x0, 0x0, 0x0, 0x0, 0x0, 0x0, 
0x0, 0x0, 0x0, 0x0, 0x0, 0x0, 0x0, 0x0, 
0x0, 0x0, 0x0, 0x0, 0x0, 0x0, 0x0, 0x0, 
0x0, 0x0, 0x0, 0x0, 0x0, 0x0, 0x0, 0x0, 
0x0, 0x0, 0x0, 0x0, 0x0, 0x0, 0x0, 0x0, 
0x0, 0x0, 0x0, 0x0, 0x0, 0x0, 0x0, 0x0, 
0x0, 0x0, 0x0, 0x0, 0x0, 0x0, 0x0, 0x0, 
0x0, 0x0, 0x0, 0x0, 0x0, 0x0, 0x0, 0x0, 
0x0, 0x0, 0x0, 0x0, 0x0, 0x0, 0x0, 0x0, 
0x0, 0x0, 0x0, 0x0, 0x0, 0x0, 0x0, 0x0, 
0x0, 0x0, 0x0, 0x0, 0x0, 0x0, 0x0, 0x0, 
0x0, 0x0, 0x0, 0x0, 0x0, 0x0, 0x0, 0x0, 
0x0, 0x0, 0x0, 0x0, 0x0, 0x0, 0x0, 0x0, 
0x0, 0x0, 0x0, 0x0, 0x0, 0x0, 0x0, 0x0, 
0x0, 0x0, 0x0, 0x0, 0x0, 0x0, 0x0, 0x0, 
0x0, 0x0, 0x0, 0x0, 0x0, 0x0, 0x0, 0x0, 
0x0, 0x0, 0x0, 0x0, 0x0, 0x0, 0x0, 0x0, 
0x0, 0x0, 0x0, 0x0, 0x0, 0x0, 0x0, 0x0, 
0x0, 0x0, 0x0, 0x0, 0x0, 0x0, 0x0, 0x0, 
0x0, 0x0, 0x0, 0x0, 0x0, 0x0, 0x0, 0x0, 
0x0, 0x0, 0x0, 0x0, 0x0, 0x0, 0x0, 0x0, 
0x0, 0x0, 0x0, 0x0, 0x0, 0x0, 0x0, 0x0, 
0x0, 0x0, 0x0, 0x0, 0x0, 0x0, 0x0, 0x0, 
0x1, 0x0, 0x1, 0x0, 0x93, 0x2, 0x0, 0x0, 
0x4, 0x0, 0x0, 0x0, 0x0, 0x0, 0x0, 0x0, 
0x64, 0x61, 0x76, 0x65, 0x74, 0x69, 0x0, 0x0, 
0x0, 0x0, 0x0, 0x0, 0x0, 0x0, 0x0, 0x0, 
0x0, 0x0, 0x0, 0x0, 0x0, 0x0, 0x0, 0x0, 
0x0, 0x0, 0x0, 0x0, 0x0, 0x0, 0x0, 0x0, 
0x2, 0x2, 0x2, 0xff, 0xff, 0xff, 0x0, 0x0, 
0x0, 0x0, 0x0, 0x0, 0x0, 0x0, 0x0, 0x0, 
0x0, 0x0, 0x0, 0x0, 0x0, 0x0, 0x0, 0x0, 
0x0, 0x0, 0x0, 0x0, 0x0, 0x0, 0x0, 0x0, 
0x0, 0x0, 0x0, 0x0, 0x0, 0x0, 0x0, 0x0, 
0x0, 0x0, 0x0, 0x0, 0x0, 0x0, 0x0, 0x0, 
0x7, 0x0, 0x0, 0x0, 0x0, 0x0, 0x0, 0x0, 
0x7, 0x0, 0x0, 0x0, 0x0, 0x0, 0x0, 0x0, 
0xe7, 0xf9, 0x0, 0x2f, 0x39, 0x6, 0x19, 0xa3, 
0x80, 0xbf, 0x50, 0x7e, 0x2a, 0xf0, 0xd8, 0xcf, 
0x42, 0x15, 0x9e, 0xfb, 0x23, 0xbf, 0x21, 0x86, 
0xbc, 0xb7, 0x2d, 0x5, 0x82, 0x94, 0x6b, 0x16, 
0x0, 0x0, 0x0, 0x0, 0x0, 0x0, 0x0, 0x0, 
0x0, 0x0, 0x0, 0x0, 0x0, 0x0, 0x0, 0x0, 
0x0, 0x0, 0x0, 0x0, 0x0, 0x0, 0x0, 0x0, 
0x0, 0x0, 0x0, 0x0, 0x0, 0x0, 0x0, 0x0, 
0x60, 0x27, 0x7a, 0xd2, 0xfd, 0xfc, 0x57, 0xe9, 
0x80, 0xe8, 0x76, 0xe7, 0xf8, 0x78, 0xac, 0x19, 
0x9, 0x88, 0xe, 0xa5, 0x38, 0x7, 0x95, 0xa7, 
0xe8, 0xea, 0x98, 0xb1, 0x57, 0x84, 0x1f, 0x85, 
0x0, 0x0, 0x0, 0x0, 0x0, 0x0, 0x0, 0x0, 
0x0, 0x0, 0x0, 0x0, 0x0, 0x0, 0x0, 0x0, 
0x0, 0x0, 0x0, 0x0, 0x0, 0x0, 0x0, 0x0, 
0x0, 0x0, 0x0, 0x0, 0x0, 0x0, 0x0, 0x0, 
0x0, 0x0, 0x0, 0x0, 0x0, 0x0, 0x0, 0x0, 
0x0, 0x0, 0x0, 0x0, 0x0, 0x0, 0x0, 0x0, 
0x0, 0x0, 0x0, 0x0, 0x0, 0x0, 0x0, 0x0, 
0x0, 0x0, 0x0, 0x0, 0x0, 0x0, 0x0, 0x0, 
0x0, 0x0, 0x0, 0x0, 0x0, 0x0, 0x0, 0x0, 
0x0, 0x0, 0x0, 0x0, 0x0, 0x0, 0x0, 0x0, 
0x0, 0x0, 0x0, 0x0, 0x0, 0x0, 0x0, 0x0, 
0x0, 0x0, 0x0, 0x0, 0x0, 0x0, 0x0, 0x0, 
0x0, 0x0, 0x0, 0x0, 0x0, 0x0, 0x0, 0x0, 
0x0, 0x0, 0x0, 0x0, 0x0, 0x0, 0x0, 0x0, 
0x0, 0x0, 0x0, 0x0, 0x0, 0x0, 0x0, 0x0, 
0x0, 0x0, 0x0, 0x0, 0x0, 0x0, 0x0, 0x0, 
0x0, 0x0, 0x0, 0x0, 0x0, 0x0, 0x0, 0x0, 
0x0, 0x0, 0x0, 0x0, 0x0, 0x0, 0x0, 0x0, 
0x0, 0x0, 0x0, 0x0, 0x0, 0x0, 0x0, 0x0, 
0x0, 0x0, 0x0, 0x0, 0x0, 0x0, 0x0, 0x0, 
0xf7, 0xb6, 0x95, 0xb5, 0x8, 0x52, 0xbb, 0x1d, 
0xa5, 0x50, 0xcd, 0x9c, 0x9c, 0x89, 0xf7, 0x84, 
0xd3, 0x86, 0xe4, 0x92, 0xc3, 0xbe, 0xf4, 0x41, 
0xcf, 0x4e, 0x32, 0x3b, 0x4f, 0x2, 0x54, 0x1, 
0x0, 0x0, 0x0, 0x0, 0x0, 0x0, 0x0, 0x0, 
0x0, 0x0, 0x0, 0x0, 0x0, 0x0, 0x0, 0x0, 
0x0, 0x0, 0x0, 0x0, 0x0, 0x0, 0x0, 0x0, 
0x0, 0x0, 0x0, 0x0, 0x0, 0x0, 0x0, 0x0, 
0xa8, 0x2, 0x0, 0x0, 0x19, 0xc9, 0x79, 0x82, 
0xf3, 0xae, 0xb7, 0x25, 0x9c, 0x29, 0x72, 0x68, 
0x42, 0x28, 0xfa, 0x3f, 0x65, 0x46, 0x4b, 0xae, 
0xe1, 0xb8, 0x6d, 0x8e, 0xc4, 0xb8, 0xb6, 0x93, 
0x91, 0x70, 0x13, 0x83, 0x9e, 0x15, 0xea, 0xf3, 
0x7c, 0x60, 0x4d, 0xdf, 0x1d, 0x2d, 0x7e, 0x3c, 
0x92, 0x9, 0x11, 0x3f, 0xa6, 0x15, 0xc8, 0xd1, 
0xef, 0x25, 0x9c, 0x32, 0x89, 0x5a, 0x7b, 0xa2, 
0xfa, 0x54, 0xc, 0x14, 0x59, 0xf2, 0x8a, 0x9d, 
0x52, 0x5a, 0xc2, 0xb5, 0x42, 0x71, 0x27, 0x6d, 
0xee, 0xe6, 0x50, 0xe3, 0xa9, 0xa5, 0xdc, 0xd8, 
0x7, 0x79, 0x27, 0x49, 0x3a, 0xa2, 0xf2, 0x37, 
0x73, 0x6d, 0xfa, 0xe1, 0xae, 0x5, 0xdb, 0xcd, 
0x95, 0x28, 0x18, 0xf0, 0xd3, 0xe0, 0xf8, 0x99, 
0xc1, 0x24, 0xe8, 0x8c, 0x8c, 0x2, 0x74, 0x39, 
0xa0, 0xd2, 0x14, 0x4c, 0xc8, 0x56, 0xaf, 0x9b, 
0xdd, 0x98, 0xec, 0xfa, 0x8, 0x6, 0xda, 0x5b, 
0x16, 0x57, 0xf2, 0x16, 0x90, 0xbf, 0x31, 0x97, 
0xa1, 0x6c, 0x28, 0x15, 0xc9, 0xc, 0xe5, 0x89, 
0xba, 0x6a, 0xbf, 0x9, 0xd, 0x13, 0x7, 0x57, 
0x44, 0xc6, 0xbb, 0x73, 0xf3, 0x4, 0x8a, 0xd3, 
0x58, 0xea, 0x93, 0xb3, 0xfb, 0x70, 0x63, 0x8f, 
0x20, 0xd4, 0xd, 0x57, 0x26, 0x93, 0x37, 0x9, 
0x62, 0xde, 0xdf, 0x6c, 0xd6, 0xe6, 0x22, 0xf4, 
0xb2, 0xb4, 0x74, 0x2a, 0x11, 0xef, 0x3d, 0x7f, 
0xfc, 0x32, 0x63, 0xec, 0xea, 0xb9, 0x6a, 0xe, 
0xc7, 0x21, 0x2a, 0x92, 0xba, 0x1c, 0xa5, 0xf4, 
0xfa, 0xe5, 0x98, 0xa, 0x23, 0xc2, 0xa2, 0xe5, 
0xbc, 0xbb, 0x5f, 0xa4, 0x61, 0xc1, 0x17, 0x76, 
0x7d, 0x84, 0x67, 0xe, 0x38, 0xbe, 0xbc, 0xec, 
0x22, 0xbe, 0x2f, 0xd3, 0xfe, 0x1b, 0xb, 0x79, 
0x13, 0xcc, 0xf0, 0x41, 0xed, 0x6d, 0x5e, 0x4e, 
0x6f, 0xa, 0xb2, 0x62, 0x43, 0x53, 0x6a, 0x7f, 
0xe1, 0x9d, 0x0, 0x8c, 0xd9, 0x77, 0xd2, 0xdd, 
0x34, 0x79, 0x4b, 0x5e, 0x7b, 0xfb, 0x65, 0xd0, 
0x8, 0x1, 0xfc, 0x38, 0xab, 0x9e, 0xeb, 0x19, 
0x5f, 0x3a, 0xc, 0x39, 0x64, 0x40, 0x4f, 0xd0, 
0x71, 0x8f, 0x7f, 0xf2, 0xe, 0xa1, 0x48, 0xc0, 
0x68, 0x1, 0x0, 0x0, 0x76, 0x54, 0xf0, 0xf8, 
0x6d, 0xbd, 0x8a, 0xb4, 0xc9, 0x27, 0xaa, 0xcf, 
0xec, 0x42, 0xa, 0x53, 0x61, 0xed, 0xe2, 0xf0, 
0xc1, 0xd4, 0xe9, 0x59, 0xee, 0x55, 0xc6, 0x39, 
0x3b, 0x90, 0xa4, 0xc5, 0x8f, 0x40, 0x26, 0xa3, 
0x47, 0x2d, 0x10, 0xde, 0x4d, 0xaf, 0xba, 0x24, 
0x6, 0x25, 0xab, 0x5, 0xd2, 0xe0, 0x73, 0x52, 
0x37, 0x4f, 0xf7, 0xc7, 0xad, 0x72, 0x99, 0xcc, 
0x50, 0x92, 0x6a, 0xcd, 0xc0, 0x5, 0x7a, 0x35, 
0xe4, 0x26, 0xd5, 0x33, 0x43, 0x73, 0xbf, 0xb8, 
0x9a, 0xd5, 0xd6, 0xac, 0x4b, 0x26, 0xf2, 0xba, 
0xa9, 0xcd, 0xd5, 0xde, 0x42, 0xef, 0xf2, 0x86, 
0xe4, 0xc9, 0xee, 0xf0, 0xea, 0xec, 0xb7, 0x3, 
0x88, 0x3a, 0x93, 0x51, 0x28, 0x60, 0x8f, 0x8f, 
0x22, 0x45, 0xb0, 0x25, 0xe8, 0x76, 0x96, 0xe, 
0x61, 0x6d, 0x34, 0x2d, 0x3, 0x86, 0x81, 0xea, 
0xb4, 0x2, 0xe, 0x6e, 0x49, 0x5d, 0x83, 0x7e, 
0x85, 0x8b, 0x19, 0xe5, 0x82, 0xed, 0x33, 0xea, 
0x28, 0xd0, 0x37, 0x7c, 0x2f, 0x29, 0x58, 0x1, 
0xbd, 0xc3, 0xa6, 0xd0, 0x2a, 0x5a, 0x40, 0x49, 
0x9d, 0x53, 0x4e, 0x45, 0xa2, 0x36, 0x77, 0x76, 
0x5b, 0x13, 0x79, 0xd2, 0x3b, 0x16, 0x7f, 0x6c, 
0x9f, 0x84, 0x2b, 0x81, 0x36, 0x58, 0xcb, 0x79, 
0x71, 0x39, 0x58, 0x2e, 0x36, 0x98, 0x3f, 0xf2, 
0x93, 0x22, 0xf5, 0x8, 0xfe, 0x80, 0x52, 0x6, 
0x9, 0x9f, 0xb5, 0xe7, 0xa3, 0x7e, 0x47, 0xc, 
0x69, 0x7b, 0xb0, 0xb4, 0xf7, 0x3a, 0x9a, 0x38, 
0x90, 0x23, 0xef, 0xad, 0x3b, 0x5f, 0x30, 0xf3, 
0xb, 0xda, 0x99, 0xa8, 0xd0, 0xd6, 0x89, 0xf4, 
0x83, 0x3b, 0xa5, 0x8b, 0x31, 0x4c, 0x1b, 0x6, 
0x2, 0xeb, 0xc5, 0xa9, 0x33, 0x41, 0xd7, 0xf4, 
0x32, 0xdb, 0x9a, 0x7, 0x41, 0x88, 0x67, 0x69, 
0xfd, 0xe1, 0xbb, 0xc2, 0xc9, 0xb3, 0xe4, 0x61, 
0x4f, 0xf6, 0x95, 0xbc, 0x8c, 0x8, 0x66, 0xfa, 
0x40, 0x75, 0x6f, 0x13, 0x7e, 0x3, 0x2d, 0x51, 
0x34, 0xa0, 0xd3, 0xa, 0x1e, 0xe6, 0xc1, 0x9f, 
0x33, 0x44, 0x71, 0xf2, 0xda, 0x1e, 0x1e, 0xdf, 
0xfd, 0x6c, 0x51, 0x1d, 0x9b, 0xd7, 0x64, 0xbe, 
0x3, 0x7d, 0x72, 0x9, 0x20, 0x55, 0x9f, 0x9, 
0x70, 0x42, 0x5b, 0xf, 0x6f, 0x61, 0x3f, 0x28, 
0xd1, 0x4, 0xcc, 0x2a, 0x37, 0xf0, 0x69, 0xe, 
0xec, 0x94, 0xad, 0x2, 0x29, 0xdb, 0xe7, 0x6f, 
0x28, 0x2c, 0x98, 0xbf, 0xbc, 0xa2, 0xe2, 0xae, 
0x9, 0x60, 0xbe, 0xb5, 0xdd, 0x11, 0x34, 0xc3, 
0x3e, 0x6e, 0x85, 0x48, 0xa4, 0x29, 0xf8, 0xd7, 
0xae, 0x31, 0xce, 0x16, 0x3a, 0x12, 0xe2, 0x44, 
0xbb, 0xf5, 0x11, 0x9, 0xc3, 0xbc, 0xe6, 0x1c, 
0x34, 0x85, 0xf5, 0x66 
}
MSG3 mac - 16 bytes:
{
0xc6, 0x33, 0x32, 0xd1, 0xa6, 0x9f, 0xcd, 0x22, 
0x3c, 0x2c, 0x32, 0x31, 0x5d, 0x99, 0x82, 0x99 
}
MSG3 ga - 64 bytes:
{
0xa9, 0xee, 0x15, 0x94, 0xe0, 0xdf, 0x4, 0xab, 
0x14, 0x94, 0x45, 0x67, 0xbc, 0x8b, 0x13, 0xb3, 
0x9a, 0xc6, 0xa0, 0xfb, 0x1, 0xd1, 0xb5, 0xe4, 
0x9a, 0x7c, 0xcd, 0xb6, 0xbc, 0x5b, 0xb6, 0x26, 
0x1a, 0x5e, 0x36, 0x5, 0x3a, 0xdf, 0xde, 0xfa, 
0xcf, 0x79, 0x5d, 0x2, 0xa, 0x9e, 0xb9, 0xc2, 
0x90, 0xce, 0xfd, 0xcb, 0xf1, 0xb5, 0xea, 0x0, 
0x6d, 0x8e, 0x7f, 0xf5, 0x43, 0x26, 0x4a, 0xa3 
}
MSG3 ps_sec_prop - 256 bytes:
{
0x0, 0x0, 0x0, 0x0, 0x0, 0x0, 0x0, 0x0, 
0x0, 0x0, 0x0, 0x0, 0x0, 0x0, 0x0, 0x0, 
0x0, 0x0, 0x0, 0x0, 0x0, 0x0, 0x0, 0x0, 
0x0, 0x0, 0x0, 0x0, 0x0, 0x0, 0x0, 0x0, 
0x0, 0x0, 0x0, 0x0, 0x0, 0x0, 0x0, 0x0, 
0x0, 0x0, 0x0, 0x0, 0x0, 0x0, 0x0, 0x0, 
0x0, 0x0, 0x0, 0x0, 0x0, 0x0, 0x0, 0x0, 
0x0, 0x0, 0x0, 0x0, 0x0, 0x0, 0x0, 0x0, 
0x0, 0x0, 0x0, 0x0, 0x0, 0x0, 0x0, 0x0, 
0x0, 0x0, 0x0, 0x0, 0x0, 0x0, 0x0, 0x0, 
0x0, 0x0, 0x0, 0x0, 0x0, 0x0, 0x0, 0x0, 
0x0, 0x0, 0x0, 0x0, 0x0, 0x0, 0x0, 0x0, 
0x0, 0x0, 0x0, 0x0, 0x0, 0x0, 0x0, 0x0, 
0x0, 0x0, 0x0, 0x0, 0x0, 0x0, 0x0, 0x0, 
0x0, 0x0, 0x0, 0x0, 0x0, 0x0, 0x0, 0x0, 
0x0, 0x0, 0x0, 0x0, 0x0, 0x0, 0x0, 0x0, 
0x0, 0x0, 0x0, 0x0, 0x0, 0x0, 0x0, 0x0, 
0x0, 0x0, 0x0, 0x0, 0x0, 0x0, 0x0, 0x0, 
0x0, 0x0, 0x0, 0x0, 0x0, 0x0, 0x0, 0x0, 
0x0, 0x0, 0x0, 0x0, 0x0, 0x0, 0x0, 0x0, 
0x0, 0x0, 0x0, 0x0, 0x0, 0x0, 0x0, 0x0, 
0x0, 0x0, 0x0, 0x0, 0x0, 0x0, 0x0, 0x0, 
0x0, 0x0, 0x0, 0x0, 0x0, 0x0, 0x0, 0x0, 
0x0, 0x0, 0x0, 0x0, 0x0, 0x0, 0x0, 0x0, 
0x0, 0x0, 0x0, 0x0, 0x0, 0x0, 0x0, 0x0, 
0x0, 0x0, 0x0, 0x0, 0x0, 0x0, 0x0, 0x0, 
0x0, 0x0, 0x0, 0x0, 0x0, 0x0, 0x0, 0x0, 
0x0, 0x0, 0x0, 0x0, 0x0, 0x0, 0x0, 0x0, 
0x0, 0x0, 0x0, 0x0, 0x0, 0x0, 0x0, 0x0, 
0x0, 0x0, 0x0, 0x0, 0x0, 0x0, 0x0, 0x0, 
0x0, 0x0, 0x0, 0x0, 0x0, 0x0, 0x0, 0x0, 
0x0, 0x0, 0x0, 0x0, 0x0, 0x0, 0x0, 0x0 
}
MSG3 quote - 1116 bytes:
{
0x1, 0x0, 0x1, 0x0, 0x93, 0x2, 0x0, 0x0, 
0x4, 0x0, 0x0, 0x0, 0x0, 0x0, 0x0, 0x0, 
0x64, 0x61, 0x76, 0x65, 0x74, 0x69, 0x0, 0x0, 
0x0, 0x0, 0x0, 0x0, 0x0, 0x0, 0x0, 0x0, 
0x0, 0x0, 0x0, 0x0, 0x0, 0x0, 0x0, 0x0, 
0x0, 0x0, 0x0, 0x0, 0x0, 0x0, 0x0, 0x0, 
0x2, 0x2, 0x2, 0xff, 0xff, 0xff, 0x0, 0x0, 
0x0, 0x0, 0x0, 0x0, 0x0, 0x0, 0x0, 0x0, 
0x0, 0x0, 0x0, 0x0, 0x0, 0x0, 0x0, 0x0, 
0x0, 0x0, 0x0, 0x0, 0x0, 0x0, 0x0, 0x0, 
0x0, 0x0, 0x0, 0x0, 0x0, 0x0, 0x0, 0x0, 
0x0, 0x0, 0x0, 0x0, 0x0, 0x0, 0x0, 0x0, 
0x7, 0x0, 0x0, 0x0, 0x0, 0x0, 0x0, 0x0, 
0x7, 0x0, 0x0, 0x0, 0x0, 0x0, 0x0, 0x0, 
0xe7, 0xf9, 0x0, 0x2f, 0x39, 0x6, 0x19, 0xa3, 
0x80, 0xbf, 0x50, 0x7e, 0x2a, 0xf0, 0xd8, 0xcf, 
0x42, 0x15, 0x9e, 0xfb, 0x23, 0xbf, 0x21, 0x86, 
0xbc, 0xb7, 0x2d, 0x5, 0x82, 0x94, 0x6b, 0x16, 
0x0, 0x0, 0x0, 0x0, 0x0, 0x0, 0x0, 0x0, 
0x0, 0x0, 0x0, 0x0, 0x0, 0x0, 0x0, 0x0, 
0x0, 0x0, 0x0, 0x0, 0x0, 0x0, 0x0, 0x0, 
0x0, 0x0, 0x0, 0x0, 0x0, 0x0, 0x0, 0x0, 
0x60, 0x27, 0x7a, 0xd2, 0xfd, 0xfc, 0x57, 0xe9, 
0x80, 0xe8, 0x76, 0xe7, 0xf8, 0x78, 0xac, 0x19, 
0x9, 0x88, 0xe, 0xa5, 0x38, 0x7, 0x95, 0xa7, 
0xe8, 0xea, 0x98, 0xb1, 0x57, 0x84, 0x1f, 0x85, 
0x0, 0x0, 0x0, 0x0, 0x0, 0x0, 0x0, 0x0, 
0x0, 0x0, 0x0, 0x0, 0x0, 0x0, 0x0, 0x0, 
0x0, 0x0, 0x0, 0x0, 0x0, 0x0, 0x0, 0x0, 
0x0, 0x0, 0x0, 0x0, 0x0, 0x0, 0x0, 0x0, 
0x0, 0x0, 0x0, 0x0, 0x0, 0x0, 0x0, 0x0, 
0x0, 0x0, 0x0, 0x0, 0x0, 0x0, 0x0, 0x0, 
0x0, 0x0, 0x0, 0x0, 0x0, 0x0, 0x0, 0x0, 
0x0, 0x0, 0x0, 0x0, 0x0, 0x0, 0x0, 0x0, 
0x0, 0x0, 0x0, 0x0, 0x0, 0x0, 0x0, 0x0, 
0x0, 0x0, 0x0, 0x0, 0x0, 0x0, 0x0, 0x0, 
0x0, 0x0, 0x0, 0x0, 0x0, 0x0, 0x0, 0x0, 
0x0, 0x0, 0x0, 0x0, 0x0, 0x0, 0x0, 0x0, 
0x0, 0x0, 0x0, 0x0, 0x0, 0x0, 0x0, 0x0, 
0x0, 0x0, 0x0, 0x0, 0x0, 0x0, 0x0, 0x0, 
0x0, 0x0, 0x0, 0x0, 0x0, 0x0, 0x0, 0x0, 
0x0, 0x0, 0x0, 0x0, 0x0, 0x0, 0x0, 0x0, 
0x0, 0x0, 0x0, 0x0, 0x0, 0x0, 0x0, 0x0, 
0x0, 0x0, 0x0, 0x0, 0x0, 0x0, 0x0, 0x0, 
0x0, 0x0, 0x0, 0x0, 0x0, 0x0, 0x0, 0x0, 
0x0, 0x0, 0x0, 0x0, 0x0, 0x0, 0x0, 0x0, 
0xf7, 0xb6, 0x95, 0xb5, 0x8, 0x52, 0xbb, 0x1d, 
0xa5, 0x50, 0xcd, 0x9c, 0x9c, 0x89, 0xf7, 0x84, 
0xd3, 0x86, 0xe4, 0x92, 0xc3, 0xbe, 0xf4, 0x41, 
0xcf, 0x4e, 0x32, 0x3b, 0x4f, 0x2, 0x54, 0x1, 
0x0, 0x0, 0x0, 0x0, 0x0, 0x0, 0x0, 0x0, 
0x0, 0x0, 0x0, 0x0, 0x0, 0x0, 0x0, 0x0, 
0x0, 0x0, 0x0, 0x0, 0x0, 0x0, 0x0, 0x0, 
0x0, 0x0, 0x0, 0x0, 0x0, 0x0, 0x0, 0x0, 
0xa8, 0x2, 0x0, 0x0, 0x19, 0xc9, 0x79, 0x82, 
0xf3, 0xae, 0xb7, 0x25, 0x9c, 0x29, 0x72, 0x68, 
0x42, 0x28, 0xfa, 0x3f, 0x65, 0x46, 0x4b, 0xae, 
0xe1, 0xb8, 0x6d, 0x8e, 0xc4, 0xb8, 0xb6, 0x93, 
0x91, 0x70, 0x13, 0x83, 0x9e, 0x15, 0xea, 0xf3, 
0x7c, 0x60, 0x4d, 0xdf, 0x1d, 0x2d, 0x7e, 0x3c, 
0x92, 0x9, 0x11, 0x3f, 0xa6, 0x15, 0xc8, 0xd1, 
0xef, 0x25, 0x9c, 0x32, 0x89, 0x5a, 0x7b, 0xa2, 
0xfa, 0x54, 0xc, 0x14, 0x59, 0xf2, 0x8a, 0x9d, 
0x52, 0x5a, 0xc2, 0xb5, 0x42, 0x71, 0x27, 0x6d, 
0xee, 0xe6, 0x50, 0xe3, 0xa9, 0xa5, 0xdc, 0xd8, 
0x7, 0x79, 0x27, 0x49, 0x3a, 0xa2, 0xf2, 0x37, 
0x73, 0x6d, 0xfa, 0xe1, 0xae, 0x5, 0xdb, 0xcd, 
0x95, 0x28, 0x18, 0xf0, 0xd3, 0xe0, 0xf8, 0x99, 
0xc1, 0x24, 0xe8, 0x8c, 0x8c, 0x2, 0x74, 0x39, 
0xa0, 0xd2, 0x14, 0x4c, 0xc8, 0x56, 0xaf, 0x9b, 
0xdd, 0x98, 0xec, 0xfa, 0x8, 0x6, 0xda, 0x5b, 
0x16, 0x57, 0xf2, 0x16, 0x90, 0xbf, 0x31, 0x97, 
0xa1, 0x6c, 0x28, 0x15, 0xc9, 0xc, 0xe5, 0x89, 
0xba, 0x6a, 0xbf, 0x9, 0xd, 0x13, 0x7, 0x57, 
0x44, 0xc6, 0xbb, 0x73, 0xf3, 0x4, 0x8a, 0xd3, 
0x58, 0xea, 0x93, 0xb3, 0xfb, 0x70, 0x63, 0x8f, 
0x20, 0xd4, 0xd, 0x57, 0x26, 0x93, 0x37, 0x9, 
0x62, 0xde, 0xdf, 0x6c, 0xd6, 0xe6, 0x22, 0xf4, 
0xb2, 0xb4, 0x74, 0x2a, 0x11, 0xef, 0x3d, 0x7f, 
0xfc, 0x32, 0x63, 0xec, 0xea, 0xb9, 0x6a, 0xe, 
0xc7, 0x21, 0x2a, 0x92, 0xba, 0x1c, 0xa5, 0xf4, 
0xfa, 0xe5, 0x98, 0xa, 0x23, 0xc2, 0xa2, 0xe5, 
0xbc, 0xbb, 0x5f, 0xa4, 0x61, 0xc1, 0x17, 0x76, 
0x7d, 0x84, 0x67, 0xe, 0x38, 0xbe, 0xbc, 0xec, 
0x22, 0xbe, 0x2f, 0xd3, 0xfe, 0x1b, 0xb, 0x79, 
0x13, 0xcc, 0xf0, 0x41, 0xed, 0x6d, 0x5e, 0x4e, 
0x6f, 0xa, 0xb2, 0x62, 0x43, 0x53, 0x6a, 0x7f, 
0xe1, 0x9d, 0x0, 0x8c, 0xd9, 0x77, 0xd2, 0xdd, 
0x34, 0x79, 0x4b, 0x5e, 0x7b, 0xfb, 0x65, 0xd0, 
0x8, 0x1, 0xfc, 0x38, 0xab, 0x9e, 0xeb, 0x19, 
0x5f, 0x3a, 0xc, 0x39, 0x64, 0x40, 0x4f, 0xd0, 
0x71, 0x8f, 0x7f, 0xf2, 0xe, 0xa1, 0x48, 0xc0, 
0x68, 0x1, 0x0, 0x0, 0x76, 0x54, 0xf0, 0xf8, 
0x6d, 0xbd, 0x8a, 0xb4, 0xc9, 0x27, 0xaa, 0xcf, 
0xec, 0x42, 0xa, 0x53, 0x61, 0xed, 0xe2, 0xf0, 
0xc1, 0xd4, 0xe9, 0x59, 0xee, 0x55, 0xc6, 0x39, 
0x3b, 0x90, 0xa4, 0xc5, 0x8f, 0x40, 0x26, 0xa3, 
0x47, 0x2d, 0x10, 0xde, 0x4d, 0xaf, 0xba, 0x24, 
0x6, 0x25, 0xab, 0x5, 0xd2, 0xe0, 0x73, 0x52, 
0x37, 0x4f, 0xf7, 0xc7, 0xad, 0x72, 0x99, 0xcc, 
0x50, 0x92, 0x6a, 0xcd, 0xc0, 0x5, 0x7a, 0x35, 
0xe4, 0x26, 0xd5, 0x33, 0x43, 0x73, 0xbf, 0xb8, 
0x9a, 0xd5, 0xd6, 0xac, 0x4b, 0x26, 0xf2, 0xba, 
0xa9, 0xcd, 0xd5, 0xde, 0x42, 0xef, 0xf2, 0x86, 
0xe4, 0xc9, 0xee, 0xf0, 0xea, 0xec, 0xb7, 0x3, 
0x88, 0x3a, 0x93, 0x51, 0x28, 0x60, 0x8f, 0x8f, 
0x22, 0x45, 0xb0, 0x25, 0xe8, 0x76, 0x96, 0xe, 
0x61, 0x6d, 0x34, 0x2d, 0x3, 0x86, 0x81, 0xea, 
0xb4, 0x2, 0xe, 0x6e, 0x49, 0x5d, 0x83, 0x7e, 
0x85, 0x8b, 0x19, 0xe5, 0x82, 0xed, 0x33, 0xea, 
0x28, 0xd0, 0x37, 0x7c, 0x2f, 0x29, 0x58, 0x1, 
0xbd, 0xc3, 0xa6, 0xd0, 0x2a, 0x5a, 0x40, 0x49, 
0x9d, 0x53, 0x4e, 0x45, 0xa2, 0x36, 0x77, 0x76, 
0x5b, 0x13, 0x79, 0xd2, 0x3b, 0x16, 0x7f, 0x6c, 
0x9f, 0x84, 0x2b, 0x81, 0x36, 0x58, 0xcb, 0x79, 
0x71, 0x39, 0x58, 0x2e, 0x36, 0x98, 0x3f, 0xf2, 
0x93, 0x22, 0xf5, 0x8, 0xfe, 0x80, 0x52, 0x6, 
0x9, 0x9f, 0xb5, 0xe7, 0xa3, 0x7e, 0x47, 0xc, 
0x69, 0x7b, 0xb0, 0xb4, 0xf7, 0x3a, 0x9a, 0x38, 
0x90, 0x23, 0xef, 0xad, 0x3b, 0x5f, 0x30, 0xf3, 
0xb, 0xda, 0x99, 0xa8, 0xd0, 0xd6, 0x89, 0xf4, 
0x83, 0x3b, 0xa5, 0x8b, 0x31, 0x4c, 0x1b, 0x6, 
0x2, 0xeb, 0xc5, 0xa9, 0x33, 0x41, 0xd7, 0xf4, 
0x32, 0xdb, 0x9a, 0x7, 0x41, 0x88, 0x67, 0x69, 
0xfd, 0xe1, 0xbb, 0xc2, 0xc9, 0xb3, 0xe4, 0x61, 
0x4f, 0xf6, 0x95, 0xbc, 0x8c, 0x8, 0x66, 0xfa, 
0x40, 0x75, 0x6f, 0x13, 0x7e, 0x3, 0x2d, 0x51, 
0x34, 0xa0, 0xd3, 0xa, 0x1e, 0xe6, 0xc1, 0x9f, 
0x33, 0x44, 0x71, 0xf2, 0xda, 0x1e, 0x1e, 0xdf, 
0xfd, 0x6c, 0x51, 0x1d, 0x9b, 0xd7, 0x64, 0xbe, 
0x3, 0x7d, 0x72, 0x9, 0x20, 0x55, 0x9f, 0x9, 
0x70, 0x42, 0x5b, 0xf, 0x6f, 0x61, 0x3f, 0x28, 
0xd1, 0x4, 0xcc, 0x2a, 0x37, 0xf0, 0x69, 0xe, 
0xec, 0x94, 0xad, 0x2, 0x29, 0xdb, 0xe7, 0x6f, 
0x28, 0x2c, 0x98, 0xbf, 0xbc, 0xa2, 0xe2, 0xae, 
0x9, 0x60, 0xbe, 0xb5, 0xdd, 0x11, 0x34, 0xc3, 
0x3e, 0x6e, 0x85, 0x48, 0xa4, 0x29, 0xf8, 0xd7, 
0xae, 0x31, 0xce, 0x16, 0x3a, 0x12, 0xe2, 0x44, 
0xbb, 0xf5, 0x11, 0x9, 0xc3, 0xbc, 0xe6, 0x1c, 
0x34, 0x85, 0xf5, 0x66 
}
trans-info: sent S3 to sender...
trans-info: waiting for att result from sender...
trans-debug: transition done with old|next|current states: SMC_SGX_STM_ATT_S1_SENT|SMC_SGX_STM_ATT_S2_RECVD|SMC_SGX_STM_ATT_S3_SENT
evaluator: got a msg with tag [4] and len [157]
trans-debug: into handle_att_res, len 157, buf 0x0x7fe4126c9808
ATTESTATION RESULT result - 0
ATTESTATION RESULT MSG platform_info_blob - 97 bytes:
{
0x0, 0x0, 0x0, 0x0, 0x0, 0x0, 0x0, 0x0, 
0x0, 0x0, 0x0, 0x0, 0x0, 0x0, 0x0, 0x0, 
0x0, 0x0, 0x0, 0x0, 0x0, 0x0, 0x0, 0x0, 
0x0, 0x0, 0x0, 0x0, 0x0, 0x0, 0x0, 0x0, 
0x0, 0x97, 0x9e, 0xb9, 0x5a, 0xdd, 0x14, 0x17, 
0xf2, 0xfa, 0xad, 0xfa, 0xd7, 0x66, 0x73, 0xfd, 
0x71, 0x57, 0xf4, 0xe9, 0x8d, 0xee, 0xaf, 0x42, 
0x5e, 0xbb, 0x8a, 0x4c, 0xd4, 0x84, 0xdc, 0x83, 
0x6a, 0x8, 0x70, 0xd, 0xf2, 0x42, 0x8b, 0x2b, 
0xee, 0x42, 0xb0, 0x85, 0xe5, 0xbf, 0x99, 0xc5, 
0x22, 0xf8, 0x37, 0xf7, 0xee, 0xb6, 0x2c, 0xd5, 
0x8c, 0x37, 0xa2, 0xd2, 0x51, 0xed, 0x45, 0xf9, 
0x65 
}
ATTESTATION RESULT MSG mac - 16 bytes:
{
0x3a, 0x53, 0xe6, 0x9f, 0x8c, 0xbe, 0x45, 0xff, 
0xd9, 0x8a, 0x31, 0x52, 0xac, 0x5e, 0x1d, 0xd 
}
ATTESTATION RESULT MSG secret.payload_tag - 8 bytes
ATTESTATION RESULT MSG secret.payload - 8 bytes:
{
0x50, 0x61, 0x91, 0x5, 0xbd, 0x5b, 0x5a, 0x66 
}
trans-info: attestation result good
trans-info: attestation mac verification succeeded
SHARED SECRET - 8 bytes:
{
0x0, 0x1, 0x2, 0x3, 0x4, 0x5, 0x6, 0x7 
}
trans-info: waiting for input from sender...
trans-debug: transition done with old|next|current states: SMC_SGX_STM_ATT_S3_SENT|SMC_SGX_STM_ATT_RES_RECVD|SMC_SGX_STM_INPUT_WAIT
evaluator: got a msg with tag [5] and len [4]
trans-debug: into handle_input, len 4, buf 0x0x7fe4126c9808
4 bytes:
{
0x59, 0x41, 0x4f, 0x0 
}
trans-info: using YAO hybrid model
gengc - 320 bytes:
{
0x83, 0x1f, 0x9a, 0x79, 0x8f, 0x52, 0x46, 0xb8, 
0xba, 0xc4, 0xb6, 0x74, 0x54, 0x48, 0x70, 0xff, 
0xbf, 0x3d, 0x95, 0xbb, 0x4, 0xf3, 0x86, 0x96, 
0x87, 0x79, 0x19, 0x5e, 0x9e, 0x5f, 0x59, 0x71, 
0x46, 0x34, 0x34, 0x43, 0xe4, 0x95, 0x0, 0xc4, 
0x3a, 0x6f, 0x8f, 0x28, 0xdd, 0x2f, 0x1e, 0x9c, 
0x8, 0xc3, 0x3f, 0x9b, 0x4c, 0x54, 0xc2, 0xbe, 
0x70, 0x31, 0x9f, 0x34, 0x8f, 0xce, 0xf3, 0x42, 
0xcb, 0xcc, 0x4d, 0x76, 0xe9, 0x2d, 0x56, 0x48, 
0x97, 0x25, 0x66, 0xf6, 0x83, 0x2a, 0xfe, 0x3d, 
0x5c, 0x21, 0x7b, 0xce, 0x65, 0x75, 0xda, 0x2, 
0x7c, 0xd6, 0xa3, 0x15, 0xe7, 0x79, 0x5, 0x3a, 
0x5f, 0xae, 0xac, 0x3, 0x8d, 0xac, 0xc2, 0x17, 
0x32, 0x76, 0x74, 0xc7, 0x4, 0x61, 0x6e, 0xcb, 
0xc2, 0xe6, 0xac, 0x89, 0xe5, 0x4b, 0x21, 0x6a, 
0x20, 0x3f, 0x6a, 0x47, 0x1b, 0x69, 0xcb, 0x99, 
0xb3, 0x2d, 0x39, 0xa6, 0x6a, 0xf6, 0xa5, 0x84, 
0x93, 0xe7, 0xef, 0x69, 0xf, 0xa9, 0x76, 0xb0, 
0xef, 0x96, 0x5, 0xe7, 0x8d, 0xd4, 0x48, 0x35, 
0xc7, 0x6a, 0xab, 0x60, 0x43, 0xcd, 0xe4, 0x75, 
0xdf, 0x54, 0x2b, 0x37, 0x90, 0xbf, 0x64, 0xfc, 
0xc, 0x55, 0x7e, 0x51, 0xf6, 0xd0, 0xe7, 0xd7, 
0xc6, 0xaf, 0xdd, 0x61, 0x29, 0xae, 0x99, 0x3, 
0xa2, 0xa1, 0x7a, 0xfe, 0x32, 0xc7, 0x90, 0x5f, 
0x78, 0x73, 0x32, 0x91, 0x8e, 0x31, 0xb0, 0x71, 
0x25, 0xdf, 0xef, 0x50, 0xa7, 0xa, 0x48, 0x0, 
0x1e, 0x75, 0x36, 0xe6, 0xad, 0xac, 0x92, 0x78, 
0x13, 0x2e, 0x8f, 0x2f, 0x95, 0x62, 0x76, 0x49, 
0x9b, 0x11, 0x8, 0xc8, 0xc4, 0x2c, 0x12, 0x41, 
0x12, 0x8b, 0x27, 0x53, 0x2d, 0x64, 0xce, 0xd6, 
0xe1, 0xb0, 0xc2, 0x94, 0x5c, 0xf3, 0x93, 0xe, 
0x68, 0xd, 0xea, 0x15, 0x32, 0xc2, 0x46, 0x31, 
0xef, 0x6, 0xd7, 0xef, 0x40, 0x3f, 0xd2, 0x76, 
0x2f, 0x99, 0xa9, 0x1f, 0x3b, 0x7e, 0x55, 0x15, 
0x9d, 0xe0, 0x6a, 0x92, 0xc4, 0x82, 0x4d, 0x78, 
0xd7, 0x57, 0x6, 0x8c, 0x24, 0x24, 0x9c, 0x88, 
0x11, 0xed, 0x70, 0x88, 0xe7, 0xa7, 0xeb, 0xaf, 
0x4e, 0x6b, 0x6c, 0x7d, 0xfc, 0x5f, 0x58, 0x95, 
0x20, 0x6f, 0xa4, 0x57, 0x2c, 0x1e, 0x85, 0x22, 
0x8a, 0xb0, 0x19, 0x5e, 0x48, 0x4f, 0xc6, 0x9a 
}
evlgc - 160 bytes:
{
0xb6, 0x74, 0x54, 0x48, 0x70, 0xff, 0xbf, 0x3d, 
0x95, 0xbb, 0x59, 0x71, 0x46, 0x34, 0x34, 0x43, 
0xe4, 0x95, 0x0, 0xc4, 0x3a, 0x6f, 0x8f, 0x28, 
0xdd, 0x2f, 0x1e, 0x9c, 0x8, 0xc3, 0x8f, 0xce, 
0xf3, 0x42, 0xcb, 0xcc, 0x4d, 0x76, 0xe9, 0x2d, 
0x5c, 0x21, 0x7b, 0xce, 0x65, 0x75, 0xda, 0x2, 
0x7c, 0xd6, 0x8d, 0xac, 0xc2, 0x17, 0x32, 0x76, 
0x74, 0xc7, 0x4, 0x61, 0x20, 0x3f, 0x6a, 0x47, 
0x1b, 0x69, 0xcb, 0x99, 0xb3, 0x2d, 0xf, 0xa9, 
0x76, 0xb0, 0xef, 0x96, 0x5, 0xe7, 0x8d, 0xd4, 
0x7e, 0x51, 0xf6, 0xd0, 0xe7, 0xd7, 0xc6, 0xaf, 
0xdd, 0x61, 0x29, 0xae, 0x99, 0x3, 0xa2, 0xa1, 
0x7a, 0xfe, 0x32, 0xc7, 0x36, 0xe6, 0xad, 0xac, 
0x92, 0x78, 0x13, 0x2e, 0x8f, 0x2f, 0x95, 0x62, 
0x76, 0x49, 0x9b, 0x11, 0x8, 0xc8, 0xc4, 0x2c, 
0xe1, 0xb0, 0xc2, 0x94, 0x5c, 0xf3, 0x93, 0xe, 
0x68, 0xd, 0x40, 0x3f, 0xd2, 0x76, 0x2f, 0x99, 
0xa9, 0x1f, 0x3b, 0x7e, 0xd7, 0x57, 0x6, 0x8c, 
0x24, 0x24, 0x9c, 0x88, 0x11, 0xed, 0xfc, 0x5f, 
0x58, 0x95, 0x20, 0x6f, 0xa4, 0x57, 0x2c, 0x1e 
}
permutes - 16 bytes:
{
0x1, 0x0, 0x0, 0x1, 0x0, 0x1, 0x0, 0x1, 
0x1, 0x1, 0x1, 0x1, 0x1, 0x0, 0x1, 0x0 
}
trans-info: sent Yao input to sender...
trans-info: starting Yao...
daveti-debug: into init_network
daveti-debug: into evl branch
EVL (0:127.0.1.1) is connecting (127.0.0.1) at port 5000
EVL (0:127.0.1.1) succeeded connecting
evl input disabled in init_private

YAO output:
47 183 32 210 105 252 96 188 212 215 
121 197 112 36 210 217 27 3 79 90 
160 249 90 79 109 129 161 115 183 138 
34 43 221 32 36 153 165 247 213 37 
233 77 210 249 76 252 164 177 7 48 
203 101 68 241 74 126 251 102 139 251 
119 229 162 158 239 100 150 92 44 242 
159 101 51 197 132 77 38 207 118 109 
trans-info: YAO computation done
1024 bytes:
{
0x0, 0x0, 0x0, 0x0, 0x0, 0x0, 0x0, 0x0, 
0x0, 0x0, 0x0, 0x0, 0x0, 0x0, 0x0, 0x0, 
0x0, 0x0, 0x0, 0x0, 0x0, 0x0, 0x0, 0x0, 
0x0, 0x0, 0x0, 0x0, 0x0, 0x0, 0x0, 0x0, 
0x0, 0x0, 0x0, 0x0, 0x0, 0x0, 0x0, 0x0, 
0x0, 0x0, 0x0, 0x0, 0x0, 0x0, 0x0, 0x0, 
0x0, 0x0, 0x0, 0x0, 0x0, 0x0, 0x0, 0x0, 
0x0, 0x0, 0x0, 0x0, 0x0, 0x0, 0x0, 0x0, 
0x0, 0x0, 0x0, 0x0, 0x0, 0x0, 0x0, 0x0, 
0x0, 0x0, 0x0, 0x0, 0x0, 0x0, 0x0, 0x0, 
0x0, 0x0, 0x0, 0x0, 0x0, 0x0, 0x0, 0x0, 
0x0, 0x0, 0x0, 0x0, 0x0, 0x0, 0x0, 0x0, 
0x0, 0x0, 0x0, 0x0, 0x0, 0x0, 0x0, 0x0, 
0x0, 0x0, 0x0, 0x0, 0x0, 0x0, 0x0, 0x0, 
0x0, 0x0, 0x0, 0x0, 0x0, 0x0, 0x0, 0x0, 
0x0, 0x0, 0x0, 0x0, 0x0, 0x0, 0x0, 0x0, 
0x0, 0x0, 0x0, 0x0, 0x0, 0x0, 0x0, 0x0, 
0x0, 0x0, 0x0, 0x0, 0x0, 0x0, 0x0, 0x0, 
0x0, 0x0, 0x0, 0x0, 0x0, 0x0, 0x0, 0x0, 
0x0, 0x0, 0x0, 0x0, 0x0, 0x0, 0x0, 0x0, 
0x0, 0x0, 0x0, 0x0, 0x0, 0x0, 0x0, 0x0, 
0x0, 0x0, 0x0, 0x0, 0x0, 0x0, 0x0, 0x0, 
0x0, 0x0, 0x0, 0x0, 0x0, 0x0, 0x0, 0x0, 
0x0, 0x0, 0x0, 0x0, 0x0, 0x0, 0x0, 0x0, 
0x0, 0x0, 0x0, 0x0, 0x0, 0x0, 0x0, 0x0, 
0x0, 0x0, 0x0, 0x0, 0x0, 0x0, 0x0, 0x0, 
0x0, 0x0, 0x0, 0x0, 0x0, 0x0, 0x0, 0x0, 
0x0, 0x0, 0x0, 0x0, 0x0, 0x0, 0x0, 0x0, 
0x0, 0x0, 0x0, 0x0, 0x0, 0x0, 0x0, 0x0, 
0x0, 0x0, 0x0, 0x0, 0x0, 0x0, 0x0, 0x0, 
0x0, 0x0, 0x0, 0x0, 0x0, 0x0, 0x0, 0x0, 
0x0, 0x0, 0x0, 0x0, 0x0, 0x0, 0x0, 0x0, 
0x0, 0x0, 0x0, 0x0, 0x0, 0x0, 0x0, 0x0, 
0x0, 0x0, 0x0, 0x0, 0x0, 0x0, 0x0, 0x0, 
0x0, 0x0, 0x0, 0x0, 0x0, 0x0, 0x0, 0x0, 
0x0, 0x0, 0x0, 0x0, 0x0, 0x0, 0x0, 0x0, 
0x0, 0x0, 0x0, 0x0, 0x0, 0x0, 0x0, 0x0, 
0x0, 0x0, 0x0, 0x0, 0x0, 0x0, 0x0, 0x0, 
0x0, 0x0, 0x0, 0x0, 0x0, 0x0, 0x0, 0x0, 
0x0, 0x0, 0x0, 0x0, 0x0, 0x0, 0x0, 0x0, 
0x0, 0x0, 0x0, 0x0, 0x0, 0x0, 0x0, 0x0, 
0x0, 0x0, 0x0, 0x0, 0x0, 0x0, 0x0, 0x0, 
0x0, 0x0, 0x0, 0x0, 0x0, 0x0, 0x0, 0x0, 
0x0, 0x0, 0x0, 0x0, 0x0, 0x0, 0x0, 0x0, 
0x0, 0x0, 0x0, 0x0, 0x0, 0x0, 0x0, 0x0, 
0x0, 0x0, 0x0, 0x0, 0x0, 0x0, 0x0, 0x0, 
0x0, 0x0, 0x0, 0x0, 0x0, 0x0, 0x0, 0x0, 
0x0, 0x0, 0x0, 0x0, 0x0, 0x0, 0x0, 0x0, 
0x0, 0x0, 0x0, 0x0, 0x0, 0x0, 0x0, 0x0, 
0x0, 0x0, 0x0, 0x0, 0x0, 0x0, 0x0, 0x0, 
0x0, 0x0, 0x0, 0x0, 0x0, 0x0, 0x0, 0x0, 
0x0, 0x0, 0x0, 0x0, 0x0, 0x0, 0x0, 0x0, 
0x0, 0x0, 0x0, 0x0, 0x0, 0x0, 0x0, 0x0, 
0x0, 0x0, 0x0, 0x0, 0x0, 0x0, 0x0, 0x0, 
0x0, 0x0, 0x0, 0x0, 0x0, 0x0, 0x0, 0x0, 
0x0, 0x0, 0x0, 0x0, 0x0, 0x0, 0x0, 0x0, 
0x0, 0x0, 0x0, 0x0, 0x0, 0x0, 0x0, 0x0, 
0x0, 0x0, 0x0, 0x0, 0x0, 0x0, 0x0, 0x0, 
0x0, 0x0, 0x0, 0x0, 0x0, 0x0, 0x0, 0x0, 
0x0, 0x0, 0x0, 0x0, 0x0, 0x0, 0x0, 0x0, 
0x0, 0x0, 0x0, 0x0, 0x0, 0x0, 0x0, 0x0, 
0x0, 0x0, 0x0, 0x0, 0x0, 0x0, 0x0, 0x0, 
0x0, 0x0, 0x0, 0x0, 0x0, 0x0, 0x0, 0x0, 
0x0, 0x0, 0x0, 0x0, 0x0, 0x0, 0x0, 0x0, 
0x0, 0x0, 0x0, 0x0, 0x0, 0x0, 0x0, 0x0, 
0x0, 0x0, 0x0, 0x0, 0x0, 0x0, 0x0, 0x0, 
0x0, 0x0, 0x0, 0x0, 0x0, 0x0, 0x0, 0x0, 
0x0, 0x0, 0x0, 0x0, 0x0, 0x0, 0x0, 0x0, 
0x0, 0x0, 0x0, 0x0, 0x0, 0x0, 0x0, 0x0, 
0x0, 0x0, 0x0, 0x0, 0x0, 0x0, 0x0, 0x0, 
0x0, 0x0, 0x0, 0x0, 0x0, 0x0, 0x0, 0x0, 
0x0, 0x0, 0x0, 0x0, 0x0, 0x0, 0x0, 0x0, 
0x0, 0x0, 0x0, 0x0, 0x0, 0x0, 0x0, 0x0, 
0x0, 0x0, 0x0, 0x0, 0x0, 0x0, 0x0, 0x0, 
0x0, 0x0, 0x0, 0x0, 0x0, 0x0, 0x0, 0x0, 
0x0, 0x0, 0x0, 0x0, 0x0, 0x0, 0x0, 0x0, 
0x0, 0x0, 0x0, 0x0, 0x0, 0x0, 0x0, 0x0, 
0x0, 0x0, 0x0, 0x0, 0x0, 0x0, 0x0, 0x0, 
0x0, 0x0, 0x0, 0x0, 0x0, 0x0, 0x0, 0x0, 
0x0, 0x0, 0x0, 0x0, 0x0, 0x0, 0x0, 0x0, 
0x0, 0x0, 0x0, 0x0, 0x0, 0x0, 0x0, 0x0, 
0x0, 0x0, 0x0, 0x0, 0x0, 0x0, 0x0, 0x0, 
0x0, 0x0, 0x0, 0x0, 0x0, 0x0, 0x0, 0x0, 
0x0, 0x0, 0x0, 0x0, 0x0, 0x0, 0x0, 0x0, 
0x0, 0x0, 0x0, 0x0, 0x0, 0x0, 0x0, 0x0, 
0x0, 0x0, 0x0, 0x0, 0x0, 0x0, 0x0, 0x0, 
0x0, 0x0, 0x0, 0x0, 0x0, 0x0, 0x0, 0x0, 
0x0, 0x0, 0x0, 0x0, 0x0, 0x0, 0x0, 0x0, 
0x0, 0x0, 0x0, 0x0, 0x0, 0x0, 0x0, 0x0, 
0x0, 0x0, 0x0, 0x0, 0x0, 0x0, 0x0, 0x0, 
0x0, 0x0, 0x0, 0x0, 0x0, 0x0, 0x0, 0x0, 
0x0, 0x0, 0x0, 0x0, 0x0, 0x0, 0x0, 0x0, 
0x0, 0x0, 0x0, 0x0, 0x0, 0x0, 0x0, 0x0, 
0x0, 0x0, 0x0, 0x0, 0x0, 0x0, 0x0, 0x0, 
0x0, 0x0, 0x0, 0x0, 0x0, 0x0, 0x0, 0x0, 
0x0, 0x0, 0x0, 0x0, 0x0, 0x0, 0x0, 0x0, 
0x0, 0x0, 0x0, 0x0, 0x0, 0x0, 0x0, 0x0, 
0x0, 0x0, 0x0, 0x0, 0x0, 0x0, 0x0, 0x0, 
0x0, 0x0, 0x0, 0x0, 0x0, 0x0, 0x0, 0x0, 
0x0, 0x0, 0x0, 0x0, 0x0, 0x0, 0x0, 0x0, 
0x0, 0x0, 0x0, 0x0, 0x0, 0x0, 0x0, 0x0, 
0x0, 0x0, 0x0, 0x0, 0x0, 0x0, 0x0, 0x0, 
0x0, 0x0, 0x0, 0x0, 0x0, 0x0, 0x0, 0x0, 
0x0, 0x0, 0x0, 0x0, 0x0, 0x0, 0x0, 0x0, 
0x0, 0x0, 0x0, 0x0, 0x0, 0x0, 0x0, 0x0, 
0x0, 0x0, 0x0, 0x0, 0x0, 0x0, 0x0, 0x0, 
0x0, 0x0, 0x0, 0x0, 0x0, 0x0, 0x0, 0x0, 
0x0, 0x0, 0x0, 0x0, 0x0, 0x0, 0x0, 0x0, 
0x0, 0x0, 0x0, 0x0, 0x0, 0x0, 0x0, 0x0, 
0x0, 0x0, 0x0, 0x0, 0x0, 0x0, 0x0, 0x0, 
0x0, 0x0, 0x0, 0x0, 0x0, 0x0, 0x0, 0x0, 
0x0, 0x0, 0x0, 0x0, 0x0, 0x0, 0x0, 0x0, 
0x0, 0x0, 0x0, 0x0, 0x0, 0x0, 0x0, 0x0, 
0x0, 0x0, 0x0, 0x0, 0x0, 0x0, 0x0, 0x0, 
0x0, 0x0, 0x0, 0x0, 0x0, 0x0, 0x0, 0x0, 
0x0, 0x0, 0x0, 0x0, 0x0, 0x0, 0x0, 0x0, 
0x0, 0x0, 0x0, 0x0, 0x0, 0x0, 0x0, 0x0, 
0x0, 0x0, 0x0, 0x0, 0x0, 0x0, 0x0, 0x0, 
0x0, 0x0, 0x0, 0x0, 0x0, 0x0, 0x0, 0x0, 
0x0, 0x0, 0x0, 0x0, 0x0, 0x0, 0x0, 0x0, 
0x0, 0x0, 0x0, 0x0, 0x0, 0x0, 0x0, 0x0, 
0x0, 0x0, 0x0, 0x0, 0x0, 0x0, 0x0, 0x0, 
0x0, 0x0, 0x0, 0x0, 0x0, 0x0, 0x0, 0x0, 
0x0, 0x0, 0x0, 0x0, 0x0, 0x0, 0x0, 0x0, 
0x0, 0x0, 0x0, 0x0, 0x0, 0x0, 0x0, 0x0, 
0x0, 0x0, 0x0, 0x0, 0x0, 0x0, 0x0, 0x0, 
0x0, 0x0, 0x0, 0x0, 0x0, 0x0, 0x0, 0x0, 
0x0, 0x0, 0x0, 0x0, 0x0, 0x0, 0x0, 0x0 
}
trans-info: evaluation done
trans-debug: transition done with old|next|current states: SMC_SGX_STM_INPUT_WAIT|SMC_SGX_STM_INPUT_RECVD|SMC_SGX_STM_INIT
evaluator: nothing to recv - abort
evaluator: cleaning up














root@sgx-HP-ENVY-x360-m6-Convertible:~/git/sgx_private_code# ./sender -d
smcsgx: sender pid [8565]
sender: enable debug
sender: use local IPv4 address: 127.0.0.1
sender: connected with evaluator
sender: sgx initialized
sender: start challenge...
trans-debug: into start_att_nonce, len 20, buf 0x0x7ffeef925048
20 bytes:
{
0x58, 0x50, 0xc6, 0xd1, 0xa6, 0x51, 0x4d, 0x72, 
0x77, 0x8e, 0x75, 0x63, 0x73, 0x99, 0xb2, 0x1b, 
0xc9, 0xd9, 0x2, 0x52 
}
trans-info: waiting S1 from evaluator...
trans-debug: transition done with old|next|current states: SMC_SGX_STM_INIT|SMC_SGX_STM_ATT_STARTED|SMC_SGX_STM_ATT_STARTED
sender: got a msg with tag [1] and len [68]
trans-debug: into handle_att_S1, len 68, buf 0x0x7feacc258808
MSG1 ga - 64 bytes:
{
0xa9, 0xee, 0x15, 0x94, 0xe0, 0xdf, 0x4, 0xab, 
0x14, 0x94, 0x45, 0x67, 0xbc, 0x8b, 0x13, 0xb3, 
0x9a, 0xc6, 0xa0, 0xfb, 0x1, 0xd1, 0xb5, 0xe4, 
0x9a, 0x7c, 0xcd, 0xb6, 0xbc, 0x5b, 0xb6, 0x26, 
0x1a, 0x5e, 0x36, 0x5, 0x3a, 0xdf, 0xde, 0xfa, 
0xcf, 0x79, 0x5d, 0x2, 0xa, 0x9e, 0xb9, 0xc2, 
0x90, 0xce, 0xfd, 0xcb, 0xf1, 0xb5, 0xea, 0x0, 
0x6d, 0x8e, 0x7f, 0xf5, 0x43, 0x26, 0x4a, 0xa3 
}
MSG1 gid - 4 bytes:
{
0x93, 0x2, 0x0, 0x0 
}
trans-debug: private key (b) -
32 bytes:
{
0x9, 0x0, 0x0, 0x0, 0x9, 0x0, 0x0, 0x0, 
0x9, 0x0, 0x0, 0x0, 0x9, 0x0, 0x0, 0x0, 
0x9, 0x0, 0x0, 0x0, 0x9, 0x0, 0x0, 0x0, 
0x9, 0x0, 0x0, 0x0, 0x9, 0x0, 0x0, 0x0 
}
trans-debug: public key (g_b) -
64 bytes:
{
0x6a, 0x83, 0xdc, 0x84, 0xd4, 0x4c, 0x8a, 0xbb, 
0x5e, 0x42, 0xaf, 0xee, 0x8d, 0xe9, 0xf4, 0x57, 
0x71, 0xfd, 0x73, 0x66, 0xd7, 0xfa, 0xad, 0xfa, 
0xf2, 0x17, 0x14, 0xdd, 0x5a, 0xb9, 0x9e, 0x97, 
0x79, 0xa7, 0x38, 0x72, 0xf2, 0xb8, 0xd6, 0xbe, 
0x18, 0x91, 0x7f, 0xf7, 0xb5, 0xd3, 0xe5, 0x64, 
0x9b, 0x12, 0x18, 0xaf, 0x39, 0x29, 0x6c, 0x24, 
0x19, 0x38, 0x29, 0xb, 0xc6, 0xac, 0xc, 0x62 
}
trans-debug: gb_ga -
128 bytes:
{
0x6a, 0x83, 0xdc, 0x84, 0xd4, 0x4c, 0x8a, 0xbb, 
0x5e, 0x42, 0xaf, 0xee, 0x8d, 0xe9, 0xf4, 0x57, 
0x71, 0xfd, 0x73, 0x66, 0xd7, 0xfa, 0xad, 0xfa, 
0xf2, 0x17, 0x14, 0xdd, 0x5a, 0xb9, 0x9e, 0x97, 
0x79, 0xa7, 0x38, 0x72, 0xf2, 0xb8, 0xd6, 0xbe, 
0x18, 0x91, 0x7f, 0xf7, 0xb5, 0xd3, 0xe5, 0x64, 
0x9b, 0x12, 0x18, 0xaf, 0x39, 0x29, 0x6c, 0x24, 
0x19, 0x38, 0x29, 0xb, 0xc6, 0xac, 0xc, 0x62, 
0xa9, 0xee, 0x15, 0x94, 0xe0, 0xdf, 0x4, 0xab, 
0x14, 0x94, 0x45, 0x67, 0xbc, 0x8b, 0x13, 0xb3, 
0x9a, 0xc6, 0xa0, 0xfb, 0x1, 0xd1, 0xb5, 0xe4, 
0x9a, 0x7c, 0xcd, 0xb6, 0xbc, 0x5b, 0xb6, 0x26, 
0x1a, 0x5e, 0x36, 0x5, 0x3a, 0xdf, 0xde, 0xfa, 
0xcf, 0x79, 0x5d, 0x2, 0xa, 0x9e, 0xb9, 0xc2, 
0x90, 0xce, 0xfd, 0xcb, 0xf1, 0xb5, 0xea, 0x0, 
0x6d, 0x8e, 0x7f, 0xf5, 0x43, 0x26, 0x4a, 0xa3 
}
trans-debug: sign_gb_ga -
64 bytes:
{
0x6a, 0x83, 0xdc, 0x84, 0xd4, 0x4c, 0x8a, 0xbb, 
0x5e, 0x42, 0xaf, 0xee, 0x8d, 0xe9, 0xf4, 0x57, 
0x71, 0xfd, 0x73, 0x66, 0xd7, 0xfa, 0xad, 0xfa, 
0xf2, 0x17, 0x14, 0xdd, 0x5a, 0xb9, 0x9e, 0x97, 
0x24, 0xba, 0xfa, 0xa0, 0x68, 0xc9, 0x53, 0xc8, 
0x37, 0xa3, 0x45, 0xf, 0x74, 0x2a, 0xa9, 0x97, 
0xe5, 0x96, 0x1c, 0xb3, 0x64, 0x75, 0x47, 0x9d, 
0x3c, 0xc2, 0xea, 0x16, 0x7e, 0x20, 0xe5, 0xad 
}
MSG2 gb - 64 bytes:
{
0x6a, 0x83, 0xdc, 0x84, 0xd4, 0x4c, 0x8a, 0xbb, 
0x5e, 0x42, 0xaf, 0xee, 0x8d, 0xe9, 0xf4, 0x57, 
0x71, 0xfd, 0x73, 0x66, 0xd7, 0xfa, 0xad, 0xfa, 
0xf2, 0x17, 0x14, 0xdd, 0x5a, 0xb9, 0x9e, 0x97, 
0x79, 0xa7, 0x38, 0x72, 0xf2, 0xb8, 0xd6, 0xbe, 
0x18, 0x91, 0x7f, 0xf7, 0xb5, 0xd3, 0xe5, 0x64, 
0x9b, 0x12, 0x18, 0xaf, 0x39, 0x29, 0x6c, 0x24, 
0x19, 0x38, 0x29, 0xb, 0xc6, 0xac, 0xc, 0x62 
}
MSG2 spid - 16 bytes:
{
0x64, 0x61, 0x76, 0x65, 0x74, 0x69, 0x0, 0x0, 
0x0, 0x0, 0x0, 0x0, 0x0, 0x0, 0x0, 0x0 
}
MSG2 sign_gb_ga - 64 bytes:
{
0x6a, 0x83, 0xdc, 0x84, 0xd4, 0x4c, 0x8a, 0xbb, 
0x5e, 0x42, 0xaf, 0xee, 0x8d, 0xe9, 0xf4, 0x57, 
0x71, 0xfd, 0x73, 0x66, 0xd7, 0xfa, 0xad, 0xfa, 
0xf2, 0x17, 0x14, 0xdd, 0x5a, 0xb9, 0x9e, 0x97, 
0x24, 0xba, 0xfa, 0xa0, 0x68, 0xc9, 0x53, 0xc8, 
0x37, 0xa3, 0x45, 0xf, 0x74, 0x2a, 0xa9, 0x97, 
0xe5, 0x96, 0x1c, 0xb3, 0x64, 0x75, 0x47, 0x9d, 
0x3c, 0xc2, 0xea, 0x16, 0x7e, 0x20, 0xe5, 0xad 
}
MSG2 mac - 16 bytes:
{
0x2, 0x69, 0x8, 0x72, 0xcc, 0x24, 0xa8, 0x3c, 
0xcd, 0x99, 0xe8, 0x41, 0xf6, 0x15, 0xe7, 0x4f 
}
MSG2 sig_rl - Error: null input
trans-info: sent S2 to evaluator
trans-info: waiting S3 from evaluator...
trans-debug: transition done with old|next|current states: SMC_SGX_STM_ATT_STARTED|SMC_SGX_STM_ATT_S1_RECVD|SMC_SGX_STM_ATT_S2_SENT
sender: got a msg with tag [3] and len [1452]
trans-debug: into handle_att_S3, len 1452, buf 0x0x7feacc258808
trans-debug: into verify_att_res, len 1452, buf 0x0x7feacc258808
MSG3 mac - 16 bytes:
{
0xc6, 0x33, 0x32, 0xd1, 0xa6, 0x9f, 0xcd, 0x22, 
0x3c, 0x2c, 0x32, 0x31, 0x5d, 0x99, 0x82, 0x99 
}
MSG3 ga - 64 bytes:
{
0xa9, 0xee, 0x15, 0x94, 0xe0, 0xdf, 0x4, 0xab, 
0x14, 0x94, 0x45, 0x67, 0xbc, 0x8b, 0x13, 0xb3, 
0x9a, 0xc6, 0xa0, 0xfb, 0x1, 0xd1, 0xb5, 0xe4, 
0x9a, 0x7c, 0xcd, 0xb6, 0xbc, 0x5b, 0xb6, 0x26, 
0x1a, 0x5e, 0x36, 0x5, 0x3a, 0xdf, 0xde, 0xfa, 
0xcf, 0x79, 0x5d, 0x2, 0xa, 0x9e, 0xb9, 0xc2, 
0x90, 0xce, 0xfd, 0xcb, 0xf1, 0xb5, 0xea, 0x0, 
0x6d, 0x8e, 0x7f, 0xf5, 0x43, 0x26, 0x4a, 0xa3 
}
MSG3 ps_sec_prop - 256 bytes:
{
0x0, 0x0, 0x0, 0x0, 0x0, 0x0, 0x0, 0x0, 
0x0, 0x0, 0x0, 0x0, 0x0, 0x0, 0x0, 0x0, 
0x0, 0x0, 0x0, 0x0, 0x0, 0x0, 0x0, 0x0, 
0x0, 0x0, 0x0, 0x0, 0x0, 0x0, 0x0, 0x0, 
0x0, 0x0, 0x0, 0x0, 0x0, 0x0, 0x0, 0x0, 
0x0, 0x0, 0x0, 0x0, 0x0, 0x0, 0x0, 0x0, 
0x0, 0x0, 0x0, 0x0, 0x0, 0x0, 0x0, 0x0, 
0x0, 0x0, 0x0, 0x0, 0x0, 0x0, 0x0, 0x0, 
0x0, 0x0, 0x0, 0x0, 0x0, 0x0, 0x0, 0x0, 
0x0, 0x0, 0x0, 0x0, 0x0, 0x0, 0x0, 0x0, 
0x0, 0x0, 0x0, 0x0, 0x0, 0x0, 0x0, 0x0, 
0x0, 0x0, 0x0, 0x0, 0x0, 0x0, 0x0, 0x0, 
0x0, 0x0, 0x0, 0x0, 0x0, 0x0, 0x0, 0x0, 
0x0, 0x0, 0x0, 0x0, 0x0, 0x0, 0x0, 0x0, 
0x0, 0x0, 0x0, 0x0, 0x0, 0x0, 0x0, 0x0, 
0x0, 0x0, 0x0, 0x0, 0x0, 0x0, 0x0, 0x0, 
0x0, 0x0, 0x0, 0x0, 0x0, 0x0, 0x0, 0x0, 
0x0, 0x0, 0x0, 0x0, 0x0, 0x0, 0x0, 0x0, 
0x0, 0x0, 0x0, 0x0, 0x0, 0x0, 0x0, 0x0, 
0x0, 0x0, 0x0, 0x0, 0x0, 0x0, 0x0, 0x0, 
0x0, 0x0, 0x0, 0x0, 0x0, 0x0, 0x0, 0x0, 
0x0, 0x0, 0x0, 0x0, 0x0, 0x0, 0x0, 0x0, 
0x0, 0x0, 0x0, 0x0, 0x0, 0x0, 0x0, 0x0, 
0x0, 0x0, 0x0, 0x0, 0x0, 0x0, 0x0, 0x0, 
0x0, 0x0, 0x0, 0x0, 0x0, 0x0, 0x0, 0x0, 
0x0, 0x0, 0x0, 0x0, 0x0, 0x0, 0x0, 0x0, 
0x0, 0x0, 0x0, 0x0, 0x0, 0x0, 0x0, 0x0, 
0x0, 0x0, 0x0, 0x0, 0x0, 0x0, 0x0, 0x0, 
0x0, 0x0, 0x0, 0x0, 0x0, 0x0, 0x0, 0x0, 
0x0, 0x0, 0x0, 0x0, 0x0, 0x0, 0x0, 0x0, 
0x0, 0x0, 0x0, 0x0, 0x0, 0x0, 0x0, 0x0, 
0x0, 0x0, 0x0, 0x0, 0x0, 0x0, 0x0, 0x0 
}
MSG3 quote - 1116 bytes:
{
0x1, 0x0, 0x1, 0x0, 0x93, 0x2, 0x0, 0x0, 
0x4, 0x0, 0x0, 0x0, 0x0, 0x0, 0x0, 0x0, 
0x64, 0x61, 0x76, 0x65, 0x74, 0x69, 0x0, 0x0, 
0x0, 0x0, 0x0, 0x0, 0x0, 0x0, 0x0, 0x0, 
0x0, 0x0, 0x0, 0x0, 0x0, 0x0, 0x0, 0x0, 
0x0, 0x0, 0x0, 0x0, 0x0, 0x0, 0x0, 0x0, 
0x2, 0x2, 0x2, 0xff, 0xff, 0xff, 0x0, 0x0, 
0x0, 0x0, 0x0, 0x0, 0x0, 0x0, 0x0, 0x0, 
0x0, 0x0, 0x0, 0x0, 0x0, 0x0, 0x0, 0x0, 
0x0, 0x0, 0x0, 0x0, 0x0, 0x0, 0x0, 0x0, 
0x0, 0x0, 0x0, 0x0, 0x0, 0x0, 0x0, 0x0, 
0x0, 0x0, 0x0, 0x0, 0x0, 0x0, 0x0, 0x0, 
0x7, 0x0, 0x0, 0x0, 0x0, 0x0, 0x0, 0x0, 
0x7, 0x0, 0x0, 0x0, 0x0, 0x0, 0x0, 0x0, 
0xe7, 0xf9, 0x0, 0x2f, 0x39, 0x6, 0x19, 0xa3, 
0x80, 0xbf, 0x50, 0x7e, 0x2a, 0xf0, 0xd8, 0xcf, 
0x42, 0x15, 0x9e, 0xfb, 0x23, 0xbf, 0x21, 0x86, 
0xbc, 0xb7, 0x2d, 0x5, 0x82, 0x94, 0x6b, 0x16, 
0x0, 0x0, 0x0, 0x0, 0x0, 0x0, 0x0, 0x0, 
0x0, 0x0, 0x0, 0x0, 0x0, 0x0, 0x0, 0x0, 
0x0, 0x0, 0x0, 0x0, 0x0, 0x0, 0x0, 0x0, 
0x0, 0x0, 0x0, 0x0, 0x0, 0x0, 0x0, 0x0, 
0x60, 0x27, 0x7a, 0xd2, 0xfd, 0xfc, 0x57, 0xe9, 
0x80, 0xe8, 0x76, 0xe7, 0xf8, 0x78, 0xac, 0x19, 
0x9, 0x88, 0xe, 0xa5, 0x38, 0x7, 0x95, 0xa7, 
0xe8, 0xea, 0x98, 0xb1, 0x57, 0x84, 0x1f, 0x85, 
0x0, 0x0, 0x0, 0x0, 0x0, 0x0, 0x0, 0x0, 
0x0, 0x0, 0x0, 0x0, 0x0, 0x0, 0x0, 0x0, 
0x0, 0x0, 0x0, 0x0, 0x0, 0x0, 0x0, 0x0, 
0x0, 0x0, 0x0, 0x0, 0x0, 0x0, 0x0, 0x0, 
0x0, 0x0, 0x0, 0x0, 0x0, 0x0, 0x0, 0x0, 
0x0, 0x0, 0x0, 0x0, 0x0, 0x0, 0x0, 0x0, 
0x0, 0x0, 0x0, 0x0, 0x0, 0x0, 0x0, 0x0, 
0x0, 0x0, 0x0, 0x0, 0x0, 0x0, 0x0, 0x0, 
0x0, 0x0, 0x0, 0x0, 0x0, 0x0, 0x0, 0x0, 
0x0, 0x0, 0x0, 0x0, 0x0, 0x0, 0x0, 0x0, 
0x0, 0x0, 0x0, 0x0, 0x0, 0x0, 0x0, 0x0, 
0x0, 0x0, 0x0, 0x0, 0x0, 0x0, 0x0, 0x0, 
0x0, 0x0, 0x0, 0x0, 0x0, 0x0, 0x0, 0x0, 
0x0, 0x0, 0x0, 0x0, 0x0, 0x0, 0x0, 0x0, 
0x0, 0x0, 0x0, 0x0, 0x0, 0x0, 0x0, 0x0, 
0x0, 0x0, 0x0, 0x0, 0x0, 0x0, 0x0, 0x0, 
0x0, 0x0, 0x0, 0x0, 0x0, 0x0, 0x0, 0x0, 
0x0, 0x0, 0x0, 0x0, 0x0, 0x0, 0x0, 0x0, 
0x0, 0x0, 0x0, 0x0, 0x0, 0x0, 0x0, 0x0, 
0x0, 0x0, 0x0, 0x0, 0x0, 0x0, 0x0, 0x0, 
0xf7, 0xb6, 0x95, 0xb5, 0x8, 0x52, 0xbb, 0x1d, 
0xa5, 0x50, 0xcd, 0x9c, 0x9c, 0x89, 0xf7, 0x84, 
0xd3, 0x86, 0xe4, 0x92, 0xc3, 0xbe, 0xf4, 0x41, 
0xcf, 0x4e, 0x32, 0x3b, 0x4f, 0x2, 0x54, 0x1, 
0x0, 0x0, 0x0, 0x0, 0x0, 0x0, 0x0, 0x0, 
0x0, 0x0, 0x0, 0x0, 0x0, 0x0, 0x0, 0x0, 
0x0, 0x0, 0x0, 0x0, 0x0, 0x0, 0x0, 0x0, 
0x0, 0x0, 0x0, 0x0, 0x0, 0x0, 0x0, 0x0, 
0xa8, 0x2, 0x0, 0x0, 0x19, 0xc9, 0x79, 0x82, 
0xf3, 0xae, 0xb7, 0x25, 0x9c, 0x29, 0x72, 0x68, 
0x42, 0x28, 0xfa, 0x3f, 0x65, 0x46, 0x4b, 0xae, 
0xe1, 0xb8, 0x6d, 0x8e, 0xc4, 0xb8, 0xb6, 0x93, 
0x91, 0x70, 0x13, 0x83, 0x9e, 0x15, 0xea, 0xf3, 
0x7c, 0x60, 0x4d, 0xdf, 0x1d, 0x2d, 0x7e, 0x3c, 
0x92, 0x9, 0x11, 0x3f, 0xa6, 0x15, 0xc8, 0xd1, 
0xef, 0x25, 0x9c, 0x32, 0x89, 0x5a, 0x7b, 0xa2, 
0xfa, 0x54, 0xc, 0x14, 0x59, 0xf2, 0x8a, 0x9d, 
0x52, 0x5a, 0xc2, 0xb5, 0x42, 0x71, 0x27, 0x6d, 
0xee, 0xe6, 0x50, 0xe3, 0xa9, 0xa5, 0xdc, 0xd8, 
0x7, 0x79, 0x27, 0x49, 0x3a, 0xa2, 0xf2, 0x37, 
0x73, 0x6d, 0xfa, 0xe1, 0xae, 0x5, 0xdb, 0xcd, 
0x95, 0x28, 0x18, 0xf0, 0xd3, 0xe0, 0xf8, 0x99, 
0xc1, 0x24, 0xe8, 0x8c, 0x8c, 0x2, 0x74, 0x39, 
0xa0, 0xd2, 0x14, 0x4c, 0xc8, 0x56, 0xaf, 0x9b, 
0xdd, 0x98, 0xec, 0xfa, 0x8, 0x6, 0xda, 0x5b, 
0x16, 0x57, 0xf2, 0x16, 0x90, 0xbf, 0x31, 0x97, 
0xa1, 0x6c, 0x28, 0x15, 0xc9, 0xc, 0xe5, 0x89, 
0xba, 0x6a, 0xbf, 0x9, 0xd, 0x13, 0x7, 0x57, 
0x44, 0xc6, 0xbb, 0x73, 0xf3, 0x4, 0x8a, 0xd3, 
0x58, 0xea, 0x93, 0xb3, 0xfb, 0x70, 0x63, 0x8f, 
0x20, 0xd4, 0xd, 0x57, 0x26, 0x93, 0x37, 0x9, 
0x62, 0xde, 0xdf, 0x6c, 0xd6, 0xe6, 0x22, 0xf4, 
0xb2, 0xb4, 0x74, 0x2a, 0x11, 0xef, 0x3d, 0x7f, 
0xfc, 0x32, 0x63, 0xec, 0xea, 0xb9, 0x6a, 0xe, 
0xc7, 0x21, 0x2a, 0x92, 0xba, 0x1c, 0xa5, 0xf4, 
0xfa, 0xe5, 0x98, 0xa, 0x23, 0xc2, 0xa2, 0xe5, 
0xbc, 0xbb, 0x5f, 0xa4, 0x61, 0xc1, 0x17, 0x76, 
0x7d, 0x84, 0x67, 0xe, 0x38, 0xbe, 0xbc, 0xec, 
0x22, 0xbe, 0x2f, 0xd3, 0xfe, 0x1b, 0xb, 0x79, 
0x13, 0xcc, 0xf0, 0x41, 0xed, 0x6d, 0x5e, 0x4e, 
0x6f, 0xa, 0xb2, 0x62, 0x43, 0x53, 0x6a, 0x7f, 
0xe1, 0x9d, 0x0, 0x8c, 0xd9, 0x77, 0xd2, 0xdd, 
0x34, 0x79, 0x4b, 0x5e, 0x7b, 0xfb, 0x65, 0xd0, 
0x8, 0x1, 0xfc, 0x38, 0xab, 0x9e, 0xeb, 0x19, 
0x5f, 0x3a, 0xc, 0x39, 0x64, 0x40, 0x4f, 0xd0, 
0x71, 0x8f, 0x7f, 0xf2, 0xe, 0xa1, 0x48, 0xc0, 
0x68, 0x1, 0x0, 0x0, 0x76, 0x54, 0xf0, 0xf8, 
0x6d, 0xbd, 0x8a, 0xb4, 0xc9, 0x27, 0xaa, 0xcf, 
0xec, 0x42, 0xa, 0x53, 0x61, 0xed, 0xe2, 0xf0, 
0xc1, 0xd4, 0xe9, 0x59, 0xee, 0x55, 0xc6, 0x39, 
0x3b, 0x90, 0xa4, 0xc5, 0x8f, 0x40, 0x26, 0xa3, 
0x47, 0x2d, 0x10, 0xde, 0x4d, 0xaf, 0xba, 0x24, 
0x6, 0x25, 0xab, 0x5, 0xd2, 0xe0, 0x73, 0x52, 
0x37, 0x4f, 0xf7, 0xc7, 0xad, 0x72, 0x99, 0xcc, 
0x50, 0x92, 0x6a, 0xcd, 0xc0, 0x5, 0x7a, 0x35, 
0xe4, 0x26, 0xd5, 0x33, 0x43, 0x73, 0xbf, 0xb8, 
0x9a, 0xd5, 0xd6, 0xac, 0x4b, 0x26, 0xf2, 0xba, 
0xa9, 0xcd, 0xd5, 0xde, 0x42, 0xef, 0xf2, 0x86, 
0xe4, 0xc9, 0xee, 0xf0, 0xea, 0xec, 0xb7, 0x3, 
0x88, 0x3a, 0x93, 0x51, 0x28, 0x60, 0x8f, 0x8f, 
0x22, 0x45, 0xb0, 0x25, 0xe8, 0x76, 0x96, 0xe, 
0x61, 0x6d, 0x34, 0x2d, 0x3, 0x86, 0x81, 0xea, 
0xb4, 0x2, 0xe, 0x6e, 0x49, 0x5d, 0x83, 0x7e, 
0x85, 0x8b, 0x19, 0xe5, 0x82, 0xed, 0x33, 0xea, 
0x28, 0xd0, 0x37, 0x7c, 0x2f, 0x29, 0x58, 0x1, 
0xbd, 0xc3, 0xa6, 0xd0, 0x2a, 0x5a, 0x40, 0x49, 
0x9d, 0x53, 0x4e, 0x45, 0xa2, 0x36, 0x77, 0x76, 
0x5b, 0x13, 0x79, 0xd2, 0x3b, 0x16, 0x7f, 0x6c, 
0x9f, 0x84, 0x2b, 0x81, 0x36, 0x58, 0xcb, 0x79, 
0x71, 0x39, 0x58, 0x2e, 0x36, 0x98, 0x3f, 0xf2, 
0x93, 0x22, 0xf5, 0x8, 0xfe, 0x80, 0x52, 0x6, 
0x9, 0x9f, 0xb5, 0xe7, 0xa3, 0x7e, 0x47, 0xc, 
0x69, 0x7b, 0xb0, 0xb4, 0xf7, 0x3a, 0x9a, 0x38, 
0x90, 0x23, 0xef, 0xad, 0x3b, 0x5f, 0x30, 0xf3, 
0xb, 0xda, 0x99, 0xa8, 0xd0, 0xd6, 0x89, 0xf4, 
0x83, 0x3b, 0xa5, 0x8b, 0x31, 0x4c, 0x1b, 0x6, 
0x2, 0xeb, 0xc5, 0xa9, 0x33, 0x41, 0xd7, 0xf4, 
0x32, 0xdb, 0x9a, 0x7, 0x41, 0x88, 0x67, 0x69, 
0xfd, 0xe1, 0xbb, 0xc2, 0xc9, 0xb3, 0xe4, 0x61, 
0x4f, 0xf6, 0x95, 0xbc, 0x8c, 0x8, 0x66, 0xfa, 
0x40, 0x75, 0x6f, 0x13, 0x7e, 0x3, 0x2d, 0x51, 
0x34, 0xa0, 0xd3, 0xa, 0x1e, 0xe6, 0xc1, 0x9f, 
0x33, 0x44, 0x71, 0xf2, 0xda, 0x1e, 0x1e, 0xdf, 
0xfd, 0x6c, 0x51, 0x1d, 0x9b, 0xd7, 0x64, 0xbe, 
0x3, 0x7d, 0x72, 0x9, 0x20, 0x55, 0x9f, 0x9, 
0x70, 0x42, 0x5b, 0xf, 0x6f, 0x61, 0x3f, 0x28, 
0xd1, 0x4, 0xcc, 0x2a, 0x37, 0xf0, 0x69, 0xe, 
0xec, 0x94, 0xad, 0x2, 0x29, 0xdb, 0xe7, 0x6f, 
0x28, 0x2c, 0x98, 0xbf, 0xbc, 0xa2, 0xe2, 0xae, 
0x9, 0x60, 0xbe, 0xb5, 0xdd, 0x11, 0x34, 0xc3, 
0x3e, 0x6e, 0x85, 0x48, 0xa4, 0x29, 0xf8, 0xd7, 
0xae, 0x31, 0xce, 0x16, 0x3a, 0x12, 0xe2, 0x44, 
0xbb, 0xf5, 0x11, 0x9, 0xc3, 0xbc, 0xe6, 0x1c, 
0x34, 0x85, 0xf5, 0x66 
}


	Atestation Report:
	id: 0x12345678.
	status: 0.
	revocation_reason: 0.
	pse_status: 0.


	Enclave Report:
	Signature Type: 0x1
	Signature Basename: daveti
	attributes.flags: 0x7
	attributes.xfrm: 0x7
	mr_enclave: e7f9002f390619a380bf507e2af0d8cf42159efb23bf2186bcb72d0582946b16
	mr_signer: 60277ad2fdfc57e980e876e7f878ac1909880ea5380795a7e8ea98b157841f85
	isv_prod_id: 0x0
	isv_svn: 0x0
trans-info: att verification succeeded
trans-debug: into send_att_res, res 0
ATTESTATION RESULT result - 0
ATTESTATION RESULT MSG platform_info_blob - 97 bytes:
{
0x0, 0x0, 0x0, 0x0, 0x0, 0x0, 0x0, 0x0, 
0x0, 0x0, 0x0, 0x0, 0x0, 0x0, 0x0, 0x0, 
0x0, 0x0, 0x0, 0x0, 0x0, 0x0, 0x0, 0x0, 
0x0, 0x0, 0x0, 0x0, 0x0, 0x0, 0x0, 0x0, 
0x0, 0x97, 0x9e, 0xb9, 0x5a, 0xdd, 0x14, 0x17, 
0xf2, 0xfa, 0xad, 0xfa, 0xd7, 0x66, 0x73, 0xfd, 
0x71, 0x57, 0xf4, 0xe9, 0x8d, 0xee, 0xaf, 0x42, 
0x5e, 0xbb, 0x8a, 0x4c, 0xd4, 0x84, 0xdc, 0x83, 
0x6a, 0x8, 0x70, 0xd, 0xf2, 0x42, 0x8b, 0x2b, 
0xee, 0x42, 0xb0, 0x85, 0xe5, 0xbf, 0x99, 0xc5, 
0x22, 0xf8, 0x37, 0xf7, 0xee, 0xb6, 0x2c, 0xd5, 
0x8c, 0x37, 0xa2, 0xd2, 0x51, 0xed, 0x45, 0xf9, 
0x65 
}
ATTESTATION RESULT MSG mac - 16 bytes:
{
0x3a, 0x53, 0xe6, 0x9f, 0x8c, 0xbe, 0x45, 0xff, 
0xd9, 0x8a, 0x31, 0x52, 0xac, 0x5e, 0x1d, 0xd 
}
ATTESTATION RESULT MSG secret.payload_tag - 8 bytes
ATTESTATION RESULT MSG secret.payload - 8 bytes:
{
0x50, 0x61, 0x91, 0x5, 0xbd, 0x5b, 0x5a, 0x66 
}
SHARED SECRET (encrypted) - 8 bytes:
{
0x50, 0x61, 0x91, 0x5, 0xbd, 0x5b, 0x5a, 0x66 
}
trans-info: att result sent
trans-debug: into send_input
trans-info: using YAO hybrid model
trans-info: Yao to be started...
trans-info: waiting Yao input from sender...
trans-debug: transition done with old|next|current states: SMC_SGX_STM_ATT_S2_SENT|SMC_SGX_STM_ATT_S3_RECVD|SMC_SGX_STM_INPUT_SENT
sender: got a msg with tag [7] and len [336]
trans-debug: into start_yao, len 336, buf 0x0x7feacc258808
gengc - 320 bytes:
{
0x83, 0x1f, 0x9a, 0x79, 0x8f, 0x52, 0x46, 0xb8, 
0xba, 0xc4, 0xb6, 0x74, 0x54, 0x48, 0x70, 0xff, 
0xbf, 0x3d, 0x95, 0xbb, 0x4, 0xf3, 0x86, 0x96, 
0x87, 0x79, 0x19, 0x5e, 0x9e, 0x5f, 0x59, 0x71, 
0x46, 0x34, 0x34, 0x43, 0xe4, 0x95, 0x0, 0xc4, 
0x3a, 0x6f, 0x8f, 0x28, 0xdd, 0x2f, 0x1e, 0x9c, 
0x8, 0xc3, 0x3f, 0x9b, 0x4c, 0x54, 0xc2, 0xbe, 
0x70, 0x31, 0x9f, 0x34, 0x8f, 0xce, 0xf3, 0x42, 
0xcb, 0xcc, 0x4d, 0x76, 0xe9, 0x2d, 0x56, 0x48, 
0x97, 0x25, 0x66, 0xf6, 0x83, 0x2a, 0xfe, 0x3d, 
0x5c, 0x21, 0x7b, 0xce, 0x65, 0x75, 0xda, 0x2, 
0x7c, 0xd6, 0xa3, 0x15, 0xe7, 0x79, 0x5, 0x3a, 
0x5f, 0xae, 0xac, 0x3, 0x8d, 0xac, 0xc2, 0x17, 
0x32, 0x76, 0x74, 0xc7, 0x4, 0x61, 0x6e, 0xcb, 
0xc2, 0xe6, 0xac, 0x89, 0xe5, 0x4b, 0x21, 0x6a, 
0x20, 0x3f, 0x6a, 0x47, 0x1b, 0x69, 0xcb, 0x99, 
0xb3, 0x2d, 0x39, 0xa6, 0x6a, 0xf6, 0xa5, 0x84, 
0x93, 0xe7, 0xef, 0x69, 0xf, 0xa9, 0x76, 0xb0, 
0xef, 0x96, 0x5, 0xe7, 0x8d, 0xd4, 0x48, 0x35, 
0xc7, 0x6a, 0xab, 0x60, 0x43, 0xcd, 0xe4, 0x75, 
0xdf, 0x54, 0x2b, 0x37, 0x90, 0xbf, 0x64, 0xfc, 
0xc, 0x55, 0x7e, 0x51, 0xf6, 0xd0, 0xe7, 0xd7, 
0xc6, 0xaf, 0xdd, 0x61, 0x29, 0xae, 0x99, 0x3, 
0xa2, 0xa1, 0x7a, 0xfe, 0x32, 0xc7, 0x90, 0x5f, 
0x78, 0x73, 0x32, 0x91, 0x8e, 0x31, 0xb0, 0x71, 
0x25, 0xdf, 0xef, 0x50, 0xa7, 0xa, 0x48, 0x0, 
0x1e, 0x75, 0x36, 0xe6, 0xad, 0xac, 0x92, 0x78, 
0x13, 0x2e, 0x8f, 0x2f, 0x95, 0x62, 0x76, 0x49, 
0x9b, 0x11, 0x8, 0xc8, 0xc4, 0x2c, 0x12, 0x41, 
0x12, 0x8b, 0x27, 0x53, 0x2d, 0x64, 0xce, 0xd6, 
0xe1, 0xb0, 0xc2, 0x94, 0x5c, 0xf3, 0x93, 0xe, 
0x68, 0xd, 0xea, 0x15, 0x32, 0xc2, 0x46, 0x31, 
0xef, 0x6, 0xd7, 0xef, 0x40, 0x3f, 0xd2, 0x76, 
0x2f, 0x99, 0xa9, 0x1f, 0x3b, 0x7e, 0x55, 0x15, 
0x9d, 0xe0, 0x6a, 0x92, 0xc4, 0x82, 0x4d, 0x78, 
0xd7, 0x57, 0x6, 0x8c, 0x24, 0x24, 0x9c, 0x88, 
0x11, 0xed, 0x70, 0x88, 0xe7, 0xa7, 0xeb, 0xaf, 
0x4e, 0x6b, 0x6c, 0x7d, 0xfc, 0x5f, 0x58, 0x95, 
0x20, 0x6f, 0xa4, 0x57, 0x2c, 0x1e, 0x85, 0x22, 
0x8a, 0xb0, 0x19, 0x5e, 0x48, 0x4f, 0xc6, 0x9a 
}
evlgc - 160 bytes:
{
0x0, 0x0, 0x0, 0x0, 0x0, 0x0, 0x0, 0x0, 
0x0, 0x0, 0x0, 0x0, 0x0, 0x0, 0x0, 0x0, 
0x0, 0x0, 0x0, 0x0, 0x0, 0x0, 0x0, 0x0, 
0x0, 0x0, 0x0, 0x0, 0x0, 0x0, 0x0, 0x0, 
0x0, 0x0, 0x0, 0x0, 0x0, 0x0, 0x0, 0x0, 
0x0, 0x0, 0x0, 0x0, 0x0, 0x0, 0x0, 0x0, 
0x0, 0x0, 0x0, 0x0, 0x0, 0x0, 0x0, 0x0, 
0x0, 0x0, 0x0, 0x0, 0x0, 0x0, 0x0, 0x0, 
0x0, 0x0, 0x0, 0x0, 0x0, 0x0, 0x0, 0x0, 
0x0, 0x0, 0x0, 0x0, 0x0, 0x0, 0x0, 0x0, 
0x0, 0x0, 0x0, 0x0, 0x0, 0x0, 0x0, 0x0, 
0x0, 0x0, 0x0, 0x0, 0x0, 0x0, 0x0, 0x0, 
0x0, 0x0, 0x0, 0x0, 0x0, 0x0, 0x0, 0x0, 
0x0, 0x0, 0x0, 0x0, 0x0, 0x0, 0x0, 0x0, 
0x0, 0x0, 0x0, 0x0, 0x0, 0x0, 0x0, 0x0, 
0x0, 0x0, 0x0, 0x0, 0x0, 0x0, 0x0, 0x0, 
0x0, 0x0, 0x0, 0x0, 0x0, 0x0, 0x0, 0x0, 
0x0, 0x0, 0x0, 0x0, 0x0, 0x0, 0x0, 0x0, 
0x0, 0x0, 0x0, 0x0, 0x0, 0x0, 0x0, 0x0, 
0x0, 0x0, 0x0, 0x0, 0x0, 0x0, 0x0, 0x0 
}
permutes - 16 bytes:
{
0x1, 0x0, 0x0, 0x1, 0x0, 0x1, 0x0, 0x1, 
0x1, 0x1, 0x1, 0x1, 0x1, 0x0, 0x1, 0x0 
}
trans-info: staring Yao...
daveti-debug: into init_network
daveti-debug: into gen branch

YAO output:
47 183 32 210 105 252 96 188 212 215 
135 110 201 48 42 25 67 47 128 158 
121 197 112 36 210 217 27 3 79 90 
5 71 163 77 129 66 191 183 172 66 
160 249 90 79 109 129 161 115 183 138 
177 109 1 229 251 53 76 249 28 86 
111 115 184 1 236 234 43 38 3 178 
34 43 221 32 36 153 165 247 213 37 
233 77 210 249 76 252 164 177 7 48 
255 65 71 7 109 195 198 186 227 234 
203 101 68 241 74 126 251 102 139 251 
8 2 17 17 139 84 156 232 67 33 
119 229 162 158 239 100 150 92 44 242 
197 56 3 129 248 151 189 52 175 172 
159 101 51 197 132 77 38 207 118 109 
239 111 188 206 239 43 81 27 153 194 
trans-info: evaluation done
trans-debug: transition done with old|next|current states: SMC_SGX_STM_INPUT_SENT|SMC_SGX_STM_INPUT_SENT|SMC_SGX_STM_INPUT_SENT
sender: got a msg with tag [6] and len [1024]
trans-debug: into handle_result, len 1024, buf 0x0x7feacc258808
trans-info: evaluation done
trans-debug: transition done with old|next|current states: SMC_SGX_STM_INPUT_SENT|SMC_SGX_STM_RES_RECVD|SMC_SGX_STM_INIT
^C
root@sgx-HP-ENVY-x360-m6-Convertible:~/git/sgx_private_code# 

